/home/kelvin/pid_pilot_senior/install/pid_pilot_senior/lib/python3.10/site-packages/pid_pilot_senior/pid_pilot_senior.py
/home/kelvin/pid_pilot_senior/install/pid_pilot_senior/lib/python3.10/site-packages/pid_pilot_senior/__init__.py
/home/kelvin/pid_pilot_senior/install/pid_pilot_senior/lib/python3.10/site-packages/pid_pilot_senior/test.py
/home/kelvin/pid_pilot_senior/install/pid_pilot_senior/lib/python3.10/site-packages/pid_pilot_senior/test2.py
/home/kelvin/pid_pilot_senior/install/pid_pilot_senior/lib/python3.10/site-packages/pid_pilot_senior/test3.py
/home/kelvin/pid_pilot_senior/install/pid_pilot_senior/lib/python3.10/site-packages/pid_pilot_senior/__pycache__/pid_pilot_senior.cpython-310.pyc
/home/kelvin/pid_pilot_senior/install/pid_pilot_senior/lib/python3.10/site-packages/pid_pilot_senior/__pycache__/__init__.cpython-310.pyc
/home/kelvin/pid_pilot_senior/install/pid_pilot_senior/lib/python3.10/site-packages/pid_pilot_senior/__pycache__/test.cpython-310.pyc
/home/kelvin/pid_pilot_senior/install/pid_pilot_senior/lib/python3.10/site-packages/pid_pilot_senior/__pycache__/test2.cpython-310.pyc
/home/kelvin/pid_pilot_senior/install/pid_pilot_senior/lib/python3.10/site-packages/pid_pilot_senior/__pycache__/test3.cpython-310.pyc
/home/kelvin/pid_pilot_senior/install/pid_pilot_senior/share/ament_index/resource_index/packages/pid_pilot_senior
/home/kelvin/pid_pilot_senior/install/pid_pilot_senior/share/pid_pilot_senior/package.xml
/home/kelvin/pid_pilot_senior/install/pid_pilot_senior/lib/python3.10/site-packages/pid_pilot_senior-0.0.0-py3.10.egg-info/zip-safe
/home/kelvin/pid_pilot_senior/install/pid_pilot_senior/lib/python3.10/site-packages/pid_pilot_senior-0.0.0-py3.10.egg-info/top_level.txt
/home/kelvin/pid_pilot_senior/install/pid_pilot_senior/lib/python3.10/site-packages/pid_pilot_senior-0.0.0-py3.10.egg-info/PKG-INFO
/home/kelvin/pid_pilot_senior/install/pid_pilot_senior/lib/python3.10/site-packages/pid_pilot_senior-0.0.0-py3.10.egg-info/dependency_links.txt
/home/kelvin/pid_pilot_senior/install/pid_pilot_senior/lib/python3.10/site-packages/pid_pilot_senior-0.0.0-py3.10.egg-info/entry_points.txt
/home/kelvin/pid_pilot_senior/install/pid_pilot_senior/lib/python3.10/site-packages/pid_pilot_senior-0.0.0-py3.10.egg-info/SOURCES.txt
/home/kelvin/pid_pilot_senior/install/pid_pilot_senior/lib/python3.10/site-packages/pid_pilot_senior-0.0.0-py3.10.egg-info/requires.txt
/home/kelvin/pid_pilot_senior/install/pid_pilot_senior/lib/pid_pilot_senior/pid_pilot_senior
