[0.438s] DEBUG:colcon:Command line arguments: ['/usr/bin/colcon', 'build', '--packages-select', 'pid_pilot_senior', '--symlink-install']
[0.438s] DEBUG:colcon:Parsed command line arguments: Namespace(log_base=None, log_level=None, verb_name='build', build_base='build', install_base='install', merge_install=False, symlink_install=True, test_result_base=None, continue_on_error=False, executor='parallel', parallel_workers=4, event_handlers=None, ignore_user_meta=False, metas=['./colcon.meta'], base_paths=['.'], packages_ignore=None, packages_ignore_regex=None, paths=None, packages_up_to=None, packages_up_to_regex=None, packages_above=None, packages_above_and_dependencies=None, packages_above_depth=None, packages_select_by_dep=None, packages_skip_by_dep=None, packages_skip_up_to=None, packages_select_build_failed=False, packages_skip_build_finished=False, packages_select_test_failures=False, packages_skip_test_passed=False, packages_select=['pid_pilot_senior'], packages_skip=None, packages_select_regex=None, packages_skip_regex=None, packages_start=None, packages_end=None, allow_overriding=[], cmake_args=None, cmake_target=None, cmake_target_skip_unavailable=False, cmake_clean_cache=False, cmake_clean_first=False, cmake_force_configure=False, ament_cmake_args=None, catkin_cmake_args=None, catkin_skip_building_tests=False, verb_parser=<colcon_defaults.argument_parser.defaults.DefaultArgumentsDecorator object at 0xffffafa8b6a0>, verb_extension=<colcon_core.verb.build.BuildVerb object at 0xffffafa8b0d0>, main=<bound method BuildVerb.main of <colcon_core.verb.build.BuildVerb object at 0xffffafa8b0d0>>)
[1.249s] Level 1:colcon.colcon_core.package_discovery:discover_packages(colcon_meta) check parameters
[1.249s] Level 1:colcon.colcon_core.package_discovery:discover_packages(recursive) check parameters
[1.249s] Level 1:colcon.colcon_core.package_discovery:discover_packages(ignore) check parameters
[1.249s] Level 1:colcon.colcon_core.package_discovery:discover_packages(path) check parameters
[1.250s] Level 1:colcon.colcon_core.package_discovery:discover_packages(colcon_meta) discover
[1.250s] Level 1:colcon.colcon_core.package_discovery:discover_packages(recursive) discover
[1.250s] INFO:colcon.colcon_core.package_discovery:Crawling recursively for packages in '/home/dualipa/pid_pilot_senior'
[1.250s] Level 1:colcon.colcon_core.package_identification:_identify(.) by extensions ['ignore', 'ignore_ament_install']
[1.251s] Level 1:colcon.colcon_core.package_identification:_identify(.) by extension 'ignore'
[1.251s] Level 1:colcon.colcon_core.package_identification:_identify(.) by extension 'ignore_ament_install'
[1.251s] Level 1:colcon.colcon_core.package_identification:_identify(.) by extensions ['colcon_pkg']
[1.251s] Level 1:colcon.colcon_core.package_identification:_identify(.) by extension 'colcon_pkg'
[1.252s] Level 1:colcon.colcon_core.package_identification:_identify(.) by extensions ['colcon_meta']
[1.252s] Level 1:colcon.colcon_core.package_identification:_identify(.) by extension 'colcon_meta'
[1.252s] Level 1:colcon.colcon_core.package_identification:_identify(.) by extensions ['ros']
[1.252s] Level 1:colcon.colcon_core.package_identification:_identify(.) by extension 'ros'
[1.298s] Level 1:colcon.colcon_core.package_identification:_identify(.) by extensions ['cmake', 'python']
[1.298s] Level 1:colcon.colcon_core.package_identification:_identify(.) by extension 'cmake'
[1.298s] Level 1:colcon.colcon_core.package_identification:_identify(.) by extension 'python'
[1.299s] Level 1:colcon.colcon_core.package_identification:_identify(.) by extensions ['python_setup_py']
[1.299s] Level 1:colcon.colcon_core.package_identification:_identify(.) by extension 'python_setup_py'
[1.299s] Level 1:colcon.colcon_core.package_identification:_identify(build) by extensions ['ignore', 'ignore_ament_install']
[1.300s] Level 1:colcon.colcon_core.package_identification:_identify(build) by extension 'ignore'
[1.300s] Level 1:colcon.colcon_core.package_identification:_identify(build) ignored
[1.300s] Level 1:colcon.colcon_core.package_identification:_identify(install) by extensions ['ignore', 'ignore_ament_install']
[1.301s] Level 1:colcon.colcon_core.package_identification:_identify(install) by extension 'ignore'
[1.301s] Level 1:colcon.colcon_core.package_identification:_identify(install) ignored
[1.301s] Level 1:colcon.colcon_core.package_identification:_identify(log) by extensions ['ignore', 'ignore_ament_install']
[1.302s] Level 1:colcon.colcon_core.package_identification:_identify(log) by extension 'ignore'
[1.302s] Level 1:colcon.colcon_core.package_identification:_identify(log) ignored
[1.302s] Level 1:colcon.colcon_core.package_identification:_identify(src) by extensions ['ignore', 'ignore_ament_install']
[1.302s] Level 1:colcon.colcon_core.package_identification:_identify(src) by extension 'ignore'
[1.303s] Level 1:colcon.colcon_core.package_identification:_identify(src) by extension 'ignore_ament_install'
[1.303s] Level 1:colcon.colcon_core.package_identification:_identify(src) by extensions ['colcon_pkg']
[1.303s] Level 1:colcon.colcon_core.package_identification:_identify(src) by extension 'colcon_pkg'
[1.303s] Level 1:colcon.colcon_core.package_identification:_identify(src) by extensions ['colcon_meta']
[1.303s] Level 1:colcon.colcon_core.package_identification:_identify(src) by extension 'colcon_meta'
[1.304s] Level 1:colcon.colcon_core.package_identification:_identify(src) by extensions ['ros']
[1.304s] Level 1:colcon.colcon_core.package_identification:_identify(src) by extension 'ros'
[1.304s] Level 1:colcon.colcon_core.package_identification:_identify(src) by extensions ['cmake', 'python']
[1.304s] Level 1:colcon.colcon_core.package_identification:_identify(src) by extension 'cmake'
[1.304s] Level 1:colcon.colcon_core.package_identification:_identify(src) by extension 'python'
[1.304s] Level 1:colcon.colcon_core.package_identification:_identify(src) by extensions ['python_setup_py']
[1.304s] Level 1:colcon.colcon_core.package_identification:_identify(src) by extension 'python_setup_py'
[1.305s] Level 1:colcon.colcon_core.package_identification:_identify(src/build) by extensions ['ignore', 'ignore_ament_install']
[1.305s] Level 1:colcon.colcon_core.package_identification:_identify(src/build) by extension 'ignore'
[1.305s] Level 1:colcon.colcon_core.package_identification:_identify(src/build) ignored
[1.306s] Level 1:colcon.colcon_core.package_identification:_identify(src/install) by extensions ['ignore', 'ignore_ament_install']
[1.306s] Level 1:colcon.colcon_core.package_identification:_identify(src/install) by extension 'ignore'
[1.306s] Level 1:colcon.colcon_core.package_identification:_identify(src/install) ignored
[1.307s] Level 1:colcon.colcon_core.package_identification:_identify(src/log) by extensions ['ignore', 'ignore_ament_install']
[1.307s] Level 1:colcon.colcon_core.package_identification:_identify(src/log) by extension 'ignore'
[1.307s] Level 1:colcon.colcon_core.package_identification:_identify(src/log) ignored
[1.307s] Level 1:colcon.colcon_core.package_identification:_identify(src/pid_pilot_senior) by extensions ['ignore', 'ignore_ament_install']
[1.308s] Level 1:colcon.colcon_core.package_identification:_identify(src/pid_pilot_senior) by extension 'ignore'
[1.308s] Level 1:colcon.colcon_core.package_identification:_identify(src/pid_pilot_senior) by extension 'ignore_ament_install'
[1.308s] Level 1:colcon.colcon_core.package_identification:_identify(src/pid_pilot_senior) by extensions ['colcon_pkg']
[1.308s] Level 1:colcon.colcon_core.package_identification:_identify(src/pid_pilot_senior) by extension 'colcon_pkg'
[1.308s] Level 1:colcon.colcon_core.package_identification:_identify(src/pid_pilot_senior) by extensions ['colcon_meta']
[1.308s] Level 1:colcon.colcon_core.package_identification:_identify(src/pid_pilot_senior) by extension 'colcon_meta'
[1.309s] Level 1:colcon.colcon_core.package_identification:_identify(src/pid_pilot_senior) by extensions ['ros']
[1.309s] Level 1:colcon.colcon_core.package_identification:_identify(src/pid_pilot_senior) by extension 'ros'
[1.317s] DEBUG:colcon.colcon_core.package_identification:Package 'src/pid_pilot_senior' with type 'ros.ament_python' and name 'pid_pilot_senior'
[1.318s] Level 1:colcon.colcon_core.package_identification:_identify(src/pplanner_interfaces) by extensions ['ignore', 'ignore_ament_install']
[1.318s] Level 1:colcon.colcon_core.package_identification:_identify(src/pplanner_interfaces) by extension 'ignore'
[1.318s] Level 1:colcon.colcon_core.package_identification:_identify(src/pplanner_interfaces) by extension 'ignore_ament_install'
[1.318s] Level 1:colcon.colcon_core.package_identification:_identify(src/pplanner_interfaces) by extensions ['colcon_pkg']
[1.319s] Level 1:colcon.colcon_core.package_identification:_identify(src/pplanner_interfaces) by extension 'colcon_pkg'
[1.319s] Level 1:colcon.colcon_core.package_identification:_identify(src/pplanner_interfaces) by extensions ['colcon_meta']
[1.319s] Level 1:colcon.colcon_core.package_identification:_identify(src/pplanner_interfaces) by extension 'colcon_meta'
[1.319s] Level 1:colcon.colcon_core.package_identification:_identify(src/pplanner_interfaces) by extensions ['ros']
[1.319s] Level 1:colcon.colcon_core.package_identification:_identify(src/pplanner_interfaces) by extension 'ros'
[1.321s] DEBUG:colcon.colcon_core.package_identification:Package 'src/pplanner_interfaces' with type 'ros.ament_cmake' and name 'pplanner_interfaces'
[1.321s] Level 1:colcon.colcon_core.package_discovery:discover_packages(recursive) using defaults
[1.321s] Level 1:colcon.colcon_core.package_discovery:discover_packages(ignore) discover
[1.322s] Level 1:colcon.colcon_core.package_discovery:discover_packages(ignore) using defaults
[1.322s] Level 1:colcon.colcon_core.package_discovery:discover_packages(path) discover
[1.322s] Level 1:colcon.colcon_core.package_discovery:discover_packages(path) using defaults
[1.435s] INFO:colcon.colcon_core.package_selection:Skipping not selected package 'pplanner_interfaces' in 'src/pplanner_interfaces'
[1.437s] Level 1:colcon.colcon_core.package_discovery:discover_packages(prefix_path) check parameters
[1.437s] Level 1:colcon.colcon_core.package_discovery:discover_packages(prefix_path) discover
[1.446s] DEBUG:colcon.colcon_installed_package_information.package_discovery:Found 2 installed packages in /home/dualipa/pid_pilot_senior/install
[1.448s] DEBUG:colcon.colcon_installed_package_information.package_discovery:Found 1 installed packages in /home/dualipa/mark1/install
[1.456s] DEBUG:colcon.colcon_installed_package_information.package_discovery:Found 270 installed packages in /opt/ros/humble
[1.462s] Level 1:colcon.colcon_core.package_discovery:discover_packages(prefix_path) using defaults
[1.622s] Level 5:colcon.colcon_core.verb:set package 'pid_pilot_senior' build argument 'cmake_args' from command line to 'None'
[1.622s] Level 5:colcon.colcon_core.verb:set package 'pid_pilot_senior' build argument 'cmake_target' from command line to 'None'
[1.622s] Level 5:colcon.colcon_core.verb:set package 'pid_pilot_senior' build argument 'cmake_target_skip_unavailable' from command line to 'False'
[1.622s] Level 5:colcon.colcon_core.verb:set package 'pid_pilot_senior' build argument 'cmake_clean_cache' from command line to 'False'
[1.623s] Level 5:colcon.colcon_core.verb:set package 'pid_pilot_senior' build argument 'cmake_clean_first' from command line to 'False'
[1.623s] Level 5:colcon.colcon_core.verb:set package 'pid_pilot_senior' build argument 'cmake_force_configure' from command line to 'False'
[1.623s] Level 5:colcon.colcon_core.verb:set package 'pid_pilot_senior' build argument 'ament_cmake_args' from command line to 'None'
[1.623s] Level 5:colcon.colcon_core.verb:set package 'pid_pilot_senior' build argument 'catkin_cmake_args' from command line to 'None'
[1.623s] Level 5:colcon.colcon_core.verb:set package 'pid_pilot_senior' build argument 'catkin_skip_building_tests' from command line to 'False'
[1.623s] DEBUG:colcon.colcon_core.verb:Building package 'pid_pilot_senior' with the following arguments: {'ament_cmake_args': None, 'build_base': '/home/dualipa/pid_pilot_senior/build/pid_pilot_senior', 'catkin_cmake_args': None, 'catkin_skip_building_tests': False, 'cmake_args': None, 'cmake_clean_cache': False, 'cmake_clean_first': False, 'cmake_force_configure': False, 'cmake_target': None, 'cmake_target_skip_unavailable': False, 'install_base': '/home/dualipa/pid_pilot_senior/install/pid_pilot_senior', 'merge_install': False, 'path': '/home/dualipa/pid_pilot_senior/src/pid_pilot_senior', 'symlink_install': True, 'test_result_base': None}
[1.624s] INFO:colcon.colcon_core.executor:Executing jobs using 'parallel' executor
[1.627s] DEBUG:colcon.colcon_parallel_executor.executor.parallel:run_until_complete
[1.628s] INFO:colcon.colcon_ros.task.ament_python.build:Building ROS package in '/home/dualipa/pid_pilot_senior/src/pid_pilot_senior' with build type 'ament_python'
[1.629s] Level 1:colcon.colcon_core.shell:create_environment_hook('pid_pilot_senior', 'ament_prefix_path')
[1.637s] INFO:colcon.colcon_core.plugin_system:Skipping extension 'colcon_core.shell.bat': Not used on non-Windows systems
[1.638s] INFO:colcon.colcon_core.shell:Creating environment hook '/home/dualipa/pid_pilot_senior/install/pid_pilot_senior/share/pid_pilot_senior/hook/ament_prefix_path.ps1'
[1.641s] INFO:colcon.colcon_core.shell:Creating environment descriptor '/home/dualipa/pid_pilot_senior/install/pid_pilot_senior/share/pid_pilot_senior/hook/ament_prefix_path.dsv'
[1.642s] INFO:colcon.colcon_core.shell:Creating environment hook '/home/dualipa/pid_pilot_senior/install/pid_pilot_senior/share/pid_pilot_senior/hook/ament_prefix_path.sh'
[1.646s] INFO:colcon.colcon_core.shell:Skip shell extension 'powershell' for command environment: Not usable outside of PowerShell
[1.646s] DEBUG:colcon.colcon_core.shell:Skip shell extension 'dsv' for command environment
[2.849s] INFO:colcon.colcon_core.task.python.build:Building Python package in '/home/dualipa/pid_pilot_senior/src/pid_pilot_senior'
[2.850s] INFO:colcon.colcon_core.shell:Skip shell extension 'powershell' for command environment: Not usable outside of PowerShell
[2.850s] DEBUG:colcon.colcon_core.shell:Skip shell extension 'dsv' for command environment
[4.343s] DEBUG:colcon.colcon_core.task.python.build:While undoing a previous installation files outside the Python library path are being ignored: /home/dualipa/pid_pilot_senior/install/pid_pilot_senior/share/ament_index/resource_index/packages/pid_pilot_senior
[4.343s] DEBUG:colcon.colcon_core.task.python.build:While undoing a previous installation files outside the Python library path are being ignored: /home/dualipa/pid_pilot_senior/install/pid_pilot_senior/share/pid_pilot_senior/package.xml
[4.345s] DEBUG:colcon.colcon_core.task.python.build:While undoing a previous installation files outside the Python library path are being ignored: /home/dualipa/pid_pilot_senior/install/pid_pilot_senior/lib/pid_pilot_senior/pid_pilot_senior
[4.352s] DEBUG:colcon.colcon_core.event_handler.log_command:Invoking command in '/home/dualipa/pid_pilot_senior/build/pid_pilot_senior': PYTHONPATH=/home/dualipa/pid_pilot_senior/build/pid_pilot_senior/prefix_override:/home/dualipa/pid_pilot_senior/install/pid_pilot_senior/lib/python3.10/site-packages:${PYTHONPATH} /usr/bin/python3 -W ignore:setup.py install is deprecated setup.py develop --editable --build-directory /home/dualipa/pid_pilot_senior/build/pid_pilot_senior/build --no-deps symlink_data --force
[6.425s] Level 1:colcon.colcon_core.shell:create_environment_hook('pid_pilot_senior', 'pythonpath_develop')
[6.426s] INFO:colcon.colcon_core.shell:Creating environment hook '/home/dualipa/pid_pilot_senior/build/pid_pilot_senior/share/pid_pilot_senior/hook/pythonpath_develop.ps1'
[6.428s] DEBUG:colcon.colcon_core.event_handler.log_command:Invoked command in '/home/dualipa/pid_pilot_senior/build/pid_pilot_senior' returned '0': PYTHONPATH=/home/dualipa/pid_pilot_senior/build/pid_pilot_senior/prefix_override:/home/dualipa/pid_pilot_senior/install/pid_pilot_senior/lib/python3.10/site-packages:${PYTHONPATH} /usr/bin/python3 -W ignore:setup.py install is deprecated setup.py develop --editable --build-directory /home/dualipa/pid_pilot_senior/build/pid_pilot_senior/build --no-deps symlink_data --force
[6.429s] INFO:colcon.colcon_core.shell:Creating environment descriptor '/home/dualipa/pid_pilot_senior/build/pid_pilot_senior/share/pid_pilot_senior/hook/pythonpath_develop.dsv'
[6.431s] INFO:colcon.colcon_core.shell:Creating environment hook '/home/dualipa/pid_pilot_senior/build/pid_pilot_senior/share/pid_pilot_senior/hook/pythonpath_develop.sh'
[6.446s] Level 1:colcon.colcon_core.environment:checking '/home/dualipa/pid_pilot_senior/install/pid_pilot_senior' for CMake module files
[6.448s] Level 1:colcon.colcon_core.environment:checking '/home/dualipa/pid_pilot_senior/install/pid_pilot_senior' for CMake config files
[6.452s] Level 1:colcon.colcon_core.environment:checking '/home/dualipa/pid_pilot_senior/install/pid_pilot_senior/lib'
[6.452s] Level 1:colcon.colcon_core.environment:checking '/home/dualipa/pid_pilot_senior/install/pid_pilot_senior/bin'
[6.453s] Level 1:colcon.colcon_core.environment:checking '/home/dualipa/pid_pilot_senior/install/pid_pilot_senior/lib/pkgconfig/pid_pilot_senior.pc'
[6.454s] Level 1:colcon.colcon_core.environment:checking '/home/dualipa/pid_pilot_senior/install/pid_pilot_senior/lib/python3.10/site-packages'
[6.454s] Level 1:colcon.colcon_core.shell:create_environment_hook('pid_pilot_senior', 'pythonpath')
[6.455s] INFO:colcon.colcon_core.shell:Creating environment hook '/home/dualipa/pid_pilot_senior/install/pid_pilot_senior/share/pid_pilot_senior/hook/pythonpath.ps1'
[6.457s] INFO:colcon.colcon_core.shell:Creating environment descriptor '/home/dualipa/pid_pilot_senior/install/pid_pilot_senior/share/pid_pilot_senior/hook/pythonpath.dsv'
[6.459s] INFO:colcon.colcon_core.shell:Creating environment hook '/home/dualipa/pid_pilot_senior/install/pid_pilot_senior/share/pid_pilot_senior/hook/pythonpath.sh'
[6.461s] Level 1:colcon.colcon_core.environment:checking '/home/dualipa/pid_pilot_senior/install/pid_pilot_senior/bin'
[6.461s] Level 1:colcon.colcon_core.environment:create_environment_scripts_only(pid_pilot_senior)
[6.462s] INFO:colcon.colcon_core.shell:Creating package script '/home/dualipa/pid_pilot_senior/install/pid_pilot_senior/share/pid_pilot_senior/package.ps1'
[6.466s] INFO:colcon.colcon_core.shell:Creating package descriptor '/home/dualipa/pid_pilot_senior/install/pid_pilot_senior/share/pid_pilot_senior/package.dsv'
[6.468s] INFO:colcon.colcon_core.shell:Creating package script '/home/dualipa/pid_pilot_senior/install/pid_pilot_senior/share/pid_pilot_senior/package.sh'
[6.472s] INFO:colcon.colcon_core.shell:Creating package script '/home/dualipa/pid_pilot_senior/install/pid_pilot_senior/share/pid_pilot_senior/package.bash'
[6.475s] INFO:colcon.colcon_core.shell:Creating package script '/home/dualipa/pid_pilot_senior/install/pid_pilot_senior/share/pid_pilot_senior/package.zsh'
[6.477s] Level 1:colcon.colcon_core.environment:create_file_with_runtime_dependencies(/home/dualipa/pid_pilot_senior/install/pid_pilot_senior/share/colcon-core/packages/pid_pilot_senior)
[6.478s] DEBUG:colcon.colcon_parallel_executor.executor.parallel:closing loop
[6.479s] DEBUG:colcon.colcon_parallel_executor.executor.parallel:loop closed
[6.480s] DEBUG:colcon.colcon_parallel_executor.executor.parallel:run_until_complete finished with '0'
[6.480s] DEBUG:colcon.colcon_core.event_reactor:joining thread
[6.501s] INFO:colcon.colcon_core.plugin_system:Skipping extension 'colcon_notification.desktop_notification.terminal_notifier': Not used on non-Darwin systems
[6.501s] INFO:colcon.colcon_core.plugin_system:Skipping extension 'colcon_notification.desktop_notification.win32': Not used on non-Windows systems
[6.501s] INFO:colcon.colcon_notification.desktop_notification:Sending desktop notification using 'notify2'
[6.506s] DEBUG:colcon.colcon_notification.desktop_notification.notify2:Failed to initialize notify2: org.freedesktop.DBus.Error.ServiceUnknown: The name org.freedesktop.Notifications was not provided by any .service files
[6.507s] DEBUG:colcon.colcon_core.event_reactor:joined thread
[6.508s] INFO:colcon.colcon_core.shell:Creating prefix script '/home/dualipa/pid_pilot_senior/install/local_setup.ps1'
[6.511s] INFO:colcon.colcon_core.shell:Creating prefix util module '/home/dualipa/pid_pilot_senior/install/_local_setup_util_ps1.py'
[6.516s] INFO:colcon.colcon_core.shell:Creating prefix chain script '/home/dualipa/pid_pilot_senior/install/setup.ps1'
[6.521s] INFO:colcon.colcon_core.shell:Creating prefix script '/home/dualipa/pid_pilot_senior/install/local_setup.sh'
[6.524s] INFO:colcon.colcon_core.shell:Creating prefix util module '/home/dualipa/pid_pilot_senior/install/_local_setup_util_sh.py'
[6.526s] INFO:colcon.colcon_core.shell:Creating prefix chain script '/home/dualipa/pid_pilot_senior/install/setup.sh'
[6.531s] INFO:colcon.colcon_core.shell:Creating prefix script '/home/dualipa/pid_pilot_senior/install/local_setup.bash'
[6.533s] INFO:colcon.colcon_core.shell:Creating prefix chain script '/home/dualipa/pid_pilot_senior/install/setup.bash'
[6.538s] INFO:colcon.colcon_core.shell:Creating prefix script '/home/dualipa/pid_pilot_senior/install/local_setup.zsh'
[6.540s] INFO:colcon.colcon_core.shell:Creating prefix chain script '/home/dualipa/pid_pilot_senior/install/setup.zsh'
