[1.029s] DEBUG:colcon:Command line arguments: ['/usr/bin/colcon', 'build']
[1.030s] DEBUG:colcon:Parsed command line arguments: Namespace(log_base=None, log_level=None, verb_name='build', build_base='build', install_base='install', merge_install=False, symlink_install=False, test_result_base=None, continue_on_error=False, executor='parallel', parallel_workers=4, event_handlers=None, ignore_user_meta=False, metas=['./colcon.meta'], base_paths=['.'], packages_ignore=None, packages_ignore_regex=None, paths=None, packages_up_to=None, packages_up_to_regex=None, packages_above=None, packages_above_and_dependencies=None, packages_above_depth=None, packages_select_by_dep=None, packages_skip_by_dep=None, packages_skip_up_to=None, packages_select_build_failed=False, packages_skip_build_finished=False, packages_select_test_failures=False, packages_skip_test_passed=False, packages_select=None, packages_skip=None, packages_select_regex=None, packages_skip_regex=None, packages_start=None, packages_end=None, allow_overriding=[], cmake_args=None, cmake_target=None, cmake_target_skip_unavailable=False, cmake_clean_cache=False, cmake_clean_first=False, cmake_force_configure=False, ament_cmake_args=None, catkin_cmake_args=None, catkin_skip_building_tests=False, verb_parser=<colcon_defaults.argument_parser.defaults.DefaultArgumentsDecorator object at 0xffffb705c2b0>, verb_extension=<colcon_core.verb.build.BuildVerb object at 0xffffb702bca0>, main=<bound method BuildVerb.main of <colcon_core.verb.build.BuildVerb object at 0xffffb702bca0>>)
[2.348s] Level 1:colcon.colcon_core.package_discovery:discover_packages(colcon_meta) check parameters
[2.349s] Level 1:colcon.colcon_core.package_discovery:discover_packages(recursive) check parameters
[2.349s] Level 1:colcon.colcon_core.package_discovery:discover_packages(ignore) check parameters
[2.349s] Level 1:colcon.colcon_core.package_discovery:discover_packages(path) check parameters
[2.350s] Level 1:colcon.colcon_core.package_discovery:discover_packages(colcon_meta) discover
[2.350s] Level 1:colcon.colcon_core.package_discovery:discover_packages(recursive) discover
[2.350s] INFO:colcon.colcon_core.package_discovery:Crawling recursively for packages in '/home/dualipa/pid_pilot_senior'
[2.351s] Level 1:colcon.colcon_core.package_identification:_identify(.) by extensions ['ignore', 'ignore_ament_install']
[2.352s] Level 1:colcon.colcon_core.package_identification:_identify(.) by extension 'ignore'
[2.352s] Level 1:colcon.colcon_core.package_identification:_identify(.) by extension 'ignore_ament_install'
[2.353s] Level 1:colcon.colcon_core.package_identification:_identify(.) by extensions ['colcon_pkg']
[2.353s] Level 1:colcon.colcon_core.package_identification:_identify(.) by extension 'colcon_pkg'
[2.353s] Level 1:colcon.colcon_core.package_identification:_identify(.) by extensions ['colcon_meta']
[2.353s] Level 1:colcon.colcon_core.package_identification:_identify(.) by extension 'colcon_meta'
[2.354s] Level 1:colcon.colcon_core.package_identification:_identify(.) by extensions ['ros']
[2.354s] Level 1:colcon.colcon_core.package_identification:_identify(.) by extension 'ros'
[2.406s] Level 1:colcon.colcon_core.package_identification:_identify(.) by extensions ['cmake', 'python']
[2.406s] Level 1:colcon.colcon_core.package_identification:_identify(.) by extension 'cmake'
[2.406s] Level 1:colcon.colcon_core.package_identification:_identify(.) by extension 'python'
[2.406s] Level 1:colcon.colcon_core.package_identification:_identify(.) by extensions ['python_setup_py']
[2.406s] Level 1:colcon.colcon_core.package_identification:_identify(.) by extension 'python_setup_py'
[2.407s] Level 1:colcon.colcon_core.package_identification:_identify(build) by extensions ['ignore', 'ignore_ament_install']
[2.407s] Level 1:colcon.colcon_core.package_identification:_identify(build) by extension 'ignore'
[2.407s] Level 1:colcon.colcon_core.package_identification:_identify(build) ignored
[2.408s] Level 1:colcon.colcon_core.package_identification:_identify(install) by extensions ['ignore', 'ignore_ament_install']
[2.408s] Level 1:colcon.colcon_core.package_identification:_identify(install) by extension 'ignore'
[2.408s] Level 1:colcon.colcon_core.package_identification:_identify(install) ignored
[2.409s] Level 1:colcon.colcon_core.package_identification:_identify(log) by extensions ['ignore', 'ignore_ament_install']
[2.409s] Level 1:colcon.colcon_core.package_identification:_identify(log) by extension 'ignore'
[2.409s] Level 1:colcon.colcon_core.package_identification:_identify(log) ignored
[2.410s] Level 1:colcon.colcon_core.package_identification:_identify(src) by extensions ['ignore', 'ignore_ament_install']
[2.410s] Level 1:colcon.colcon_core.package_identification:_identify(src) by extension 'ignore'
[2.410s] Level 1:colcon.colcon_core.package_identification:_identify(src) by extension 'ignore_ament_install'
[2.411s] Level 1:colcon.colcon_core.package_identification:_identify(src) by extensions ['colcon_pkg']
[2.411s] Level 1:colcon.colcon_core.package_identification:_identify(src) by extension 'colcon_pkg'
[2.411s] Level 1:colcon.colcon_core.package_identification:_identify(src) by extensions ['colcon_meta']
[2.411s] Level 1:colcon.colcon_core.package_identification:_identify(src) by extension 'colcon_meta'
[2.411s] Level 1:colcon.colcon_core.package_identification:_identify(src) by extensions ['ros']
[2.411s] Level 1:colcon.colcon_core.package_identification:_identify(src) by extension 'ros'
[2.412s] Level 1:colcon.colcon_core.package_identification:_identify(src) by extensions ['cmake', 'python']
[2.412s] Level 1:colcon.colcon_core.package_identification:_identify(src) by extension 'cmake'
[2.412s] Level 1:colcon.colcon_core.package_identification:_identify(src) by extension 'python'
[2.412s] Level 1:colcon.colcon_core.package_identification:_identify(src) by extensions ['python_setup_py']
[2.412s] Level 1:colcon.colcon_core.package_identification:_identify(src) by extension 'python_setup_py'
[2.413s] Level 1:colcon.colcon_core.package_identification:_identify(src/build) by extensions ['ignore', 'ignore_ament_install']
[2.413s] Level 1:colcon.colcon_core.package_identification:_identify(src/build) by extension 'ignore'
[2.413s] Level 1:colcon.colcon_core.package_identification:_identify(src/build) ignored
[2.414s] Level 1:colcon.colcon_core.package_identification:_identify(src/install) by extensions ['ignore', 'ignore_ament_install']
[2.415s] Level 1:colcon.colcon_core.package_identification:_identify(src/install) by extension 'ignore'
[2.415s] Level 1:colcon.colcon_core.package_identification:_identify(src/install) ignored
[2.416s] Level 1:colcon.colcon_core.package_identification:_identify(src/log) by extensions ['ignore', 'ignore_ament_install']
[2.416s] Level 1:colcon.colcon_core.package_identification:_identify(src/log) by extension 'ignore'
[2.417s] Level 1:colcon.colcon_core.package_identification:_identify(src/log) ignored
[2.418s] Level 1:colcon.colcon_core.package_identification:_identify(src/pid_pilot_senior) by extensions ['ignore', 'ignore_ament_install']
[2.418s] Level 1:colcon.colcon_core.package_identification:_identify(src/pid_pilot_senior) by extension 'ignore'
[2.419s] Level 1:colcon.colcon_core.package_identification:_identify(src/pid_pilot_senior) by extension 'ignore_ament_install'
[2.419s] Level 1:colcon.colcon_core.package_identification:_identify(src/pid_pilot_senior) by extensions ['colcon_pkg']
[2.419s] Level 1:colcon.colcon_core.package_identification:_identify(src/pid_pilot_senior) by extension 'colcon_pkg'
[2.419s] Level 1:colcon.colcon_core.package_identification:_identify(src/pid_pilot_senior) by extensions ['colcon_meta']
[2.419s] Level 1:colcon.colcon_core.package_identification:_identify(src/pid_pilot_senior) by extension 'colcon_meta'
[2.419s] Level 1:colcon.colcon_core.package_identification:_identify(src/pid_pilot_senior) by extensions ['ros']
[2.420s] Level 1:colcon.colcon_core.package_identification:_identify(src/pid_pilot_senior) by extension 'ros'
[2.432s] DEBUG:colcon.colcon_core.package_identification:Package 'src/pid_pilot_senior' with type 'ros.ament_python' and name 'pid_pilot_senior'
[2.433s] Level 1:colcon.colcon_core.package_identification:_identify(src/pplanner_interfaces) by extensions ['ignore', 'ignore_ament_install']
[2.433s] Level 1:colcon.colcon_core.package_identification:_identify(src/pplanner_interfaces) by extension 'ignore'
[2.434s] Level 1:colcon.colcon_core.package_identification:_identify(src/pplanner_interfaces) by extension 'ignore_ament_install'
[2.435s] Level 1:colcon.colcon_core.package_identification:_identify(src/pplanner_interfaces) by extensions ['colcon_pkg']
[2.435s] Level 1:colcon.colcon_core.package_identification:_identify(src/pplanner_interfaces) by extension 'colcon_pkg'
[2.435s] Level 1:colcon.colcon_core.package_identification:_identify(src/pplanner_interfaces) by extensions ['colcon_meta']
[2.436s] Level 1:colcon.colcon_core.package_identification:_identify(src/pplanner_interfaces) by extension 'colcon_meta'
[2.436s] Level 1:colcon.colcon_core.package_identification:_identify(src/pplanner_interfaces) by extensions ['ros']
[2.436s] Level 1:colcon.colcon_core.package_identification:_identify(src/pplanner_interfaces) by extension 'ros'
[2.438s] DEBUG:colcon.colcon_core.package_identification:Package 'src/pplanner_interfaces' with type 'ros.ament_cmake' and name 'pplanner_interfaces'
[2.438s] Level 1:colcon.colcon_core.package_discovery:discover_packages(recursive) using defaults
[2.439s] Level 1:colcon.colcon_core.package_discovery:discover_packages(ignore) discover
[2.439s] Level 1:colcon.colcon_core.package_discovery:discover_packages(ignore) using defaults
[2.439s] Level 1:colcon.colcon_core.package_discovery:discover_packages(path) discover
[2.439s] Level 1:colcon.colcon_core.package_discovery:discover_packages(path) using defaults
[2.625s] Level 1:colcon.colcon_core.package_discovery:discover_packages(prefix_path) check parameters
[2.625s] Level 1:colcon.colcon_core.package_discovery:discover_packages(prefix_path) discover
[2.634s] WARNING:colcon.colcon_ros.prefix_path.ament:The path '/home/dualipa/pid_pilot_senior/install/pplanner_interfaces' in the environment variable AMENT_PREFIX_PATH doesn't exist
[2.635s] WARNING:colcon.colcon_ros.prefix_path.ament:The path '/home/dualipa/pid_pilot_senior/install/pid_pilot_senior' in the environment variable AMENT_PREFIX_PATH doesn't exist
[2.636s] WARNING:colcon.colcon_ros.prefix_path.catkin:The path '/home/dualipa/pid_pilot_senior/install/pplanner_interfaces' in the environment variable CMAKE_PREFIX_PATH doesn't exist
[2.641s] DEBUG:colcon.colcon_installed_package_information.package_discovery:Found 0 installed packages in /home/dualipa/pid_pilot_senior/install
[2.643s] DEBUG:colcon.colcon_installed_package_information.package_discovery:Found 1 installed packages in /home/dualipa/mark1/install
[2.653s] DEBUG:colcon.colcon_installed_package_information.package_discovery:Found 270 installed packages in /opt/ros/humble
[2.660s] Level 1:colcon.colcon_core.package_discovery:discover_packages(prefix_path) using defaults
[2.853s] Level 5:colcon.colcon_core.verb:set package 'pid_pilot_senior' build argument 'cmake_args' from command line to 'None'
[2.854s] Level 5:colcon.colcon_core.verb:set package 'pid_pilot_senior' build argument 'cmake_target' from command line to 'None'
[2.854s] Level 5:colcon.colcon_core.verb:set package 'pid_pilot_senior' build argument 'cmake_target_skip_unavailable' from command line to 'False'
[2.854s] Level 5:colcon.colcon_core.verb:set package 'pid_pilot_senior' build argument 'cmake_clean_cache' from command line to 'False'
[2.854s] Level 5:colcon.colcon_core.verb:set package 'pid_pilot_senior' build argument 'cmake_clean_first' from command line to 'False'
[2.854s] Level 5:colcon.colcon_core.verb:set package 'pid_pilot_senior' build argument 'cmake_force_configure' from command line to 'False'
[2.854s] Level 5:colcon.colcon_core.verb:set package 'pid_pilot_senior' build argument 'ament_cmake_args' from command line to 'None'
[2.854s] Level 5:colcon.colcon_core.verb:set package 'pid_pilot_senior' build argument 'catkin_cmake_args' from command line to 'None'
[2.854s] Level 5:colcon.colcon_core.verb:set package 'pid_pilot_senior' build argument 'catkin_skip_building_tests' from command line to 'False'
[2.854s] DEBUG:colcon.colcon_core.verb:Building package 'pid_pilot_senior' with the following arguments: {'ament_cmake_args': None, 'build_base': '/home/dualipa/pid_pilot_senior/build/pid_pilot_senior', 'catkin_cmake_args': None, 'catkin_skip_building_tests': False, 'cmake_args': None, 'cmake_clean_cache': False, 'cmake_clean_first': False, 'cmake_force_configure': False, 'cmake_target': None, 'cmake_target_skip_unavailable': False, 'install_base': '/home/dualipa/pid_pilot_senior/install/pid_pilot_senior', 'merge_install': False, 'path': '/home/dualipa/pid_pilot_senior/src/pid_pilot_senior', 'symlink_install': False, 'test_result_base': None}
[2.856s] Level 5:colcon.colcon_core.verb:set package 'pplanner_interfaces' build argument 'cmake_args' from command line to 'None'
[2.856s] Level 5:colcon.colcon_core.verb:set package 'pplanner_interfaces' build argument 'cmake_target' from command line to 'None'
[2.856s] Level 5:colcon.colcon_core.verb:set package 'pplanner_interfaces' build argument 'cmake_target_skip_unavailable' from command line to 'False'
[2.856s] Level 5:colcon.colcon_core.verb:set package 'pplanner_interfaces' build argument 'cmake_clean_cache' from command line to 'False'
[2.856s] Level 5:colcon.colcon_core.verb:set package 'pplanner_interfaces' build argument 'cmake_clean_first' from command line to 'False'
[2.857s] Level 5:colcon.colcon_core.verb:set package 'pplanner_interfaces' build argument 'cmake_force_configure' from command line to 'False'
[2.857s] Level 5:colcon.colcon_core.verb:set package 'pplanner_interfaces' build argument 'ament_cmake_args' from command line to 'None'
[2.857s] Level 5:colcon.colcon_core.verb:set package 'pplanner_interfaces' build argument 'catkin_cmake_args' from command line to 'None'
[2.857s] Level 5:colcon.colcon_core.verb:set package 'pplanner_interfaces' build argument 'catkin_skip_building_tests' from command line to 'False'
[2.857s] DEBUG:colcon.colcon_core.verb:Building package 'pplanner_interfaces' with the following arguments: {'ament_cmake_args': None, 'build_base': '/home/dualipa/pid_pilot_senior/build/pplanner_interfaces', 'catkin_cmake_args': None, 'catkin_skip_building_tests': False, 'cmake_args': None, 'cmake_clean_cache': False, 'cmake_clean_first': False, 'cmake_force_configure': False, 'cmake_target': None, 'cmake_target_skip_unavailable': False, 'install_base': '/home/dualipa/pid_pilot_senior/install/pplanner_interfaces', 'merge_install': False, 'path': '/home/dualipa/pid_pilot_senior/src/pplanner_interfaces', 'symlink_install': False, 'test_result_base': None}
[2.857s] INFO:colcon.colcon_core.executor:Executing jobs using 'parallel' executor
[2.861s] DEBUG:colcon.colcon_parallel_executor.executor.parallel:run_until_complete
[2.862s] INFO:colcon.colcon_ros.task.ament_python.build:Building ROS package in '/home/dualipa/pid_pilot_senior/src/pid_pilot_senior' with build type 'ament_python'
[2.863s] Level 1:colcon.colcon_core.shell:create_environment_hook('pid_pilot_senior', 'ament_prefix_path')
[2.887s] INFO:colcon.colcon_core.plugin_system:Skipping extension 'colcon_core.shell.bat': Not used on non-Windows systems
[2.888s] INFO:colcon.colcon_core.shell:Creating environment hook '/home/dualipa/pid_pilot_senior/install/pid_pilot_senior/share/pid_pilot_senior/hook/ament_prefix_path.ps1'
[2.892s] INFO:colcon.colcon_core.shell:Creating environment descriptor '/home/dualipa/pid_pilot_senior/install/pid_pilot_senior/share/pid_pilot_senior/hook/ament_prefix_path.dsv'
[2.895s] INFO:colcon.colcon_core.shell:Creating environment hook '/home/dualipa/pid_pilot_senior/install/pid_pilot_senior/share/pid_pilot_senior/hook/ament_prefix_path.sh'
[2.900s] INFO:colcon.colcon_core.shell:Skip shell extension 'powershell' for command environment: Not usable outside of PowerShell
[2.901s] DEBUG:colcon.colcon_core.shell:Skip shell extension 'dsv' for command environment
[2.922s] INFO:colcon.colcon_ros.task.ament_cmake.build:Building ROS package in '/home/dualipa/pid_pilot_senior/src/pplanner_interfaces' with build type 'ament_cmake'
[2.922s] INFO:colcon.colcon_cmake.task.cmake.build:Building CMake package in '/home/dualipa/pid_pilot_senior/src/pplanner_interfaces'
[2.924s] INFO:colcon.colcon_core.shell:Skip shell extension 'powershell' for command environment: Not usable outside of PowerShell
[2.924s] DEBUG:colcon.colcon_core.shell:Skip shell extension 'dsv' for command environment
[4.296s] INFO:colcon.colcon_core.task.python.build:Building Python package in '/home/dualipa/pid_pilot_senior/src/pid_pilot_senior'
[4.297s] INFO:colcon.colcon_core.shell:Skip shell extension 'powershell' for command environment: Not usable outside of PowerShell
[4.297s] DEBUG:colcon.colcon_core.shell:Skip shell extension 'dsv' for command environment
[4.326s] DEBUG:colcon.colcon_core.event_handler.log_command:Invoking command in '/home/dualipa/pid_pilot_senior/build/pplanner_interfaces': CMAKE_PREFIX_PATH=${CMAKE_PREFIX_PATH}:/home/dualipa/pid_pilot_senior/install/pid_pilot_senior:/home/dualipa/mark1/install/robot1:/opt/ros/humble /usr/bin/cmake /home/dualipa/pid_pilot_senior/src/pplanner_interfaces -DCMAKE_INSTALL_PREFIX=/home/dualipa/pid_pilot_senior/install/pplanner_interfaces
[7.197s] DEBUG:colcon.colcon_core.event_handler.log_command:Invoking command in '/home/dualipa/pid_pilot_senior/src/pid_pilot_senior': PYTHONPATH=/home/dualipa/pid_pilot_senior/build/pid_pilot_senior/prefix_override:/home/dualipa/pid_pilot_senior/install/pid_pilot_senior/lib/python3.10/site-packages:${PYTHONPATH} /usr/bin/python3 -W ignore:setup.py install is deprecated setup.py egg_info --egg-base ../../build/pid_pilot_senior build --build-base /home/dualipa/pid_pilot_senior/build/pid_pilot_senior/build install --record /home/dualipa/pid_pilot_senior/build/pid_pilot_senior/install.log --single-version-externally-managed install_data
[9.568s] DEBUG:colcon.colcon_core.event_handler.log_command:Invoked command in '/home/dualipa/pid_pilot_senior/src/pid_pilot_senior' returned '0': PYTHONPATH=/home/dualipa/pid_pilot_senior/build/pid_pilot_senior/prefix_override:/home/dualipa/pid_pilot_senior/install/pid_pilot_senior/lib/python3.10/site-packages:${PYTHONPATH} /usr/bin/python3 -W ignore:setup.py install is deprecated setup.py egg_info --egg-base ../../build/pid_pilot_senior build --build-base /home/dualipa/pid_pilot_senior/build/pid_pilot_senior/build install --record /home/dualipa/pid_pilot_senior/build/pid_pilot_senior/install.log --single-version-externally-managed install_data
[9.608s] Level 1:colcon.colcon_core.environment:checking '/home/dualipa/pid_pilot_senior/install/pid_pilot_senior' for CMake module files
[9.614s] Level 1:colcon.colcon_core.environment:checking '/home/dualipa/pid_pilot_senior/install/pid_pilot_senior' for CMake config files
[9.625s] Level 1:colcon.colcon_core.environment:checking '/home/dualipa/pid_pilot_senior/install/pid_pilot_senior/lib'
[9.627s] Level 1:colcon.colcon_core.environment:checking '/home/dualipa/pid_pilot_senior/install/pid_pilot_senior/bin'
[9.628s] Level 1:colcon.colcon_core.environment:checking '/home/dualipa/pid_pilot_senior/install/pid_pilot_senior/lib/pkgconfig/pid_pilot_senior.pc'
[9.630s] Level 1:colcon.colcon_core.environment:checking '/home/dualipa/pid_pilot_senior/install/pid_pilot_senior/lib/python3.10/site-packages'
[9.631s] Level 1:colcon.colcon_core.shell:create_environment_hook('pid_pilot_senior', 'pythonpath')
[9.633s] INFO:colcon.colcon_core.shell:Creating environment hook '/home/dualipa/pid_pilot_senior/install/pid_pilot_senior/share/pid_pilot_senior/hook/pythonpath.ps1'
[9.638s] INFO:colcon.colcon_core.shell:Creating environment descriptor '/home/dualipa/pid_pilot_senior/install/pid_pilot_senior/share/pid_pilot_senior/hook/pythonpath.dsv'
[9.643s] INFO:colcon.colcon_core.shell:Creating environment hook '/home/dualipa/pid_pilot_senior/install/pid_pilot_senior/share/pid_pilot_senior/hook/pythonpath.sh'
[9.649s] Level 1:colcon.colcon_core.environment:checking '/home/dualipa/pid_pilot_senior/install/pid_pilot_senior/bin'
[9.650s] Level 1:colcon.colcon_core.environment:create_environment_scripts_only(pid_pilot_senior)
[9.654s] INFO:colcon.colcon_core.shell:Creating package script '/home/dualipa/pid_pilot_senior/install/pid_pilot_senior/share/pid_pilot_senior/package.ps1'
[9.664s] INFO:colcon.colcon_core.shell:Creating package descriptor '/home/dualipa/pid_pilot_senior/install/pid_pilot_senior/share/pid_pilot_senior/package.dsv'
[9.672s] INFO:colcon.colcon_core.shell:Creating package script '/home/dualipa/pid_pilot_senior/install/pid_pilot_senior/share/pid_pilot_senior/package.sh'
[9.682s] INFO:colcon.colcon_core.shell:Creating package script '/home/dualipa/pid_pilot_senior/install/pid_pilot_senior/share/pid_pilot_senior/package.bash'
[9.692s] INFO:colcon.colcon_core.shell:Creating package script '/home/dualipa/pid_pilot_senior/install/pid_pilot_senior/share/pid_pilot_senior/package.zsh'
[9.701s] Level 1:colcon.colcon_core.environment:create_file_with_runtime_dependencies(/home/dualipa/pid_pilot_senior/install/pid_pilot_senior/share/colcon-core/packages/pid_pilot_senior)
[15.556s] DEBUG:colcon.colcon_core.event_handler.log_command:Invoked command in '/home/dualipa/pid_pilot_senior/build/pplanner_interfaces' returned '0': CMAKE_PREFIX_PATH=${CMAKE_PREFIX_PATH}:/home/dualipa/pid_pilot_senior/install/pid_pilot_senior:/home/dualipa/mark1/install/robot1:/opt/ros/humble /usr/bin/cmake /home/dualipa/pid_pilot_senior/src/pplanner_interfaces -DCMAKE_INSTALL_PREFIX=/home/dualipa/pid_pilot_senior/install/pplanner_interfaces
[15.569s] DEBUG:colcon.colcon_core.event_handler.log_command:Invoking command in '/home/dualipa/pid_pilot_senior/build/pplanner_interfaces': CMAKE_PREFIX_PATH=${CMAKE_PREFIX_PATH}:/home/dualipa/pid_pilot_senior/install/pid_pilot_senior:/home/dualipa/mark1/install/robot1:/opt/ros/humble /usr/bin/cmake --build /home/dualipa/pid_pilot_senior/build/pplanner_interfaces -- -j4 -l4
[60.038s] DEBUG:colcon.colcon_core.event_handler.log_command:Invoked command in '/home/dualipa/pid_pilot_senior/build/pplanner_interfaces' returned '0': CMAKE_PREFIX_PATH=${CMAKE_PREFIX_PATH}:/home/dualipa/pid_pilot_senior/install/pid_pilot_senior:/home/dualipa/mark1/install/robot1:/opt/ros/humble /usr/bin/cmake --build /home/dualipa/pid_pilot_senior/build/pplanner_interfaces -- -j4 -l4
[61.056s] DEBUG:colcon.colcon_core.event_handler.log_command:Invoking command in '/home/dualipa/pid_pilot_senior/build/pplanner_interfaces': CMAKE_PREFIX_PATH=${CMAKE_PREFIX_PATH}:/home/dualipa/pid_pilot_senior/install/pid_pilot_senior:/home/dualipa/mark1/install/robot1:/opt/ros/humble /usr/bin/cmake --install /home/dualipa/pid_pilot_senior/build/pplanner_interfaces
[61.569s] Level 1:colcon.colcon_core.environment:create_environment_scripts_only(pplanner_interfaces)
[61.571s] Level 1:colcon.colcon_core.environment:checking '/home/dualipa/pid_pilot_senior/install/pplanner_interfaces' for CMake module files
[61.572s] DEBUG:colcon.colcon_core.event_handler.log_command:Invoked command in '/home/dualipa/pid_pilot_senior/build/pplanner_interfaces' returned '0': CMAKE_PREFIX_PATH=${CMAKE_PREFIX_PATH}:/home/dualipa/pid_pilot_senior/install/pid_pilot_senior:/home/dualipa/mark1/install/robot1:/opt/ros/humble /usr/bin/cmake --install /home/dualipa/pid_pilot_senior/build/pplanner_interfaces
[61.575s] Level 1:colcon.colcon_core.environment:checking '/home/dualipa/pid_pilot_senior/install/pplanner_interfaces' for CMake config files
[61.580s] Level 1:colcon.colcon_core.shell:create_environment_hook('pplanner_interfaces', 'cmake_prefix_path')
[61.581s] INFO:colcon.colcon_core.shell:Creating environment hook '/home/dualipa/pid_pilot_senior/install/pplanner_interfaces/share/pplanner_interfaces/hook/cmake_prefix_path.ps1'
[61.584s] INFO:colcon.colcon_core.shell:Creating environment descriptor '/home/dualipa/pid_pilot_senior/install/pplanner_interfaces/share/pplanner_interfaces/hook/cmake_prefix_path.dsv'
[61.585s] INFO:colcon.colcon_core.shell:Creating environment hook '/home/dualipa/pid_pilot_senior/install/pplanner_interfaces/share/pplanner_interfaces/hook/cmake_prefix_path.sh'
[61.588s] Level 1:colcon.colcon_core.environment:checking '/home/dualipa/pid_pilot_senior/install/pplanner_interfaces/lib'
[61.588s] Level 1:colcon.colcon_core.shell:create_environment_hook('pplanner_interfaces', 'ld_library_path_lib')
[61.589s] INFO:colcon.colcon_core.shell:Creating environment hook '/home/dualipa/pid_pilot_senior/install/pplanner_interfaces/share/pplanner_interfaces/hook/ld_library_path_lib.ps1'
[61.591s] INFO:colcon.colcon_core.shell:Creating environment descriptor '/home/dualipa/pid_pilot_senior/install/pplanner_interfaces/share/pplanner_interfaces/hook/ld_library_path_lib.dsv'
[61.592s] INFO:colcon.colcon_core.shell:Creating environment hook '/home/dualipa/pid_pilot_senior/install/pplanner_interfaces/share/pplanner_interfaces/hook/ld_library_path_lib.sh'
[61.594s] Level 1:colcon.colcon_core.environment:checking '/home/dualipa/pid_pilot_senior/install/pplanner_interfaces/bin'
[61.594s] Level 1:colcon.colcon_core.environment:checking '/home/dualipa/pid_pilot_senior/install/pplanner_interfaces/lib/pkgconfig/pplanner_interfaces.pc'
[61.595s] Level 1:colcon.colcon_core.environment:checking '/home/dualipa/pid_pilot_senior/install/pplanner_interfaces/lib/python3.10/site-packages'
[61.597s] Level 1:colcon.colcon_core.environment:checking '/home/dualipa/pid_pilot_senior/install/pplanner_interfaces/bin'
[61.598s] INFO:colcon.colcon_core.shell:Creating package script '/home/dualipa/pid_pilot_senior/install/pplanner_interfaces/share/pplanner_interfaces/package.ps1'
[61.601s] INFO:colcon.colcon_core.shell:Creating package descriptor '/home/dualipa/pid_pilot_senior/install/pplanner_interfaces/share/pplanner_interfaces/package.dsv'
[61.603s] INFO:colcon.colcon_core.shell:Creating package script '/home/dualipa/pid_pilot_senior/install/pplanner_interfaces/share/pplanner_interfaces/package.sh'
[61.605s] INFO:colcon.colcon_core.shell:Creating package script '/home/dualipa/pid_pilot_senior/install/pplanner_interfaces/share/pplanner_interfaces/package.bash'
[61.606s] INFO:colcon.colcon_core.shell:Creating package script '/home/dualipa/pid_pilot_senior/install/pplanner_interfaces/share/pplanner_interfaces/package.zsh'
[61.608s] Level 1:colcon.colcon_core.environment:create_file_with_runtime_dependencies(/home/dualipa/pid_pilot_senior/install/pplanner_interfaces/share/colcon-core/packages/pplanner_interfaces)
[62.640s] Level 1:colcon.colcon_core.environment:create_environment_scripts_only(pplanner_interfaces)
[62.642s] Level 1:colcon.colcon_core.environment:checking '/home/dualipa/pid_pilot_senior/install/pplanner_interfaces' for CMake module files
[62.646s] Level 1:colcon.colcon_core.environment:checking '/home/dualipa/pid_pilot_senior/install/pplanner_interfaces' for CMake config files
[62.652s] Level 1:colcon.colcon_core.shell:create_environment_hook('pplanner_interfaces', 'cmake_prefix_path')
[62.653s] INFO:colcon.colcon_core.shell:Creating environment hook '/home/dualipa/pid_pilot_senior/install/pplanner_interfaces/share/pplanner_interfaces/hook/cmake_prefix_path.ps1'
[62.656s] INFO:colcon.colcon_core.shell:Creating environment descriptor '/home/dualipa/pid_pilot_senior/install/pplanner_interfaces/share/pplanner_interfaces/hook/cmake_prefix_path.dsv'
[62.659s] INFO:colcon.colcon_core.shell:Creating environment hook '/home/dualipa/pid_pilot_senior/install/pplanner_interfaces/share/pplanner_interfaces/hook/cmake_prefix_path.sh'
[62.669s] Level 1:colcon.colcon_core.environment:checking '/home/dualipa/pid_pilot_senior/install/pplanner_interfaces/lib'
[62.671s] Level 1:colcon.colcon_core.shell:create_environment_hook('pplanner_interfaces', 'ld_library_path_lib')
[62.672s] INFO:colcon.colcon_core.shell:Creating environment hook '/home/dualipa/pid_pilot_senior/install/pplanner_interfaces/share/pplanner_interfaces/hook/ld_library_path_lib.ps1'
[62.676s] INFO:colcon.colcon_core.shell:Creating environment descriptor '/home/dualipa/pid_pilot_senior/install/pplanner_interfaces/share/pplanner_interfaces/hook/ld_library_path_lib.dsv'
[62.681s] INFO:colcon.colcon_core.shell:Creating environment hook '/home/dualipa/pid_pilot_senior/install/pplanner_interfaces/share/pplanner_interfaces/hook/ld_library_path_lib.sh'
[62.686s] Level 1:colcon.colcon_core.environment:checking '/home/dualipa/pid_pilot_senior/install/pplanner_interfaces/bin'
[62.687s] Level 1:colcon.colcon_core.environment:checking '/home/dualipa/pid_pilot_senior/install/pplanner_interfaces/lib/pkgconfig/pplanner_interfaces.pc'
[62.688s] Level 1:colcon.colcon_core.environment:checking '/home/dualipa/pid_pilot_senior/install/pplanner_interfaces/lib/python3.10/site-packages'
[62.689s] Level 1:colcon.colcon_core.environment:checking '/home/dualipa/pid_pilot_senior/install/pplanner_interfaces/bin'
[62.691s] INFO:colcon.colcon_core.shell:Creating package script '/home/dualipa/pid_pilot_senior/install/pplanner_interfaces/share/pplanner_interfaces/package.ps1'
[62.694s] INFO:colcon.colcon_core.shell:Creating package descriptor '/home/dualipa/pid_pilot_senior/install/pplanner_interfaces/share/pplanner_interfaces/package.dsv'
[62.699s] INFO:colcon.colcon_core.shell:Creating package script '/home/dualipa/pid_pilot_senior/install/pplanner_interfaces/share/pplanner_interfaces/package.sh'
[62.702s] INFO:colcon.colcon_core.shell:Creating package script '/home/dualipa/pid_pilot_senior/install/pplanner_interfaces/share/pplanner_interfaces/package.bash'
[62.705s] INFO:colcon.colcon_core.shell:Creating package script '/home/dualipa/pid_pilot_senior/install/pplanner_interfaces/share/pplanner_interfaces/package.zsh'
[62.708s] Level 1:colcon.colcon_core.environment:create_file_with_runtime_dependencies(/home/dualipa/pid_pilot_senior/install/pplanner_interfaces/share/colcon-core/packages/pplanner_interfaces)
[62.710s] DEBUG:colcon.colcon_parallel_executor.executor.parallel:closing loop
[62.712s] DEBUG:colcon.colcon_parallel_executor.executor.parallel:loop closed
[62.713s] DEBUG:colcon.colcon_parallel_executor.executor.parallel:run_until_complete finished with '0'
[62.714s] DEBUG:colcon.colcon_core.event_reactor:joining thread
[62.760s] INFO:colcon.colcon_core.plugin_system:Skipping extension 'colcon_notification.desktop_notification.terminal_notifier': Not used on non-Darwin systems
[62.761s] INFO:colcon.colcon_core.plugin_system:Skipping extension 'colcon_notification.desktop_notification.win32': Not used on non-Windows systems
[62.762s] INFO:colcon.colcon_notification.desktop_notification:Sending desktop notification using 'notify2'
[62.918s] DEBUG:colcon.colcon_core.event_reactor:joined thread
[62.924s] INFO:colcon.colcon_core.shell:Creating prefix script '/home/dualipa/pid_pilot_senior/install/local_setup.ps1'
[62.944s] INFO:colcon.colcon_core.shell:Creating prefix util module '/home/dualipa/pid_pilot_senior/install/_local_setup_util_ps1.py'
[62.965s] INFO:colcon.colcon_core.shell:Creating prefix chain script '/home/dualipa/pid_pilot_senior/install/setup.ps1'
[62.983s] INFO:colcon.colcon_core.shell:Creating prefix script '/home/dualipa/pid_pilot_senior/install/local_setup.sh'
[62.991s] INFO:colcon.colcon_core.shell:Creating prefix util module '/home/dualipa/pid_pilot_senior/install/_local_setup_util_sh.py'
[62.998s] INFO:colcon.colcon_core.shell:Creating prefix chain script '/home/dualipa/pid_pilot_senior/install/setup.sh'
[63.016s] INFO:colcon.colcon_core.shell:Creating prefix script '/home/dualipa/pid_pilot_senior/install/local_setup.bash'
[63.023s] INFO:colcon.colcon_core.shell:Creating prefix chain script '/home/dualipa/pid_pilot_senior/install/setup.bash'
[63.041s] INFO:colcon.colcon_core.shell:Creating prefix script '/home/dualipa/pid_pilot_senior/install/local_setup.zsh'
[63.048s] INFO:colcon.colcon_core.shell:Creating prefix chain script '/home/dualipa/pid_pilot_senior/install/setup.zsh'
