[0.050s] DEBUG:colcon:Command line arguments: ['/usr/bin/colcon', 'build']
[0.050s] DEBUG:colcon:Parsed command line arguments: Namespace(log_base=None, log_level=None, verb_name='build', build_base='build', install_base='install', merge_install=False, symlink_install=False, test_result_base=None, continue_on_error=False, executor='parallel', parallel_workers=20, event_handlers=None, ignore_user_meta=False, metas=['./colcon.meta'], base_paths=['.'], packages_ignore=None, packages_ignore_regex=None, paths=None, packages_up_to=None, packages_up_to_regex=None, packages_above=None, packages_above_and_dependencies=None, packages_above_depth=None, packages_select_by_dep=None, packages_skip_by_dep=None, packages_skip_up_to=None, packages_select_build_failed=False, packages_skip_build_finished=False, packages_select_test_failures=False, packages_skip_test_passed=False, packages_select=None, packages_skip=None, packages_select_regex=None, packages_skip_regex=None, packages_start=None, packages_end=None, allow_overriding=[], cmake_args=None, cmake_target=None, cmake_target_skip_unavailable=False, cmake_clean_cache=False, cmake_clean_first=False, cmake_force_configure=False, ament_cmake_args=None, catkin_cmake_args=None, catkin_skip_building_tests=False, verb_parser=<colcon_defaults.argument_parser.defaults.DefaultArgumentsDecorator object at 0x7e756d5cd840>, verb_extension=<colcon_core.verb.build.BuildVerb object at 0x7e756d7a1cf0>, main=<bound method BuildVerb.main of <colcon_core.verb.build.BuildVerb object at 0x7e756d7a1cf0>>)
[0.139s] Level 1:colcon.colcon_core.package_discovery:discover_packages(colcon_meta) check parameters
[0.139s] Level 1:colcon.colcon_core.package_discovery:discover_packages(recursive) check parameters
[0.139s] Level 1:colcon.colcon_core.package_discovery:discover_packages(ignore) check parameters
[0.139s] Level 1:colcon.colcon_core.package_discovery:discover_packages(path) check parameters
[0.139s] Level 1:colcon.colcon_core.package_discovery:discover_packages(colcon_meta) discover
[0.139s] Level 1:colcon.colcon_core.package_discovery:discover_packages(recursive) discover
[0.139s] INFO:colcon.colcon_core.package_discovery:Crawling recursively for packages in '/home/kelvin/pid_pilot_senior'
[0.139s] Level 1:colcon.colcon_core.package_identification:_identify(.) by extensions ['ignore', 'ignore_ament_install']
[0.139s] Level 1:colcon.colcon_core.package_identification:_identify(.) by extension 'ignore'
[0.139s] Level 1:colcon.colcon_core.package_identification:_identify(.) by extension 'ignore_ament_install'
[0.139s] Level 1:colcon.colcon_core.package_identification:_identify(.) by extensions ['colcon_pkg']
[0.139s] Level 1:colcon.colcon_core.package_identification:_identify(.) by extension 'colcon_pkg'
[0.139s] Level 1:colcon.colcon_core.package_identification:_identify(.) by extensions ['colcon_meta']
[0.139s] Level 1:colcon.colcon_core.package_identification:_identify(.) by extension 'colcon_meta'
[0.139s] Level 1:colcon.colcon_core.package_identification:_identify(.) by extensions ['ros']
[0.139s] Level 1:colcon.colcon_core.package_identification:_identify(.) by extension 'ros'
[0.145s] Level 1:colcon.colcon_core.package_identification:_identify(.) by extensions ['cmake', 'python']
[0.145s] Level 1:colcon.colcon_core.package_identification:_identify(.) by extension 'cmake'
[0.145s] Level 1:colcon.colcon_core.package_identification:_identify(.) by extension 'python'
[0.145s] Level 1:colcon.colcon_core.package_identification:_identify(.) by extensions ['python_setup_py']
[0.145s] Level 1:colcon.colcon_core.package_identification:_identify(.) by extension 'python_setup_py'
[0.145s] Level 1:colcon.colcon_core.package_identification:_identify(build) by extensions ['ignore', 'ignore_ament_install']
[0.145s] Level 1:colcon.colcon_core.package_identification:_identify(build) by extension 'ignore'
[0.145s] Level 1:colcon.colcon_core.package_identification:_identify(build) ignored
[0.145s] Level 1:colcon.colcon_core.package_identification:_identify(install) by extensions ['ignore', 'ignore_ament_install']
[0.145s] Level 1:colcon.colcon_core.package_identification:_identify(install) by extension 'ignore'
[0.145s] Level 1:colcon.colcon_core.package_identification:_identify(install) ignored
[0.146s] Level 1:colcon.colcon_core.package_identification:_identify(log) by extensions ['ignore', 'ignore_ament_install']
[0.146s] Level 1:colcon.colcon_core.package_identification:_identify(log) by extension 'ignore'
[0.146s] Level 1:colcon.colcon_core.package_identification:_identify(log) ignored
[0.146s] Level 1:colcon.colcon_core.package_identification:_identify(src) by extensions ['ignore', 'ignore_ament_install']
[0.146s] Level 1:colcon.colcon_core.package_identification:_identify(src) by extension 'ignore'
[0.146s] Level 1:colcon.colcon_core.package_identification:_identify(src) by extension 'ignore_ament_install'
[0.146s] Level 1:colcon.colcon_core.package_identification:_identify(src) by extensions ['colcon_pkg']
[0.146s] Level 1:colcon.colcon_core.package_identification:_identify(src) by extension 'colcon_pkg'
[0.146s] Level 1:colcon.colcon_core.package_identification:_identify(src) by extensions ['colcon_meta']
[0.146s] Level 1:colcon.colcon_core.package_identification:_identify(src) by extension 'colcon_meta'
[0.146s] Level 1:colcon.colcon_core.package_identification:_identify(src) by extensions ['ros']
[0.146s] Level 1:colcon.colcon_core.package_identification:_identify(src) by extension 'ros'
[0.146s] Level 1:colcon.colcon_core.package_identification:_identify(src) by extensions ['cmake', 'python']
[0.146s] Level 1:colcon.colcon_core.package_identification:_identify(src) by extension 'cmake'
[0.146s] Level 1:colcon.colcon_core.package_identification:_identify(src) by extension 'python'
[0.146s] Level 1:colcon.colcon_core.package_identification:_identify(src) by extensions ['python_setup_py']
[0.146s] Level 1:colcon.colcon_core.package_identification:_identify(src) by extension 'python_setup_py'
[0.146s] Level 1:colcon.colcon_core.package_identification:_identify(src/build) by extensions ['ignore', 'ignore_ament_install']
[0.146s] Level 1:colcon.colcon_core.package_identification:_identify(src/build) by extension 'ignore'
[0.146s] Level 1:colcon.colcon_core.package_identification:_identify(src/build) ignored
[0.146s] Level 1:colcon.colcon_core.package_identification:_identify(src/install) by extensions ['ignore', 'ignore_ament_install']
[0.146s] Level 1:colcon.colcon_core.package_identification:_identify(src/install) by extension 'ignore'
[0.146s] Level 1:colcon.colcon_core.package_identification:_identify(src/install) ignored
[0.146s] Level 1:colcon.colcon_core.package_identification:_identify(src/log) by extensions ['ignore', 'ignore_ament_install']
[0.146s] Level 1:colcon.colcon_core.package_identification:_identify(src/log) by extension 'ignore'
[0.146s] Level 1:colcon.colcon_core.package_identification:_identify(src/log) ignored
[0.146s] Level 1:colcon.colcon_core.package_identification:_identify(src/pid_pilot_senior) by extensions ['ignore', 'ignore_ament_install']
[0.146s] Level 1:colcon.colcon_core.package_identification:_identify(src/pid_pilot_senior) by extension 'ignore'
[0.146s] Level 1:colcon.colcon_core.package_identification:_identify(src/pid_pilot_senior) by extension 'ignore_ament_install'
[0.146s] Level 1:colcon.colcon_core.package_identification:_identify(src/pid_pilot_senior) by extensions ['colcon_pkg']
[0.146s] Level 1:colcon.colcon_core.package_identification:_identify(src/pid_pilot_senior) by extension 'colcon_pkg'
[0.146s] Level 1:colcon.colcon_core.package_identification:_identify(src/pid_pilot_senior) by extensions ['colcon_meta']
[0.146s] Level 1:colcon.colcon_core.package_identification:_identify(src/pid_pilot_senior) by extension 'colcon_meta'
[0.146s] Level 1:colcon.colcon_core.package_identification:_identify(src/pid_pilot_senior) by extensions ['ros']
[0.146s] Level 1:colcon.colcon_core.package_identification:_identify(src/pid_pilot_senior) by extension 'ros'
[0.147s] DEBUG:colcon.colcon_core.package_identification:Package 'src/pid_pilot_senior' with type 'ros.ament_python' and name 'pid_pilot_senior'
[0.147s] Level 1:colcon.colcon_core.package_identification:_identify(src/pplanner_interfaces) by extensions ['ignore', 'ignore_ament_install']
[0.152s] Level 1:colcon.colcon_core.package_identification:_identify(src/pplanner_interfaces) by extension 'ignore'
[0.152s] Level 1:colcon.colcon_core.package_identification:_identify(src/pplanner_interfaces) by extension 'ignore_ament_install'
[0.152s] Level 1:colcon.colcon_core.package_identification:_identify(src/pplanner_interfaces) by extensions ['colcon_pkg']
[0.152s] Level 1:colcon.colcon_core.package_identification:_identify(src/pplanner_interfaces) by extension 'colcon_pkg'
[0.152s] Level 1:colcon.colcon_core.package_identification:_identify(src/pplanner_interfaces) by extensions ['colcon_meta']
[0.152s] Level 1:colcon.colcon_core.package_identification:_identify(src/pplanner_interfaces) by extension 'colcon_meta'
[0.152s] Level 1:colcon.colcon_core.package_identification:_identify(src/pplanner_interfaces) by extensions ['ros']
[0.152s] Level 1:colcon.colcon_core.package_identification:_identify(src/pplanner_interfaces) by extension 'ros'
[0.152s] DEBUG:colcon.colcon_core.package_identification:Package 'src/pplanner_interfaces' with type 'ros.ament_cmake' and name 'pplanner_interfaces'
[0.152s] Level 1:colcon.colcon_core.package_discovery:discover_packages(recursive) using defaults
[0.152s] Level 1:colcon.colcon_core.package_discovery:discover_packages(ignore) discover
[0.152s] Level 1:colcon.colcon_core.package_discovery:discover_packages(ignore) using defaults
[0.152s] Level 1:colcon.colcon_core.package_discovery:discover_packages(path) discover
[0.152s] Level 1:colcon.colcon_core.package_discovery:discover_packages(path) using defaults
[0.162s] Level 1:colcon.colcon_core.package_discovery:discover_packages(prefix_path) check parameters
[0.162s] Level 1:colcon.colcon_core.package_discovery:discover_packages(prefix_path) discover
[0.163s] WARNING:colcon.colcon_ros.prefix_path.ament:The path '/home/kelvin/pid_pilot_senior/install/pplanner_interfaces' in the environment variable AMENT_PREFIX_PATH doesn't exist
[0.163s] WARNING:colcon.colcon_ros.prefix_path.ament:The path '/home/kelvin/pid_pilot_senior/install/pid_pilot_senior' in the environment variable AMENT_PREFIX_PATH doesn't exist
[0.163s] WARNING:colcon.colcon_ros.prefix_path.catkin:The path '/home/kelvin/pid_pilot_senior/install/pplanner_interfaces' in the environment variable CMAKE_PREFIX_PATH doesn't exist
[0.163s] DEBUG:colcon.colcon_installed_package_information.package_discovery:Found 2 installed packages in /home/kelvin/ros2_ws/install
[0.163s] DEBUG:colcon.colcon_installed_package_information.package_discovery:Found 0 installed packages in /home/kelvin/pid_pilot_senior/install
[0.164s] DEBUG:colcon.colcon_installed_package_information.package_discovery:Found 1 installed packages in /home/kelvin/testbot/install
[0.164s] DEBUG:colcon.colcon_installed_package_information.package_discovery:Found 270 installed packages in /opt/ros/humble
[0.165s] Level 1:colcon.colcon_core.package_discovery:discover_packages(prefix_path) using defaults
[0.182s] Level 5:colcon.colcon_core.verb:set package 'pid_pilot_senior' build argument 'cmake_args' from command line to 'None'
[0.182s] Level 5:colcon.colcon_core.verb:set package 'pid_pilot_senior' build argument 'cmake_target' from command line to 'None'
[0.182s] Level 5:colcon.colcon_core.verb:set package 'pid_pilot_senior' build argument 'cmake_target_skip_unavailable' from command line to 'False'
[0.182s] Level 5:colcon.colcon_core.verb:set package 'pid_pilot_senior' build argument 'cmake_clean_cache' from command line to 'False'
[0.182s] Level 5:colcon.colcon_core.verb:set package 'pid_pilot_senior' build argument 'cmake_clean_first' from command line to 'False'
[0.182s] Level 5:colcon.colcon_core.verb:set package 'pid_pilot_senior' build argument 'cmake_force_configure' from command line to 'False'
[0.182s] Level 5:colcon.colcon_core.verb:set package 'pid_pilot_senior' build argument 'ament_cmake_args' from command line to 'None'
[0.182s] Level 5:colcon.colcon_core.verb:set package 'pid_pilot_senior' build argument 'catkin_cmake_args' from command line to 'None'
[0.182s] Level 5:colcon.colcon_core.verb:set package 'pid_pilot_senior' build argument 'catkin_skip_building_tests' from command line to 'False'
[0.182s] DEBUG:colcon.colcon_core.verb:Building package 'pid_pilot_senior' with the following arguments: {'ament_cmake_args': None, 'build_base': '/home/kelvin/pid_pilot_senior/build/pid_pilot_senior', 'catkin_cmake_args': None, 'catkin_skip_building_tests': False, 'cmake_args': None, 'cmake_clean_cache': False, 'cmake_clean_first': False, 'cmake_force_configure': False, 'cmake_target': None, 'cmake_target_skip_unavailable': False, 'install_base': '/home/kelvin/pid_pilot_senior/install/pid_pilot_senior', 'merge_install': False, 'path': '/home/kelvin/pid_pilot_senior/src/pid_pilot_senior', 'symlink_install': False, 'test_result_base': None}
[0.182s] Level 5:colcon.colcon_core.verb:set package 'pplanner_interfaces' build argument 'cmake_args' from command line to 'None'
[0.182s] Level 5:colcon.colcon_core.verb:set package 'pplanner_interfaces' build argument 'cmake_target' from command line to 'None'
[0.182s] Level 5:colcon.colcon_core.verb:set package 'pplanner_interfaces' build argument 'cmake_target_skip_unavailable' from command line to 'False'
[0.182s] Level 5:colcon.colcon_core.verb:set package 'pplanner_interfaces' build argument 'cmake_clean_cache' from command line to 'False'
[0.182s] Level 5:colcon.colcon_core.verb:set package 'pplanner_interfaces' build argument 'cmake_clean_first' from command line to 'False'
[0.182s] Level 5:colcon.colcon_core.verb:set package 'pplanner_interfaces' build argument 'cmake_force_configure' from command line to 'False'
[0.182s] Level 5:colcon.colcon_core.verb:set package 'pplanner_interfaces' build argument 'ament_cmake_args' from command line to 'None'
[0.182s] Level 5:colcon.colcon_core.verb:set package 'pplanner_interfaces' build argument 'catkin_cmake_args' from command line to 'None'
[0.182s] Level 5:colcon.colcon_core.verb:set package 'pplanner_interfaces' build argument 'catkin_skip_building_tests' from command line to 'False'
[0.182s] DEBUG:colcon.colcon_core.verb:Building package 'pplanner_interfaces' with the following arguments: {'ament_cmake_args': None, 'build_base': '/home/kelvin/pid_pilot_senior/build/pplanner_interfaces', 'catkin_cmake_args': None, 'catkin_skip_building_tests': False, 'cmake_args': None, 'cmake_clean_cache': False, 'cmake_clean_first': False, 'cmake_force_configure': False, 'cmake_target': None, 'cmake_target_skip_unavailable': False, 'install_base': '/home/kelvin/pid_pilot_senior/install/pplanner_interfaces', 'merge_install': False, 'path': '/home/kelvin/pid_pilot_senior/src/pplanner_interfaces', 'symlink_install': False, 'test_result_base': None}
[0.182s] INFO:colcon.colcon_core.executor:Executing jobs using 'parallel' executor
[0.183s] DEBUG:colcon.colcon_parallel_executor.executor.parallel:run_until_complete
[0.183s] INFO:colcon.colcon_ros.task.ament_python.build:Building ROS package in '/home/kelvin/pid_pilot_senior/src/pid_pilot_senior' with build type 'ament_python'
[0.183s] Level 1:colcon.colcon_core.shell:create_environment_hook('pid_pilot_senior', 'ament_prefix_path')
[0.184s] INFO:colcon.colcon_core.plugin_system:Skipping extension 'colcon_core.shell.bat': Not used on non-Windows systems
[0.184s] INFO:colcon.colcon_core.shell:Creating environment hook '/home/kelvin/pid_pilot_senior/install/pid_pilot_senior/share/pid_pilot_senior/hook/ament_prefix_path.ps1'
[0.185s] INFO:colcon.colcon_core.shell:Creating environment descriptor '/home/kelvin/pid_pilot_senior/install/pid_pilot_senior/share/pid_pilot_senior/hook/ament_prefix_path.dsv'
[0.185s] INFO:colcon.colcon_core.shell:Creating environment hook '/home/kelvin/pid_pilot_senior/install/pid_pilot_senior/share/pid_pilot_senior/hook/ament_prefix_path.sh'
[0.185s] INFO:colcon.colcon_core.shell:Skip shell extension 'powershell' for command environment: Not usable outside of PowerShell
[0.185s] DEBUG:colcon.colcon_core.shell:Skip shell extension 'dsv' for command environment
[0.187s] INFO:colcon.colcon_ros.task.ament_cmake.build:Building ROS package in '/home/kelvin/pid_pilot_senior/src/pplanner_interfaces' with build type 'ament_cmake'
[0.187s] INFO:colcon.colcon_cmake.task.cmake.build:Building CMake package in '/home/kelvin/pid_pilot_senior/src/pplanner_interfaces'
[0.187s] INFO:colcon.colcon_core.shell:Skip shell extension 'powershell' for command environment: Not usable outside of PowerShell
[0.187s] DEBUG:colcon.colcon_core.shell:Skip shell extension 'dsv' for command environment
[0.336s] INFO:colcon.colcon_core.task.python.build:Building Python package in '/home/kelvin/pid_pilot_senior/src/pid_pilot_senior'
[0.337s] INFO:colcon.colcon_core.shell:Skip shell extension 'powershell' for command environment: Not usable outside of PowerShell
[0.337s] DEBUG:colcon.colcon_core.shell:Skip shell extension 'dsv' for command environment
[0.342s] DEBUG:colcon.colcon_core.event_handler.log_command:Invoking command in '/home/kelvin/pid_pilot_senior/build/pplanner_interfaces': CMAKE_PREFIX_PATH=${CMAKE_PREFIX_PATH}:/home/kelvin/ros2_ws/install/turtle_catcher:/home/kelvin/pid_pilot_senior/install/pid_pilot_senior:/home/kelvin/testbot/install/robot1:/opt/ros/humble /usr/bin/cmake /home/kelvin/pid_pilot_senior/src/pplanner_interfaces -DCMAKE_INSTALL_PREFIX=/home/kelvin/pid_pilot_senior/install/pplanner_interfaces
[0.535s] DEBUG:colcon.colcon_core.event_handler.log_command:Invoking command in '/home/kelvin/pid_pilot_senior/src/pid_pilot_senior': PYTHONPATH=/home/kelvin/pid_pilot_senior/build/pid_pilot_senior/prefix_override:/home/kelvin/pid_pilot_senior/install/pid_pilot_senior/lib/python3.10/site-packages:${PYTHONPATH} /usr/bin/python3 -W ignore:setup.py install is deprecated setup.py egg_info --egg-base ../../build/pid_pilot_senior build --build-base /home/kelvin/pid_pilot_senior/build/pid_pilot_senior/build install --record /home/kelvin/pid_pilot_senior/build/pid_pilot_senior/install.log --single-version-externally-managed install_data
[0.711s] DEBUG:colcon.colcon_core.event_handler.log_command:Invoked command in '/home/kelvin/pid_pilot_senior/src/pid_pilot_senior' returned '0': PYTHONPATH=/home/kelvin/pid_pilot_senior/build/pid_pilot_senior/prefix_override:/home/kelvin/pid_pilot_senior/install/pid_pilot_senior/lib/python3.10/site-packages:${PYTHONPATH} /usr/bin/python3 -W ignore:setup.py install is deprecated setup.py egg_info --egg-base ../../build/pid_pilot_senior build --build-base /home/kelvin/pid_pilot_senior/build/pid_pilot_senior/build install --record /home/kelvin/pid_pilot_senior/build/pid_pilot_senior/install.log --single-version-externally-managed install_data
[0.713s] Level 1:colcon.colcon_core.environment:checking '/home/kelvin/pid_pilot_senior/install/pid_pilot_senior' for CMake module files
[0.713s] Level 1:colcon.colcon_core.environment:checking '/home/kelvin/pid_pilot_senior/install/pid_pilot_senior' for CMake config files
[0.713s] Level 1:colcon.colcon_core.environment:checking '/home/kelvin/pid_pilot_senior/install/pid_pilot_senior/lib'
[0.713s] Level 1:colcon.colcon_core.environment:checking '/home/kelvin/pid_pilot_senior/install/pid_pilot_senior/bin'
[0.713s] Level 1:colcon.colcon_core.environment:checking '/home/kelvin/pid_pilot_senior/install/pid_pilot_senior/lib/pkgconfig/pid_pilot_senior.pc'
[0.714s] Level 1:colcon.colcon_core.environment:checking '/home/kelvin/pid_pilot_senior/install/pid_pilot_senior/lib/python3.10/site-packages'
[0.714s] Level 1:colcon.colcon_core.shell:create_environment_hook('pid_pilot_senior', 'pythonpath')
[0.714s] INFO:colcon.colcon_core.shell:Creating environment hook '/home/kelvin/pid_pilot_senior/install/pid_pilot_senior/share/pid_pilot_senior/hook/pythonpath.ps1'
[0.714s] INFO:colcon.colcon_core.shell:Creating environment descriptor '/home/kelvin/pid_pilot_senior/install/pid_pilot_senior/share/pid_pilot_senior/hook/pythonpath.dsv'
[0.714s] INFO:colcon.colcon_core.shell:Creating environment hook '/home/kelvin/pid_pilot_senior/install/pid_pilot_senior/share/pid_pilot_senior/hook/pythonpath.sh'
[0.714s] Level 1:colcon.colcon_core.environment:checking '/home/kelvin/pid_pilot_senior/install/pid_pilot_senior/bin'
[0.714s] Level 1:colcon.colcon_core.environment:create_environment_scripts_only(pid_pilot_senior)
[0.715s] INFO:colcon.colcon_core.shell:Creating package script '/home/kelvin/pid_pilot_senior/install/pid_pilot_senior/share/pid_pilot_senior/package.ps1'
[0.715s] INFO:colcon.colcon_core.shell:Creating package descriptor '/home/kelvin/pid_pilot_senior/install/pid_pilot_senior/share/pid_pilot_senior/package.dsv'
[0.715s] INFO:colcon.colcon_core.shell:Creating package script '/home/kelvin/pid_pilot_senior/install/pid_pilot_senior/share/pid_pilot_senior/package.sh'
[0.716s] INFO:colcon.colcon_core.shell:Creating package script '/home/kelvin/pid_pilot_senior/install/pid_pilot_senior/share/pid_pilot_senior/package.bash'
[0.716s] INFO:colcon.colcon_core.shell:Creating package script '/home/kelvin/pid_pilot_senior/install/pid_pilot_senior/share/pid_pilot_senior/package.zsh'
[0.716s] Level 1:colcon.colcon_core.environment:create_file_with_runtime_dependencies(/home/kelvin/pid_pilot_senior/install/pid_pilot_senior/share/colcon-core/packages/pid_pilot_senior)
[1.338s] DEBUG:colcon.colcon_core.event_handler.log_command:Invoked command in '/home/kelvin/pid_pilot_senior/build/pplanner_interfaces' returned '0': CMAKE_PREFIX_PATH=${CMAKE_PREFIX_PATH}:/home/kelvin/ros2_ws/install/turtle_catcher:/home/kelvin/pid_pilot_senior/install/pid_pilot_senior:/home/kelvin/testbot/install/robot1:/opt/ros/humble /usr/bin/cmake /home/kelvin/pid_pilot_senior/src/pplanner_interfaces -DCMAKE_INSTALL_PREFIX=/home/kelvin/pid_pilot_senior/install/pplanner_interfaces
[1.339s] DEBUG:colcon.colcon_core.event_handler.log_command:Invoking command in '/home/kelvin/pid_pilot_senior/build/pplanner_interfaces': CMAKE_PREFIX_PATH=${CMAKE_PREFIX_PATH}:/home/kelvin/ros2_ws/install/turtle_catcher:/home/kelvin/pid_pilot_senior/install/pid_pilot_senior:/home/kelvin/testbot/install/robot1:/opt/ros/humble /usr/bin/cmake --build /home/kelvin/pid_pilot_senior/build/pplanner_interfaces -- -j20 -l20
[2.925s] DEBUG:colcon.colcon_core.event_handler.log_command:Invoked command in '/home/kelvin/pid_pilot_senior/build/pplanner_interfaces' returned '0': CMAKE_PREFIX_PATH=${CMAKE_PREFIX_PATH}:/home/kelvin/ros2_ws/install/turtle_catcher:/home/kelvin/pid_pilot_senior/install/pid_pilot_senior:/home/kelvin/testbot/install/robot1:/opt/ros/humble /usr/bin/cmake --build /home/kelvin/pid_pilot_senior/build/pplanner_interfaces -- -j20 -l20
[2.992s] DEBUG:colcon.colcon_core.event_handler.log_command:Invoking command in '/home/kelvin/pid_pilot_senior/build/pplanner_interfaces': CMAKE_PREFIX_PATH=${CMAKE_PREFIX_PATH}:/home/kelvin/ros2_ws/install/turtle_catcher:/home/kelvin/pid_pilot_senior/install/pid_pilot_senior:/home/kelvin/testbot/install/robot1:/opt/ros/humble /usr/bin/cmake --install /home/kelvin/pid_pilot_senior/build/pplanner_interfaces
[3.034s] Level 1:colcon.colcon_core.environment:create_environment_scripts_only(pplanner_interfaces)
[3.034s] Level 1:colcon.colcon_core.environment:checking '/home/kelvin/pid_pilot_senior/install/pplanner_interfaces' for CMake module files
[3.035s] DEBUG:colcon.colcon_core.event_handler.log_command:Invoked command in '/home/kelvin/pid_pilot_senior/build/pplanner_interfaces' returned '0': CMAKE_PREFIX_PATH=${CMAKE_PREFIX_PATH}:/home/kelvin/ros2_ws/install/turtle_catcher:/home/kelvin/pid_pilot_senior/install/pid_pilot_senior:/home/kelvin/testbot/install/robot1:/opt/ros/humble /usr/bin/cmake --install /home/kelvin/pid_pilot_senior/build/pplanner_interfaces
[3.035s] Level 1:colcon.colcon_core.environment:checking '/home/kelvin/pid_pilot_senior/install/pplanner_interfaces' for CMake config files
[3.035s] Level 1:colcon.colcon_core.shell:create_environment_hook('pplanner_interfaces', 'cmake_prefix_path')
[3.035s] INFO:colcon.colcon_core.shell:Creating environment hook '/home/kelvin/pid_pilot_senior/install/pplanner_interfaces/share/pplanner_interfaces/hook/cmake_prefix_path.ps1'
[3.035s] INFO:colcon.colcon_core.shell:Creating environment descriptor '/home/kelvin/pid_pilot_senior/install/pplanner_interfaces/share/pplanner_interfaces/hook/cmake_prefix_path.dsv'
[3.036s] INFO:colcon.colcon_core.shell:Creating environment hook '/home/kelvin/pid_pilot_senior/install/pplanner_interfaces/share/pplanner_interfaces/hook/cmake_prefix_path.sh'
[3.036s] Level 1:colcon.colcon_core.environment:checking '/home/kelvin/pid_pilot_senior/install/pplanner_interfaces/lib'
[3.036s] Level 1:colcon.colcon_core.shell:create_environment_hook('pplanner_interfaces', 'ld_library_path_lib')
[3.036s] INFO:colcon.colcon_core.shell:Creating environment hook '/home/kelvin/pid_pilot_senior/install/pplanner_interfaces/share/pplanner_interfaces/hook/ld_library_path_lib.ps1'
[3.036s] INFO:colcon.colcon_core.shell:Creating environment descriptor '/home/kelvin/pid_pilot_senior/install/pplanner_interfaces/share/pplanner_interfaces/hook/ld_library_path_lib.dsv'
[3.036s] INFO:colcon.colcon_core.shell:Creating environment hook '/home/kelvin/pid_pilot_senior/install/pplanner_interfaces/share/pplanner_interfaces/hook/ld_library_path_lib.sh'
[3.036s] Level 1:colcon.colcon_core.environment:checking '/home/kelvin/pid_pilot_senior/install/pplanner_interfaces/bin'
[3.036s] Level 1:colcon.colcon_core.environment:checking '/home/kelvin/pid_pilot_senior/install/pplanner_interfaces/lib/pkgconfig/pplanner_interfaces.pc'
[3.037s] Level 1:colcon.colcon_core.environment:checking '/home/kelvin/pid_pilot_senior/install/pplanner_interfaces/lib/python3.10/site-packages'
[3.037s] Level 1:colcon.colcon_core.environment:checking '/home/kelvin/pid_pilot_senior/install/pplanner_interfaces/bin'
[3.037s] INFO:colcon.colcon_core.shell:Creating package script '/home/kelvin/pid_pilot_senior/install/pplanner_interfaces/share/pplanner_interfaces/package.ps1'
[3.037s] INFO:colcon.colcon_core.shell:Creating package descriptor '/home/kelvin/pid_pilot_senior/install/pplanner_interfaces/share/pplanner_interfaces/package.dsv'
[3.037s] INFO:colcon.colcon_core.shell:Creating package script '/home/kelvin/pid_pilot_senior/install/pplanner_interfaces/share/pplanner_interfaces/package.sh'
[3.038s] INFO:colcon.colcon_core.shell:Creating package script '/home/kelvin/pid_pilot_senior/install/pplanner_interfaces/share/pplanner_interfaces/package.bash'
[3.038s] INFO:colcon.colcon_core.shell:Creating package script '/home/kelvin/pid_pilot_senior/install/pplanner_interfaces/share/pplanner_interfaces/package.zsh'
[3.038s] Level 1:colcon.colcon_core.environment:create_file_with_runtime_dependencies(/home/kelvin/pid_pilot_senior/install/pplanner_interfaces/share/colcon-core/packages/pplanner_interfaces)
[3.103s] Level 1:colcon.colcon_core.environment:create_environment_scripts_only(pplanner_interfaces)
[3.103s] Level 1:colcon.colcon_core.environment:checking '/home/kelvin/pid_pilot_senior/install/pplanner_interfaces' for CMake module files
[3.103s] Level 1:colcon.colcon_core.environment:checking '/home/kelvin/pid_pilot_senior/install/pplanner_interfaces' for CMake config files
[3.103s] Level 1:colcon.colcon_core.shell:create_environment_hook('pplanner_interfaces', 'cmake_prefix_path')
[3.103s] INFO:colcon.colcon_core.shell:Creating environment hook '/home/kelvin/pid_pilot_senior/install/pplanner_interfaces/share/pplanner_interfaces/hook/cmake_prefix_path.ps1'
[3.104s] INFO:colcon.colcon_core.shell:Creating environment descriptor '/home/kelvin/pid_pilot_senior/install/pplanner_interfaces/share/pplanner_interfaces/hook/cmake_prefix_path.dsv'
[3.104s] INFO:colcon.colcon_core.shell:Creating environment hook '/home/kelvin/pid_pilot_senior/install/pplanner_interfaces/share/pplanner_interfaces/hook/cmake_prefix_path.sh'
[3.104s] Level 1:colcon.colcon_core.environment:checking '/home/kelvin/pid_pilot_senior/install/pplanner_interfaces/lib'
[3.104s] Level 1:colcon.colcon_core.shell:create_environment_hook('pplanner_interfaces', 'ld_library_path_lib')
[3.104s] INFO:colcon.colcon_core.shell:Creating environment hook '/home/kelvin/pid_pilot_senior/install/pplanner_interfaces/share/pplanner_interfaces/hook/ld_library_path_lib.ps1'
[3.105s] INFO:colcon.colcon_core.shell:Creating environment descriptor '/home/kelvin/pid_pilot_senior/install/pplanner_interfaces/share/pplanner_interfaces/hook/ld_library_path_lib.dsv'
[3.105s] INFO:colcon.colcon_core.shell:Creating environment hook '/home/kelvin/pid_pilot_senior/install/pplanner_interfaces/share/pplanner_interfaces/hook/ld_library_path_lib.sh'
[3.105s] Level 1:colcon.colcon_core.environment:checking '/home/kelvin/pid_pilot_senior/install/pplanner_interfaces/bin'
[3.105s] Level 1:colcon.colcon_core.environment:checking '/home/kelvin/pid_pilot_senior/install/pplanner_interfaces/lib/pkgconfig/pplanner_interfaces.pc'
[3.105s] Level 1:colcon.colcon_core.environment:checking '/home/kelvin/pid_pilot_senior/install/pplanner_interfaces/lib/python3.10/site-packages'
[3.105s] Level 1:colcon.colcon_core.environment:checking '/home/kelvin/pid_pilot_senior/install/pplanner_interfaces/bin'
[3.105s] INFO:colcon.colcon_core.shell:Creating package script '/home/kelvin/pid_pilot_senior/install/pplanner_interfaces/share/pplanner_interfaces/package.ps1'
[3.106s] INFO:colcon.colcon_core.shell:Creating package descriptor '/home/kelvin/pid_pilot_senior/install/pplanner_interfaces/share/pplanner_interfaces/package.dsv'
[3.106s] INFO:colcon.colcon_core.shell:Creating package script '/home/kelvin/pid_pilot_senior/install/pplanner_interfaces/share/pplanner_interfaces/package.sh'
[3.106s] INFO:colcon.colcon_core.shell:Creating package script '/home/kelvin/pid_pilot_senior/install/pplanner_interfaces/share/pplanner_interfaces/package.bash'
[3.106s] INFO:colcon.colcon_core.shell:Creating package script '/home/kelvin/pid_pilot_senior/install/pplanner_interfaces/share/pplanner_interfaces/package.zsh'
[3.106s] Level 1:colcon.colcon_core.environment:create_file_with_runtime_dependencies(/home/kelvin/pid_pilot_senior/install/pplanner_interfaces/share/colcon-core/packages/pplanner_interfaces)
[3.107s] DEBUG:colcon.colcon_parallel_executor.executor.parallel:closing loop
[3.107s] DEBUG:colcon.colcon_parallel_executor.executor.parallel:loop closed
[3.107s] DEBUG:colcon.colcon_parallel_executor.executor.parallel:run_until_complete finished with '0'
[3.107s] DEBUG:colcon.colcon_core.event_reactor:joining thread
[3.110s] INFO:colcon.colcon_core.plugin_system:Skipping extension 'colcon_notification.desktop_notification.terminal_notifier': Not used on non-Darwin systems
[3.110s] INFO:colcon.colcon_core.plugin_system:Skipping extension 'colcon_notification.desktop_notification.win32': Not used on non-Windows systems
[3.110s] INFO:colcon.colcon_notification.desktop_notification:Sending desktop notification using 'notify2'
[3.119s] DEBUG:colcon.colcon_core.event_reactor:joined thread
[3.119s] INFO:colcon.colcon_core.shell:Creating prefix script '/home/kelvin/pid_pilot_senior/install/local_setup.ps1'
[3.120s] INFO:colcon.colcon_core.shell:Creating prefix util module '/home/kelvin/pid_pilot_senior/install/_local_setup_util_ps1.py'
[3.120s] INFO:colcon.colcon_core.shell:Creating prefix chain script '/home/kelvin/pid_pilot_senior/install/setup.ps1'
[3.121s] INFO:colcon.colcon_core.shell:Creating prefix script '/home/kelvin/pid_pilot_senior/install/local_setup.sh'
[3.121s] INFO:colcon.colcon_core.shell:Creating prefix util module '/home/kelvin/pid_pilot_senior/install/_local_setup_util_sh.py'
[3.121s] INFO:colcon.colcon_core.shell:Creating prefix chain script '/home/kelvin/pid_pilot_senior/install/setup.sh'
[3.122s] INFO:colcon.colcon_core.shell:Creating prefix script '/home/kelvin/pid_pilot_senior/install/local_setup.bash'
[3.122s] INFO:colcon.colcon_core.shell:Creating prefix chain script '/home/kelvin/pid_pilot_senior/install/setup.bash'
[3.123s] INFO:colcon.colcon_core.shell:Creating prefix script '/home/kelvin/pid_pilot_senior/install/local_setup.zsh'
[3.124s] INFO:colcon.colcon_core.shell:Creating prefix chain script '/home/kelvin/pid_pilot_senior/install/setup.zsh'
