[1.248s] Invoking command in '/home/dualipa/pid_pilot_senior/build/pplanner_interfaces': CMAKE_PREFIX_PATH=${CMAKE_PREFIX_PATH}:/home/dualipa/pid_pilot_senior/install/pid_pilot_senior:/home/dualipa/mark1/install/robot1:/opt/ros/humble /usr/bin/cmake --build /home/dualipa/pid_pilot_senior/build/pplanner_interfaces -- -j4 -l4
[1.760s] [35m[1mConsolidate compiler generated dependencies of target pplanner_interfaces__rosidl_generator_c[0m
[1.853s] [  1%] Built target pplanner_interfaces__cpp
[1.923s] [ 12%] Built target pplanner_interfaces__rosidl_generator_c
[2.023s] [ 12%] Built target ament_cmake_python_copy_pplanner_interfaces
[2.028s] [35m[1mConsolidate compiler generated dependencies of target pplanner_interfaces__rosidl_typesupport_cpp[0m
[2.076s] [35m[1mConsolidate compiler generated dependencies of target pplanner_interfaces__rosidl_typesupport_fastrtps_cpp[0m
[2.160s] [35m[1mConsolidate compiler generated dependencies of target pplanner_interfaces__rosidl_typesupport_introspection_cpp[0m
[2.214s] [35m[1mConsolidate compiler generated dependencies of target pplanner_interfaces__rosidl_typesupport_fastrtps_c[0m
[2.303s] [ 23%] Built target pplanner_interfaces__rosidl_typesupport_cpp
[2.334s] [ 34%] Built target pplanner_interfaces__rosidl_typesupport_fastrtps_cpp
[2.397s] [ 45%] Built target pplanner_interfaces__rosidl_typesupport_introspection_cpp
[2.482s] [35m[1mConsolidate compiler generated dependencies of target pplanner_interfaces__rosidl_typesupport_introspection_c[0m
[2.499s] [ 56%] Built target pplanner_interfaces__rosidl_typesupport_fastrtps_c
[2.501s] [35m[1mConsolidate compiler generated dependencies of target pplanner_interfaces__rosidl_typesupport_c[0m
[2.640s] [ 67%] Built target pplanner_interfaces__rosidl_typesupport_c
[2.654s] [ 78%] Built target pplanner_interfaces__rosidl_typesupport_introspection_c
[2.886s] [ 78%] Built target pplanner_interfaces
[3.127s] [ 80%] Built target pplanner_interfaces__py
[3.274s] [35m[1mConsolidate compiler generated dependencies of target pplanner_interfaces__rosidl_generator_py[0m
[3.520s] [ 89%] Built target pplanner_interfaces__rosidl_generator_py
[3.700s] [35m[1mConsolidate compiler generated dependencies of target pplanner_interfaces__rosidl_typesupport_introspection_c__pyext[0m
[3.705s] [35m[1mConsolidate compiler generated dependencies of target pplanner_interfaces__rosidl_typesupport_fastrtps_c__pyext[0m
[3.728s] [35m[1mConsolidate compiler generated dependencies of target pplanner_interfaces__rosidl_typesupport_c__pyext[0m
[3.923s] [ 92%] Built target pplanner_interfaces__rosidl_typesupport_fastrtps_c__pyext
[3.935s] [ 96%] Built target pplanner_interfaces__rosidl_typesupport_introspection_c__pyext
[3.990s] [100%] Built target pplanner_interfaces__rosidl_typesupport_c__pyext
[5.410s] running egg_info
[5.413s] writing pplanner_interfaces.egg-info/PKG-INFO
[5.414s] writing dependency_links to pplanner_interfaces.egg-info/dependency_links.txt
[5.415s] writing top-level names to pplanner_interfaces.egg-info/top_level.txt
[5.426s] reading manifest file 'pplanner_interfaces.egg-info/SOURCES.txt'
[5.430s] writing manifest file 'pplanner_interfaces.egg-info/SOURCES.txt'
[5.569s] [100%] Built target ament_cmake_python_build_pplanner_interfaces_egg
[5.615s] Invoked command in '/home/dualipa/pid_pilot_senior/build/pplanner_interfaces' returned '0': CMAKE_PREFIX_PATH=${CMAKE_PREFIX_PATH}:/home/dualipa/pid_pilot_senior/install/pid_pilot_senior:/home/dualipa/mark1/install/robot1:/opt/ros/humble /usr/bin/cmake --build /home/dualipa/pid_pilot_senior/build/pplanner_interfaces -- -j4 -l4
[6.284s] Invoking command in '/home/dualipa/pid_pilot_senior/build/pplanner_interfaces': CMAKE_PREFIX_PATH=${CMAKE_PREFIX_PATH}:/home/dualipa/pid_pilot_senior/install/pid_pilot_senior:/home/dualipa/mark1/install/robot1:/opt/ros/humble /usr/bin/cmake --install /home/dualipa/pid_pilot_senior/build/pplanner_interfaces
[6.318s] -- Install configuration: ""
[6.322s] -- Up-to-date: /home/dualipa/pid_pilot_senior/install/pplanner_interfaces/share/ament_index/resource_index/rosidl_interfaces/pplanner_interfaces
[6.323s] -- Up-to-date: /home/dualipa/pid_pilot_senior/install/pplanner_interfaces/include/pplanner_interfaces/pplanner_interfaces
[6.324s] -- Up-to-date: /home/dualipa/pid_pilot_senior/install/pplanner_interfaces/include/pplanner_interfaces/pplanner_interfaces/msg
[6.325s] -- Up-to-date: /home/dualipa/pid_pilot_senior/install/pplanner_interfaces/include/pplanner_interfaces/pplanner_interfaces/msg/path_grid.h
[6.326s] -- Up-to-date: /home/dualipa/pid_pilot_senior/install/pplanner_interfaces/include/pplanner_interfaces/pplanner_interfaces/msg/aruco_data.h
[6.326s] -- Up-to-date: /home/dualipa/pid_pilot_senior/install/pplanner_interfaces/include/pplanner_interfaces/pplanner_interfaces/msg/detail
[6.327s] -- Up-to-date: /home/dualipa/pid_pilot_senior/install/pplanner_interfaces/include/pplanner_interfaces/pplanner_interfaces/msg/detail/path_gridset__functions.c
[6.327s] -- Up-to-date: /home/dualipa/pid_pilot_senior/install/pplanner_interfaces/include/pplanner_interfaces/pplanner_interfaces/msg/detail/aruco_data__type_support.h
[6.328s] -- Up-to-date: /home/dualipa/pid_pilot_senior/install/pplanner_interfaces/include/pplanner_interfaces/pplanner_interfaces/msg/detail/aruco_data__functions.h
[6.329s] -- Up-to-date: /home/dualipa/pid_pilot_senior/install/pplanner_interfaces/include/pplanner_interfaces/pplanner_interfaces/msg/detail/path_gridset__functions.h
[6.330s] -- Up-to-date: /home/dualipa/pid_pilot_senior/install/pplanner_interfaces/include/pplanner_interfaces/pplanner_interfaces/msg/detail/path_gridset__struct.h
[6.330s] -- Up-to-date: /home/dualipa/pid_pilot_senior/install/pplanner_interfaces/include/pplanner_interfaces/pplanner_interfaces/msg/detail/path_gridset__type_support.h
[6.331s] -- Up-to-date: /home/dualipa/pid_pilot_senior/install/pplanner_interfaces/include/pplanner_interfaces/pplanner_interfaces/msg/detail/aruco_data__struct.h
[6.331s] -- Up-to-date: /home/dualipa/pid_pilot_senior/install/pplanner_interfaces/include/pplanner_interfaces/pplanner_interfaces/msg/detail/aruco_dataset__functions.h
[6.332s] -- Up-to-date: /home/dualipa/pid_pilot_senior/install/pplanner_interfaces/include/pplanner_interfaces/pplanner_interfaces/msg/detail/aruco_dataset__functions.c
[6.332s] -- Up-to-date: /home/dualipa/pid_pilot_senior/install/pplanner_interfaces/include/pplanner_interfaces/pplanner_interfaces/msg/detail/path_grid__type_support.h
[6.333s] -- Up-to-date: /home/dualipa/pid_pilot_senior/install/pplanner_interfaces/include/pplanner_interfaces/pplanner_interfaces/msg/detail/aruco_dataset__struct.h
[6.333s] -- Up-to-date: /home/dualipa/pid_pilot_senior/install/pplanner_interfaces/include/pplanner_interfaces/pplanner_interfaces/msg/detail/path_grid__struct.h
[6.334s] -- Up-to-date: /home/dualipa/pid_pilot_senior/install/pplanner_interfaces/include/pplanner_interfaces/pplanner_interfaces/msg/detail/path_grid__functions.c
[6.334s] -- Up-to-date: /home/dualipa/pid_pilot_senior/install/pplanner_interfaces/include/pplanner_interfaces/pplanner_interfaces/msg/detail/aruco_data__functions.c
[6.335s] -- Up-to-date: /home/dualipa/pid_pilot_senior/install/pplanner_interfaces/include/pplanner_interfaces/pplanner_interfaces/msg/detail/path_grid__functions.h
[6.335s] -- Up-to-date: /home/dualipa/pid_pilot_senior/install/pplanner_interfaces/include/pplanner_interfaces/pplanner_interfaces/msg/detail/aruco_dataset__type_support.h
[6.335s] -- Up-to-date: /home/dualipa/pid_pilot_senior/install/pplanner_interfaces/include/pplanner_interfaces/pplanner_interfaces/msg/aruco_dataset.h
[6.336s] -- Up-to-date: /home/dualipa/pid_pilot_senior/install/pplanner_interfaces/include/pplanner_interfaces/pplanner_interfaces/msg/rosidl_generator_c__visibility_control.h
[6.336s] -- Up-to-date: /home/dualipa/pid_pilot_senior/install/pplanner_interfaces/include/pplanner_interfaces/pplanner_interfaces/msg/path_gridset.h
[6.337s] -- Up-to-date: /home/dualipa/pid_pilot_senior/install/pplanner_interfaces/share/pplanner_interfaces/environment/library_path.sh
[6.337s] -- Up-to-date: /home/dualipa/pid_pilot_senior/install/pplanner_interfaces/share/pplanner_interfaces/environment/library_path.dsv
[6.338s] -- Up-to-date: /home/dualipa/pid_pilot_senior/install/pplanner_interfaces/lib/libpplanner_interfaces__rosidl_generator_c.so
[6.338s] -- Up-to-date: /home/dualipa/pid_pilot_senior/install/pplanner_interfaces/include/pplanner_interfaces/pplanner_interfaces
[6.339s] -- Up-to-date: /home/dualipa/pid_pilot_senior/install/pplanner_interfaces/include/pplanner_interfaces/pplanner_interfaces/msg
[6.339s] -- Up-to-date: /home/dualipa/pid_pilot_senior/install/pplanner_interfaces/include/pplanner_interfaces/pplanner_interfaces/msg/detail
[6.340s] -- Up-to-date: /home/dualipa/pid_pilot_senior/install/pplanner_interfaces/include/pplanner_interfaces/pplanner_interfaces/msg/detail/aruco_data__rosidl_typesupport_fastrtps_c.h
[6.340s] -- Up-to-date: /home/dualipa/pid_pilot_senior/install/pplanner_interfaces/include/pplanner_interfaces/pplanner_interfaces/msg/detail/path_gridset__rosidl_typesupport_fastrtps_c.h
[6.341s] -- Up-to-date: /home/dualipa/pid_pilot_senior/install/pplanner_interfaces/include/pplanner_interfaces/pplanner_interfaces/msg/detail/path_grid__rosidl_typesupport_fastrtps_c.h
[6.341s] -- Up-to-date: /home/dualipa/pid_pilot_senior/install/pplanner_interfaces/include/pplanner_interfaces/pplanner_interfaces/msg/detail/aruco_dataset__rosidl_typesupport_fastrtps_c.h
[6.342s] -- Up-to-date: /home/dualipa/pid_pilot_senior/install/pplanner_interfaces/include/pplanner_interfaces/pplanner_interfaces/msg/rosidl_typesupport_fastrtps_c__visibility_control.h
[6.343s] -- Up-to-date: /home/dualipa/pid_pilot_senior/install/pplanner_interfaces/lib/libpplanner_interfaces__rosidl_typesupport_fastrtps_c.so
[6.344s] -- Up-to-date: /home/dualipa/pid_pilot_senior/install/pplanner_interfaces/include/pplanner_interfaces/pplanner_interfaces
[6.345s] -- Up-to-date: /home/dualipa/pid_pilot_senior/install/pplanner_interfaces/include/pplanner_interfaces/pplanner_interfaces/msg
[6.345s] -- Up-to-date: /home/dualipa/pid_pilot_senior/install/pplanner_interfaces/include/pplanner_interfaces/pplanner_interfaces/msg/rosidl_typesupport_introspection_c__visibility_control.h
[6.346s] -- Up-to-date: /home/dualipa/pid_pilot_senior/install/pplanner_interfaces/include/pplanner_interfaces/pplanner_interfaces/msg/detail
[6.346s] -- Up-to-date: /home/dualipa/pid_pilot_senior/install/pplanner_interfaces/include/pplanner_interfaces/pplanner_interfaces/msg/detail/path_grid__rosidl_typesupport_introspection_c.h
[6.347s] -- Up-to-date: /home/dualipa/pid_pilot_senior/install/pplanner_interfaces/include/pplanner_interfaces/pplanner_interfaces/msg/detail/aruco_dataset__type_support.c
[6.347s] -- Up-to-date: /home/dualipa/pid_pilot_senior/install/pplanner_interfaces/include/pplanner_interfaces/pplanner_interfaces/msg/detail/path_gridset__type_support.c
[6.348s] -- Up-to-date: /home/dualipa/pid_pilot_senior/install/pplanner_interfaces/include/pplanner_interfaces/pplanner_interfaces/msg/detail/aruco_data__rosidl_typesupport_introspection_c.h
[6.348s] -- Up-to-date: /home/dualipa/pid_pilot_senior/install/pplanner_interfaces/include/pplanner_interfaces/pplanner_interfaces/msg/detail/path_gridset__rosidl_typesupport_introspection_c.h
[6.349s] -- Up-to-date: /home/dualipa/pid_pilot_senior/install/pplanner_interfaces/include/pplanner_interfaces/pplanner_interfaces/msg/detail/aruco_data__type_support.c
[6.349s] -- Up-to-date: /home/dualipa/pid_pilot_senior/install/pplanner_interfaces/include/pplanner_interfaces/pplanner_interfaces/msg/detail/path_grid__type_support.c
[6.350s] -- Up-to-date: /home/dualipa/pid_pilot_senior/install/pplanner_interfaces/include/pplanner_interfaces/pplanner_interfaces/msg/detail/aruco_dataset__rosidl_typesupport_introspection_c.h
[6.350s] -- Up-to-date: /home/dualipa/pid_pilot_senior/install/pplanner_interfaces/lib/libpplanner_interfaces__rosidl_typesupport_introspection_c.so
[6.352s] -- Up-to-date: /home/dualipa/pid_pilot_senior/install/pplanner_interfaces/lib/libpplanner_interfaces__rosidl_typesupport_c.so
[6.353s] -- Up-to-date: /home/dualipa/pid_pilot_senior/install/pplanner_interfaces/include/pplanner_interfaces/pplanner_interfaces
[6.354s] -- Up-to-date: /home/dualipa/pid_pilot_senior/install/pplanner_interfaces/include/pplanner_interfaces/pplanner_interfaces/msg
[6.355s] -- Up-to-date: /home/dualipa/pid_pilot_senior/install/pplanner_interfaces/include/pplanner_interfaces/pplanner_interfaces/msg/path_gridset.hpp
[6.355s] -- Up-to-date: /home/dualipa/pid_pilot_senior/install/pplanner_interfaces/include/pplanner_interfaces/pplanner_interfaces/msg/aruco_dataset.hpp
[6.356s] -- Up-to-date: /home/dualipa/pid_pilot_senior/install/pplanner_interfaces/include/pplanner_interfaces/pplanner_interfaces/msg/detail
[6.356s] -- Up-to-date: /home/dualipa/pid_pilot_senior/install/pplanner_interfaces/include/pplanner_interfaces/pplanner_interfaces/msg/detail/aruco_data__builder.hpp
[6.357s] -- Up-to-date: /home/dualipa/pid_pilot_senior/install/pplanner_interfaces/include/pplanner_interfaces/pplanner_interfaces/msg/detail/aruco_dataset__traits.hpp
[6.357s] -- Up-to-date: /home/dualipa/pid_pilot_senior/install/pplanner_interfaces/include/pplanner_interfaces/pplanner_interfaces/msg/detail/path_grid__traits.hpp
[6.358s] -- Up-to-date: /home/dualipa/pid_pilot_senior/install/pplanner_interfaces/include/pplanner_interfaces/pplanner_interfaces/msg/detail/path_grid__struct.hpp
[6.358s] -- Up-to-date: /home/dualipa/pid_pilot_senior/install/pplanner_interfaces/include/pplanner_interfaces/pplanner_interfaces/msg/detail/path_grid__builder.hpp
[6.359s] -- Up-to-date: /home/dualipa/pid_pilot_senior/install/pplanner_interfaces/include/pplanner_interfaces/pplanner_interfaces/msg/detail/path_gridset__struct.hpp
[6.359s] -- Up-to-date: /home/dualipa/pid_pilot_senior/install/pplanner_interfaces/include/pplanner_interfaces/pplanner_interfaces/msg/detail/path_gridset__traits.hpp
[6.360s] -- Up-to-date: /home/dualipa/pid_pilot_senior/install/pplanner_interfaces/include/pplanner_interfaces/pplanner_interfaces/msg/detail/path_gridset__builder.hpp
[6.360s] -- Up-to-date: /home/dualipa/pid_pilot_senior/install/pplanner_interfaces/include/pplanner_interfaces/pplanner_interfaces/msg/detail/aruco_data__struct.hpp
[6.361s] -- Up-to-date: /home/dualipa/pid_pilot_senior/install/pplanner_interfaces/include/pplanner_interfaces/pplanner_interfaces/msg/detail/aruco_dataset__struct.hpp
[6.361s] -- Up-to-date: /home/dualipa/pid_pilot_senior/install/pplanner_interfaces/include/pplanner_interfaces/pplanner_interfaces/msg/detail/aruco_data__traits.hpp
[6.362s] -- Up-to-date: /home/dualipa/pid_pilot_senior/install/pplanner_interfaces/include/pplanner_interfaces/pplanner_interfaces/msg/detail/aruco_dataset__builder.hpp
[6.362s] -- Up-to-date: /home/dualipa/pid_pilot_senior/install/pplanner_interfaces/include/pplanner_interfaces/pplanner_interfaces/msg/path_grid.hpp
[6.363s] -- Up-to-date: /home/dualipa/pid_pilot_senior/install/pplanner_interfaces/include/pplanner_interfaces/pplanner_interfaces/msg/aruco_data.hpp
[6.363s] -- Up-to-date: /home/dualipa/pid_pilot_senior/install/pplanner_interfaces/include/pplanner_interfaces/pplanner_interfaces
[6.364s] -- Up-to-date: /home/dualipa/pid_pilot_senior/install/pplanner_interfaces/include/pplanner_interfaces/pplanner_interfaces/msg
[6.364s] -- Up-to-date: /home/dualipa/pid_pilot_senior/install/pplanner_interfaces/include/pplanner_interfaces/pplanner_interfaces/msg/detail
[6.365s] -- Up-to-date: /home/dualipa/pid_pilot_senior/install/pplanner_interfaces/include/pplanner_interfaces/pplanner_interfaces/msg/detail/path_grid__rosidl_typesupport_fastrtps_cpp.hpp
[6.365s] -- Up-to-date: /home/dualipa/pid_pilot_senior/install/pplanner_interfaces/include/pplanner_interfaces/pplanner_interfaces/msg/detail/aruco_dataset__rosidl_typesupport_fastrtps_cpp.hpp
[6.365s] -- Up-to-date: /home/dualipa/pid_pilot_senior/install/pplanner_interfaces/include/pplanner_interfaces/pplanner_interfaces/msg/detail/dds_fastrtps
[6.365s] -- Up-to-date: /home/dualipa/pid_pilot_senior/install/pplanner_interfaces/include/pplanner_interfaces/pplanner_interfaces/msg/detail/aruco_data__rosidl_typesupport_fastrtps_cpp.hpp
[6.366s] -- Up-to-date: /home/dualipa/pid_pilot_senior/install/pplanner_interfaces/include/pplanner_interfaces/pplanner_interfaces/msg/detail/path_gridset__rosidl_typesupport_fastrtps_cpp.hpp
[6.366s] -- Up-to-date: /home/dualipa/pid_pilot_senior/install/pplanner_interfaces/include/pplanner_interfaces/pplanner_interfaces/msg/rosidl_typesupport_fastrtps_cpp__visibility_control.h
[6.368s] -- Up-to-date: /home/dualipa/pid_pilot_senior/install/pplanner_interfaces/lib/libpplanner_interfaces__rosidl_typesupport_fastrtps_cpp.so
[6.369s] -- Up-to-date: /home/dualipa/pid_pilot_senior/install/pplanner_interfaces/include/pplanner_interfaces/pplanner_interfaces
[6.370s] -- Up-to-date: /home/dualipa/pid_pilot_senior/install/pplanner_interfaces/include/pplanner_interfaces/pplanner_interfaces/msg
[6.370s] -- Up-to-date: /home/dualipa/pid_pilot_senior/install/pplanner_interfaces/include/pplanner_interfaces/pplanner_interfaces/msg/detail
[6.371s] -- Up-to-date: /home/dualipa/pid_pilot_senior/install/pplanner_interfaces/include/pplanner_interfaces/pplanner_interfaces/msg/detail/aruco_data__rosidl_typesupport_introspection_cpp.hpp
[6.371s] -- Up-to-date: /home/dualipa/pid_pilot_senior/install/pplanner_interfaces/include/pplanner_interfaces/pplanner_interfaces/msg/detail/aruco_dataset__rosidl_typesupport_introspection_cpp.hpp
[6.372s] -- Up-to-date: /home/dualipa/pid_pilot_senior/install/pplanner_interfaces/include/pplanner_interfaces/pplanner_interfaces/msg/detail/path_gridset__type_support.cpp
[6.372s] -- Up-to-date: /home/dualipa/pid_pilot_senior/install/pplanner_interfaces/include/pplanner_interfaces/pplanner_interfaces/msg/detail/aruco_dataset__type_support.cpp
[6.373s] -- Up-to-date: /home/dualipa/pid_pilot_senior/install/pplanner_interfaces/include/pplanner_interfaces/pplanner_interfaces/msg/detail/aruco_data__type_support.cpp
[6.373s] -- Up-to-date: /home/dualipa/pid_pilot_senior/install/pplanner_interfaces/include/pplanner_interfaces/pplanner_interfaces/msg/detail/path_grid__type_support.cpp
[6.374s] -- Up-to-date: /home/dualipa/pid_pilot_senior/install/pplanner_interfaces/include/pplanner_interfaces/pplanner_interfaces/msg/detail/path_grid__rosidl_typesupport_introspection_cpp.hpp
[6.374s] -- Up-to-date: /home/dualipa/pid_pilot_senior/install/pplanner_interfaces/include/pplanner_interfaces/pplanner_interfaces/msg/detail/path_gridset__rosidl_typesupport_introspection_cpp.hpp
[6.378s] -- Up-to-date: /home/dualipa/pid_pilot_senior/install/pplanner_interfaces/lib/libpplanner_interfaces__rosidl_typesupport_introspection_cpp.so
[6.381s] -- Up-to-date: /home/dualipa/pid_pilot_senior/install/pplanner_interfaces/lib/libpplanner_interfaces__rosidl_typesupport_cpp.so
[6.382s] -- Up-to-date: /home/dualipa/pid_pilot_senior/install/pplanner_interfaces/share/pplanner_interfaces/environment/pythonpath.sh
[6.383s] -- Up-to-date: /home/dualipa/pid_pilot_senior/install/pplanner_interfaces/share/pplanner_interfaces/environment/pythonpath.dsv
[6.384s] -- Up-to-date: /home/dualipa/pid_pilot_senior/install/pplanner_interfaces/local/lib/python3.10/dist-packages/pplanner_interfaces-0.0.0-py3.10.egg-info
[6.384s] -- Installing: /home/dualipa/pid_pilot_senior/install/pplanner_interfaces/local/lib/python3.10/dist-packages/pplanner_interfaces-0.0.0-py3.10.egg-info/dependency_links.txt
[6.385s] -- Installing: /home/dualipa/pid_pilot_senior/install/pplanner_interfaces/local/lib/python3.10/dist-packages/pplanner_interfaces-0.0.0-py3.10.egg-info/SOURCES.txt
[6.387s] -- Installing: /home/dualipa/pid_pilot_senior/install/pplanner_interfaces/local/lib/python3.10/dist-packages/pplanner_interfaces-0.0.0-py3.10.egg-info/top_level.txt
[6.388s] -- Installing: /home/dualipa/pid_pilot_senior/install/pplanner_interfaces/local/lib/python3.10/dist-packages/pplanner_interfaces-0.0.0-py3.10.egg-info/PKG-INFO
[6.390s] -- Up-to-date: /home/dualipa/pid_pilot_senior/install/pplanner_interfaces/local/lib/python3.10/dist-packages/pplanner_interfaces
[6.390s] -- Up-to-date: /home/dualipa/pid_pilot_senior/install/pplanner_interfaces/local/lib/python3.10/dist-packages/pplanner_interfaces/libpplanner_interfaces__rosidl_generator_py.so
[6.391s] -- Up-to-date: /home/dualipa/pid_pilot_senior/install/pplanner_interfaces/local/lib/python3.10/dist-packages/pplanner_interfaces/_pplanner_interfaces_s.ep.rosidl_typesupport_c.c
[6.391s] -- Up-to-date: /home/dualipa/pid_pilot_senior/install/pplanner_interfaces/local/lib/python3.10/dist-packages/pplanner_interfaces/msg
[6.392s] -- Up-to-date: /home/dualipa/pid_pilot_senior/install/pplanner_interfaces/local/lib/python3.10/dist-packages/pplanner_interfaces/msg/_aruco_data.py
[6.392s] -- Up-to-date: /home/dualipa/pid_pilot_senior/install/pplanner_interfaces/local/lib/python3.10/dist-packages/pplanner_interfaces/msg/_aruco_dataset.py
[6.393s] -- Up-to-date: /home/dualipa/pid_pilot_senior/install/pplanner_interfaces/local/lib/python3.10/dist-packages/pplanner_interfaces/msg/_aruco_data_s.c
[6.393s] -- Up-to-date: /home/dualipa/pid_pilot_senior/install/pplanner_interfaces/local/lib/python3.10/dist-packages/pplanner_interfaces/msg/_path_gridset_s.c
[6.394s] -- Up-to-date: /home/dualipa/pid_pilot_senior/install/pplanner_interfaces/local/lib/python3.10/dist-packages/pplanner_interfaces/msg/_path_gridset.py
[6.394s] -- Up-to-date: /home/dualipa/pid_pilot_senior/install/pplanner_interfaces/local/lib/python3.10/dist-packages/pplanner_interfaces/msg/_path_grid_s.c
[6.395s] -- Up-to-date: /home/dualipa/pid_pilot_senior/install/pplanner_interfaces/local/lib/python3.10/dist-packages/pplanner_interfaces/msg/__init__.py
[6.395s] -- Up-to-date: /home/dualipa/pid_pilot_senior/install/pplanner_interfaces/local/lib/python3.10/dist-packages/pplanner_interfaces/msg/_path_grid.py
[6.396s] -- Up-to-date: /home/dualipa/pid_pilot_senior/install/pplanner_interfaces/local/lib/python3.10/dist-packages/pplanner_interfaces/msg/_aruco_dataset_s.c
[6.396s] -- Up-to-date: /home/dualipa/pid_pilot_senior/install/pplanner_interfaces/local/lib/python3.10/dist-packages/pplanner_interfaces/_pplanner_interfaces_s.ep.rosidl_typesupport_fastrtps_c.c
[6.397s] -- Up-to-date: /home/dualipa/pid_pilot_senior/install/pplanner_interfaces/local/lib/python3.10/dist-packages/pplanner_interfaces/pplanner_interfaces_s__rosidl_typesupport_c.cpython-310-aarch64-linux-gnu.so
[6.397s] -- Up-to-date: /home/dualipa/pid_pilot_senior/install/pplanner_interfaces/local/lib/python3.10/dist-packages/pplanner_interfaces/_pplanner_interfaces_s.ep.rosidl_typesupport_introspection_c.c
[6.398s] -- Up-to-date: /home/dualipa/pid_pilot_senior/install/pplanner_interfaces/local/lib/python3.10/dist-packages/pplanner_interfaces/__init__.py
[6.398s] -- Up-to-date: /home/dualipa/pid_pilot_senior/install/pplanner_interfaces/local/lib/python3.10/dist-packages/pplanner_interfaces/pplanner_interfaces_s__rosidl_typesupport_introspection_c.cpython-310-aarch64-linux-gnu.so
[6.399s] -- Up-to-date: /home/dualipa/pid_pilot_senior/install/pplanner_interfaces/local/lib/python3.10/dist-packages/pplanner_interfaces/pplanner_interfaces_s__rosidl_typesupport_fastrtps_c.cpython-310-aarch64-linux-gnu.so
[6.568s] Listing '/home/dualipa/pid_pilot_senior/install/pplanner_interfaces/local/lib/python3.10/dist-packages/pplanner_interfaces'...
[6.569s] Listing '/home/dualipa/pid_pilot_senior/install/pplanner_interfaces/local/lib/python3.10/dist-packages/pplanner_interfaces/msg'...
[6.596s] -- Up-to-date: /home/dualipa/pid_pilot_senior/install/pplanner_interfaces/local/lib/python3.10/dist-packages/pplanner_interfaces/pplanner_interfaces_s__rosidl_typesupport_fastrtps_c.cpython-310-aarch64-linux-gnu.so
[6.600s] -- Up-to-date: /home/dualipa/pid_pilot_senior/install/pplanner_interfaces/local/lib/python3.10/dist-packages/pplanner_interfaces/pplanner_interfaces_s__rosidl_typesupport_introspection_c.cpython-310-aarch64-linux-gnu.so
[6.603s] -- Up-to-date: /home/dualipa/pid_pilot_senior/install/pplanner_interfaces/local/lib/python3.10/dist-packages/pplanner_interfaces/pplanner_interfaces_s__rosidl_typesupport_c.cpython-310-aarch64-linux-gnu.so
[6.605s] -- Up-to-date: /home/dualipa/pid_pilot_senior/install/pplanner_interfaces/lib/libpplanner_interfaces__rosidl_generator_py.so
[6.608s] -- Up-to-date: /home/dualipa/pid_pilot_senior/install/pplanner_interfaces/share/pplanner_interfaces/msg/PathGrid.idl
[6.609s] -- Up-to-date: /home/dualipa/pid_pilot_senior/install/pplanner_interfaces/share/pplanner_interfaces/msg/PathGridset.idl
[6.609s] -- Up-to-date: /home/dualipa/pid_pilot_senior/install/pplanner_interfaces/share/pplanner_interfaces/msg/ArucoData.idl
[6.610s] -- Up-to-date: /home/dualipa/pid_pilot_senior/install/pplanner_interfaces/share/pplanner_interfaces/msg/ArucoDataset.idl
[6.612s] -- Up-to-date: /home/dualipa/pid_pilot_senior/install/pplanner_interfaces/share/pplanner_interfaces/msg/PathGrid.msg
[6.612s] -- Up-to-date: /home/dualipa/pid_pilot_senior/install/pplanner_interfaces/share/pplanner_interfaces/msg/PathGridset.msg
[6.613s] -- Up-to-date: /home/dualipa/pid_pilot_senior/install/pplanner_interfaces/share/pplanner_interfaces/msg/ArucoData.msg
[6.613s] -- Up-to-date: /home/dualipa/pid_pilot_senior/install/pplanner_interfaces/share/pplanner_interfaces/msg/ArucoDataset.msg
[6.614s] -- Up-to-date: /home/dualipa/pid_pilot_senior/install/pplanner_interfaces/share/ament_index/resource_index/package_run_dependencies/pplanner_interfaces
[6.615s] -- Up-to-date: /home/dualipa/pid_pilot_senior/install/pplanner_interfaces/share/ament_index/resource_index/parent_prefix_path/pplanner_interfaces
[6.615s] -- Up-to-date: /home/dualipa/pid_pilot_senior/install/pplanner_interfaces/share/pplanner_interfaces/environment/ament_prefix_path.sh
[6.616s] -- Up-to-date: /home/dualipa/pid_pilot_senior/install/pplanner_interfaces/share/pplanner_interfaces/environment/ament_prefix_path.dsv
[6.616s] -- Up-to-date: /home/dualipa/pid_pilot_senior/install/pplanner_interfaces/share/pplanner_interfaces/environment/path.sh
[6.617s] -- Up-to-date: /home/dualipa/pid_pilot_senior/install/pplanner_interfaces/share/pplanner_interfaces/environment/path.dsv
[6.618s] -- Up-to-date: /home/dualipa/pid_pilot_senior/install/pplanner_interfaces/share/pplanner_interfaces/local_setup.bash
[6.618s] -- Up-to-date: /home/dualipa/pid_pilot_senior/install/pplanner_interfaces/share/pplanner_interfaces/local_setup.sh
[6.619s] -- Up-to-date: /home/dualipa/pid_pilot_senior/install/pplanner_interfaces/share/pplanner_interfaces/local_setup.zsh
[6.619s] -- Up-to-date: /home/dualipa/pid_pilot_senior/install/pplanner_interfaces/share/pplanner_interfaces/local_setup.dsv
[6.620s] -- Installing: /home/dualipa/pid_pilot_senior/install/pplanner_interfaces/share/pplanner_interfaces/package.dsv
[6.622s] -- Up-to-date: /home/dualipa/pid_pilot_senior/install/pplanner_interfaces/share/ament_index/resource_index/packages/pplanner_interfaces
[6.626s] -- Up-to-date: /home/dualipa/pid_pilot_senior/install/pplanner_interfaces/share/pplanner_interfaces/cmake/export_pplanner_interfaces__rosidl_generator_cExport.cmake
[6.626s] -- Up-to-date: /home/dualipa/pid_pilot_senior/install/pplanner_interfaces/share/pplanner_interfaces/cmake/export_pplanner_interfaces__rosidl_generator_cExport-noconfig.cmake
[6.629s] -- Up-to-date: /home/dualipa/pid_pilot_senior/install/pplanner_interfaces/share/pplanner_interfaces/cmake/export_pplanner_interfaces__rosidl_typesupport_fastrtps_cExport.cmake
[6.629s] -- Up-to-date: /home/dualipa/pid_pilot_senior/install/pplanner_interfaces/share/pplanner_interfaces/cmake/export_pplanner_interfaces__rosidl_typesupport_fastrtps_cExport-noconfig.cmake
[6.632s] -- Up-to-date: /home/dualipa/pid_pilot_senior/install/pplanner_interfaces/share/pplanner_interfaces/cmake/pplanner_interfaces__rosidl_typesupport_introspection_cExport.cmake
[6.633s] -- Up-to-date: /home/dualipa/pid_pilot_senior/install/pplanner_interfaces/share/pplanner_interfaces/cmake/pplanner_interfaces__rosidl_typesupport_introspection_cExport-noconfig.cmake
[6.635s] -- Up-to-date: /home/dualipa/pid_pilot_senior/install/pplanner_interfaces/share/pplanner_interfaces/cmake/pplanner_interfaces__rosidl_typesupport_cExport.cmake
[6.636s] -- Up-to-date: /home/dualipa/pid_pilot_senior/install/pplanner_interfaces/share/pplanner_interfaces/cmake/pplanner_interfaces__rosidl_typesupport_cExport-noconfig.cmake
[6.638s] -- Up-to-date: /home/dualipa/pid_pilot_senior/install/pplanner_interfaces/share/pplanner_interfaces/cmake/export_pplanner_interfaces__rosidl_generator_cppExport.cmake
[6.640s] -- Up-to-date: /home/dualipa/pid_pilot_senior/install/pplanner_interfaces/share/pplanner_interfaces/cmake/export_pplanner_interfaces__rosidl_typesupport_fastrtps_cppExport.cmake
[6.641s] -- Up-to-date: /home/dualipa/pid_pilot_senior/install/pplanner_interfaces/share/pplanner_interfaces/cmake/export_pplanner_interfaces__rosidl_typesupport_fastrtps_cppExport-noconfig.cmake
[6.643s] -- Up-to-date: /home/dualipa/pid_pilot_senior/install/pplanner_interfaces/share/pplanner_interfaces/cmake/pplanner_interfaces__rosidl_typesupport_introspection_cppExport.cmake
[6.643s] -- Up-to-date: /home/dualipa/pid_pilot_senior/install/pplanner_interfaces/share/pplanner_interfaces/cmake/pplanner_interfaces__rosidl_typesupport_introspection_cppExport-noconfig.cmake
[6.646s] -- Up-to-date: /home/dualipa/pid_pilot_senior/install/pplanner_interfaces/share/pplanner_interfaces/cmake/pplanner_interfaces__rosidl_typesupport_cppExport.cmake
[6.646s] -- Up-to-date: /home/dualipa/pid_pilot_senior/install/pplanner_interfaces/share/pplanner_interfaces/cmake/pplanner_interfaces__rosidl_typesupport_cppExport-noconfig.cmake
[6.649s] -- Up-to-date: /home/dualipa/pid_pilot_senior/install/pplanner_interfaces/share/pplanner_interfaces/cmake/export_pplanner_interfaces__rosidl_generator_pyExport.cmake
[6.649s] -- Up-to-date: /home/dualipa/pid_pilot_senior/install/pplanner_interfaces/share/pplanner_interfaces/cmake/export_pplanner_interfaces__rosidl_generator_pyExport-noconfig.cmake
[6.650s] -- Up-to-date: /home/dualipa/pid_pilot_senior/install/pplanner_interfaces/share/pplanner_interfaces/cmake/rosidl_cmake-extras.cmake
[6.651s] -- Up-to-date: /home/dualipa/pid_pilot_senior/install/pplanner_interfaces/share/pplanner_interfaces/cmake/ament_cmake_export_include_directories-extras.cmake
[6.651s] -- Up-to-date: /home/dualipa/pid_pilot_senior/install/pplanner_interfaces/share/pplanner_interfaces/cmake/ament_cmake_export_libraries-extras.cmake
[6.652s] -- Up-to-date: /home/dualipa/pid_pilot_senior/install/pplanner_interfaces/share/pplanner_interfaces/cmake/ament_cmake_export_targets-extras.cmake
[6.652s] -- Up-to-date: /home/dualipa/pid_pilot_senior/install/pplanner_interfaces/share/pplanner_interfaces/cmake/rosidl_cmake_export_typesupport_targets-extras.cmake
[6.653s] -- Up-to-date: /home/dualipa/pid_pilot_senior/install/pplanner_interfaces/share/pplanner_interfaces/cmake/ament_cmake_export_dependencies-extras.cmake
[6.654s] -- Up-to-date: /home/dualipa/pid_pilot_senior/install/pplanner_interfaces/share/pplanner_interfaces/cmake/rosidl_cmake_export_typesupport_libraries-extras.cmake
[6.654s] -- Up-to-date: /home/dualipa/pid_pilot_senior/install/pplanner_interfaces/share/pplanner_interfaces/cmake/pplanner_interfacesConfig.cmake
[6.655s] -- Up-to-date: /home/dualipa/pid_pilot_senior/install/pplanner_interfaces/share/pplanner_interfaces/cmake/pplanner_interfacesConfig-version.cmake
[6.655s] -- Up-to-date: /home/dualipa/pid_pilot_senior/install/pplanner_interfaces/share/pplanner_interfaces/package.xml
[6.664s] Invoked command in '/home/dualipa/pid_pilot_senior/build/pplanner_interfaces' returned '0': CMAKE_PREFIX_PATH=${CMAKE_PREFIX_PATH}:/home/dualipa/pid_pilot_senior/install/pid_pilot_senior:/home/dualipa/mark1/install/robot1:/opt/ros/humble /usr/bin/cmake --install /home/dualipa/pid_pilot_senior/build/pplanner_interfaces
