[2.900s] Invoking command in '/home/dualipa/pid_pilot_senior/src/pid_pilot_senior': PYTHONPATH=/home/dualipa/pid_pilot_senior/build/pid_pilot_senior/prefix_override:/home/dualipa/pid_pilot_senior/install/pid_pilot_senior/lib/python3.10/site-packages:${PYTHONPATH} /usr/bin/python3 -W ignore:setup.py install is deprecated setup.py egg_info --egg-base ../../build/pid_pilot_senior build --build-base /home/dualipa/pid_pilot_senior/build/pid_pilot_senior/build install --record /home/dualipa/pid_pilot_senior/build/pid_pilot_senior/install.log --single-version-externally-managed install_data
[4.233s] running egg_info
[4.235s] creating ../../build/pid_pilot_senior/pid_pilot_senior.egg-info
[4.235s] writing ../../build/pid_pilot_senior/pid_pilot_senior.egg-info/PKG-INFO
[4.237s] writing dependency_links to ../../build/pid_pilot_senior/pid_pilot_senior.egg-info/dependency_links.txt
[4.240s] writing entry points to ../../build/pid_pilot_senior/pid_pilot_senior.egg-info/entry_points.txt
[4.241s] writing requirements to ../../build/pid_pilot_senior/pid_pilot_senior.egg-info/requires.txt
[4.241s] writing top-level names to ../../build/pid_pilot_senior/pid_pilot_senior.egg-info/top_level.txt
[4.242s] writing manifest file '../../build/pid_pilot_senior/pid_pilot_senior.egg-info/SOURCES.txt'
[4.251s] reading manifest file '../../build/pid_pilot_senior/pid_pilot_senior.egg-info/SOURCES.txt'
[4.254s] writing manifest file '../../build/pid_pilot_senior/pid_pilot_senior.egg-info/SOURCES.txt'
[4.255s] running build
[4.256s] running build_py
[4.256s] creating /home/dualipa/pid_pilot_senior/build/pid_pilot_senior/build
[4.257s] creating /home/dualipa/pid_pilot_senior/build/pid_pilot_senior/build/lib
[4.257s] creating /home/dualipa/pid_pilot_senior/build/pid_pilot_senior/build/lib/pid_pilot_senior
[4.258s] copying pid_pilot_senior/pid_pilot_senior.py -> /home/dualipa/pid_pilot_senior/build/pid_pilot_senior/build/lib/pid_pilot_senior
[4.258s] copying pid_pilot_senior/test.py -> /home/dualipa/pid_pilot_senior/build/pid_pilot_senior/build/lib/pid_pilot_senior
[4.259s] copying pid_pilot_senior/test3.py -> /home/dualipa/pid_pilot_senior/build/pid_pilot_senior/build/lib/pid_pilot_senior
[4.261s] copying pid_pilot_senior/test2.py -> /home/dualipa/pid_pilot_senior/build/pid_pilot_senior/build/lib/pid_pilot_senior
[4.262s] copying pid_pilot_senior/rand.py -> /home/dualipa/pid_pilot_senior/build/pid_pilot_senior/build/lib/pid_pilot_senior
[4.262s] copying pid_pilot_senior/__init__.py -> /home/dualipa/pid_pilot_senior/build/pid_pilot_senior/build/lib/pid_pilot_senior
[4.263s] copying pid_pilot_senior/test4.py -> /home/dualipa/pid_pilot_senior/build/pid_pilot_senior/build/lib/pid_pilot_senior
[4.265s] running install
[4.267s] running install_lib
[4.270s] creating /home/dualipa/pid_pilot_senior/install/pid_pilot_senior/lib/python3.10/site-packages/pid_pilot_senior
[4.270s] copying /home/dualipa/pid_pilot_senior/build/pid_pilot_senior/build/lib/pid_pilot_senior/pid_pilot_senior.py -> /home/dualipa/pid_pilot_senior/install/pid_pilot_senior/lib/python3.10/site-packages/pid_pilot_senior
[4.271s] copying /home/dualipa/pid_pilot_senior/build/pid_pilot_senior/build/lib/pid_pilot_senior/test.py -> /home/dualipa/pid_pilot_senior/install/pid_pilot_senior/lib/python3.10/site-packages/pid_pilot_senior
[4.272s] copying /home/dualipa/pid_pilot_senior/build/pid_pilot_senior/build/lib/pid_pilot_senior/test3.py -> /home/dualipa/pid_pilot_senior/install/pid_pilot_senior/lib/python3.10/site-packages/pid_pilot_senior
[4.273s] copying /home/dualipa/pid_pilot_senior/build/pid_pilot_senior/build/lib/pid_pilot_senior/test2.py -> /home/dualipa/pid_pilot_senior/install/pid_pilot_senior/lib/python3.10/site-packages/pid_pilot_senior
[4.274s] copying /home/dualipa/pid_pilot_senior/build/pid_pilot_senior/build/lib/pid_pilot_senior/rand.py -> /home/dualipa/pid_pilot_senior/install/pid_pilot_senior/lib/python3.10/site-packages/pid_pilot_senior
[4.275s] copying /home/dualipa/pid_pilot_senior/build/pid_pilot_senior/build/lib/pid_pilot_senior/__init__.py -> /home/dualipa/pid_pilot_senior/install/pid_pilot_senior/lib/python3.10/site-packages/pid_pilot_senior
[4.276s] copying /home/dualipa/pid_pilot_senior/build/pid_pilot_senior/build/lib/pid_pilot_senior/test4.py -> /home/dualipa/pid_pilot_senior/install/pid_pilot_senior/lib/python3.10/site-packages/pid_pilot_senior
[4.279s] byte-compiling /home/dualipa/pid_pilot_senior/install/pid_pilot_senior/lib/python3.10/site-packages/pid_pilot_senior/pid_pilot_senior.py to pid_pilot_senior.cpython-310.pyc
[4.288s] byte-compiling /home/dualipa/pid_pilot_senior/install/pid_pilot_senior/lib/python3.10/site-packages/pid_pilot_senior/test.py to test.cpython-310.pyc
[4.289s] byte-compiling /home/dualipa/pid_pilot_senior/install/pid_pilot_senior/lib/python3.10/site-packages/pid_pilot_senior/test3.py to test3.cpython-310.pyc
[4.291s] byte-compiling /home/dualipa/pid_pilot_senior/install/pid_pilot_senior/lib/python3.10/site-packages/pid_pilot_senior/test2.py to test2.cpython-310.pyc
[4.293s] byte-compiling /home/dualipa/pid_pilot_senior/install/pid_pilot_senior/lib/python3.10/site-packages/pid_pilot_senior/rand.py to rand.cpython-310.pyc
[4.295s] byte-compiling /home/dualipa/pid_pilot_senior/install/pid_pilot_senior/lib/python3.10/site-packages/pid_pilot_senior/__init__.py to __init__.cpython-310.pyc
[4.296s] byte-compiling /home/dualipa/pid_pilot_senior/install/pid_pilot_senior/lib/python3.10/site-packages/pid_pilot_senior/test4.py to test4.cpython-310.pyc
[4.297s] running install_data
[4.298s] creating /home/dualipa/pid_pilot_senior/install/pid_pilot_senior/share/ament_index
[4.299s] creating /home/dualipa/pid_pilot_senior/install/pid_pilot_senior/share/ament_index/resource_index
[4.299s] creating /home/dualipa/pid_pilot_senior/install/pid_pilot_senior/share/ament_index/resource_index/packages
[4.300s] copying resource/pid_pilot_senior -> /home/dualipa/pid_pilot_senior/install/pid_pilot_senior/share/ament_index/resource_index/packages
[4.300s] copying package.xml -> /home/dualipa/pid_pilot_senior/install/pid_pilot_senior/share/pid_pilot_senior
[4.301s] running install_egg_info
[4.310s] Copying ../../build/pid_pilot_senior/pid_pilot_senior.egg-info to /home/dualipa/pid_pilot_senior/install/pid_pilot_senior/lib/python3.10/site-packages/pid_pilot_senior-0.0.0-py3.10.egg-info
[4.316s] running install_scripts
[4.400s] Installing pid_pilot_senior script to /home/dualipa/pid_pilot_senior/install/pid_pilot_senior/lib/pid_pilot_senior
[4.401s] writing list of installed files to '/home/dualipa/pid_pilot_senior/build/pid_pilot_senior/install.log'
[4.547s] Invoked command in '/home/dualipa/pid_pilot_senior/src/pid_pilot_senior' returned '0': PYTHONPATH=/home/dualipa/pid_pilot_senior/build/pid_pilot_senior/prefix_override:/home/dualipa/pid_pilot_senior/install/pid_pilot_senior/lib/python3.10/site-packages:${PYTHONPATH} /usr/bin/python3 -W ignore:setup.py install is deprecated setup.py egg_info --egg-base ../../build/pid_pilot_senior build --build-base /home/dualipa/pid_pilot_senior/build/pid_pilot_senior/build install --record /home/dualipa/pid_pilot_senior/build/pid_pilot_senior/install.log --single-version-externally-managed install_data
