[8.560s] Invoking command in '/home/dualipa/pid_pilot_senior/src/pid_pilot_senior': PYTHONPATH=/home/dualipa/pid_pilot_senior/build/pid_pilot_senior/prefix_override:/home/dualipa/pid_pilot_senior/install/pid_pilot_senior/lib/python3.10/site-packages:${PYTHONPATH} /usr/bin/python3 -W ignore:setup.py install is deprecated setup.py egg_info --egg-base ../../build/pid_pilot_senior build --build-base /home/dualipa/pid_pilot_senior/build/pid_pilot_senior/build install --record /home/dualipa/pid_pilot_senior/build/pid_pilot_senior/install.log --single-version-externally-managed install_data
[11.958s] running egg_info
[11.961s] creating ../../build/pid_pilot_senior/pid_pilot_senior.egg-info
[11.962s] writing ../../build/pid_pilot_senior/pid_pilot_senior.egg-info/PKG-INFO
[11.964s] writing dependency_links to ../../build/pid_pilot_senior/pid_pilot_senior.egg-info/dependency_links.txt
[11.971s] writing entry points to ../../build/pid_pilot_senior/pid_pilot_senior.egg-info/entry_points.txt
[11.974s] writing requirements to ../../build/pid_pilot_senior/pid_pilot_senior.egg-info/requires.txt
[11.977s] writing top-level names to ../../build/pid_pilot_senior/pid_pilot_senior.egg-info/top_level.txt
[11.984s] writing manifest file '../../build/pid_pilot_senior/pid_pilot_senior.egg-info/SOURCES.txt'
[12.011s] reading manifest file '../../build/pid_pilot_senior/pid_pilot_senior.egg-info/SOURCES.txt'
[12.025s] writing manifest file '../../build/pid_pilot_senior/pid_pilot_senior.egg-info/SOURCES.txt'
[12.027s] running build
[12.027s] running build_py
[12.035s] creating /home/dualipa/pid_pilot_senior/build/pid_pilot_senior/build
[12.038s] creating /home/dualipa/pid_pilot_senior/build/pid_pilot_senior/build/lib
[12.042s] creating /home/dualipa/pid_pilot_senior/build/pid_pilot_senior/build/lib/pid_pilot_senior
[12.045s] copying pid_pilot_senior/pid_pilot_senior.py -> /home/dualipa/pid_pilot_senior/build/pid_pilot_senior/build/lib/pid_pilot_senior
[12.050s] copying pid_pilot_senior/test.py -> /home/dualipa/pid_pilot_senior/build/pid_pilot_senior/build/lib/pid_pilot_senior
[12.052s] copying pid_pilot_senior/test3.py -> /home/dualipa/pid_pilot_senior/build/pid_pilot_senior/build/lib/pid_pilot_senior
[12.055s] copying pid_pilot_senior/test2.py -> /home/dualipa/pid_pilot_senior/build/pid_pilot_senior/build/lib/pid_pilot_senior
[12.057s] copying pid_pilot_senior/__init__.py -> /home/dualipa/pid_pilot_senior/build/pid_pilot_senior/build/lib/pid_pilot_senior
[12.065s] copying pid_pilot_senior/test4.py -> /home/dualipa/pid_pilot_senior/build/pid_pilot_senior/build/lib/pid_pilot_senior
[12.066s] running install
[12.068s] running install_lib
[12.078s] creating /home/dualipa/pid_pilot_senior/install/pid_pilot_senior/lib/python3.10/site-packages/pid_pilot_senior
[12.082s] copying /home/dualipa/pid_pilot_senior/build/pid_pilot_senior/build/lib/pid_pilot_senior/pid_pilot_senior.py -> /home/dualipa/pid_pilot_senior/install/pid_pilot_senior/lib/python3.10/site-packages/pid_pilot_senior
[12.086s] copying /home/dualipa/pid_pilot_senior/build/pid_pilot_senior/build/lib/pid_pilot_senior/test.py -> /home/dualipa/pid_pilot_senior/install/pid_pilot_senior/lib/python3.10/site-packages/pid_pilot_senior
[12.088s] copying /home/dualipa/pid_pilot_senior/build/pid_pilot_senior/build/lib/pid_pilot_senior/test3.py -> /home/dualipa/pid_pilot_senior/install/pid_pilot_senior/lib/python3.10/site-packages/pid_pilot_senior
[12.091s] copying /home/dualipa/pid_pilot_senior/build/pid_pilot_senior/build/lib/pid_pilot_senior/test2.py -> /home/dualipa/pid_pilot_senior/install/pid_pilot_senior/lib/python3.10/site-packages/pid_pilot_senior
[12.093s] copying /home/dualipa/pid_pilot_senior/build/pid_pilot_senior/build/lib/pid_pilot_senior/__init__.py -> /home/dualipa/pid_pilot_senior/install/pid_pilot_senior/lib/python3.10/site-packages/pid_pilot_senior
[12.096s] copying /home/dualipa/pid_pilot_senior/build/pid_pilot_senior/build/lib/pid_pilot_senior/test4.py -> /home/dualipa/pid_pilot_senior/install/pid_pilot_senior/lib/python3.10/site-packages/pid_pilot_senior
[12.104s] byte-compiling /home/dualipa/pid_pilot_senior/install/pid_pilot_senior/lib/python3.10/site-packages/pid_pilot_senior/pid_pilot_senior.py to pid_pilot_senior.cpython-310.pyc
[12.126s] byte-compiling /home/dualipa/pid_pilot_senior/install/pid_pilot_senior/lib/python3.10/site-packages/pid_pilot_senior/test.py to test.cpython-310.pyc
[12.133s] byte-compiling /home/dualipa/pid_pilot_senior/install/pid_pilot_senior/lib/python3.10/site-packages/pid_pilot_senior/test3.py to test3.cpython-310.pyc
[12.136s] byte-compiling /home/dualipa/pid_pilot_senior/install/pid_pilot_senior/lib/python3.10/site-packages/pid_pilot_senior/test2.py to test2.cpython-310.pyc
[12.139s] byte-compiling /home/dualipa/pid_pilot_senior/install/pid_pilot_senior/lib/python3.10/site-packages/pid_pilot_senior/__init__.py to __init__.cpython-310.pyc
[12.142s] byte-compiling /home/dualipa/pid_pilot_senior/install/pid_pilot_senior/lib/python3.10/site-packages/pid_pilot_senior/test4.py to test4.cpython-310.pyc
[12.145s] running install_data
[12.148s] creating /home/dualipa/pid_pilot_senior/install/pid_pilot_senior/share/ament_index
[12.149s] creating /home/dualipa/pid_pilot_senior/install/pid_pilot_senior/share/ament_index/resource_index
[12.150s] creating /home/dualipa/pid_pilot_senior/install/pid_pilot_senior/share/ament_index/resource_index/packages
[12.152s] copying resource/pid_pilot_senior -> /home/dualipa/pid_pilot_senior/install/pid_pilot_senior/share/ament_index/resource_index/packages
[12.154s] copying package.xml -> /home/dualipa/pid_pilot_senior/install/pid_pilot_senior/share/pid_pilot_senior
[12.159s] running install_egg_info
[12.169s] Copying ../../build/pid_pilot_senior/pid_pilot_senior.egg-info to /home/dualipa/pid_pilot_senior/install/pid_pilot_senior/lib/python3.10/site-packages/pid_pilot_senior-0.0.0-py3.10.egg-info
[12.179s] running install_scripts
[12.392s] Installing pid_pilot_senior script to /home/dualipa/pid_pilot_senior/install/pid_pilot_senior/lib/pid_pilot_senior
[12.398s] writing list of installed files to '/home/dualipa/pid_pilot_senior/build/pid_pilot_senior/install.log'
[12.691s] Invoked command in '/home/dualipa/pid_pilot_senior/src/pid_pilot_senior' returned '0': PYTHONPATH=/home/dualipa/pid_pilot_senior/build/pid_pilot_senior/prefix_override:/home/dualipa/pid_pilot_senior/install/pid_pilot_senior/lib/python3.10/site-packages:${PYTHONPATH} /usr/bin/python3 -W ignore:setup.py install is deprecated setup.py egg_info --egg-base ../../build/pid_pilot_senior build --build-base /home/dualipa/pid_pilot_senior/build/pid_pilot_senior/build install --record /home/dualipa/pid_pilot_senior/build/pid_pilot_senior/install.log --single-version-externally-managed install_data
