[0.214s] Invoking command in '/home/kelvin/pid_pilot_senior/build/pplanner_interfaces': CMAKE_PREFIX_PATH=${CMAKE_PREFIX_PATH}:/home/kelvin/pid_pilot_senior/install/pid_pilot_senior:/home/kelvin/testbot/install/robot1:/opt/ros/humble /usr/bin/cmake --build /home/kelvin/pid_pilot_senior/build/pplanner_interfaces -- -j20 -l20
[0.258s] [  1%] Built target pplanner_interfaces__cpp
[0.259s] [ 12%] Built target pplanner_interfaces__rosidl_generator_c
[0.266s] [ 12%] Built target ament_cmake_python_copy_pplanner_interfaces
[0.272s] [ 45%] Built target pplanner_interfaces__rosidl_typesupport_introspection_cpp
[0.272s] [ 45%] Built target pplanner_interfaces__rosidl_typesupport_fastrtps_cpp
[0.273s] [ 45%] Built target pplanner_interfaces__rosidl_typesupport_cpp
[0.274s] [ 56%] Built target pplanner_interfaces__rosidl_typesupport_introspection_c
[0.276s] [ 67%] Built target pplanner_interfaces__rosidl_typesupport_c
[0.277s] [ 78%] Built target pplanner_interfaces__rosidl_typesupport_fastrtps_c
[0.289s] [ 78%] Built target pplanner_interfaces
[0.302s] [ 80%] Built target pplanner_interfaces__py
[0.316s] [ 89%] Built target pplanner_interfaces__rosidl_generator_py
[0.330s] [100%] Built target pplanner_interfaces__rosidl_typesupport_introspection_c__pyext
[0.330s] [100%] Built target pplanner_interfaces__rosidl_typesupport_fastrtps_c__pyext
[0.330s] [100%] Built target pplanner_interfaces__rosidl_typesupport_c__pyext
[0.409s] running egg_info
[0.410s] writing pplanner_interfaces.egg-info/PKG-INFO
[0.410s] writing dependency_links to pplanner_interfaces.egg-info/dependency_links.txt
[0.410s] writing top-level names to pplanner_interfaces.egg-info/top_level.txt
[0.412s] reading manifest file 'pplanner_interfaces.egg-info/SOURCES.txt'
[0.412s] writing manifest file 'pplanner_interfaces.egg-info/SOURCES.txt'
[0.428s] [100%] Built target ament_cmake_python_build_pplanner_interfaces_egg
[0.434s] Invoked command in '/home/kelvin/pid_pilot_senior/build/pplanner_interfaces' returned '0': CMAKE_PREFIX_PATH=${CMAKE_PREFIX_PATH}:/home/kelvin/pid_pilot_senior/install/pid_pilot_senior:/home/kelvin/testbot/install/robot1:/opt/ros/humble /usr/bin/cmake --build /home/kelvin/pid_pilot_senior/build/pplanner_interfaces -- -j20 -l20
[0.494s] Invoking command in '/home/kelvin/pid_pilot_senior/build/pplanner_interfaces': CMAKE_PREFIX_PATH=${CMAKE_PREFIX_PATH}:/home/kelvin/pid_pilot_senior/install/pid_pilot_senior:/home/kelvin/testbot/install/robot1:/opt/ros/humble /usr/bin/cmake --install /home/kelvin/pid_pilot_senior/build/pplanner_interfaces
[0.499s] -- Install configuration: ""
[0.499s] -- Up-to-date: /home/kelvin/pid_pilot_senior/install/pplanner_interfaces/share/ament_index/resource_index/rosidl_interfaces/pplanner_interfaces
[0.499s] -- Up-to-date: /home/kelvin/pid_pilot_senior/install/pplanner_interfaces/include/pplanner_interfaces/pplanner_interfaces
[0.499s] -- Up-to-date: /home/kelvin/pid_pilot_senior/install/pplanner_interfaces/include/pplanner_interfaces/pplanner_interfaces/msg
[0.499s] -- Up-to-date: /home/kelvin/pid_pilot_senior/install/pplanner_interfaces/include/pplanner_interfaces/pplanner_interfaces/msg/path_grid.h
[0.499s] -- Up-to-date: /home/kelvin/pid_pilot_senior/install/pplanner_interfaces/include/pplanner_interfaces/pplanner_interfaces/msg/aruco_data.h
[0.500s] -- Up-to-date: /home/kelvin/pid_pilot_senior/install/pplanner_interfaces/include/pplanner_interfaces/pplanner_interfaces/msg/aruco_dataset.h
[0.500s] -- Up-to-date: /home/kelvin/pid_pilot_senior/install/pplanner_interfaces/include/pplanner_interfaces/pplanner_interfaces/msg/rosidl_generator_c__visibility_control.h
[0.500s] -- Up-to-date: /home/kelvin/pid_pilot_senior/install/pplanner_interfaces/include/pplanner_interfaces/pplanner_interfaces/msg/path_gridset.h
[0.500s] -- Up-to-date: /home/kelvin/pid_pilot_senior/install/pplanner_interfaces/include/pplanner_interfaces/pplanner_interfaces/msg/detail
[0.500s] -- Up-to-date: /home/kelvin/pid_pilot_senior/install/pplanner_interfaces/include/pplanner_interfaces/pplanner_interfaces/msg/detail/path_gridset__functions.h
[0.500s] -- Up-to-date: /home/kelvin/pid_pilot_senior/install/pplanner_interfaces/include/pplanner_interfaces/pplanner_interfaces/msg/detail/path_grid__struct.h
[0.500s] -- Up-to-date: /home/kelvin/pid_pilot_senior/install/pplanner_interfaces/include/pplanner_interfaces/pplanner_interfaces/msg/detail/aruco_dataset__functions.c
[0.500s] -- Up-to-date: /home/kelvin/pid_pilot_senior/install/pplanner_interfaces/include/pplanner_interfaces/pplanner_interfaces/msg/detail/aruco_dataset__functions.h
[0.500s] -- Up-to-date: /home/kelvin/pid_pilot_senior/install/pplanner_interfaces/include/pplanner_interfaces/pplanner_interfaces/msg/detail/path_gridset__type_support.h
[0.500s] -- Up-to-date: /home/kelvin/pid_pilot_senior/install/pplanner_interfaces/include/pplanner_interfaces/pplanner_interfaces/msg/detail/aruco_dataset__struct.h
[0.500s] -- Up-to-date: /home/kelvin/pid_pilot_senior/install/pplanner_interfaces/include/pplanner_interfaces/pplanner_interfaces/msg/detail/aruco_data__functions.c
[0.500s] -- Up-to-date: /home/kelvin/pid_pilot_senior/install/pplanner_interfaces/include/pplanner_interfaces/pplanner_interfaces/msg/detail/aruco_dataset__type_support.h
[0.501s] -- Up-to-date: /home/kelvin/pid_pilot_senior/install/pplanner_interfaces/include/pplanner_interfaces/pplanner_interfaces/msg/detail/path_grid__type_support.h
[0.501s] -- Up-to-date: /home/kelvin/pid_pilot_senior/install/pplanner_interfaces/include/pplanner_interfaces/pplanner_interfaces/msg/detail/aruco_data__struct.h
[0.501s] -- Up-to-date: /home/kelvin/pid_pilot_senior/install/pplanner_interfaces/include/pplanner_interfaces/pplanner_interfaces/msg/detail/path_grid__functions.c
[0.501s] -- Up-to-date: /home/kelvin/pid_pilot_senior/install/pplanner_interfaces/include/pplanner_interfaces/pplanner_interfaces/msg/detail/path_gridset__functions.c
[0.501s] -- Up-to-date: /home/kelvin/pid_pilot_senior/install/pplanner_interfaces/include/pplanner_interfaces/pplanner_interfaces/msg/detail/path_grid__functions.h
[0.501s] -- Up-to-date: /home/kelvin/pid_pilot_senior/install/pplanner_interfaces/include/pplanner_interfaces/pplanner_interfaces/msg/detail/aruco_data__type_support.h
[0.501s] -- Up-to-date: /home/kelvin/pid_pilot_senior/install/pplanner_interfaces/include/pplanner_interfaces/pplanner_interfaces/msg/detail/path_gridset__struct.h
[0.501s] -- Up-to-date: /home/kelvin/pid_pilot_senior/install/pplanner_interfaces/include/pplanner_interfaces/pplanner_interfaces/msg/detail/aruco_data__functions.h
[0.501s] -- Up-to-date: /home/kelvin/pid_pilot_senior/install/pplanner_interfaces/share/pplanner_interfaces/environment/library_path.sh
[0.501s] -- Up-to-date: /home/kelvin/pid_pilot_senior/install/pplanner_interfaces/share/pplanner_interfaces/environment/library_path.dsv
[0.501s] -- Up-to-date: /home/kelvin/pid_pilot_senior/install/pplanner_interfaces/lib/libpplanner_interfaces__rosidl_generator_c.so
[0.501s] -- Up-to-date: /home/kelvin/pid_pilot_senior/install/pplanner_interfaces/include/pplanner_interfaces/pplanner_interfaces
[0.501s] -- Up-to-date: /home/kelvin/pid_pilot_senior/install/pplanner_interfaces/include/pplanner_interfaces/pplanner_interfaces/msg
[0.501s] -- Up-to-date: /home/kelvin/pid_pilot_senior/install/pplanner_interfaces/include/pplanner_interfaces/pplanner_interfaces/msg/rosidl_typesupport_fastrtps_c__visibility_control.h
[0.501s] -- Up-to-date: /home/kelvin/pid_pilot_senior/install/pplanner_interfaces/include/pplanner_interfaces/pplanner_interfaces/msg/detail
[0.502s] -- Up-to-date: /home/kelvin/pid_pilot_senior/install/pplanner_interfaces/include/pplanner_interfaces/pplanner_interfaces/msg/detail/path_gridset__rosidl_typesupport_fastrtps_c.h
[0.502s] -- Up-to-date: /home/kelvin/pid_pilot_senior/install/pplanner_interfaces/include/pplanner_interfaces/pplanner_interfaces/msg/detail/aruco_data__rosidl_typesupport_fastrtps_c.h
[0.502s] -- Up-to-date: /home/kelvin/pid_pilot_senior/install/pplanner_interfaces/include/pplanner_interfaces/pplanner_interfaces/msg/detail/path_grid__rosidl_typesupport_fastrtps_c.h
[0.502s] -- Up-to-date: /home/kelvin/pid_pilot_senior/install/pplanner_interfaces/include/pplanner_interfaces/pplanner_interfaces/msg/detail/aruco_dataset__rosidl_typesupport_fastrtps_c.h
[0.502s] -- Up-to-date: /home/kelvin/pid_pilot_senior/install/pplanner_interfaces/lib/libpplanner_interfaces__rosidl_typesupport_fastrtps_c.so
[0.502s] -- Up-to-date: /home/kelvin/pid_pilot_senior/install/pplanner_interfaces/include/pplanner_interfaces/pplanner_interfaces
[0.502s] -- Up-to-date: /home/kelvin/pid_pilot_senior/install/pplanner_interfaces/include/pplanner_interfaces/pplanner_interfaces/msg
[0.502s] -- Up-to-date: /home/kelvin/pid_pilot_senior/install/pplanner_interfaces/include/pplanner_interfaces/pplanner_interfaces/msg/rosidl_typesupport_introspection_c__visibility_control.h
[0.502s] -- Up-to-date: /home/kelvin/pid_pilot_senior/install/pplanner_interfaces/include/pplanner_interfaces/pplanner_interfaces/msg/detail
[0.502s] -- Up-to-date: /home/kelvin/pid_pilot_senior/install/pplanner_interfaces/include/pplanner_interfaces/pplanner_interfaces/msg/detail/aruco_dataset__type_support.c
[0.502s] -- Up-to-date: /home/kelvin/pid_pilot_senior/install/pplanner_interfaces/include/pplanner_interfaces/pplanner_interfaces/msg/detail/path_grid__rosidl_typesupport_introspection_c.h
[0.502s] -- Up-to-date: /home/kelvin/pid_pilot_senior/install/pplanner_interfaces/include/pplanner_interfaces/pplanner_interfaces/msg/detail/aruco_data__type_support.c
[0.502s] -- Up-to-date: /home/kelvin/pid_pilot_senior/install/pplanner_interfaces/include/pplanner_interfaces/pplanner_interfaces/msg/detail/path_grid__type_support.c
[0.502s] -- Up-to-date: /home/kelvin/pid_pilot_senior/install/pplanner_interfaces/include/pplanner_interfaces/pplanner_interfaces/msg/detail/aruco_dataset__rosidl_typesupport_introspection_c.h
[0.502s] -- Up-to-date: /home/kelvin/pid_pilot_senior/install/pplanner_interfaces/include/pplanner_interfaces/pplanner_interfaces/msg/detail/path_gridset__type_support.c
[0.502s] -- Up-to-date: /home/kelvin/pid_pilot_senior/install/pplanner_interfaces/include/pplanner_interfaces/pplanner_interfaces/msg/detail/path_gridset__rosidl_typesupport_introspection_c.h
[0.502s] -- Up-to-date: /home/kelvin/pid_pilot_senior/install/pplanner_interfaces/include/pplanner_interfaces/pplanner_interfaces/msg/detail/aruco_data__rosidl_typesupport_introspection_c.h
[0.503s] -- Up-to-date: /home/kelvin/pid_pilot_senior/install/pplanner_interfaces/lib/libpplanner_interfaces__rosidl_typesupport_introspection_c.so
[0.503s] -- Up-to-date: /home/kelvin/pid_pilot_senior/install/pplanner_interfaces/lib/libpplanner_interfaces__rosidl_typesupport_c.so
[0.503s] -- Up-to-date: /home/kelvin/pid_pilot_senior/install/pplanner_interfaces/include/pplanner_interfaces/pplanner_interfaces
[0.503s] -- Up-to-date: /home/kelvin/pid_pilot_senior/install/pplanner_interfaces/include/pplanner_interfaces/pplanner_interfaces/msg
[0.503s] -- Up-to-date: /home/kelvin/pid_pilot_senior/install/pplanner_interfaces/include/pplanner_interfaces/pplanner_interfaces/msg/aruco_data.hpp
[0.503s] -- Up-to-date: /home/kelvin/pid_pilot_senior/install/pplanner_interfaces/include/pplanner_interfaces/pplanner_interfaces/msg/path_grid.hpp
[0.503s] -- Up-to-date: /home/kelvin/pid_pilot_senior/install/pplanner_interfaces/include/pplanner_interfaces/pplanner_interfaces/msg/aruco_dataset.hpp
[0.503s] -- Up-to-date: /home/kelvin/pid_pilot_senior/install/pplanner_interfaces/include/pplanner_interfaces/pplanner_interfaces/msg/path_gridset.hpp
[0.503s] -- Up-to-date: /home/kelvin/pid_pilot_senior/install/pplanner_interfaces/include/pplanner_interfaces/pplanner_interfaces/msg/detail
[0.503s] -- Up-to-date: /home/kelvin/pid_pilot_senior/install/pplanner_interfaces/include/pplanner_interfaces/pplanner_interfaces/msg/detail/path_grid__builder.hpp
[0.503s] -- Up-to-date: /home/kelvin/pid_pilot_senior/install/pplanner_interfaces/include/pplanner_interfaces/pplanner_interfaces/msg/detail/aruco_dataset__builder.hpp
[0.503s] -- Up-to-date: /home/kelvin/pid_pilot_senior/install/pplanner_interfaces/include/pplanner_interfaces/pplanner_interfaces/msg/detail/path_gridset__traits.hpp
[0.503s] -- Up-to-date: /home/kelvin/pid_pilot_senior/install/pplanner_interfaces/include/pplanner_interfaces/pplanner_interfaces/msg/detail/path_grid__traits.hpp
[0.503s] -- Up-to-date: /home/kelvin/pid_pilot_senior/install/pplanner_interfaces/include/pplanner_interfaces/pplanner_interfaces/msg/detail/aruco_dataset__traits.hpp
[0.503s] -- Up-to-date: /home/kelvin/pid_pilot_senior/install/pplanner_interfaces/include/pplanner_interfaces/pplanner_interfaces/msg/detail/path_gridset__struct.hpp
[0.503s] -- Up-to-date: /home/kelvin/pid_pilot_senior/install/pplanner_interfaces/include/pplanner_interfaces/pplanner_interfaces/msg/detail/aruco_data__traits.hpp
[0.503s] -- Up-to-date: /home/kelvin/pid_pilot_senior/install/pplanner_interfaces/include/pplanner_interfaces/pplanner_interfaces/msg/detail/path_gridset__builder.hpp
[0.503s] -- Up-to-date: /home/kelvin/pid_pilot_senior/install/pplanner_interfaces/include/pplanner_interfaces/pplanner_interfaces/msg/detail/path_grid__struct.hpp
[0.503s] -- Up-to-date: /home/kelvin/pid_pilot_senior/install/pplanner_interfaces/include/pplanner_interfaces/pplanner_interfaces/msg/detail/aruco_data__builder.hpp
[0.503s] -- Up-to-date: /home/kelvin/pid_pilot_senior/install/pplanner_interfaces/include/pplanner_interfaces/pplanner_interfaces/msg/detail/aruco_dataset__struct.hpp
[0.503s] -- Up-to-date: /home/kelvin/pid_pilot_senior/install/pplanner_interfaces/include/pplanner_interfaces/pplanner_interfaces/msg/detail/aruco_data__struct.hpp
[0.503s] -- Up-to-date: /home/kelvin/pid_pilot_senior/install/pplanner_interfaces/include/pplanner_interfaces/pplanner_interfaces
[0.503s] -- Up-to-date: /home/kelvin/pid_pilot_senior/install/pplanner_interfaces/include/pplanner_interfaces/pplanner_interfaces/msg
[0.503s] -- Up-to-date: /home/kelvin/pid_pilot_senior/install/pplanner_interfaces/include/pplanner_interfaces/pplanner_interfaces/msg/rosidl_typesupport_fastrtps_cpp__visibility_control.h
[0.503s] -- Up-to-date: /home/kelvin/pid_pilot_senior/install/pplanner_interfaces/include/pplanner_interfaces/pplanner_interfaces/msg/detail
[0.503s] -- Up-to-date: /home/kelvin/pid_pilot_senior/install/pplanner_interfaces/include/pplanner_interfaces/pplanner_interfaces/msg/detail/aruco_data__rosidl_typesupport_fastrtps_cpp.hpp
[0.503s] -- Up-to-date: /home/kelvin/pid_pilot_senior/install/pplanner_interfaces/include/pplanner_interfaces/pplanner_interfaces/msg/detail/path_grid__rosidl_typesupport_fastrtps_cpp.hpp
[0.503s] -- Up-to-date: /home/kelvin/pid_pilot_senior/install/pplanner_interfaces/include/pplanner_interfaces/pplanner_interfaces/msg/detail/aruco_dataset__rosidl_typesupport_fastrtps_cpp.hpp
[0.503s] -- Up-to-date: /home/kelvin/pid_pilot_senior/install/pplanner_interfaces/include/pplanner_interfaces/pplanner_interfaces/msg/detail/path_gridset__rosidl_typesupport_fastrtps_cpp.hpp
[0.503s] -- Up-to-date: /home/kelvin/pid_pilot_senior/install/pplanner_interfaces/include/pplanner_interfaces/pplanner_interfaces/msg/detail/dds_fastrtps
[0.503s] -- Up-to-date: /home/kelvin/pid_pilot_senior/install/pplanner_interfaces/lib/libpplanner_interfaces__rosidl_typesupport_fastrtps_cpp.so
[0.503s] -- Up-to-date: /home/kelvin/pid_pilot_senior/install/pplanner_interfaces/include/pplanner_interfaces/pplanner_interfaces
[0.503s] -- Up-to-date: /home/kelvin/pid_pilot_senior/install/pplanner_interfaces/include/pplanner_interfaces/pplanner_interfaces/msg
[0.503s] -- Up-to-date: /home/kelvin/pid_pilot_senior/install/pplanner_interfaces/include/pplanner_interfaces/pplanner_interfaces/msg/detail
[0.503s] -- Up-to-date: /home/kelvin/pid_pilot_senior/install/pplanner_interfaces/include/pplanner_interfaces/pplanner_interfaces/msg/detail/path_gridset__rosidl_typesupport_introspection_cpp.hpp
[0.503s] -- Up-to-date: /home/kelvin/pid_pilot_senior/install/pplanner_interfaces/include/pplanner_interfaces/pplanner_interfaces/msg/detail/aruco_dataset__type_support.cpp
[0.503s] -- Up-to-date: /home/kelvin/pid_pilot_senior/install/pplanner_interfaces/include/pplanner_interfaces/pplanner_interfaces/msg/detail/path_gridset__type_support.cpp
[0.503s] -- Up-to-date: /home/kelvin/pid_pilot_senior/install/pplanner_interfaces/include/pplanner_interfaces/pplanner_interfaces/msg/detail/path_grid__rosidl_typesupport_introspection_cpp.hpp
[0.503s] -- Up-to-date: /home/kelvin/pid_pilot_senior/install/pplanner_interfaces/include/pplanner_interfaces/pplanner_interfaces/msg/detail/path_grid__type_support.cpp
[0.504s] -- Up-to-date: /home/kelvin/pid_pilot_senior/install/pplanner_interfaces/include/pplanner_interfaces/pplanner_interfaces/msg/detail/aruco_dataset__rosidl_typesupport_introspection_cpp.hpp
[0.504s] -- Up-to-date: /home/kelvin/pid_pilot_senior/install/pplanner_interfaces/include/pplanner_interfaces/pplanner_interfaces/msg/detail/aruco_data__rosidl_typesupport_introspection_cpp.hpp
[0.504s] -- Up-to-date: /home/kelvin/pid_pilot_senior/install/pplanner_interfaces/include/pplanner_interfaces/pplanner_interfaces/msg/detail/aruco_data__type_support.cpp
[0.504s] -- Up-to-date: /home/kelvin/pid_pilot_senior/install/pplanner_interfaces/lib/libpplanner_interfaces__rosidl_typesupport_introspection_cpp.so
[0.504s] -- Up-to-date: /home/kelvin/pid_pilot_senior/install/pplanner_interfaces/lib/libpplanner_interfaces__rosidl_typesupport_cpp.so
[0.504s] -- Up-to-date: /home/kelvin/pid_pilot_senior/install/pplanner_interfaces/share/pplanner_interfaces/environment/pythonpath.sh
[0.504s] -- Up-to-date: /home/kelvin/pid_pilot_senior/install/pplanner_interfaces/share/pplanner_interfaces/environment/pythonpath.dsv
[0.504s] -- Up-to-date: /home/kelvin/pid_pilot_senior/install/pplanner_interfaces/local/lib/python3.10/dist-packages/pplanner_interfaces-0.0.0-py3.10.egg-info
[0.504s] -- Installing: /home/kelvin/pid_pilot_senior/install/pplanner_interfaces/local/lib/python3.10/dist-packages/pplanner_interfaces-0.0.0-py3.10.egg-info/top_level.txt
[0.504s] -- Installing: /home/kelvin/pid_pilot_senior/install/pplanner_interfaces/local/lib/python3.10/dist-packages/pplanner_interfaces-0.0.0-py3.10.egg-info/PKG-INFO
[0.504s] -- Installing: /home/kelvin/pid_pilot_senior/install/pplanner_interfaces/local/lib/python3.10/dist-packages/pplanner_interfaces-0.0.0-py3.10.egg-info/dependency_links.txt
[0.504s] -- Installing: /home/kelvin/pid_pilot_senior/install/pplanner_interfaces/local/lib/python3.10/dist-packages/pplanner_interfaces-0.0.0-py3.10.egg-info/SOURCES.txt
[0.504s] -- Up-to-date: /home/kelvin/pid_pilot_senior/install/pplanner_interfaces/local/lib/python3.10/dist-packages/pplanner_interfaces
[0.504s] -- Up-to-date: /home/kelvin/pid_pilot_senior/install/pplanner_interfaces/local/lib/python3.10/dist-packages/pplanner_interfaces/_pplanner_interfaces_s.ep.rosidl_typesupport_c.c
[0.504s] -- Up-to-date: /home/kelvin/pid_pilot_senior/install/pplanner_interfaces/local/lib/python3.10/dist-packages/pplanner_interfaces/_pplanner_interfaces_s.ep.rosidl_typesupport_introspection_c.c
[0.504s] -- Up-to-date: /home/kelvin/pid_pilot_senior/install/pplanner_interfaces/local/lib/python3.10/dist-packages/pplanner_interfaces/pplanner_interfaces_s__rosidl_typesupport_fastrtps_c.cpython-310-x86_64-linux-gnu.so
[0.504s] -- Up-to-date: /home/kelvin/pid_pilot_senior/install/pplanner_interfaces/local/lib/python3.10/dist-packages/pplanner_interfaces/msg
[0.504s] -- Up-to-date: /home/kelvin/pid_pilot_senior/install/pplanner_interfaces/local/lib/python3.10/dist-packages/pplanner_interfaces/msg/_path_gridset_s.c
[0.504s] -- Up-to-date: /home/kelvin/pid_pilot_senior/install/pplanner_interfaces/local/lib/python3.10/dist-packages/pplanner_interfaces/msg/_path_gridset.py
[0.504s] -- Up-to-date: /home/kelvin/pid_pilot_senior/install/pplanner_interfaces/local/lib/python3.10/dist-packages/pplanner_interfaces/msg/_aruco_data.py
[0.504s] -- Up-to-date: /home/kelvin/pid_pilot_senior/install/pplanner_interfaces/local/lib/python3.10/dist-packages/pplanner_interfaces/msg/_path_grid_s.c
[0.504s] -- Up-to-date: /home/kelvin/pid_pilot_senior/install/pplanner_interfaces/local/lib/python3.10/dist-packages/pplanner_interfaces/msg/_aruco_data_s.c
[0.504s] -- Up-to-date: /home/kelvin/pid_pilot_senior/install/pplanner_interfaces/local/lib/python3.10/dist-packages/pplanner_interfaces/msg/__init__.py
[0.504s] -- Up-to-date: /home/kelvin/pid_pilot_senior/install/pplanner_interfaces/local/lib/python3.10/dist-packages/pplanner_interfaces/msg/_aruco_dataset.py
[0.504s] -- Up-to-date: /home/kelvin/pid_pilot_senior/install/pplanner_interfaces/local/lib/python3.10/dist-packages/pplanner_interfaces/msg/_aruco_dataset_s.c
[0.504s] -- Up-to-date: /home/kelvin/pid_pilot_senior/install/pplanner_interfaces/local/lib/python3.10/dist-packages/pplanner_interfaces/msg/_path_grid.py
[0.504s] -- Up-to-date: /home/kelvin/pid_pilot_senior/install/pplanner_interfaces/local/lib/python3.10/dist-packages/pplanner_interfaces/_pplanner_interfaces_s.ep.rosidl_typesupport_fastrtps_c.c
[0.504s] -- Up-to-date: /home/kelvin/pid_pilot_senior/install/pplanner_interfaces/local/lib/python3.10/dist-packages/pplanner_interfaces/pplanner_interfaces_s__rosidl_typesupport_c.cpython-310-x86_64-linux-gnu.so
[0.504s] -- Up-to-date: /home/kelvin/pid_pilot_senior/install/pplanner_interfaces/local/lib/python3.10/dist-packages/pplanner_interfaces/__init__.py
[0.504s] -- Up-to-date: /home/kelvin/pid_pilot_senior/install/pplanner_interfaces/local/lib/python3.10/dist-packages/pplanner_interfaces/pplanner_interfaces_s__rosidl_typesupport_introspection_c.cpython-310-x86_64-linux-gnu.so
[0.504s] -- Up-to-date: /home/kelvin/pid_pilot_senior/install/pplanner_interfaces/local/lib/python3.10/dist-packages/pplanner_interfaces/libpplanner_interfaces__rosidl_generator_py.so
[0.522s] Listing '/home/kelvin/pid_pilot_senior/install/pplanner_interfaces/local/lib/python3.10/dist-packages/pplanner_interfaces'...
[0.522s] Listing '/home/kelvin/pid_pilot_senior/install/pplanner_interfaces/local/lib/python3.10/dist-packages/pplanner_interfaces/msg'...
[0.525s] -- Up-to-date: /home/kelvin/pid_pilot_senior/install/pplanner_interfaces/local/lib/python3.10/dist-packages/pplanner_interfaces/pplanner_interfaces_s__rosidl_typesupport_fastrtps_c.cpython-310-x86_64-linux-gnu.so
[0.525s] -- Up-to-date: /home/kelvin/pid_pilot_senior/install/pplanner_interfaces/local/lib/python3.10/dist-packages/pplanner_interfaces/pplanner_interfaces_s__rosidl_typesupport_introspection_c.cpython-310-x86_64-linux-gnu.so
[0.525s] -- Up-to-date: /home/kelvin/pid_pilot_senior/install/pplanner_interfaces/local/lib/python3.10/dist-packages/pplanner_interfaces/pplanner_interfaces_s__rosidl_typesupport_c.cpython-310-x86_64-linux-gnu.so
[0.525s] -- Up-to-date: /home/kelvin/pid_pilot_senior/install/pplanner_interfaces/lib/libpplanner_interfaces__rosidl_generator_py.so
[0.525s] -- Up-to-date: /home/kelvin/pid_pilot_senior/install/pplanner_interfaces/share/pplanner_interfaces/msg/PathGrid.idl
[0.526s] -- Up-to-date: /home/kelvin/pid_pilot_senior/install/pplanner_interfaces/share/pplanner_interfaces/msg/PathGridset.idl
[0.526s] -- Up-to-date: /home/kelvin/pid_pilot_senior/install/pplanner_interfaces/share/pplanner_interfaces/msg/ArucoData.idl
[0.526s] -- Up-to-date: /home/kelvin/pid_pilot_senior/install/pplanner_interfaces/share/pplanner_interfaces/msg/ArucoDataset.idl
[0.526s] -- Up-to-date: /home/kelvin/pid_pilot_senior/install/pplanner_interfaces/share/pplanner_interfaces/msg/PathGrid.msg
[0.526s] -- Up-to-date: /home/kelvin/pid_pilot_senior/install/pplanner_interfaces/share/pplanner_interfaces/msg/PathGridset.msg
[0.526s] -- Up-to-date: /home/kelvin/pid_pilot_senior/install/pplanner_interfaces/share/pplanner_interfaces/msg/ArucoData.msg
[0.526s] -- Up-to-date: /home/kelvin/pid_pilot_senior/install/pplanner_interfaces/share/pplanner_interfaces/msg/ArucoDataset.msg
[0.526s] -- Up-to-date: /home/kelvin/pid_pilot_senior/install/pplanner_interfaces/share/ament_index/resource_index/package_run_dependencies/pplanner_interfaces
[0.526s] -- Up-to-date: /home/kelvin/pid_pilot_senior/install/pplanner_interfaces/share/ament_index/resource_index/parent_prefix_path/pplanner_interfaces
[0.526s] -- Up-to-date: /home/kelvin/pid_pilot_senior/install/pplanner_interfaces/share/pplanner_interfaces/environment/ament_prefix_path.sh
[0.526s] -- Up-to-date: /home/kelvin/pid_pilot_senior/install/pplanner_interfaces/share/pplanner_interfaces/environment/ament_prefix_path.dsv
[0.526s] -- Up-to-date: /home/kelvin/pid_pilot_senior/install/pplanner_interfaces/share/pplanner_interfaces/environment/path.sh
[0.526s] -- Up-to-date: /home/kelvin/pid_pilot_senior/install/pplanner_interfaces/share/pplanner_interfaces/environment/path.dsv
[0.526s] -- Up-to-date: /home/kelvin/pid_pilot_senior/install/pplanner_interfaces/share/pplanner_interfaces/local_setup.bash
[0.526s] -- Up-to-date: /home/kelvin/pid_pilot_senior/install/pplanner_interfaces/share/pplanner_interfaces/local_setup.sh
[0.526s] -- Up-to-date: /home/kelvin/pid_pilot_senior/install/pplanner_interfaces/share/pplanner_interfaces/local_setup.zsh
[0.526s] -- Up-to-date: /home/kelvin/pid_pilot_senior/install/pplanner_interfaces/share/pplanner_interfaces/local_setup.dsv
[0.526s] -- Installing: /home/kelvin/pid_pilot_senior/install/pplanner_interfaces/share/pplanner_interfaces/package.dsv
[0.527s] -- Up-to-date: /home/kelvin/pid_pilot_senior/install/pplanner_interfaces/share/ament_index/resource_index/packages/pplanner_interfaces
[0.527s] -- Up-to-date: /home/kelvin/pid_pilot_senior/install/pplanner_interfaces/share/pplanner_interfaces/cmake/export_pplanner_interfaces__rosidl_generator_cExport.cmake
[0.527s] -- Up-to-date: /home/kelvin/pid_pilot_senior/install/pplanner_interfaces/share/pplanner_interfaces/cmake/export_pplanner_interfaces__rosidl_generator_cExport-noconfig.cmake
[0.527s] -- Up-to-date: /home/kelvin/pid_pilot_senior/install/pplanner_interfaces/share/pplanner_interfaces/cmake/export_pplanner_interfaces__rosidl_typesupport_fastrtps_cExport.cmake
[0.527s] -- Up-to-date: /home/kelvin/pid_pilot_senior/install/pplanner_interfaces/share/pplanner_interfaces/cmake/export_pplanner_interfaces__rosidl_typesupport_fastrtps_cExport-noconfig.cmake
[0.527s] -- Up-to-date: /home/kelvin/pid_pilot_senior/install/pplanner_interfaces/share/pplanner_interfaces/cmake/pplanner_interfaces__rosidl_typesupport_introspection_cExport.cmake
[0.527s] -- Up-to-date: /home/kelvin/pid_pilot_senior/install/pplanner_interfaces/share/pplanner_interfaces/cmake/pplanner_interfaces__rosidl_typesupport_introspection_cExport-noconfig.cmake
[0.528s] -- Up-to-date: /home/kelvin/pid_pilot_senior/install/pplanner_interfaces/share/pplanner_interfaces/cmake/pplanner_interfaces__rosidl_typesupport_cExport.cmake
[0.528s] -- Up-to-date: /home/kelvin/pid_pilot_senior/install/pplanner_interfaces/share/pplanner_interfaces/cmake/pplanner_interfaces__rosidl_typesupport_cExport-noconfig.cmake
[0.528s] -- Up-to-date: /home/kelvin/pid_pilot_senior/install/pplanner_interfaces/share/pplanner_interfaces/cmake/export_pplanner_interfaces__rosidl_generator_cppExport.cmake
[0.528s] -- Up-to-date: /home/kelvin/pid_pilot_senior/install/pplanner_interfaces/share/pplanner_interfaces/cmake/export_pplanner_interfaces__rosidl_typesupport_fastrtps_cppExport.cmake
[0.528s] -- Up-to-date: /home/kelvin/pid_pilot_senior/install/pplanner_interfaces/share/pplanner_interfaces/cmake/export_pplanner_interfaces__rosidl_typesupport_fastrtps_cppExport-noconfig.cmake
[0.529s] -- Up-to-date: /home/kelvin/pid_pilot_senior/install/pplanner_interfaces/share/pplanner_interfaces/cmake/pplanner_interfaces__rosidl_typesupport_introspection_cppExport.cmake
[0.529s] -- Up-to-date: /home/kelvin/pid_pilot_senior/install/pplanner_interfaces/share/pplanner_interfaces/cmake/pplanner_interfaces__rosidl_typesupport_introspection_cppExport-noconfig.cmake
[0.529s] -- Up-to-date: /home/kelvin/pid_pilot_senior/install/pplanner_interfaces/share/pplanner_interfaces/cmake/pplanner_interfaces__rosidl_typesupport_cppExport.cmake
[0.529s] -- Up-to-date: /home/kelvin/pid_pilot_senior/install/pplanner_interfaces/share/pplanner_interfaces/cmake/pplanner_interfaces__rosidl_typesupport_cppExport-noconfig.cmake
[0.529s] -- Up-to-date: /home/kelvin/pid_pilot_senior/install/pplanner_interfaces/share/pplanner_interfaces/cmake/export_pplanner_interfaces__rosidl_generator_pyExport.cmake
[0.529s] -- Up-to-date: /home/kelvin/pid_pilot_senior/install/pplanner_interfaces/share/pplanner_interfaces/cmake/export_pplanner_interfaces__rosidl_generator_pyExport-noconfig.cmake
[0.529s] -- Up-to-date: /home/kelvin/pid_pilot_senior/install/pplanner_interfaces/share/pplanner_interfaces/cmake/rosidl_cmake-extras.cmake
[0.530s] -- Up-to-date: /home/kelvin/pid_pilot_senior/install/pplanner_interfaces/share/pplanner_interfaces/cmake/ament_cmake_export_include_directories-extras.cmake
[0.530s] -- Up-to-date: /home/kelvin/pid_pilot_senior/install/pplanner_interfaces/share/pplanner_interfaces/cmake/ament_cmake_export_libraries-extras.cmake
[0.530s] -- Up-to-date: /home/kelvin/pid_pilot_senior/install/pplanner_interfaces/share/pplanner_interfaces/cmake/ament_cmake_export_targets-extras.cmake
[0.530s] -- Up-to-date: /home/kelvin/pid_pilot_senior/install/pplanner_interfaces/share/pplanner_interfaces/cmake/rosidl_cmake_export_typesupport_targets-extras.cmake
[0.530s] -- Up-to-date: /home/kelvin/pid_pilot_senior/install/pplanner_interfaces/share/pplanner_interfaces/cmake/ament_cmake_export_dependencies-extras.cmake
[0.530s] -- Up-to-date: /home/kelvin/pid_pilot_senior/install/pplanner_interfaces/share/pplanner_interfaces/cmake/rosidl_cmake_export_typesupport_libraries-extras.cmake
[0.530s] -- Up-to-date: /home/kelvin/pid_pilot_senior/install/pplanner_interfaces/share/pplanner_interfaces/cmake/pplanner_interfacesConfig.cmake
[0.530s] -- Up-to-date: /home/kelvin/pid_pilot_senior/install/pplanner_interfaces/share/pplanner_interfaces/cmake/pplanner_interfacesConfig-version.cmake
[0.530s] -- Up-to-date: /home/kelvin/pid_pilot_senior/install/pplanner_interfaces/share/pplanner_interfaces/package.xml
[0.532s] Invoked command in '/home/kelvin/pid_pilot_senior/build/pplanner_interfaces' returned '0': CMAKE_PREFIX_PATH=${CMAKE_PREFIX_PATH}:/home/kelvin/pid_pilot_senior/install/pid_pilot_senior:/home/kelvin/testbot/install/robot1:/opt/ros/humble /usr/bin/cmake --install /home/kelvin/pid_pilot_senior/build/pplanner_interfaces
