[0.471s] Invoking command in '/home/kelvin/pid_pilot_senior/src/pid_pilot_senior': PYTHONPATH=/home/kelvin/pid_pilot_senior/build/pid_pilot_senior/prefix_override:/home/kelvin/pid_pilot_senior/install/pid_pilot_senior/lib/python3.10/site-packages:${PYTHONPATH} /usr/bin/python3 setup.py egg_info --egg-base ../../build/pid_pilot_senior build --build-base /home/kelvin/pid_pilot_senior/build/pid_pilot_senior/build install --record /home/kelvin/pid_pilot_senior/build/pid_pilot_senior/install.log --single-version-externally-managed
[0.622s] running egg_info
[0.622s] writing ../../build/pid_pilot_senior/pid_pilot_senior.egg-info/PKG-INFO
[0.622s] writing dependency_links to ../../build/pid_pilot_senior/pid_pilot_senior.egg-info/dependency_links.txt
[0.622s] writing entry points to ../../build/pid_pilot_senior/pid_pilot_senior.egg-info/entry_points.txt
[0.622s] writing requirements to ../../build/pid_pilot_senior/pid_pilot_senior.egg-info/requires.txt
[0.622s] writing top-level names to ../../build/pid_pilot_senior/pid_pilot_senior.egg-info/top_level.txt
[0.624s] reading manifest file '../../build/pid_pilot_senior/pid_pilot_senior.egg-info/SOURCES.txt'
[0.624s] writing manifest file '../../build/pid_pilot_senior/pid_pilot_senior.egg-info/SOURCES.txt'
[0.624s] running build
[0.624s] running build_py
[0.624s] running install
[0.624s] running install_lib
[0.625s] running install_data
[0.625s] running install_egg_info
[0.626s] removing '/home/kelvin/pid_pilot_senior/install/pid_pilot_senior/lib/python3.10/site-packages/pid_pilot_senior-0.0.0-py3.10.egg-info' (and everything under it)
[0.627s] Copying ../../build/pid_pilot_senior/pid_pilot_senior.egg-info to /home/kelvin/pid_pilot_senior/install/pid_pilot_senior/lib/python3.10/site-packages/pid_pilot_senior-0.0.0-py3.10.egg-info
[0.627s] running install_scripts
[0.641s] Installing pid_pilot_senior script to /home/kelvin/pid_pilot_senior/install/pid_pilot_senior/lib/pid_pilot_senior
[0.641s] writing list of installed files to '/home/kelvin/pid_pilot_senior/build/pid_pilot_senior/install.log'
[0.683s] Invoked command in '/home/kelvin/pid_pilot_senior/src/pid_pilot_senior' returned '0': PYTHONPATH=/home/kelvin/pid_pilot_senior/build/pid_pilot_senior/prefix_override:/home/kelvin/pid_pilot_senior/install/pid_pilot_senior/lib/python3.10/site-packages:${PYTHONPATH} /usr/bin/python3 setup.py egg_info --egg-base ../../build/pid_pilot_senior build --build-base /home/kelvin/pid_pilot_senior/build/pid_pilot_senior/build install --record /home/kelvin/pid_pilot_senior/build/pid_pilot_senior/install.log --single-version-externally-managed
