[0.148s] Invoking command in '/home/kelvin/pid_pilot_senior/build/pplanner_interfaces': CMAKE_PREFIX_PATH=${CMAKE_PREFIX_PATH}:/home/kelvin/ros2_ws/install/turtle_catcher:/home/kelvin/pid_pilot_senior/install/pid_pilot_senior:/home/kelvin/testbot/install/robot1:/opt/ros/humble /usr/bin/cmake /home/kelvin/pid_pilot_senior/src/pplanner_interfaces -DCMAKE_INSTALL_PREFIX=/home/kelvin/pid_pilot_senior/install/pplanner_interfaces
[0.202s] -- The C compiler identification is GNU 11.4.0
[0.240s] -- The CXX compiler identification is GNU 11.4.0
[0.249s] -- Detecting C compiler ABI info
[0.287s] -- Detecting C compiler ABI info - done
[0.291s] -- Check for working C compiler: /usr/bin/cc - skipped
[0.291s] -- Detecting C compile features
[0.292s] -- Detecting C compile features - done
[0.294s] -- Detecting CXX compiler ABI info
[0.339s] -- Detecting CXX compiler ABI info - done
[0.343s] -- Check for working CXX compiler: /usr/bin/c++ - skipped
[0.344s] -- Detecting CXX compile features
[0.344s] -- Detecting CXX compile features - done
[0.350s] -- Found ament_cmake: 1.3.9 (/opt/ros/humble/share/ament_cmake/cmake)
[0.447s] -- Found Python3: /usr/bin/python3 (found version "3.10.12") found components: Interpreter 
[0.512s] -- Found rosidl_default_generators: 1.2.0 (/opt/ros/humble/share/rosidl_default_generators/cmake)
[0.515s] -- Using all available rosidl_typesupport_c: rosidl_typesupport_fastrtps_c;rosidl_typesupport_introspection_c
[0.521s] -- Found rosidl_adapter: 3.1.5 (/opt/ros/humble/share/rosidl_adapter/cmake)
[0.557s] -- Using all available rosidl_typesupport_cpp: rosidl_typesupport_fastrtps_cpp;rosidl_typesupport_introspection_cpp
[0.731s] -- Found ament_cmake_ros: 0.10.0 (/opt/ros/humble/share/ament_cmake_ros/cmake)
[0.843s] -- Using all available rosidl_typesupport_c: rosidl_typesupport_fastrtps_c;rosidl_typesupport_introspection_c
[0.993s] -- Using all available rosidl_typesupport_cpp: rosidl_typesupport_fastrtps_cpp;rosidl_typesupport_introspection_cpp
[1.006s] -- Found PythonInterp: /usr/bin/python3 (found suitable version "3.10.12", minimum required is "3.6") 
[1.007s] -- Found python_cmake_module: 0.10.0 (/opt/ros/humble/share/python_cmake_module/cmake)
[1.024s] -- Found PythonLibs: /usr/lib/x86_64-linux-gnu/libpython3.10.so (found suitable version "3.10.12", minimum required is "3.5") 
[1.024s] -- Using PYTHON_EXECUTABLE: /usr/bin/python3
[1.024s] -- Using PYTHON_INCLUDE_DIRS: /usr/include/python3.10
[1.024s] -- Using PYTHON_LIBRARIES: /usr/lib/x86_64-linux-gnu/libpython3.10.so
[1.036s] -- Found PythonExtra: .so  
[1.062s] -- Configuring done
[1.078s] -- Generating done
[1.079s] -- Build files have been written to: /home/kelvin/pid_pilot_senior/build/pplanner_interfaces
[1.083s] Invoked command in '/home/kelvin/pid_pilot_senior/build/pplanner_interfaces' returned '0': CMAKE_PREFIX_PATH=${CMAKE_PREFIX_PATH}:/home/kelvin/ros2_ws/install/turtle_catcher:/home/kelvin/pid_pilot_senior/install/pid_pilot_senior:/home/kelvin/testbot/install/robot1:/opt/ros/humble /usr/bin/cmake /home/kelvin/pid_pilot_senior/src/pplanner_interfaces -DCMAKE_INSTALL_PREFIX=/home/kelvin/pid_pilot_senior/install/pplanner_interfaces
[1.084s] Invoking command in '/home/kelvin/pid_pilot_senior/build/pplanner_interfaces': CMAKE_PREFIX_PATH=${CMAKE_PREFIX_PATH}:/home/kelvin/ros2_ws/install/turtle_catcher:/home/kelvin/pid_pilot_senior/install/pid_pilot_senior:/home/kelvin/testbot/install/robot1:/opt/ros/humble /usr/bin/cmake --build /home/kelvin/pid_pilot_senior/build/pplanner_interfaces -- -j20 -l20
[1.106s] [  1%] [34m[1mGenerating C code for ROS interfaces[0m
[1.111s] [  3%] [34m[1mGenerating C++ code for ROS interfaces[0m
[1.116s] [  3%] Built target ament_cmake_python_copy_pplanner_interfaces
[1.276s] running egg_info
[1.276s] creating pplanner_interfaces.egg-info
[1.277s] writing pplanner_interfaces.egg-info/PKG-INFO
[1.277s] writing dependency_links to pplanner_interfaces.egg-info/dependency_links.txt
[1.277s] writing top-level names to pplanner_interfaces.egg-info/top_level.txt
[1.277s] writing manifest file 'pplanner_interfaces.egg-info/SOURCES.txt'
[1.278s] reading manifest file 'pplanner_interfaces.egg-info/SOURCES.txt'
[1.278s] writing manifest file 'pplanner_interfaces.egg-info/SOURCES.txt'
[1.294s] [  3%] Built target ament_cmake_python_build_pplanner_interfaces_egg
[1.329s] [  3%] Built target pplanner_interfaces__cpp
[1.334s] [  5%] [34m[1mGenerating C++ type support for eProsima Fast-RTPS[0m
[1.334s] [  9%] [34m[1mGenerating C++ introspection for ROS interfaces[0m
[1.334s] [  9%] [34m[1mGenerating C++ type support dispatch for ROS interfaces[0m
[1.335s] [ 10%] [32mBuilding C object CMakeFiles/pplanner_interfaces__rosidl_generator_c.dir/rosidl_generator_c/pplanner_interfaces/msg/detail/path_grid__functions.c.o[0m
[1.335s] [ 12%] [32mBuilding C object CMakeFiles/pplanner_interfaces__rosidl_generator_c.dir/rosidl_generator_c/pplanner_interfaces/msg/detail/aruco_data__functions.c.o[0m
[1.336s] [ 14%] [32mBuilding C object CMakeFiles/pplanner_interfaces__rosidl_generator_c.dir/rosidl_generator_c/pplanner_interfaces/msg/detail/path_gridset__functions.c.o[0m
[1.337s] [ 16%] [32mBuilding C object CMakeFiles/pplanner_interfaces__rosidl_generator_c.dir/rosidl_generator_c/pplanner_interfaces/msg/detail/aruco_dataset__functions.c.o[0m
[1.374s] [ 18%] [32m[1mLinking C shared library libpplanner_interfaces__rosidl_generator_c.so[0m
[1.400s] [ 18%] Built target pplanner_interfaces__rosidl_generator_c
[1.406s] [ 20%] [34m[1mGenerating C type support for eProsima Fast-RTPS[0m
[1.406s] [ 21%] [34m[1mGenerating C introspection for ROS interfaces[0m
[1.406s] [ 23%] [34m[1mGenerating C type support dispatch for ROS interfaces[0m
[1.527s] [ 25%] [32mBuilding CXX object CMakeFiles/pplanner_interfaces__rosidl_typesupport_cpp.dir/rosidl_typesupport_cpp/pplanner_interfaces/msg/aruco_dataset__type_support.cpp.o[0m
[1.528s] [ 27%] [32mBuilding CXX object CMakeFiles/pplanner_interfaces__rosidl_typesupport_cpp.dir/rosidl_typesupport_cpp/pplanner_interfaces/msg/path_grid__type_support.cpp.o[0m
[1.529s] [ 29%] [32mBuilding CXX object CMakeFiles/pplanner_interfaces__rosidl_typesupport_cpp.dir/rosidl_typesupport_cpp/pplanner_interfaces/msg/aruco_data__type_support.cpp.o[0m
[1.529s] [ 30%] [32mBuilding CXX object CMakeFiles/pplanner_interfaces__rosidl_typesupport_cpp.dir/rosidl_typesupport_cpp/pplanner_interfaces/msg/path_gridset__type_support.cpp.o[0m
[1.542s] [ 32%] [32mBuilding CXX object CMakeFiles/pplanner_interfaces__rosidl_typesupport_introspection_cpp.dir/rosidl_typesupport_introspection_cpp/pplanner_interfaces/msg/detail/path_grid__type_support.cpp.o[0m
[1.545s] [ 38%] [32mBuilding CXX object CMakeFiles/pplanner_interfaces__rosidl_typesupport_introspection_cpp.dir/rosidl_typesupport_introspection_cpp/pplanner_interfaces/msg/detail/aruco_data__type_support.cpp.o[0m
[1.545s] [ 38%] [32mBuilding CXX object CMakeFiles/pplanner_interfaces__rosidl_typesupport_introspection_cpp.dir/rosidl_typesupport_introspection_cpp/pplanner_interfaces/msg/detail/aruco_dataset__type_support.cpp.o[0m
[1.545s] [ 36%] [32mBuilding CXX object CMakeFiles/pplanner_interfaces__rosidl_typesupport_introspection_cpp.dir/rosidl_typesupport_introspection_cpp/pplanner_interfaces/msg/detail/path_gridset__type_support.cpp.o[0m
[1.577s] [ 41%] [32mBuilding CXX object CMakeFiles/pplanner_interfaces__rosidl_typesupport_fastrtps_cpp.dir/rosidl_typesupport_fastrtps_cpp/pplanner_interfaces/msg/detail/dds_fastrtps/path_gridset__type_support.cpp.o[0m
[1.577s] [ 41%] [32mBuilding CXX object CMakeFiles/pplanner_interfaces__rosidl_typesupport_fastrtps_cpp.dir/rosidl_typesupport_fastrtps_cpp/pplanner_interfaces/msg/detail/dds_fastrtps/path_grid__type_support.cpp.o[0m
[1.577s] [ 45%] [32mBuilding CXX object CMakeFiles/pplanner_interfaces__rosidl_typesupport_fastrtps_cpp.dir/rosidl_typesupport_fastrtps_cpp/pplanner_interfaces/msg/detail/dds_fastrtps/aruco_data__type_support.cpp.o[0m
[1.577s] [ 45%] [32mBuilding CXX object CMakeFiles/pplanner_interfaces__rosidl_typesupport_fastrtps_cpp.dir/rosidl_typesupport_fastrtps_cpp/pplanner_interfaces/msg/detail/dds_fastrtps/aruco_dataset__type_support.cpp.o[0m
[1.674s] [ 50%] [32mBuilding CXX object CMakeFiles/pplanner_interfaces__rosidl_typesupport_c.dir/rosidl_typesupport_c/pplanner_interfaces/msg/path_grid__type_support.cpp.o[0m
[1.674s] [ 50%] [32mBuilding CXX object CMakeFiles/pplanner_interfaces__rosidl_typesupport_c.dir/rosidl_typesupport_c/pplanner_interfaces/msg/path_gridset__type_support.cpp.o[0m
[1.674s] [ 50%] [32mBuilding CXX object CMakeFiles/pplanner_interfaces__rosidl_typesupport_c.dir/rosidl_typesupport_c/pplanner_interfaces/msg/aruco_dataset__type_support.cpp.o[0m
[1.674s] [ 52%] [32mBuilding CXX object CMakeFiles/pplanner_interfaces__rosidl_typesupport_c.dir/rosidl_typesupport_c/pplanner_interfaces/msg/aruco_data__type_support.cpp.o[0m
[1.713s] [ 54%] [32m[1mLinking CXX shared library libpplanner_interfaces__rosidl_typesupport_c.so[0m
[1.720s] [ 56%] [32mBuilding C object CMakeFiles/pplanner_interfaces__rosidl_typesupport_introspection_c.dir/rosidl_typesupport_introspection_c/pplanner_interfaces/msg/detail/path_grid__type_support.c.o[0m
[1.720s] [ 58%] [32mBuilding C object CMakeFiles/pplanner_interfaces__rosidl_typesupport_introspection_c.dir/rosidl_typesupport_introspection_c/pplanner_interfaces/msg/detail/path_gridset__type_support.c.o[0m
[1.721s] [ 60%] [32mBuilding C object CMakeFiles/pplanner_interfaces__rosidl_typesupport_introspection_c.dir/rosidl_typesupport_introspection_c/pplanner_interfaces/msg/detail/aruco_dataset__type_support.c.o[0m
[1.721s] [ 61%] [32mBuilding C object CMakeFiles/pplanner_interfaces__rosidl_typesupport_introspection_c.dir/rosidl_typesupport_introspection_c/pplanner_interfaces/msg/detail/aruco_data__type_support.c.o[0m
[1.745s] [ 63%] [32mBuilding CXX object CMakeFiles/pplanner_interfaces__rosidl_typesupport_fastrtps_c.dir/rosidl_typesupport_fastrtps_c/pplanner_interfaces/msg/detail/aruco_data__type_support_c.cpp.o[0m
[1.746s] [ 67%] [32mBuilding CXX object CMakeFiles/pplanner_interfaces__rosidl_typesupport_fastrtps_c.dir/rosidl_typesupport_fastrtps_c/pplanner_interfaces/msg/detail/path_gridset__type_support_c.cpp.o[0m
[1.746s] [ 67%] [32mBuilding CXX object CMakeFiles/pplanner_interfaces__rosidl_typesupport_fastrtps_c.dir/rosidl_typesupport_fastrtps_c/pplanner_interfaces/msg/detail/path_grid__type_support_c.cpp.o[0m
[1.747s] [ 69%] [32mBuilding CXX object CMakeFiles/pplanner_interfaces__rosidl_typesupport_fastrtps_c.dir/rosidl_typesupport_fastrtps_c/pplanner_interfaces/msg/detail/aruco_dataset__type_support_c.cpp.o[0m
[1.755s] [ 70%] [32m[1mLinking C shared library libpplanner_interfaces__rosidl_typesupport_introspection_c.so[0m
[1.759s] [ 70%] Built target pplanner_interfaces__rosidl_typesupport_c
[1.768s] [ 72%] [32m[1mLinking CXX shared library libpplanner_interfaces__rosidl_typesupport_cpp.so[0m
[1.778s] [ 72%] Built target pplanner_interfaces__rosidl_typesupport_introspection_c
[1.805s] [ 72%] Built target pplanner_interfaces__rosidl_typesupport_cpp
[2.000s] [ 74%] [32m[1mLinking CXX shared library libpplanner_interfaces__rosidl_typesupport_introspection_cpp.so[0m
[2.042s] [ 78%] [32m[1mLinking CXX shared library libpplanner_interfaces__rosidl_typesupport_fastrtps_c.so[0m
[2.042s] [ 78%] [32m[1mLinking CXX shared library libpplanner_interfaces__rosidl_typesupport_fastrtps_cpp.so[0m
[2.047s] [ 78%] Built target pplanner_interfaces__rosidl_typesupport_introspection_cpp
[2.085s] [ 78%] Built target pplanner_interfaces__rosidl_typesupport_fastrtps_c
[2.085s] [ 78%] Built target pplanner_interfaces__rosidl_typesupport_fastrtps_cpp
[2.095s] [ 78%] Built target pplanner_interfaces
[2.106s] [ 80%] [34m[1mGenerating Python code for ROS interfaces[0m
[2.366s] [ 80%] Built target pplanner_interfaces__py
[2.376s] [ 81%] [32mBuilding C object CMakeFiles/pplanner_interfaces__rosidl_generator_py.dir/rosidl_generator_py/pplanner_interfaces/msg/_path_grid_s.c.o[0m
[2.376s] [ 83%] [32mBuilding C object CMakeFiles/pplanner_interfaces__rosidl_generator_py.dir/rosidl_generator_py/pplanner_interfaces/msg/_path_gridset_s.c.o[0m
[2.376s] [ 85%] [32mBuilding C object CMakeFiles/pplanner_interfaces__rosidl_generator_py.dir/rosidl_generator_py/pplanner_interfaces/msg/_aruco_data_s.c.o[0m
[2.376s] [ 87%] [32mBuilding C object CMakeFiles/pplanner_interfaces__rosidl_generator_py.dir/rosidl_generator_py/pplanner_interfaces/msg/_aruco_dataset_s.c.o[0m
[2.434s] [ 89%] [32m[1mLinking C shared library rosidl_generator_py/pplanner_interfaces/libpplanner_interfaces__rosidl_generator_py.so[0m
[2.458s] [ 89%] Built target pplanner_interfaces__rosidl_generator_py
[2.469s] [ 92%] [32mBuilding C object CMakeFiles/pplanner_interfaces__rosidl_typesupport_introspection_c__pyext.dir/rosidl_generator_py/pplanner_interfaces/_pplanner_interfaces_s.ep.rosidl_typesupport_introspection_c.c.o[0m
[2.469s] [ 92%] [32mBuilding C object CMakeFiles/pplanner_interfaces__rosidl_typesupport_fastrtps_c__pyext.dir/rosidl_generator_py/pplanner_interfaces/_pplanner_interfaces_s.ep.rosidl_typesupport_fastrtps_c.c.o[0m
[2.469s] [ 94%] [32mBuilding C object CMakeFiles/pplanner_interfaces__rosidl_typesupport_c__pyext.dir/rosidl_generator_py/pplanner_interfaces/_pplanner_interfaces_s.ep.rosidl_typesupport_c.c.o[0m
[2.526s] [ 98%] [32m[1mLinking C shared library rosidl_generator_py/pplanner_interfaces/pplanner_interfaces_s__rosidl_typesupport_c.cpython-310-x86_64-linux-gnu.so[0m
[2.526s] [ 98%] [32m[1mLinking C shared library rosidl_generator_py/pplanner_interfaces/pplanner_interfaces_s__rosidl_typesupport_introspection_c.cpython-310-x86_64-linux-gnu.so[0m
[2.528s] [100%] [32m[1mLinking C shared library rosidl_generator_py/pplanner_interfaces/pplanner_interfaces_s__rosidl_typesupport_fastrtps_c.cpython-310-x86_64-linux-gnu.so[0m
[2.544s] [100%] Built target pplanner_interfaces__rosidl_typesupport_introspection_c__pyext
[2.544s] [100%] Built target pplanner_interfaces__rosidl_typesupport_c__pyext
[2.546s] [100%] Built target pplanner_interfaces__rosidl_typesupport_fastrtps_c__pyext
[2.553s] Invoked command in '/home/kelvin/pid_pilot_senior/build/pplanner_interfaces' returned '0': CMAKE_PREFIX_PATH=${CMAKE_PREFIX_PATH}:/home/kelvin/ros2_ws/install/turtle_catcher:/home/kelvin/pid_pilot_senior/install/pid_pilot_senior:/home/kelvin/testbot/install/robot1:/opt/ros/humble /usr/bin/cmake --build /home/kelvin/pid_pilot_senior/build/pplanner_interfaces -- -j20 -l20
[2.616s] Invoking command in '/home/kelvin/pid_pilot_senior/build/pplanner_interfaces': CMAKE_PREFIX_PATH=${CMAKE_PREFIX_PATH}:/home/kelvin/ros2_ws/install/turtle_catcher:/home/kelvin/pid_pilot_senior/install/pid_pilot_senior:/home/kelvin/testbot/install/robot1:/opt/ros/humble /usr/bin/cmake --install /home/kelvin/pid_pilot_senior/build/pplanner_interfaces
[2.620s] -- Install configuration: ""
[2.620s] -- Installing: /home/kelvin/pid_pilot_senior/install/pplanner_interfaces/share/ament_index/resource_index/rosidl_interfaces/pplanner_interfaces
[2.620s] -- Installing: /home/kelvin/pid_pilot_senior/install/pplanner_interfaces/include/pplanner_interfaces/pplanner_interfaces
[2.620s] -- Installing: /home/kelvin/pid_pilot_senior/install/pplanner_interfaces/include/pplanner_interfaces/pplanner_interfaces/msg
[2.620s] -- Installing: /home/kelvin/pid_pilot_senior/install/pplanner_interfaces/include/pplanner_interfaces/pplanner_interfaces/msg/path_grid.h
[2.621s] -- Installing: /home/kelvin/pid_pilot_senior/install/pplanner_interfaces/include/pplanner_interfaces/pplanner_interfaces/msg/aruco_data.h
[2.621s] -- Installing: /home/kelvin/pid_pilot_senior/install/pplanner_interfaces/include/pplanner_interfaces/pplanner_interfaces/msg/aruco_dataset.h
[2.621s] -- Installing: /home/kelvin/pid_pilot_senior/install/pplanner_interfaces/include/pplanner_interfaces/pplanner_interfaces/msg/rosidl_generator_c__visibility_control.h
[2.621s] -- Installing: /home/kelvin/pid_pilot_senior/install/pplanner_interfaces/include/pplanner_interfaces/pplanner_interfaces/msg/path_gridset.h
[2.621s] -- Installing: /home/kelvin/pid_pilot_senior/install/pplanner_interfaces/include/pplanner_interfaces/pplanner_interfaces/msg/detail
[2.621s] -- Installing: /home/kelvin/pid_pilot_senior/install/pplanner_interfaces/include/pplanner_interfaces/pplanner_interfaces/msg/detail/path_gridset__functions.h
[2.621s] -- Installing: /home/kelvin/pid_pilot_senior/install/pplanner_interfaces/include/pplanner_interfaces/pplanner_interfaces/msg/detail/path_grid__struct.h
[2.621s] -- Installing: /home/kelvin/pid_pilot_senior/install/pplanner_interfaces/include/pplanner_interfaces/pplanner_interfaces/msg/detail/aruco_dataset__functions.c
[2.621s] -- Installing: /home/kelvin/pid_pilot_senior/install/pplanner_interfaces/include/pplanner_interfaces/pplanner_interfaces/msg/detail/aruco_dataset__functions.h
[2.621s] -- Installing: /home/kelvin/pid_pilot_senior/install/pplanner_interfaces/include/pplanner_interfaces/pplanner_interfaces/msg/detail/path_gridset__type_support.h
[2.621s] -- Installing: /home/kelvin/pid_pilot_senior/install/pplanner_interfaces/include/pplanner_interfaces/pplanner_interfaces/msg/detail/aruco_dataset__struct.h
[2.621s] -- Installing: /home/kelvin/pid_pilot_senior/install/pplanner_interfaces/include/pplanner_interfaces/pplanner_interfaces/msg/detail/aruco_data__functions.c
[2.621s] -- Installing: /home/kelvin/pid_pilot_senior/install/pplanner_interfaces/include/pplanner_interfaces/pplanner_interfaces/msg/detail/aruco_dataset__type_support.h
[2.621s] -- Installing: /home/kelvin/pid_pilot_senior/install/pplanner_interfaces/include/pplanner_interfaces/pplanner_interfaces/msg/detail/path_grid__type_support.h
[2.621s] -- Installing: /home/kelvin/pid_pilot_senior/install/pplanner_interfaces/include/pplanner_interfaces/pplanner_interfaces/msg/detail/aruco_data__struct.h
[2.621s] -- Installing: /home/kelvin/pid_pilot_senior/install/pplanner_interfaces/include/pplanner_interfaces/pplanner_interfaces/msg/detail/path_grid__functions.c
[2.621s] -- Installing: /home/kelvin/pid_pilot_senior/install/pplanner_interfaces/include/pplanner_interfaces/pplanner_interfaces/msg/detail/path_gridset__functions.c
[2.621s] -- Installing: /home/kelvin/pid_pilot_senior/install/pplanner_interfaces/include/pplanner_interfaces/pplanner_interfaces/msg/detail/path_grid__functions.h
[2.621s] -- Installing: /home/kelvin/pid_pilot_senior/install/pplanner_interfaces/include/pplanner_interfaces/pplanner_interfaces/msg/detail/aruco_data__type_support.h
[2.621s] -- Installing: /home/kelvin/pid_pilot_senior/install/pplanner_interfaces/include/pplanner_interfaces/pplanner_interfaces/msg/detail/path_gridset__struct.h
[2.621s] -- Installing: /home/kelvin/pid_pilot_senior/install/pplanner_interfaces/include/pplanner_interfaces/pplanner_interfaces/msg/detail/aruco_data__functions.h
[2.621s] -- Installing: /home/kelvin/pid_pilot_senior/install/pplanner_interfaces/share/pplanner_interfaces/environment/library_path.sh
[2.621s] -- Installing: /home/kelvin/pid_pilot_senior/install/pplanner_interfaces/share/pplanner_interfaces/environment/library_path.dsv
[2.621s] -- Installing: /home/kelvin/pid_pilot_senior/install/pplanner_interfaces/lib/libpplanner_interfaces__rosidl_generator_c.so
[2.621s] -- Set runtime path of "/home/kelvin/pid_pilot_senior/install/pplanner_interfaces/lib/libpplanner_interfaces__rosidl_generator_c.so" to ""
[2.621s] -- Up-to-date: /home/kelvin/pid_pilot_senior/install/pplanner_interfaces/include/pplanner_interfaces/pplanner_interfaces
[2.621s] -- Up-to-date: /home/kelvin/pid_pilot_senior/install/pplanner_interfaces/include/pplanner_interfaces/pplanner_interfaces/msg
[2.621s] -- Installing: /home/kelvin/pid_pilot_senior/install/pplanner_interfaces/include/pplanner_interfaces/pplanner_interfaces/msg/rosidl_typesupport_fastrtps_c__visibility_control.h
[2.621s] -- Up-to-date: /home/kelvin/pid_pilot_senior/install/pplanner_interfaces/include/pplanner_interfaces/pplanner_interfaces/msg/detail
[2.622s] -- Installing: /home/kelvin/pid_pilot_senior/install/pplanner_interfaces/include/pplanner_interfaces/pplanner_interfaces/msg/detail/path_gridset__rosidl_typesupport_fastrtps_c.h
[2.622s] -- Installing: /home/kelvin/pid_pilot_senior/install/pplanner_interfaces/include/pplanner_interfaces/pplanner_interfaces/msg/detail/aruco_data__rosidl_typesupport_fastrtps_c.h
[2.622s] -- Installing: /home/kelvin/pid_pilot_senior/install/pplanner_interfaces/include/pplanner_interfaces/pplanner_interfaces/msg/detail/path_grid__rosidl_typesupport_fastrtps_c.h
[2.622s] -- Installing: /home/kelvin/pid_pilot_senior/install/pplanner_interfaces/include/pplanner_interfaces/pplanner_interfaces/msg/detail/aruco_dataset__rosidl_typesupport_fastrtps_c.h
[2.622s] -- Installing: /home/kelvin/pid_pilot_senior/install/pplanner_interfaces/lib/libpplanner_interfaces__rosidl_typesupport_fastrtps_c.so
[2.622s] -- Set runtime path of "/home/kelvin/pid_pilot_senior/install/pplanner_interfaces/lib/libpplanner_interfaces__rosidl_typesupport_fastrtps_c.so" to ""
[2.622s] -- Up-to-date: /home/kelvin/pid_pilot_senior/install/pplanner_interfaces/include/pplanner_interfaces/pplanner_interfaces
[2.622s] -- Up-to-date: /home/kelvin/pid_pilot_senior/install/pplanner_interfaces/include/pplanner_interfaces/pplanner_interfaces/msg
[2.622s] -- Installing: /home/kelvin/pid_pilot_senior/install/pplanner_interfaces/include/pplanner_interfaces/pplanner_interfaces/msg/rosidl_typesupport_introspection_c__visibility_control.h
[2.622s] -- Up-to-date: /home/kelvin/pid_pilot_senior/install/pplanner_interfaces/include/pplanner_interfaces/pplanner_interfaces/msg/detail
[2.622s] -- Installing: /home/kelvin/pid_pilot_senior/install/pplanner_interfaces/include/pplanner_interfaces/pplanner_interfaces/msg/detail/aruco_dataset__type_support.c
[2.622s] -- Installing: /home/kelvin/pid_pilot_senior/install/pplanner_interfaces/include/pplanner_interfaces/pplanner_interfaces/msg/detail/path_grid__rosidl_typesupport_introspection_c.h
[2.622s] -- Installing: /home/kelvin/pid_pilot_senior/install/pplanner_interfaces/include/pplanner_interfaces/pplanner_interfaces/msg/detail/aruco_data__type_support.c
[2.622s] -- Installing: /home/kelvin/pid_pilot_senior/install/pplanner_interfaces/include/pplanner_interfaces/pplanner_interfaces/msg/detail/path_grid__type_support.c
[2.622s] -- Installing: /home/kelvin/pid_pilot_senior/install/pplanner_interfaces/include/pplanner_interfaces/pplanner_interfaces/msg/detail/aruco_dataset__rosidl_typesupport_introspection_c.h
[2.622s] -- Installing: /home/kelvin/pid_pilot_senior/install/pplanner_interfaces/include/pplanner_interfaces/pplanner_interfaces/msg/detail/path_gridset__type_support.c
[2.622s] -- Installing: /home/kelvin/pid_pilot_senior/install/pplanner_interfaces/include/pplanner_interfaces/pplanner_interfaces/msg/detail/path_gridset__rosidl_typesupport_introspection_c.h
[2.622s] -- Installing: /home/kelvin/pid_pilot_senior/install/pplanner_interfaces/include/pplanner_interfaces/pplanner_interfaces/msg/detail/aruco_data__rosidl_typesupport_introspection_c.h
[2.622s] -- Installing: /home/kelvin/pid_pilot_senior/install/pplanner_interfaces/lib/libpplanner_interfaces__rosidl_typesupport_introspection_c.so
[2.622s] -- Set runtime path of "/home/kelvin/pid_pilot_senior/install/pplanner_interfaces/lib/libpplanner_interfaces__rosidl_typesupport_introspection_c.so" to ""
[2.622s] -- Installing: /home/kelvin/pid_pilot_senior/install/pplanner_interfaces/lib/libpplanner_interfaces__rosidl_typesupport_c.so
[2.622s] -- Set runtime path of "/home/kelvin/pid_pilot_senior/install/pplanner_interfaces/lib/libpplanner_interfaces__rosidl_typesupport_c.so" to ""
[2.622s] -- Up-to-date: /home/kelvin/pid_pilot_senior/install/pplanner_interfaces/include/pplanner_interfaces/pplanner_interfaces
[2.622s] -- Up-to-date: /home/kelvin/pid_pilot_senior/install/pplanner_interfaces/include/pplanner_interfaces/pplanner_interfaces/msg
[2.623s] -- Installing: /home/kelvin/pid_pilot_senior/install/pplanner_interfaces/include/pplanner_interfaces/pplanner_interfaces/msg/aruco_data.hpp
[2.623s] -- Installing: /home/kelvin/pid_pilot_senior/install/pplanner_interfaces/include/pplanner_interfaces/pplanner_interfaces/msg/path_grid.hpp
[2.623s] -- Installing: /home/kelvin/pid_pilot_senior/install/pplanner_interfaces/include/pplanner_interfaces/pplanner_interfaces/msg/aruco_dataset.hpp
[2.623s] -- Installing: /home/kelvin/pid_pilot_senior/install/pplanner_interfaces/include/pplanner_interfaces/pplanner_interfaces/msg/path_gridset.hpp
[2.623s] -- Up-to-date: /home/kelvin/pid_pilot_senior/install/pplanner_interfaces/include/pplanner_interfaces/pplanner_interfaces/msg/detail
[2.623s] -- Installing: /home/kelvin/pid_pilot_senior/install/pplanner_interfaces/include/pplanner_interfaces/pplanner_interfaces/msg/detail/path_grid__builder.hpp
[2.623s] -- Installing: /home/kelvin/pid_pilot_senior/install/pplanner_interfaces/include/pplanner_interfaces/pplanner_interfaces/msg/detail/aruco_dataset__builder.hpp
[2.623s] -- Installing: /home/kelvin/pid_pilot_senior/install/pplanner_interfaces/include/pplanner_interfaces/pplanner_interfaces/msg/detail/path_gridset__traits.hpp
[2.623s] -- Installing: /home/kelvin/pid_pilot_senior/install/pplanner_interfaces/include/pplanner_interfaces/pplanner_interfaces/msg/detail/path_grid__traits.hpp
[2.623s] -- Installing: /home/kelvin/pid_pilot_senior/install/pplanner_interfaces/include/pplanner_interfaces/pplanner_interfaces/msg/detail/aruco_dataset__traits.hpp
[2.623s] -- Installing: /home/kelvin/pid_pilot_senior/install/pplanner_interfaces/include/pplanner_interfaces/pplanner_interfaces/msg/detail/path_gridset__struct.hpp
[2.623s] -- Installing: /home/kelvin/pid_pilot_senior/install/pplanner_interfaces/include/pplanner_interfaces/pplanner_interfaces/msg/detail/aruco_data__traits.hpp
[2.623s] -- Installing: /home/kelvin/pid_pilot_senior/install/pplanner_interfaces/include/pplanner_interfaces/pplanner_interfaces/msg/detail/path_gridset__builder.hpp
[2.623s] -- Installing: /home/kelvin/pid_pilot_senior/install/pplanner_interfaces/include/pplanner_interfaces/pplanner_interfaces/msg/detail/path_grid__struct.hpp
[2.623s] -- Installing: /home/kelvin/pid_pilot_senior/install/pplanner_interfaces/include/pplanner_interfaces/pplanner_interfaces/msg/detail/aruco_data__builder.hpp
[2.623s] -- Installing: /home/kelvin/pid_pilot_senior/install/pplanner_interfaces/include/pplanner_interfaces/pplanner_interfaces/msg/detail/aruco_dataset__struct.hpp
[2.623s] -- Installing: /home/kelvin/pid_pilot_senior/install/pplanner_interfaces/include/pplanner_interfaces/pplanner_interfaces/msg/detail/aruco_data__struct.hpp
[2.623s] -- Up-to-date: /home/kelvin/pid_pilot_senior/install/pplanner_interfaces/include/pplanner_interfaces/pplanner_interfaces
[2.623s] -- Up-to-date: /home/kelvin/pid_pilot_senior/install/pplanner_interfaces/include/pplanner_interfaces/pplanner_interfaces/msg
[2.623s] -- Installing: /home/kelvin/pid_pilot_senior/install/pplanner_interfaces/include/pplanner_interfaces/pplanner_interfaces/msg/rosidl_typesupport_fastrtps_cpp__visibility_control.h
[2.623s] -- Up-to-date: /home/kelvin/pid_pilot_senior/install/pplanner_interfaces/include/pplanner_interfaces/pplanner_interfaces/msg/detail
[2.623s] -- Installing: /home/kelvin/pid_pilot_senior/install/pplanner_interfaces/include/pplanner_interfaces/pplanner_interfaces/msg/detail/aruco_data__rosidl_typesupport_fastrtps_cpp.hpp
[2.623s] -- Installing: /home/kelvin/pid_pilot_senior/install/pplanner_interfaces/include/pplanner_interfaces/pplanner_interfaces/msg/detail/path_grid__rosidl_typesupport_fastrtps_cpp.hpp
[2.624s] -- Installing: /home/kelvin/pid_pilot_senior/install/pplanner_interfaces/include/pplanner_interfaces/pplanner_interfaces/msg/detail/aruco_dataset__rosidl_typesupport_fastrtps_cpp.hpp
[2.624s] -- Installing: /home/kelvin/pid_pilot_senior/install/pplanner_interfaces/include/pplanner_interfaces/pplanner_interfaces/msg/detail/path_gridset__rosidl_typesupport_fastrtps_cpp.hpp
[2.624s] -- Installing: /home/kelvin/pid_pilot_senior/install/pplanner_interfaces/include/pplanner_interfaces/pplanner_interfaces/msg/detail/dds_fastrtps
[2.624s] -- Installing: /home/kelvin/pid_pilot_senior/install/pplanner_interfaces/lib/libpplanner_interfaces__rosidl_typesupport_fastrtps_cpp.so
[2.624s] -- Set runtime path of "/home/kelvin/pid_pilot_senior/install/pplanner_interfaces/lib/libpplanner_interfaces__rosidl_typesupport_fastrtps_cpp.so" to ""
[2.624s] -- Up-to-date: /home/kelvin/pid_pilot_senior/install/pplanner_interfaces/include/pplanner_interfaces/pplanner_interfaces
[2.624s] -- Up-to-date: /home/kelvin/pid_pilot_senior/install/pplanner_interfaces/include/pplanner_interfaces/pplanner_interfaces/msg
[2.624s] -- Up-to-date: /home/kelvin/pid_pilot_senior/install/pplanner_interfaces/include/pplanner_interfaces/pplanner_interfaces/msg/detail
[2.624s] -- Installing: /home/kelvin/pid_pilot_senior/install/pplanner_interfaces/include/pplanner_interfaces/pplanner_interfaces/msg/detail/path_gridset__rosidl_typesupport_introspection_cpp.hpp
[2.624s] -- Installing: /home/kelvin/pid_pilot_senior/install/pplanner_interfaces/include/pplanner_interfaces/pplanner_interfaces/msg/detail/aruco_dataset__type_support.cpp
[2.624s] -- Installing: /home/kelvin/pid_pilot_senior/install/pplanner_interfaces/include/pplanner_interfaces/pplanner_interfaces/msg/detail/path_gridset__type_support.cpp
[2.624s] -- Installing: /home/kelvin/pid_pilot_senior/install/pplanner_interfaces/include/pplanner_interfaces/pplanner_interfaces/msg/detail/path_grid__rosidl_typesupport_introspection_cpp.hpp
[2.624s] -- Installing: /home/kelvin/pid_pilot_senior/install/pplanner_interfaces/include/pplanner_interfaces/pplanner_interfaces/msg/detail/path_grid__type_support.cpp
[2.624s] -- Installing: /home/kelvin/pid_pilot_senior/install/pplanner_interfaces/include/pplanner_interfaces/pplanner_interfaces/msg/detail/aruco_dataset__rosidl_typesupport_introspection_cpp.hpp
[2.624s] -- Installing: /home/kelvin/pid_pilot_senior/install/pplanner_interfaces/include/pplanner_interfaces/pplanner_interfaces/msg/detail/aruco_data__rosidl_typesupport_introspection_cpp.hpp
[2.624s] -- Installing: /home/kelvin/pid_pilot_senior/install/pplanner_interfaces/include/pplanner_interfaces/pplanner_interfaces/msg/detail/aruco_data__type_support.cpp
[2.624s] -- Installing: /home/kelvin/pid_pilot_senior/install/pplanner_interfaces/lib/libpplanner_interfaces__rosidl_typesupport_introspection_cpp.so
[2.624s] -- Set runtime path of "/home/kelvin/pid_pilot_senior/install/pplanner_interfaces/lib/libpplanner_interfaces__rosidl_typesupport_introspection_cpp.so" to ""
[2.624s] -- Installing: /home/kelvin/pid_pilot_senior/install/pplanner_interfaces/lib/libpplanner_interfaces__rosidl_typesupport_cpp.so
[2.624s] -- Set runtime path of "/home/kelvin/pid_pilot_senior/install/pplanner_interfaces/lib/libpplanner_interfaces__rosidl_typesupport_cpp.so" to ""
[2.624s] -- Installing: /home/kelvin/pid_pilot_senior/install/pplanner_interfaces/share/pplanner_interfaces/environment/pythonpath.sh
[2.624s] -- Installing: /home/kelvin/pid_pilot_senior/install/pplanner_interfaces/share/pplanner_interfaces/environment/pythonpath.dsv
[2.624s] -- Installing: /home/kelvin/pid_pilot_senior/install/pplanner_interfaces/local/lib/python3.10/dist-packages/pplanner_interfaces-0.0.0-py3.10.egg-info
[2.624s] -- Installing: /home/kelvin/pid_pilot_senior/install/pplanner_interfaces/local/lib/python3.10/dist-packages/pplanner_interfaces-0.0.0-py3.10.egg-info/top_level.txt
[2.625s] -- Installing: /home/kelvin/pid_pilot_senior/install/pplanner_interfaces/local/lib/python3.10/dist-packages/pplanner_interfaces-0.0.0-py3.10.egg-info/PKG-INFO
[2.625s] -- Installing: /home/kelvin/pid_pilot_senior/install/pplanner_interfaces/local/lib/python3.10/dist-packages/pplanner_interfaces-0.0.0-py3.10.egg-info/dependency_links.txt
[2.625s] -- Installing: /home/kelvin/pid_pilot_senior/install/pplanner_interfaces/local/lib/python3.10/dist-packages/pplanner_interfaces-0.0.0-py3.10.egg-info/SOURCES.txt
[2.625s] -- Installing: /home/kelvin/pid_pilot_senior/install/pplanner_interfaces/local/lib/python3.10/dist-packages/pplanner_interfaces
[2.625s] -- Installing: /home/kelvin/pid_pilot_senior/install/pplanner_interfaces/local/lib/python3.10/dist-packages/pplanner_interfaces/_pplanner_interfaces_s.ep.rosidl_typesupport_c.c
[2.625s] -- Installing: /home/kelvin/pid_pilot_senior/install/pplanner_interfaces/local/lib/python3.10/dist-packages/pplanner_interfaces/_pplanner_interfaces_s.ep.rosidl_typesupport_introspection_c.c
[2.625s] -- Installing: /home/kelvin/pid_pilot_senior/install/pplanner_interfaces/local/lib/python3.10/dist-packages/pplanner_interfaces/pplanner_interfaces_s__rosidl_typesupport_fastrtps_c.cpython-310-x86_64-linux-gnu.so
[2.625s] -- Installing: /home/kelvin/pid_pilot_senior/install/pplanner_interfaces/local/lib/python3.10/dist-packages/pplanner_interfaces/msg
[2.625s] -- Installing: /home/kelvin/pid_pilot_senior/install/pplanner_interfaces/local/lib/python3.10/dist-packages/pplanner_interfaces/msg/_path_gridset_s.c
[2.625s] -- Installing: /home/kelvin/pid_pilot_senior/install/pplanner_interfaces/local/lib/python3.10/dist-packages/pplanner_interfaces/msg/_path_gridset.py
[2.625s] -- Installing: /home/kelvin/pid_pilot_senior/install/pplanner_interfaces/local/lib/python3.10/dist-packages/pplanner_interfaces/msg/_aruco_data.py
[2.625s] -- Installing: /home/kelvin/pid_pilot_senior/install/pplanner_interfaces/local/lib/python3.10/dist-packages/pplanner_interfaces/msg/_path_grid_s.c
[2.625s] -- Installing: /home/kelvin/pid_pilot_senior/install/pplanner_interfaces/local/lib/python3.10/dist-packages/pplanner_interfaces/msg/_aruco_data_s.c
[2.625s] -- Installing: /home/kelvin/pid_pilot_senior/install/pplanner_interfaces/local/lib/python3.10/dist-packages/pplanner_interfaces/msg/__init__.py
[2.625s] -- Installing: /home/kelvin/pid_pilot_senior/install/pplanner_interfaces/local/lib/python3.10/dist-packages/pplanner_interfaces/msg/_aruco_dataset.py
[2.625s] -- Installing: /home/kelvin/pid_pilot_senior/install/pplanner_interfaces/local/lib/python3.10/dist-packages/pplanner_interfaces/msg/_aruco_dataset_s.c
[2.625s] -- Installing: /home/kelvin/pid_pilot_senior/install/pplanner_interfaces/local/lib/python3.10/dist-packages/pplanner_interfaces/msg/_path_grid.py
[2.625s] -- Installing: /home/kelvin/pid_pilot_senior/install/pplanner_interfaces/local/lib/python3.10/dist-packages/pplanner_interfaces/_pplanner_interfaces_s.ep.rosidl_typesupport_fastrtps_c.c
[2.625s] -- Installing: /home/kelvin/pid_pilot_senior/install/pplanner_interfaces/local/lib/python3.10/dist-packages/pplanner_interfaces/pplanner_interfaces_s__rosidl_typesupport_c.cpython-310-x86_64-linux-gnu.so
[2.625s] -- Installing: /home/kelvin/pid_pilot_senior/install/pplanner_interfaces/local/lib/python3.10/dist-packages/pplanner_interfaces/__init__.py
[2.625s] -- Installing: /home/kelvin/pid_pilot_senior/install/pplanner_interfaces/local/lib/python3.10/dist-packages/pplanner_interfaces/pplanner_interfaces_s__rosidl_typesupport_introspection_c.cpython-310-x86_64-linux-gnu.so
[2.625s] -- Installing: /home/kelvin/pid_pilot_senior/install/pplanner_interfaces/local/lib/python3.10/dist-packages/pplanner_interfaces/libpplanner_interfaces__rosidl_generator_py.so
[2.648s] Listing '/home/kelvin/pid_pilot_senior/install/pplanner_interfaces/local/lib/python3.10/dist-packages/pplanner_interfaces'...
[2.648s] Compiling '/home/kelvin/pid_pilot_senior/install/pplanner_interfaces/local/lib/python3.10/dist-packages/pplanner_interfaces/__init__.py'...
[2.648s] Listing '/home/kelvin/pid_pilot_senior/install/pplanner_interfaces/local/lib/python3.10/dist-packages/pplanner_interfaces/msg'...
[2.648s] Compiling '/home/kelvin/pid_pilot_senior/install/pplanner_interfaces/local/lib/python3.10/dist-packages/pplanner_interfaces/msg/__init__.py'...
[2.648s] Compiling '/home/kelvin/pid_pilot_senior/install/pplanner_interfaces/local/lib/python3.10/dist-packages/pplanner_interfaces/msg/_aruco_data.py'...
[2.648s] Compiling '/home/kelvin/pid_pilot_senior/install/pplanner_interfaces/local/lib/python3.10/dist-packages/pplanner_interfaces/msg/_aruco_dataset.py'...
[2.648s] Compiling '/home/kelvin/pid_pilot_senior/install/pplanner_interfaces/local/lib/python3.10/dist-packages/pplanner_interfaces/msg/_path_grid.py'...
[2.648s] Compiling '/home/kelvin/pid_pilot_senior/install/pplanner_interfaces/local/lib/python3.10/dist-packages/pplanner_interfaces/msg/_path_gridset.py'...
[2.650s] -- Installing: /home/kelvin/pid_pilot_senior/install/pplanner_interfaces/local/lib/python3.10/dist-packages/pplanner_interfaces/pplanner_interfaces_s__rosidl_typesupport_fastrtps_c.cpython-310-x86_64-linux-gnu.so
[2.651s] -- Set runtime path of "/home/kelvin/pid_pilot_senior/install/pplanner_interfaces/local/lib/python3.10/dist-packages/pplanner_interfaces/pplanner_interfaces_s__rosidl_typesupport_fastrtps_c.cpython-310-x86_64-linux-gnu.so" to ""
[2.651s] -- Installing: /home/kelvin/pid_pilot_senior/install/pplanner_interfaces/local/lib/python3.10/dist-packages/pplanner_interfaces/pplanner_interfaces_s__rosidl_typesupport_introspection_c.cpython-310-x86_64-linux-gnu.so
[2.651s] -- Set runtime path of "/home/kelvin/pid_pilot_senior/install/pplanner_interfaces/local/lib/python3.10/dist-packages/pplanner_interfaces/pplanner_interfaces_s__rosidl_typesupport_introspection_c.cpython-310-x86_64-linux-gnu.so" to ""
[2.651s] -- Installing: /home/kelvin/pid_pilot_senior/install/pplanner_interfaces/local/lib/python3.10/dist-packages/pplanner_interfaces/pplanner_interfaces_s__rosidl_typesupport_c.cpython-310-x86_64-linux-gnu.so
[2.651s] -- Set runtime path of "/home/kelvin/pid_pilot_senior/install/pplanner_interfaces/local/lib/python3.10/dist-packages/pplanner_interfaces/pplanner_interfaces_s__rosidl_typesupport_c.cpython-310-x86_64-linux-gnu.so" to ""
[2.651s] -- Installing: /home/kelvin/pid_pilot_senior/install/pplanner_interfaces/lib/libpplanner_interfaces__rosidl_generator_py.so
[2.651s] -- Set runtime path of "/home/kelvin/pid_pilot_senior/install/pplanner_interfaces/lib/libpplanner_interfaces__rosidl_generator_py.so" to ""
[2.651s] -- Installing: /home/kelvin/pid_pilot_senior/install/pplanner_interfaces/share/pplanner_interfaces/msg/PathGrid.idl
[2.651s] -- Installing: /home/kelvin/pid_pilot_senior/install/pplanner_interfaces/share/pplanner_interfaces/msg/PathGridset.idl
[2.651s] -- Installing: /home/kelvin/pid_pilot_senior/install/pplanner_interfaces/share/pplanner_interfaces/msg/ArucoData.idl
[2.651s] -- Installing: /home/kelvin/pid_pilot_senior/install/pplanner_interfaces/share/pplanner_interfaces/msg/ArucoDataset.idl
[2.652s] -- Installing: /home/kelvin/pid_pilot_senior/install/pplanner_interfaces/share/pplanner_interfaces/msg/PathGrid.msg
[2.652s] -- Installing: /home/kelvin/pid_pilot_senior/install/pplanner_interfaces/share/pplanner_interfaces/msg/PathGridset.msg
[2.652s] -- Installing: /home/kelvin/pid_pilot_senior/install/pplanner_interfaces/share/pplanner_interfaces/msg/ArucoData.msg
[2.652s] -- Installing: /home/kelvin/pid_pilot_senior/install/pplanner_interfaces/share/pplanner_interfaces/msg/ArucoDataset.msg
[2.652s] -- Installing: /home/kelvin/pid_pilot_senior/install/pplanner_interfaces/share/ament_index/resource_index/package_run_dependencies/pplanner_interfaces
[2.652s] -- Installing: /home/kelvin/pid_pilot_senior/install/pplanner_interfaces/share/ament_index/resource_index/parent_prefix_path/pplanner_interfaces
[2.652s] -- Installing: /home/kelvin/pid_pilot_senior/install/pplanner_interfaces/share/pplanner_interfaces/environment/ament_prefix_path.sh
[2.652s] -- Installing: /home/kelvin/pid_pilot_senior/install/pplanner_interfaces/share/pplanner_interfaces/environment/ament_prefix_path.dsv
[2.652s] -- Installing: /home/kelvin/pid_pilot_senior/install/pplanner_interfaces/share/pplanner_interfaces/environment/path.sh
[2.652s] -- Installing: /home/kelvin/pid_pilot_senior/install/pplanner_interfaces/share/pplanner_interfaces/environment/path.dsv
[2.652s] -- Installing: /home/kelvin/pid_pilot_senior/install/pplanner_interfaces/share/pplanner_interfaces/local_setup.bash
[2.652s] -- Installing: /home/kelvin/pid_pilot_senior/install/pplanner_interfaces/share/pplanner_interfaces/local_setup.sh
[2.652s] -- Installing: /home/kelvin/pid_pilot_senior/install/pplanner_interfaces/share/pplanner_interfaces/local_setup.zsh
[2.652s] -- Installing: /home/kelvin/pid_pilot_senior/install/pplanner_interfaces/share/pplanner_interfaces/local_setup.dsv
[2.652s] -- Installing: /home/kelvin/pid_pilot_senior/install/pplanner_interfaces/share/pplanner_interfaces/package.dsv
[2.652s] -- Installing: /home/kelvin/pid_pilot_senior/install/pplanner_interfaces/share/ament_index/resource_index/packages/pplanner_interfaces
[2.652s] -- Installing: /home/kelvin/pid_pilot_senior/install/pplanner_interfaces/share/pplanner_interfaces/cmake/export_pplanner_interfaces__rosidl_generator_cExport.cmake
[2.652s] -- Installing: /home/kelvin/pid_pilot_senior/install/pplanner_interfaces/share/pplanner_interfaces/cmake/export_pplanner_interfaces__rosidl_generator_cExport-noconfig.cmake
[2.652s] -- Installing: /home/kelvin/pid_pilot_senior/install/pplanner_interfaces/share/pplanner_interfaces/cmake/export_pplanner_interfaces__rosidl_typesupport_fastrtps_cExport.cmake
[2.652s] -- Installing: /home/kelvin/pid_pilot_senior/install/pplanner_interfaces/share/pplanner_interfaces/cmake/export_pplanner_interfaces__rosidl_typesupport_fastrtps_cExport-noconfig.cmake
[2.652s] -- Installing: /home/kelvin/pid_pilot_senior/install/pplanner_interfaces/share/pplanner_interfaces/cmake/pplanner_interfaces__rosidl_typesupport_introspection_cExport.cmake
[2.652s] -- Installing: /home/kelvin/pid_pilot_senior/install/pplanner_interfaces/share/pplanner_interfaces/cmake/pplanner_interfaces__rosidl_typesupport_introspection_cExport-noconfig.cmake
[2.652s] -- Installing: /home/kelvin/pid_pilot_senior/install/pplanner_interfaces/share/pplanner_interfaces/cmake/pplanner_interfaces__rosidl_typesupport_cExport.cmake
[2.653s] -- Installing: /home/kelvin/pid_pilot_senior/install/pplanner_interfaces/share/pplanner_interfaces/cmake/pplanner_interfaces__rosidl_typesupport_cExport-noconfig.cmake
[2.653s] -- Installing: /home/kelvin/pid_pilot_senior/install/pplanner_interfaces/share/pplanner_interfaces/cmake/export_pplanner_interfaces__rosidl_generator_cppExport.cmake
[2.653s] -- Installing: /home/kelvin/pid_pilot_senior/install/pplanner_interfaces/share/pplanner_interfaces/cmake/export_pplanner_interfaces__rosidl_typesupport_fastrtps_cppExport.cmake
[2.653s] -- Installing: /home/kelvin/pid_pilot_senior/install/pplanner_interfaces/share/pplanner_interfaces/cmake/export_pplanner_interfaces__rosidl_typesupport_fastrtps_cppExport-noconfig.cmake
[2.653s] -- Installing: /home/kelvin/pid_pilot_senior/install/pplanner_interfaces/share/pplanner_interfaces/cmake/pplanner_interfaces__rosidl_typesupport_introspection_cppExport.cmake
[2.653s] -- Installing: /home/kelvin/pid_pilot_senior/install/pplanner_interfaces/share/pplanner_interfaces/cmake/pplanner_interfaces__rosidl_typesupport_introspection_cppExport-noconfig.cmake
[2.653s] -- Installing: /home/kelvin/pid_pilot_senior/install/pplanner_interfaces/share/pplanner_interfaces/cmake/pplanner_interfaces__rosidl_typesupport_cppExport.cmake
[2.653s] -- Installing: /home/kelvin/pid_pilot_senior/install/pplanner_interfaces/share/pplanner_interfaces/cmake/pplanner_interfaces__rosidl_typesupport_cppExport-noconfig.cmake
[2.653s] -- Installing: /home/kelvin/pid_pilot_senior/install/pplanner_interfaces/share/pplanner_interfaces/cmake/export_pplanner_interfaces__rosidl_generator_pyExport.cmake
[2.653s] -- Installing: /home/kelvin/pid_pilot_senior/install/pplanner_interfaces/share/pplanner_interfaces/cmake/export_pplanner_interfaces__rosidl_generator_pyExport-noconfig.cmake
[2.653s] -- Installing: /home/kelvin/pid_pilot_senior/install/pplanner_interfaces/share/pplanner_interfaces/cmake/rosidl_cmake-extras.cmake
[2.653s] -- Installing: /home/kelvin/pid_pilot_senior/install/pplanner_interfaces/share/pplanner_interfaces/cmake/ament_cmake_export_include_directories-extras.cmake
[2.653s] -- Installing: /home/kelvin/pid_pilot_senior/install/pplanner_interfaces/share/pplanner_interfaces/cmake/ament_cmake_export_libraries-extras.cmake
[2.653s] -- Installing: /home/kelvin/pid_pilot_senior/install/pplanner_interfaces/share/pplanner_interfaces/cmake/ament_cmake_export_targets-extras.cmake
[2.653s] -- Installing: /home/kelvin/pid_pilot_senior/install/pplanner_interfaces/share/pplanner_interfaces/cmake/rosidl_cmake_export_typesupport_targets-extras.cmake
[2.653s] -- Installing: /home/kelvin/pid_pilot_senior/install/pplanner_interfaces/share/pplanner_interfaces/cmake/ament_cmake_export_dependencies-extras.cmake
[2.653s] -- Installing: /home/kelvin/pid_pilot_senior/install/pplanner_interfaces/share/pplanner_interfaces/cmake/rosidl_cmake_export_typesupport_libraries-extras.cmake
[2.653s] -- Installing: /home/kelvin/pid_pilot_senior/install/pplanner_interfaces/share/pplanner_interfaces/cmake/pplanner_interfacesConfig.cmake
[2.653s] -- Installing: /home/kelvin/pid_pilot_senior/install/pplanner_interfaces/share/pplanner_interfaces/cmake/pplanner_interfacesConfig-version.cmake
[2.653s] -- Installing: /home/kelvin/pid_pilot_senior/install/pplanner_interfaces/share/pplanner_interfaces/package.xml
[2.655s] Invoked command in '/home/kelvin/pid_pilot_senior/build/pplanner_interfaces' returned '0': CMAKE_PREFIX_PATH=${CMAKE_PREFIX_PATH}:/home/kelvin/ros2_ws/install/turtle_catcher:/home/kelvin/pid_pilot_senior/install/pid_pilot_senior:/home/kelvin/testbot/install/robot1:/opt/ros/humble /usr/bin/cmake --install /home/kelvin/pid_pilot_senior/build/pplanner_interfaces
