[0.682s] DEBUG:colcon:Command line arguments: ['/usr/bin/colcon', 'build']
[0.683s] DEBUG:colcon:Parsed command line arguments: Namespace(log_base=None, log_level=None, verb_name='build', build_base='build', install_base='install', merge_install=False, symlink_install=False, test_result_base=None, continue_on_error=False, executor='parallel', parallel_workers=4, event_handlers=None, ignore_user_meta=False, metas=['./colcon.meta'], base_paths=['.'], packages_ignore=None, packages_ignore_regex=None, paths=None, packages_up_to=None, packages_up_to_regex=None, packages_above=None, packages_above_and_dependencies=None, packages_above_depth=None, packages_select_by_dep=None, packages_skip_by_dep=None, packages_skip_up_to=None, packages_select_build_failed=False, packages_skip_build_finished=False, packages_select_test_failures=False, packages_skip_test_passed=False, packages_select=None, packages_skip=None, packages_select_regex=None, packages_skip_regex=None, packages_start=None, packages_end=None, allow_overriding=[], cmake_args=None, cmake_target=None, cmake_target_skip_unavailable=False, cmake_clean_cache=False, cmake_clean_first=False, cmake_force_configure=False, ament_cmake_args=None, catkin_cmake_args=None, catkin_skip_building_tests=False, verb_parser=<colcon_defaults.argument_parser.defaults.DefaultArgumentsDecorator object at 0xffff9cb4c460>, verb_extension=<colcon_core.verb.build.BuildVerb object at 0xffff9cb1be50>, main=<bound method BuildVerb.main of <colcon_core.verb.build.BuildVerb object at 0xffff9cb1be50>>)
[2.177s] Level 1:colcon.colcon_core.package_discovery:discover_packages(colcon_meta) check parameters
[2.178s] Level 1:colcon.colcon_core.package_discovery:discover_packages(recursive) check parameters
[2.178s] Level 1:colcon.colcon_core.package_discovery:discover_packages(ignore) check parameters
[2.178s] Level 1:colcon.colcon_core.package_discovery:discover_packages(path) check parameters
[2.178s] Level 1:colcon.colcon_core.package_discovery:discover_packages(colcon_meta) discover
[2.179s] Level 1:colcon.colcon_core.package_discovery:discover_packages(recursive) discover
[2.179s] INFO:colcon.colcon_core.package_discovery:Crawling recursively for packages in '/home/dualipa/pid_pilot_senior'
[2.179s] Level 1:colcon.colcon_core.package_identification:_identify(.) by extensions ['ignore', 'ignore_ament_install']
[2.180s] Level 1:colcon.colcon_core.package_identification:_identify(.) by extension 'ignore'
[2.181s] Level 1:colcon.colcon_core.package_identification:_identify(.) by extension 'ignore_ament_install'
[2.181s] Level 1:colcon.colcon_core.package_identification:_identify(.) by extensions ['colcon_pkg']
[2.182s] Level 1:colcon.colcon_core.package_identification:_identify(.) by extension 'colcon_pkg'
[2.182s] Level 1:colcon.colcon_core.package_identification:_identify(.) by extensions ['colcon_meta']
[2.182s] Level 1:colcon.colcon_core.package_identification:_identify(.) by extension 'colcon_meta'
[2.182s] Level 1:colcon.colcon_core.package_identification:_identify(.) by extensions ['ros']
[2.183s] Level 1:colcon.colcon_core.package_identification:_identify(.) by extension 'ros'
[2.240s] Level 1:colcon.colcon_core.package_identification:_identify(.) by extensions ['cmake', 'python']
[2.240s] Level 1:colcon.colcon_core.package_identification:_identify(.) by extension 'cmake'
[2.241s] Level 1:colcon.colcon_core.package_identification:_identify(.) by extension 'python'
[2.241s] Level 1:colcon.colcon_core.package_identification:_identify(.) by extensions ['python_setup_py']
[2.241s] Level 1:colcon.colcon_core.package_identification:_identify(.) by extension 'python_setup_py'
[2.242s] Level 1:colcon.colcon_core.package_identification:_identify(build) by extensions ['ignore', 'ignore_ament_install']
[2.243s] Level 1:colcon.colcon_core.package_identification:_identify(build) by extension 'ignore'
[2.243s] Level 1:colcon.colcon_core.package_identification:_identify(build) ignored
[2.244s] Level 1:colcon.colcon_core.package_identification:_identify(install) by extensions ['ignore', 'ignore_ament_install']
[2.244s] Level 1:colcon.colcon_core.package_identification:_identify(install) by extension 'ignore'
[2.244s] Level 1:colcon.colcon_core.package_identification:_identify(install) ignored
[2.245s] Level 1:colcon.colcon_core.package_identification:_identify(log) by extensions ['ignore', 'ignore_ament_install']
[2.245s] Level 1:colcon.colcon_core.package_identification:_identify(log) by extension 'ignore'
[2.245s] Level 1:colcon.colcon_core.package_identification:_identify(log) ignored
[2.246s] Level 1:colcon.colcon_core.package_identification:_identify(src) by extensions ['ignore', 'ignore_ament_install']
[2.247s] Level 1:colcon.colcon_core.package_identification:_identify(src) by extension 'ignore'
[2.247s] Level 1:colcon.colcon_core.package_identification:_identify(src) by extension 'ignore_ament_install'
[2.248s] Level 1:colcon.colcon_core.package_identification:_identify(src) by extensions ['colcon_pkg']
[2.248s] Level 1:colcon.colcon_core.package_identification:_identify(src) by extension 'colcon_pkg'
[2.249s] Level 1:colcon.colcon_core.package_identification:_identify(src) by extensions ['colcon_meta']
[2.249s] Level 1:colcon.colcon_core.package_identification:_identify(src) by extension 'colcon_meta'
[2.249s] Level 1:colcon.colcon_core.package_identification:_identify(src) by extensions ['ros']
[2.249s] Level 1:colcon.colcon_core.package_identification:_identify(src) by extension 'ros'
[2.250s] Level 1:colcon.colcon_core.package_identification:_identify(src) by extensions ['cmake', 'python']
[2.250s] Level 1:colcon.colcon_core.package_identification:_identify(src) by extension 'cmake'
[2.250s] Level 1:colcon.colcon_core.package_identification:_identify(src) by extension 'python'
[2.251s] Level 1:colcon.colcon_core.package_identification:_identify(src) by extensions ['python_setup_py']
[2.251s] Level 1:colcon.colcon_core.package_identification:_identify(src) by extension 'python_setup_py'
[2.252s] Level 1:colcon.colcon_core.package_identification:_identify(src/pid_pilot_senior) by extensions ['ignore', 'ignore_ament_install']
[2.253s] Level 1:colcon.colcon_core.package_identification:_identify(src/pid_pilot_senior) by extension 'ignore'
[2.253s] Level 1:colcon.colcon_core.package_identification:_identify(src/pid_pilot_senior) by extension 'ignore_ament_install'
[2.253s] Level 1:colcon.colcon_core.package_identification:_identify(src/pid_pilot_senior) by extensions ['colcon_pkg']
[2.254s] Level 1:colcon.colcon_core.package_identification:_identify(src/pid_pilot_senior) by extension 'colcon_pkg'
[2.254s] Level 1:colcon.colcon_core.package_identification:_identify(src/pid_pilot_senior) by extensions ['colcon_meta']
[2.254s] Level 1:colcon.colcon_core.package_identification:_identify(src/pid_pilot_senior) by extension 'colcon_meta'
[2.255s] Level 1:colcon.colcon_core.package_identification:_identify(src/pid_pilot_senior) by extensions ['ros']
[2.255s] Level 1:colcon.colcon_core.package_identification:_identify(src/pid_pilot_senior) by extension 'ros'
[2.265s] DEBUG:colcon.colcon_core.package_identification:Package 'src/pid_pilot_senior' with type 'ros.ament_python' and name 'pid_pilot_senior'
[2.266s] Level 1:colcon.colcon_core.package_identification:_identify(src/pplanner_interfaces) by extensions ['ignore', 'ignore_ament_install']
[2.267s] Level 1:colcon.colcon_core.package_identification:_identify(src/pplanner_interfaces) by extension 'ignore'
[2.268s] Level 1:colcon.colcon_core.package_identification:_identify(src/pplanner_interfaces) by extension 'ignore_ament_install'
[2.269s] Level 1:colcon.colcon_core.package_identification:_identify(src/pplanner_interfaces) by extensions ['colcon_pkg']
[2.269s] Level 1:colcon.colcon_core.package_identification:_identify(src/pplanner_interfaces) by extension 'colcon_pkg'
[2.270s] Level 1:colcon.colcon_core.package_identification:_identify(src/pplanner_interfaces) by extensions ['colcon_meta']
[2.270s] Level 1:colcon.colcon_core.package_identification:_identify(src/pplanner_interfaces) by extension 'colcon_meta'
[2.270s] Level 1:colcon.colcon_core.package_identification:_identify(src/pplanner_interfaces) by extensions ['ros']
[2.270s] Level 1:colcon.colcon_core.package_identification:_identify(src/pplanner_interfaces) by extension 'ros'
[2.272s] DEBUG:colcon.colcon_core.package_identification:Package 'src/pplanner_interfaces' with type 'ros.ament_cmake' and name 'pplanner_interfaces'
[2.273s] Level 1:colcon.colcon_core.package_discovery:discover_packages(recursive) using defaults
[2.273s] Level 1:colcon.colcon_core.package_discovery:discover_packages(ignore) discover
[2.273s] Level 1:colcon.colcon_core.package_discovery:discover_packages(ignore) using defaults
[2.274s] Level 1:colcon.colcon_core.package_discovery:discover_packages(path) discover
[2.274s] Level 1:colcon.colcon_core.package_discovery:discover_packages(path) using defaults
[2.434s] Level 1:colcon.colcon_core.package_discovery:discover_packages(prefix_path) check parameters
[2.435s] Level 1:colcon.colcon_core.package_discovery:discover_packages(prefix_path) discover
[2.440s] WARNING:colcon.colcon_ros.prefix_path.ament:The path '/home/dualipa/pid_pilot_senior/install/pplanner_interfaces' in the environment variable AMENT_PREFIX_PATH doesn't exist
[2.440s] WARNING:colcon.colcon_ros.prefix_path.ament:The path '/home/dualipa/pid_pilot_senior/install/pid_pilot_senior' in the environment variable AMENT_PREFIX_PATH doesn't exist
[2.442s] WARNING:colcon.colcon_ros.prefix_path.catkin:The path '/home/dualipa/pid_pilot_senior/install/pplanner_interfaces' in the environment variable CMAKE_PREFIX_PATH doesn't exist
[2.445s] DEBUG:colcon.colcon_installed_package_information.package_discovery:Found 0 installed packages in /home/dualipa/pid_pilot_senior/install
[2.448s] DEBUG:colcon.colcon_installed_package_information.package_discovery:Found 1 installed packages in /home/dualipa/mark1/install
[2.458s] DEBUG:colcon.colcon_installed_package_information.package_discovery:Found 270 installed packages in /opt/ros/humble
[2.465s] Level 1:colcon.colcon_core.package_discovery:discover_packages(prefix_path) using defaults
[2.804s] Level 5:colcon.colcon_core.verb:set package 'pid_pilot_senior' build argument 'cmake_args' from command line to 'None'
[2.805s] Level 5:colcon.colcon_core.verb:set package 'pid_pilot_senior' build argument 'cmake_target' from command line to 'None'
[2.805s] Level 5:colcon.colcon_core.verb:set package 'pid_pilot_senior' build argument 'cmake_target_skip_unavailable' from command line to 'False'
[2.805s] Level 5:colcon.colcon_core.verb:set package 'pid_pilot_senior' build argument 'cmake_clean_cache' from command line to 'False'
[2.805s] Level 5:colcon.colcon_core.verb:set package 'pid_pilot_senior' build argument 'cmake_clean_first' from command line to 'False'
[2.805s] Level 5:colcon.colcon_core.verb:set package 'pid_pilot_senior' build argument 'cmake_force_configure' from command line to 'False'
[2.805s] Level 5:colcon.colcon_core.verb:set package 'pid_pilot_senior' build argument 'ament_cmake_args' from command line to 'None'
[2.805s] Level 5:colcon.colcon_core.verb:set package 'pid_pilot_senior' build argument 'catkin_cmake_args' from command line to 'None'
[2.805s] Level 5:colcon.colcon_core.verb:set package 'pid_pilot_senior' build argument 'catkin_skip_building_tests' from command line to 'False'
[2.806s] DEBUG:colcon.colcon_core.verb:Building package 'pid_pilot_senior' with the following arguments: {'ament_cmake_args': None, 'build_base': '/home/dualipa/pid_pilot_senior/build/pid_pilot_senior', 'catkin_cmake_args': None, 'catkin_skip_building_tests': False, 'cmake_args': None, 'cmake_clean_cache': False, 'cmake_clean_first': False, 'cmake_force_configure': False, 'cmake_target': None, 'cmake_target_skip_unavailable': False, 'install_base': '/home/dualipa/pid_pilot_senior/install/pid_pilot_senior', 'merge_install': False, 'path': '/home/dualipa/pid_pilot_senior/src/pid_pilot_senior', 'symlink_install': False, 'test_result_base': None}
[2.808s] Level 5:colcon.colcon_core.verb:set package 'pplanner_interfaces' build argument 'cmake_args' from command line to 'None'
[2.808s] Level 5:colcon.colcon_core.verb:set package 'pplanner_interfaces' build argument 'cmake_target' from command line to 'None'
[2.808s] Level 5:colcon.colcon_core.verb:set package 'pplanner_interfaces' build argument 'cmake_target_skip_unavailable' from command line to 'False'
[2.808s] Level 5:colcon.colcon_core.verb:set package 'pplanner_interfaces' build argument 'cmake_clean_cache' from command line to 'False'
[2.808s] Level 5:colcon.colcon_core.verb:set package 'pplanner_interfaces' build argument 'cmake_clean_first' from command line to 'False'
[2.809s] Level 5:colcon.colcon_core.verb:set package 'pplanner_interfaces' build argument 'cmake_force_configure' from command line to 'False'
[2.809s] Level 5:colcon.colcon_core.verb:set package 'pplanner_interfaces' build argument 'ament_cmake_args' from command line to 'None'
[2.809s] Level 5:colcon.colcon_core.verb:set package 'pplanner_interfaces' build argument 'catkin_cmake_args' from command line to 'None'
[2.809s] Level 5:colcon.colcon_core.verb:set package 'pplanner_interfaces' build argument 'catkin_skip_building_tests' from command line to 'False'
[2.809s] DEBUG:colcon.colcon_core.verb:Building package 'pplanner_interfaces' with the following arguments: {'ament_cmake_args': None, 'build_base': '/home/dualipa/pid_pilot_senior/build/pplanner_interfaces', 'catkin_cmake_args': None, 'catkin_skip_building_tests': False, 'cmake_args': None, 'cmake_clean_cache': False, 'cmake_clean_first': False, 'cmake_force_configure': False, 'cmake_target': None, 'cmake_target_skip_unavailable': False, 'install_base': '/home/dualipa/pid_pilot_senior/install/pplanner_interfaces', 'merge_install': False, 'path': '/home/dualipa/pid_pilot_senior/src/pplanner_interfaces', 'symlink_install': False, 'test_result_base': None}
[2.810s] INFO:colcon.colcon_core.executor:Executing jobs using 'parallel' executor
[2.815s] DEBUG:colcon.colcon_parallel_executor.executor.parallel:run_until_complete
[2.817s] INFO:colcon.colcon_ros.task.ament_python.build:Building ROS package in '/home/dualipa/pid_pilot_senior/src/pid_pilot_senior' with build type 'ament_python'
[2.818s] Level 1:colcon.colcon_core.shell:create_environment_hook('pid_pilot_senior', 'ament_prefix_path')
[2.833s] INFO:colcon.colcon_core.plugin_system:Skipping extension 'colcon_core.shell.bat': Not used on non-Windows systems
[2.834s] INFO:colcon.colcon_core.shell:Creating environment hook '/home/dualipa/pid_pilot_senior/install/pid_pilot_senior/share/pid_pilot_senior/hook/ament_prefix_path.ps1'
[2.838s] INFO:colcon.colcon_core.shell:Creating environment descriptor '/home/dualipa/pid_pilot_senior/install/pid_pilot_senior/share/pid_pilot_senior/hook/ament_prefix_path.dsv'
[2.840s] INFO:colcon.colcon_core.shell:Creating environment hook '/home/dualipa/pid_pilot_senior/install/pid_pilot_senior/share/pid_pilot_senior/hook/ament_prefix_path.sh'
[2.846s] INFO:colcon.colcon_core.shell:Skip shell extension 'powershell' for command environment: Not usable outside of PowerShell
[2.847s] DEBUG:colcon.colcon_core.shell:Skip shell extension 'dsv' for command environment
[2.883s] INFO:colcon.colcon_ros.task.ament_cmake.build:Building ROS package in '/home/dualipa/pid_pilot_senior/src/pplanner_interfaces' with build type 'ament_cmake'
[2.884s] INFO:colcon.colcon_cmake.task.cmake.build:Building CMake package in '/home/dualipa/pid_pilot_senior/src/pplanner_interfaces'
[2.887s] INFO:colcon.colcon_core.shell:Skip shell extension 'powershell' for command environment: Not usable outside of PowerShell
[2.888s] DEBUG:colcon.colcon_core.shell:Skip shell extension 'dsv' for command environment
[6.356s] INFO:colcon.colcon_core.task.python.build:Building Python package in '/home/dualipa/pid_pilot_senior/src/pid_pilot_senior'
[6.357s] INFO:colcon.colcon_core.shell:Skip shell extension 'powershell' for command environment: Not usable outside of PowerShell
[6.358s] DEBUG:colcon.colcon_core.shell:Skip shell extension 'dsv' for command environment
[6.428s] DEBUG:colcon.colcon_core.event_handler.log_command:Invoking command in '/home/dualipa/pid_pilot_senior/build/pplanner_interfaces': CMAKE_PREFIX_PATH=${CMAKE_PREFIX_PATH}:/home/dualipa/pid_pilot_senior/install/pid_pilot_senior:/home/dualipa/mark1/install/robot1:/opt/ros/humble /usr/bin/cmake /home/dualipa/pid_pilot_senior/src/pplanner_interfaces -DCMAKE_INSTALL_PREFIX=/home/dualipa/pid_pilot_senior/install/pplanner_interfaces
[11.382s] DEBUG:colcon.colcon_core.event_handler.log_command:Invoking command in '/home/dualipa/pid_pilot_senior/src/pid_pilot_senior': PYTHONPATH=/home/dualipa/pid_pilot_senior/build/pid_pilot_senior/prefix_override:/home/dualipa/pid_pilot_senior/install/pid_pilot_senior/lib/python3.10/site-packages:${PYTHONPATH} /usr/bin/python3 -W ignore:setup.py install is deprecated setup.py egg_info --egg-base ../../build/pid_pilot_senior build --build-base /home/dualipa/pid_pilot_senior/build/pid_pilot_senior/build install --record /home/dualipa/pid_pilot_senior/build/pid_pilot_senior/install.log --single-version-externally-managed install_data
[15.512s] DEBUG:colcon.colcon_core.event_handler.log_command:Invoked command in '/home/dualipa/pid_pilot_senior/src/pid_pilot_senior' returned '0': PYTHONPATH=/home/dualipa/pid_pilot_senior/build/pid_pilot_senior/prefix_override:/home/dualipa/pid_pilot_senior/install/pid_pilot_senior/lib/python3.10/site-packages:${PYTHONPATH} /usr/bin/python3 -W ignore:setup.py install is deprecated setup.py egg_info --egg-base ../../build/pid_pilot_senior build --build-base /home/dualipa/pid_pilot_senior/build/pid_pilot_senior/build install --record /home/dualipa/pid_pilot_senior/build/pid_pilot_senior/install.log --single-version-externally-managed install_data
[15.545s] Level 1:colcon.colcon_core.environment:checking '/home/dualipa/pid_pilot_senior/install/pid_pilot_senior' for CMake module files
[15.551s] Level 1:colcon.colcon_core.environment:checking '/home/dualipa/pid_pilot_senior/install/pid_pilot_senior' for CMake config files
[15.571s] Level 1:colcon.colcon_core.environment:checking '/home/dualipa/pid_pilot_senior/install/pid_pilot_senior/lib'
[15.573s] Level 1:colcon.colcon_core.environment:checking '/home/dualipa/pid_pilot_senior/install/pid_pilot_senior/bin'
[15.574s] Level 1:colcon.colcon_core.environment:checking '/home/dualipa/pid_pilot_senior/install/pid_pilot_senior/lib/pkgconfig/pid_pilot_senior.pc'
[15.575s] Level 1:colcon.colcon_core.environment:checking '/home/dualipa/pid_pilot_senior/install/pid_pilot_senior/lib/python3.10/site-packages'
[15.578s] Level 1:colcon.colcon_core.shell:create_environment_hook('pid_pilot_senior', 'pythonpath')
[15.580s] INFO:colcon.colcon_core.shell:Creating environment hook '/home/dualipa/pid_pilot_senior/install/pid_pilot_senior/share/pid_pilot_senior/hook/pythonpath.ps1'
[15.582s] INFO:colcon.colcon_core.shell:Creating environment descriptor '/home/dualipa/pid_pilot_senior/install/pid_pilot_senior/share/pid_pilot_senior/hook/pythonpath.dsv'
[15.584s] INFO:colcon.colcon_core.shell:Creating environment hook '/home/dualipa/pid_pilot_senior/install/pid_pilot_senior/share/pid_pilot_senior/hook/pythonpath.sh'
[15.589s] Level 1:colcon.colcon_core.environment:checking '/home/dualipa/pid_pilot_senior/install/pid_pilot_senior/bin'
[15.589s] Level 1:colcon.colcon_core.environment:create_environment_scripts_only(pid_pilot_senior)
[15.591s] INFO:colcon.colcon_core.shell:Creating package script '/home/dualipa/pid_pilot_senior/install/pid_pilot_senior/share/pid_pilot_senior/package.ps1'
[15.596s] INFO:colcon.colcon_core.shell:Creating package descriptor '/home/dualipa/pid_pilot_senior/install/pid_pilot_senior/share/pid_pilot_senior/package.dsv'
[15.599s] INFO:colcon.colcon_core.shell:Creating package script '/home/dualipa/pid_pilot_senior/install/pid_pilot_senior/share/pid_pilot_senior/package.sh'
[15.603s] INFO:colcon.colcon_core.shell:Creating package script '/home/dualipa/pid_pilot_senior/install/pid_pilot_senior/share/pid_pilot_senior/package.bash'
[15.607s] INFO:colcon.colcon_core.shell:Creating package script '/home/dualipa/pid_pilot_senior/install/pid_pilot_senior/share/pid_pilot_senior/package.zsh'
[15.611s] Level 1:colcon.colcon_core.environment:create_file_with_runtime_dependencies(/home/dualipa/pid_pilot_senior/install/pid_pilot_senior/share/colcon-core/packages/pid_pilot_senior)
[23.337s] DEBUG:colcon.colcon_core.event_handler.log_command:Invoked command in '/home/dualipa/pid_pilot_senior/build/pplanner_interfaces' returned '0': CMAKE_PREFIX_PATH=${CMAKE_PREFIX_PATH}:/home/dualipa/pid_pilot_senior/install/pid_pilot_senior:/home/dualipa/mark1/install/robot1:/opt/ros/humble /usr/bin/cmake /home/dualipa/pid_pilot_senior/src/pplanner_interfaces -DCMAKE_INSTALL_PREFIX=/home/dualipa/pid_pilot_senior/install/pplanner_interfaces
[23.343s] DEBUG:colcon.colcon_core.event_handler.log_command:Invoking command in '/home/dualipa/pid_pilot_senior/build/pplanner_interfaces': CMAKE_PREFIX_PATH=${CMAKE_PREFIX_PATH}:/home/dualipa/pid_pilot_senior/install/pid_pilot_senior:/home/dualipa/mark1/install/robot1:/opt/ros/humble /usr/bin/cmake --build /home/dualipa/pid_pilot_senior/build/pplanner_interfaces -- -j4 -l4
[129.487s] DEBUG:colcon.colcon_core.event_handler.log_command:Invoked command in '/home/dualipa/pid_pilot_senior/build/pplanner_interfaces' returned '0': CMAKE_PREFIX_PATH=${CMAKE_PREFIX_PATH}:/home/dualipa/pid_pilot_senior/install/pid_pilot_senior:/home/dualipa/mark1/install/robot1:/opt/ros/humble /usr/bin/cmake --build /home/dualipa/pid_pilot_senior/build/pplanner_interfaces -- -j4 -l4
[130.473s] DEBUG:colcon.colcon_core.event_handler.log_command:Invoking command in '/home/dualipa/pid_pilot_senior/build/pplanner_interfaces': CMAKE_PREFIX_PATH=${CMAKE_PREFIX_PATH}:/home/dualipa/pid_pilot_senior/install/pid_pilot_senior:/home/dualipa/mark1/install/robot1:/opt/ros/humble /usr/bin/cmake --install /home/dualipa/pid_pilot_senior/build/pplanner_interfaces
[131.208s] Level 1:colcon.colcon_core.environment:create_environment_scripts_only(pplanner_interfaces)
[131.212s] Level 1:colcon.colcon_core.environment:checking '/home/dualipa/pid_pilot_senior/install/pplanner_interfaces' for CMake module files
[131.215s] DEBUG:colcon.colcon_core.event_handler.log_command:Invoked command in '/home/dualipa/pid_pilot_senior/build/pplanner_interfaces' returned '0': CMAKE_PREFIX_PATH=${CMAKE_PREFIX_PATH}:/home/dualipa/pid_pilot_senior/install/pid_pilot_senior:/home/dualipa/mark1/install/robot1:/opt/ros/humble /usr/bin/cmake --install /home/dualipa/pid_pilot_senior/build/pplanner_interfaces
[131.220s] Level 1:colcon.colcon_core.environment:checking '/home/dualipa/pid_pilot_senior/install/pplanner_interfaces' for CMake config files
[131.227s] Level 1:colcon.colcon_core.shell:create_environment_hook('pplanner_interfaces', 'cmake_prefix_path')
[131.228s] INFO:colcon.colcon_core.shell:Creating environment hook '/home/dualipa/pid_pilot_senior/install/pplanner_interfaces/share/pplanner_interfaces/hook/cmake_prefix_path.ps1'
[131.232s] INFO:colcon.colcon_core.shell:Creating environment descriptor '/home/dualipa/pid_pilot_senior/install/pplanner_interfaces/share/pplanner_interfaces/hook/cmake_prefix_path.dsv'
[131.235s] INFO:colcon.colcon_core.shell:Creating environment hook '/home/dualipa/pid_pilot_senior/install/pplanner_interfaces/share/pplanner_interfaces/hook/cmake_prefix_path.sh'
[131.242s] Level 1:colcon.colcon_core.environment:checking '/home/dualipa/pid_pilot_senior/install/pplanner_interfaces/lib'
[131.243s] Level 1:colcon.colcon_core.shell:create_environment_hook('pplanner_interfaces', 'ld_library_path_lib')
[131.246s] INFO:colcon.colcon_core.shell:Creating environment hook '/home/dualipa/pid_pilot_senior/install/pplanner_interfaces/share/pplanner_interfaces/hook/ld_library_path_lib.ps1'
[131.250s] INFO:colcon.colcon_core.shell:Creating environment descriptor '/home/dualipa/pid_pilot_senior/install/pplanner_interfaces/share/pplanner_interfaces/hook/ld_library_path_lib.dsv'
[131.254s] INFO:colcon.colcon_core.shell:Creating environment hook '/home/dualipa/pid_pilot_senior/install/pplanner_interfaces/share/pplanner_interfaces/hook/ld_library_path_lib.sh'
[131.259s] Level 1:colcon.colcon_core.environment:checking '/home/dualipa/pid_pilot_senior/install/pplanner_interfaces/bin'
[131.261s] Level 1:colcon.colcon_core.environment:checking '/home/dualipa/pid_pilot_senior/install/pplanner_interfaces/lib/pkgconfig/pplanner_interfaces.pc'
[131.264s] Level 1:colcon.colcon_core.environment:checking '/home/dualipa/pid_pilot_senior/install/pplanner_interfaces/lib/python3.10/site-packages'
[131.267s] Level 1:colcon.colcon_core.environment:checking '/home/dualipa/pid_pilot_senior/install/pplanner_interfaces/bin'
[131.270s] INFO:colcon.colcon_core.shell:Creating package script '/home/dualipa/pid_pilot_senior/install/pplanner_interfaces/share/pplanner_interfaces/package.ps1'
[131.277s] INFO:colcon.colcon_core.shell:Creating package descriptor '/home/dualipa/pid_pilot_senior/install/pplanner_interfaces/share/pplanner_interfaces/package.dsv'
[131.283s] INFO:colcon.colcon_core.shell:Creating package script '/home/dualipa/pid_pilot_senior/install/pplanner_interfaces/share/pplanner_interfaces/package.sh'
[131.287s] INFO:colcon.colcon_core.shell:Creating package script '/home/dualipa/pid_pilot_senior/install/pplanner_interfaces/share/pplanner_interfaces/package.bash'
[131.292s] INFO:colcon.colcon_core.shell:Creating package script '/home/dualipa/pid_pilot_senior/install/pplanner_interfaces/share/pplanner_interfaces/package.zsh'
[131.297s] Level 1:colcon.colcon_core.environment:create_file_with_runtime_dependencies(/home/dualipa/pid_pilot_senior/install/pplanner_interfaces/share/colcon-core/packages/pplanner_interfaces)
[132.449s] Level 1:colcon.colcon_core.environment:create_environment_scripts_only(pplanner_interfaces)
[132.452s] Level 1:colcon.colcon_core.environment:checking '/home/dualipa/pid_pilot_senior/install/pplanner_interfaces' for CMake module files
[132.459s] Level 1:colcon.colcon_core.environment:checking '/home/dualipa/pid_pilot_senior/install/pplanner_interfaces' for CMake config files
[132.467s] Level 1:colcon.colcon_core.shell:create_environment_hook('pplanner_interfaces', 'cmake_prefix_path')
[132.468s] INFO:colcon.colcon_core.shell:Creating environment hook '/home/dualipa/pid_pilot_senior/install/pplanner_interfaces/share/pplanner_interfaces/hook/cmake_prefix_path.ps1'
[132.477s] INFO:colcon.colcon_core.shell:Creating environment descriptor '/home/dualipa/pid_pilot_senior/install/pplanner_interfaces/share/pplanner_interfaces/hook/cmake_prefix_path.dsv'
[132.482s] INFO:colcon.colcon_core.shell:Creating environment hook '/home/dualipa/pid_pilot_senior/install/pplanner_interfaces/share/pplanner_interfaces/hook/cmake_prefix_path.sh'
[132.491s] Level 1:colcon.colcon_core.environment:checking '/home/dualipa/pid_pilot_senior/install/pplanner_interfaces/lib'
[132.492s] Level 1:colcon.colcon_core.shell:create_environment_hook('pplanner_interfaces', 'ld_library_path_lib')
[132.494s] INFO:colcon.colcon_core.shell:Creating environment hook '/home/dualipa/pid_pilot_senior/install/pplanner_interfaces/share/pplanner_interfaces/hook/ld_library_path_lib.ps1'
[132.497s] INFO:colcon.colcon_core.shell:Creating environment descriptor '/home/dualipa/pid_pilot_senior/install/pplanner_interfaces/share/pplanner_interfaces/hook/ld_library_path_lib.dsv'
[132.500s] INFO:colcon.colcon_core.shell:Creating environment hook '/home/dualipa/pid_pilot_senior/install/pplanner_interfaces/share/pplanner_interfaces/hook/ld_library_path_lib.sh'
[132.503s] Level 1:colcon.colcon_core.environment:checking '/home/dualipa/pid_pilot_senior/install/pplanner_interfaces/bin'
[132.503s] Level 1:colcon.colcon_core.environment:checking '/home/dualipa/pid_pilot_senior/install/pplanner_interfaces/lib/pkgconfig/pplanner_interfaces.pc'
[132.505s] Level 1:colcon.colcon_core.environment:checking '/home/dualipa/pid_pilot_senior/install/pplanner_interfaces/lib/python3.10/site-packages'
[132.507s] Level 1:colcon.colcon_core.environment:checking '/home/dualipa/pid_pilot_senior/install/pplanner_interfaces/bin'
[132.509s] INFO:colcon.colcon_core.shell:Creating package script '/home/dualipa/pid_pilot_senior/install/pplanner_interfaces/share/pplanner_interfaces/package.ps1'
[132.512s] INFO:colcon.colcon_core.shell:Creating package descriptor '/home/dualipa/pid_pilot_senior/install/pplanner_interfaces/share/pplanner_interfaces/package.dsv'
[132.516s] INFO:colcon.colcon_core.shell:Creating package script '/home/dualipa/pid_pilot_senior/install/pplanner_interfaces/share/pplanner_interfaces/package.sh'
[132.520s] INFO:colcon.colcon_core.shell:Creating package script '/home/dualipa/pid_pilot_senior/install/pplanner_interfaces/share/pplanner_interfaces/package.bash'
[132.524s] INFO:colcon.colcon_core.shell:Creating package script '/home/dualipa/pid_pilot_senior/install/pplanner_interfaces/share/pplanner_interfaces/package.zsh'
[132.530s] Level 1:colcon.colcon_core.environment:create_file_with_runtime_dependencies(/home/dualipa/pid_pilot_senior/install/pplanner_interfaces/share/colcon-core/packages/pplanner_interfaces)
[132.538s] DEBUG:colcon.colcon_parallel_executor.executor.parallel:closing loop
[132.538s] DEBUG:colcon.colcon_parallel_executor.executor.parallel:loop closed
[132.539s] DEBUG:colcon.colcon_parallel_executor.executor.parallel:run_until_complete finished with '0'
[132.539s] DEBUG:colcon.colcon_core.event_reactor:joining thread
[132.593s] INFO:colcon.colcon_core.plugin_system:Skipping extension 'colcon_notification.desktop_notification.terminal_notifier': Not used on non-Darwin systems
[132.594s] INFO:colcon.colcon_core.plugin_system:Skipping extension 'colcon_notification.desktop_notification.win32': Not used on non-Windows systems
[132.594s] INFO:colcon.colcon_notification.desktop_notification:Sending desktop notification using 'notify2'
[132.679s] DEBUG:colcon.colcon_core.event_reactor:joined thread
[132.680s] INFO:colcon.colcon_core.shell:Creating prefix script '/home/dualipa/pid_pilot_senior/install/local_setup.ps1'
[132.685s] INFO:colcon.colcon_core.shell:Creating prefix util module '/home/dualipa/pid_pilot_senior/install/_local_setup_util_ps1.py'
[132.691s] INFO:colcon.colcon_core.shell:Creating prefix chain script '/home/dualipa/pid_pilot_senior/install/setup.ps1'
[132.700s] INFO:colcon.colcon_core.shell:Creating prefix script '/home/dualipa/pid_pilot_senior/install/local_setup.sh'
[132.705s] INFO:colcon.colcon_core.shell:Creating prefix util module '/home/dualipa/pid_pilot_senior/install/_local_setup_util_sh.py'
[132.709s] INFO:colcon.colcon_core.shell:Creating prefix chain script '/home/dualipa/pid_pilot_senior/install/setup.sh'
[132.716s] INFO:colcon.colcon_core.shell:Creating prefix script '/home/dualipa/pid_pilot_senior/install/local_setup.bash'
[132.721s] INFO:colcon.colcon_core.shell:Creating prefix chain script '/home/dualipa/pid_pilot_senior/install/setup.bash'
[132.729s] INFO:colcon.colcon_core.shell:Creating prefix script '/home/dualipa/pid_pilot_senior/install/local_setup.zsh'
[132.732s] INFO:colcon.colcon_core.shell:Creating prefix chain script '/home/dualipa/pid_pilot_senior/install/setup.zsh'
