[0.424s] DEBUG:colcon:Command line arguments: ['/usr/bin/colcon', 'build']
[0.424s] DEBUG:colcon:Parsed command line arguments: Namespace(log_base=None, log_level=None, verb_name='build', build_base='build', install_base='install', merge_install=False, symlink_install=False, test_result_base=None, continue_on_error=False, executor='parallel', parallel_workers=4, event_handlers=None, ignore_user_meta=False, metas=['./colcon.meta'], base_paths=['.'], packages_ignore=None, packages_ignore_regex=None, paths=None, packages_up_to=None, packages_up_to_regex=None, packages_above=None, packages_above_and_dependencies=None, packages_above_depth=None, packages_select_by_dep=None, packages_skip_by_dep=None, packages_skip_up_to=None, packages_select_build_failed=False, packages_skip_build_finished=False, packages_select_test_failures=False, packages_skip_test_passed=False, packages_select=None, packages_skip=None, packages_select_regex=None, packages_skip_regex=None, packages_start=None, packages_end=None, allow_overriding=[], cmake_args=None, cmake_target=None, cmake_target_skip_unavailable=False, cmake_clean_cache=False, cmake_clean_first=False, cmake_force_configure=False, ament_cmake_args=None, catkin_cmake_args=None, catkin_skip_building_tests=False, verb_parser=<colcon_defaults.argument_parser.defaults.DefaultArgumentsDecorator object at 0xffff9d29c280>, verb_extension=<colcon_core.verb.build.BuildVerb object at 0xffff9d26bc70>, main=<bound method BuildVerb.main of <colcon_core.verb.build.BuildVerb object at 0xffff9d26bc70>>)
[1.257s] Level 1:colcon.colcon_core.package_discovery:discover_packages(colcon_meta) check parameters
[1.257s] Level 1:colcon.colcon_core.package_discovery:discover_packages(recursive) check parameters
[1.257s] Level 1:colcon.colcon_core.package_discovery:discover_packages(ignore) check parameters
[1.257s] Level 1:colcon.colcon_core.package_discovery:discover_packages(path) check parameters
[1.258s] Level 1:colcon.colcon_core.package_discovery:discover_packages(colcon_meta) discover
[1.258s] Level 1:colcon.colcon_core.package_discovery:discover_packages(recursive) discover
[1.258s] INFO:colcon.colcon_core.package_discovery:Crawling recursively for packages in '/home/dualipa/pid_pilot_senior'
[1.258s] Level 1:colcon.colcon_core.package_identification:_identify(.) by extensions ['ignore', 'ignore_ament_install']
[1.259s] Level 1:colcon.colcon_core.package_identification:_identify(.) by extension 'ignore'
[1.259s] Level 1:colcon.colcon_core.package_identification:_identify(.) by extension 'ignore_ament_install'
[1.259s] Level 1:colcon.colcon_core.package_identification:_identify(.) by extensions ['colcon_pkg']
[1.259s] Level 1:colcon.colcon_core.package_identification:_identify(.) by extension 'colcon_pkg'
[1.259s] Level 1:colcon.colcon_core.package_identification:_identify(.) by extensions ['colcon_meta']
[1.260s] Level 1:colcon.colcon_core.package_identification:_identify(.) by extension 'colcon_meta'
[1.260s] Level 1:colcon.colcon_core.package_identification:_identify(.) by extensions ['ros']
[1.260s] Level 1:colcon.colcon_core.package_identification:_identify(.) by extension 'ros'
[1.303s] Level 1:colcon.colcon_core.package_identification:_identify(.) by extensions ['cmake', 'python']
[1.303s] Level 1:colcon.colcon_core.package_identification:_identify(.) by extension 'cmake'
[1.303s] Level 1:colcon.colcon_core.package_identification:_identify(.) by extension 'python'
[1.303s] Level 1:colcon.colcon_core.package_identification:_identify(.) by extensions ['python_setup_py']
[1.304s] Level 1:colcon.colcon_core.package_identification:_identify(.) by extension 'python_setup_py'
[1.304s] Level 1:colcon.colcon_core.package_identification:_identify(build) by extensions ['ignore', 'ignore_ament_install']
[1.304s] Level 1:colcon.colcon_core.package_identification:_identify(build) by extension 'ignore'
[1.305s] Level 1:colcon.colcon_core.package_identification:_identify(build) ignored
[1.305s] Level 1:colcon.colcon_core.package_identification:_identify(install) by extensions ['ignore', 'ignore_ament_install']
[1.305s] Level 1:colcon.colcon_core.package_identification:_identify(install) by extension 'ignore'
[1.306s] Level 1:colcon.colcon_core.package_identification:_identify(install) ignored
[1.306s] Level 1:colcon.colcon_core.package_identification:_identify(log) by extensions ['ignore', 'ignore_ament_install']
[1.306s] Level 1:colcon.colcon_core.package_identification:_identify(log) by extension 'ignore'
[1.306s] Level 1:colcon.colcon_core.package_identification:_identify(log) ignored
[1.307s] Level 1:colcon.colcon_core.package_identification:_identify(src) by extensions ['ignore', 'ignore_ament_install']
[1.307s] Level 1:colcon.colcon_core.package_identification:_identify(src) by extension 'ignore'
[1.307s] Level 1:colcon.colcon_core.package_identification:_identify(src) by extension 'ignore_ament_install'
[1.308s] Level 1:colcon.colcon_core.package_identification:_identify(src) by extensions ['colcon_pkg']
[1.308s] Level 1:colcon.colcon_core.package_identification:_identify(src) by extension 'colcon_pkg'
[1.308s] Level 1:colcon.colcon_core.package_identification:_identify(src) by extensions ['colcon_meta']
[1.308s] Level 1:colcon.colcon_core.package_identification:_identify(src) by extension 'colcon_meta'
[1.308s] Level 1:colcon.colcon_core.package_identification:_identify(src) by extensions ['ros']
[1.308s] Level 1:colcon.colcon_core.package_identification:_identify(src) by extension 'ros'
[1.308s] Level 1:colcon.colcon_core.package_identification:_identify(src) by extensions ['cmake', 'python']
[1.309s] Level 1:colcon.colcon_core.package_identification:_identify(src) by extension 'cmake'
[1.309s] Level 1:colcon.colcon_core.package_identification:_identify(src) by extension 'python'
[1.309s] Level 1:colcon.colcon_core.package_identification:_identify(src) by extensions ['python_setup_py']
[1.309s] Level 1:colcon.colcon_core.package_identification:_identify(src) by extension 'python_setup_py'
[1.309s] Level 1:colcon.colcon_core.package_identification:_identify(src/build) by extensions ['ignore', 'ignore_ament_install']
[1.310s] Level 1:colcon.colcon_core.package_identification:_identify(src/build) by extension 'ignore'
[1.310s] Level 1:colcon.colcon_core.package_identification:_identify(src/build) ignored
[1.310s] Level 1:colcon.colcon_core.package_identification:_identify(src/install) by extensions ['ignore', 'ignore_ament_install']
[1.311s] Level 1:colcon.colcon_core.package_identification:_identify(src/install) by extension 'ignore'
[1.311s] Level 1:colcon.colcon_core.package_identification:_identify(src/install) ignored
[1.311s] Level 1:colcon.colcon_core.package_identification:_identify(src/log) by extensions ['ignore', 'ignore_ament_install']
[1.312s] Level 1:colcon.colcon_core.package_identification:_identify(src/log) by extension 'ignore'
[1.312s] Level 1:colcon.colcon_core.package_identification:_identify(src/log) ignored
[1.312s] Level 1:colcon.colcon_core.package_identification:_identify(src/pid_pilot_senior) by extensions ['ignore', 'ignore_ament_install']
[1.312s] Level 1:colcon.colcon_core.package_identification:_identify(src/pid_pilot_senior) by extension 'ignore'
[1.312s] Level 1:colcon.colcon_core.package_identification:_identify(src/pid_pilot_senior) by extension 'ignore_ament_install'
[1.313s] Level 1:colcon.colcon_core.package_identification:_identify(src/pid_pilot_senior) by extensions ['colcon_pkg']
[1.313s] Level 1:colcon.colcon_core.package_identification:_identify(src/pid_pilot_senior) by extension 'colcon_pkg'
[1.313s] Level 1:colcon.colcon_core.package_identification:_identify(src/pid_pilot_senior) by extensions ['colcon_meta']
[1.313s] Level 1:colcon.colcon_core.package_identification:_identify(src/pid_pilot_senior) by extension 'colcon_meta'
[1.313s] Level 1:colcon.colcon_core.package_identification:_identify(src/pid_pilot_senior) by extensions ['ros']
[1.313s] Level 1:colcon.colcon_core.package_identification:_identify(src/pid_pilot_senior) by extension 'ros'
[1.322s] DEBUG:colcon.colcon_core.package_identification:Package 'src/pid_pilot_senior' with type 'ros.ament_python' and name 'pid_pilot_senior'
[1.322s] Level 1:colcon.colcon_core.package_identification:_identify(src/pplanner_interfaces) by extensions ['ignore', 'ignore_ament_install']
[1.323s] Level 1:colcon.colcon_core.package_identification:_identify(src/pplanner_interfaces) by extension 'ignore'
[1.323s] Level 1:colcon.colcon_core.package_identification:_identify(src/pplanner_interfaces) by extension 'ignore_ament_install'
[1.323s] Level 1:colcon.colcon_core.package_identification:_identify(src/pplanner_interfaces) by extensions ['colcon_pkg']
[1.323s] Level 1:colcon.colcon_core.package_identification:_identify(src/pplanner_interfaces) by extension 'colcon_pkg'
[1.323s] Level 1:colcon.colcon_core.package_identification:_identify(src/pplanner_interfaces) by extensions ['colcon_meta']
[1.323s] Level 1:colcon.colcon_core.package_identification:_identify(src/pplanner_interfaces) by extension 'colcon_meta'
[1.324s] Level 1:colcon.colcon_core.package_identification:_identify(src/pplanner_interfaces) by extensions ['ros']
[1.324s] Level 1:colcon.colcon_core.package_identification:_identify(src/pplanner_interfaces) by extension 'ros'
[1.326s] DEBUG:colcon.colcon_core.package_identification:Package 'src/pplanner_interfaces' with type 'ros.ament_cmake' and name 'pplanner_interfaces'
[1.326s] Level 1:colcon.colcon_core.package_discovery:discover_packages(recursive) using defaults
[1.326s] Level 1:colcon.colcon_core.package_discovery:discover_packages(ignore) discover
[1.326s] Level 1:colcon.colcon_core.package_discovery:discover_packages(ignore) using defaults
[1.326s] Level 1:colcon.colcon_core.package_discovery:discover_packages(path) discover
[1.326s] Level 1:colcon.colcon_core.package_discovery:discover_packages(path) using defaults
[1.439s] Level 1:colcon.colcon_core.package_discovery:discover_packages(prefix_path) check parameters
[1.439s] Level 1:colcon.colcon_core.package_discovery:discover_packages(prefix_path) discover
[1.443s] WARNING:colcon.colcon_ros.prefix_path.ament:The path '/home/dualipa/pid_pilot_senior/install/pplanner_interfaces' in the environment variable AMENT_PREFIX_PATH doesn't exist
[1.443s] WARNING:colcon.colcon_ros.prefix_path.ament:The path '/home/dualipa/pid_pilot_senior/install/pid_pilot_senior' in the environment variable AMENT_PREFIX_PATH doesn't exist
[1.444s] WARNING:colcon.colcon_ros.prefix_path.catkin:The path '/home/dualipa/pid_pilot_senior/install/pplanner_interfaces' in the environment variable CMAKE_PREFIX_PATH doesn't exist
[1.447s] DEBUG:colcon.colcon_installed_package_information.package_discovery:Found 0 installed packages in /home/dualipa/pid_pilot_senior/install
[1.449s] DEBUG:colcon.colcon_installed_package_information.package_discovery:Found 1 installed packages in /home/dualipa/mark1/install
[1.458s] DEBUG:colcon.colcon_installed_package_information.package_discovery:Found 270 installed packages in /opt/ros/humble
[1.464s] Level 1:colcon.colcon_core.package_discovery:discover_packages(prefix_path) using defaults
[1.625s] Level 5:colcon.colcon_core.verb:set package 'pid_pilot_senior' build argument 'cmake_args' from command line to 'None'
[1.625s] Level 5:colcon.colcon_core.verb:set package 'pid_pilot_senior' build argument 'cmake_target' from command line to 'None'
[1.626s] Level 5:colcon.colcon_core.verb:set package 'pid_pilot_senior' build argument 'cmake_target_skip_unavailable' from command line to 'False'
[1.626s] Level 5:colcon.colcon_core.verb:set package 'pid_pilot_senior' build argument 'cmake_clean_cache' from command line to 'False'
[1.626s] Level 5:colcon.colcon_core.verb:set package 'pid_pilot_senior' build argument 'cmake_clean_first' from command line to 'False'
[1.626s] Level 5:colcon.colcon_core.verb:set package 'pid_pilot_senior' build argument 'cmake_force_configure' from command line to 'False'
[1.626s] Level 5:colcon.colcon_core.verb:set package 'pid_pilot_senior' build argument 'ament_cmake_args' from command line to 'None'
[1.626s] Level 5:colcon.colcon_core.verb:set package 'pid_pilot_senior' build argument 'catkin_cmake_args' from command line to 'None'
[1.626s] Level 5:colcon.colcon_core.verb:set package 'pid_pilot_senior' build argument 'catkin_skip_building_tests' from command line to 'False'
[1.626s] DEBUG:colcon.colcon_core.verb:Building package 'pid_pilot_senior' with the following arguments: {'ament_cmake_args': None, 'build_base': '/home/dualipa/pid_pilot_senior/build/pid_pilot_senior', 'catkin_cmake_args': None, 'catkin_skip_building_tests': False, 'cmake_args': None, 'cmake_clean_cache': False, 'cmake_clean_first': False, 'cmake_force_configure': False, 'cmake_target': None, 'cmake_target_skip_unavailable': False, 'install_base': '/home/dualipa/pid_pilot_senior/install/pid_pilot_senior', 'merge_install': False, 'path': '/home/dualipa/pid_pilot_senior/src/pid_pilot_senior', 'symlink_install': False, 'test_result_base': None}
[1.628s] Level 5:colcon.colcon_core.verb:set package 'pplanner_interfaces' build argument 'cmake_args' from command line to 'None'
[1.628s] Level 5:colcon.colcon_core.verb:set package 'pplanner_interfaces' build argument 'cmake_target' from command line to 'None'
[1.628s] Level 5:colcon.colcon_core.verb:set package 'pplanner_interfaces' build argument 'cmake_target_skip_unavailable' from command line to 'False'
[1.628s] Level 5:colcon.colcon_core.verb:set package 'pplanner_interfaces' build argument 'cmake_clean_cache' from command line to 'False'
[1.628s] Level 5:colcon.colcon_core.verb:set package 'pplanner_interfaces' build argument 'cmake_clean_first' from command line to 'False'
[1.628s] Level 5:colcon.colcon_core.verb:set package 'pplanner_interfaces' build argument 'cmake_force_configure' from command line to 'False'
[1.628s] Level 5:colcon.colcon_core.verb:set package 'pplanner_interfaces' build argument 'ament_cmake_args' from command line to 'None'
[1.629s] Level 5:colcon.colcon_core.verb:set package 'pplanner_interfaces' build argument 'catkin_cmake_args' from command line to 'None'
[1.629s] Level 5:colcon.colcon_core.verb:set package 'pplanner_interfaces' build argument 'catkin_skip_building_tests' from command line to 'False'
[1.629s] DEBUG:colcon.colcon_core.verb:Building package 'pplanner_interfaces' with the following arguments: {'ament_cmake_args': None, 'build_base': '/home/dualipa/pid_pilot_senior/build/pplanner_interfaces', 'catkin_cmake_args': None, 'catkin_skip_building_tests': False, 'cmake_args': None, 'cmake_clean_cache': False, 'cmake_clean_first': False, 'cmake_force_configure': False, 'cmake_target': None, 'cmake_target_skip_unavailable': False, 'install_base': '/home/dualipa/pid_pilot_senior/install/pplanner_interfaces', 'merge_install': False, 'path': '/home/dualipa/pid_pilot_senior/src/pplanner_interfaces', 'symlink_install': False, 'test_result_base': None}
[1.629s] INFO:colcon.colcon_core.executor:Executing jobs using 'parallel' executor
[1.632s] DEBUG:colcon.colcon_parallel_executor.executor.parallel:run_until_complete
[1.634s] INFO:colcon.colcon_ros.task.ament_python.build:Building ROS package in '/home/dualipa/pid_pilot_senior/src/pid_pilot_senior' with build type 'ament_python'
[1.634s] Level 1:colcon.colcon_core.shell:create_environment_hook('pid_pilot_senior', 'ament_prefix_path')
[1.642s] INFO:colcon.colcon_core.plugin_system:Skipping extension 'colcon_core.shell.bat': Not used on non-Windows systems
[1.643s] INFO:colcon.colcon_core.shell:Creating environment hook '/home/dualipa/pid_pilot_senior/install/pid_pilot_senior/share/pid_pilot_senior/hook/ament_prefix_path.ps1'
[1.646s] INFO:colcon.colcon_core.shell:Creating environment descriptor '/home/dualipa/pid_pilot_senior/install/pid_pilot_senior/share/pid_pilot_senior/hook/ament_prefix_path.dsv'
[1.647s] INFO:colcon.colcon_core.shell:Creating environment hook '/home/dualipa/pid_pilot_senior/install/pid_pilot_senior/share/pid_pilot_senior/hook/ament_prefix_path.sh'
[1.651s] INFO:colcon.colcon_core.shell:Skip shell extension 'powershell' for command environment: Not usable outside of PowerShell
[1.651s] DEBUG:colcon.colcon_core.shell:Skip shell extension 'dsv' for command environment
[1.669s] INFO:colcon.colcon_ros.task.ament_cmake.build:Building ROS package in '/home/dualipa/pid_pilot_senior/src/pplanner_interfaces' with build type 'ament_cmake'
[1.670s] INFO:colcon.colcon_cmake.task.cmake.build:Building CMake package in '/home/dualipa/pid_pilot_senior/src/pplanner_interfaces'
[1.671s] INFO:colcon.colcon_core.shell:Skip shell extension 'powershell' for command environment: Not usable outside of PowerShell
[1.672s] DEBUG:colcon.colcon_core.shell:Skip shell extension 'dsv' for command environment
[2.838s] INFO:colcon.colcon_core.task.python.build:Building Python package in '/home/dualipa/pid_pilot_senior/src/pid_pilot_senior'
[2.839s] INFO:colcon.colcon_core.shell:Skip shell extension 'powershell' for command environment: Not usable outside of PowerShell
[2.839s] DEBUG:colcon.colcon_core.shell:Skip shell extension 'dsv' for command environment
[2.866s] DEBUG:colcon.colcon_core.event_handler.log_command:Invoking command in '/home/dualipa/pid_pilot_senior/build/pplanner_interfaces': CMAKE_PREFIX_PATH=${CMAKE_PREFIX_PATH}:/home/dualipa/pid_pilot_senior/install/pid_pilot_senior:/home/dualipa/mark1/install/robot1:/opt/ros/humble /usr/bin/cmake /home/dualipa/pid_pilot_senior/src/pplanner_interfaces -DCMAKE_INSTALL_PREFIX=/home/dualipa/pid_pilot_senior/install/pplanner_interfaces
[4.535s] DEBUG:colcon.colcon_core.event_handler.log_command:Invoking command in '/home/dualipa/pid_pilot_senior/src/pid_pilot_senior': PYTHONPATH=/home/dualipa/pid_pilot_senior/build/pid_pilot_senior/prefix_override:/home/dualipa/pid_pilot_senior/install/pid_pilot_senior/lib/python3.10/site-packages:${PYTHONPATH} /usr/bin/python3 -W ignore:setup.py install is deprecated setup.py egg_info --egg-base ../../build/pid_pilot_senior build --build-base /home/dualipa/pid_pilot_senior/build/pid_pilot_senior/build install --record /home/dualipa/pid_pilot_senior/build/pid_pilot_senior/install.log --single-version-externally-managed install_data
[6.181s] DEBUG:colcon.colcon_core.event_handler.log_command:Invoked command in '/home/dualipa/pid_pilot_senior/src/pid_pilot_senior' returned '0': PYTHONPATH=/home/dualipa/pid_pilot_senior/build/pid_pilot_senior/prefix_override:/home/dualipa/pid_pilot_senior/install/pid_pilot_senior/lib/python3.10/site-packages:${PYTHONPATH} /usr/bin/python3 -W ignore:setup.py install is deprecated setup.py egg_info --egg-base ../../build/pid_pilot_senior build --build-base /home/dualipa/pid_pilot_senior/build/pid_pilot_senior/build install --record /home/dualipa/pid_pilot_senior/build/pid_pilot_senior/install.log --single-version-externally-managed install_data
[6.198s] Level 1:colcon.colcon_core.environment:checking '/home/dualipa/pid_pilot_senior/install/pid_pilot_senior' for CMake module files
[6.200s] Level 1:colcon.colcon_core.environment:checking '/home/dualipa/pid_pilot_senior/install/pid_pilot_senior' for CMake config files
[6.205s] Level 1:colcon.colcon_core.environment:checking '/home/dualipa/pid_pilot_senior/install/pid_pilot_senior/lib'
[6.206s] Level 1:colcon.colcon_core.environment:checking '/home/dualipa/pid_pilot_senior/install/pid_pilot_senior/bin'
[6.206s] Level 1:colcon.colcon_core.environment:checking '/home/dualipa/pid_pilot_senior/install/pid_pilot_senior/lib/pkgconfig/pid_pilot_senior.pc'
[6.208s] Level 1:colcon.colcon_core.environment:checking '/home/dualipa/pid_pilot_senior/install/pid_pilot_senior/lib/python3.10/site-packages'
[6.208s] Level 1:colcon.colcon_core.shell:create_environment_hook('pid_pilot_senior', 'pythonpath')
[6.209s] INFO:colcon.colcon_core.shell:Creating environment hook '/home/dualipa/pid_pilot_senior/install/pid_pilot_senior/share/pid_pilot_senior/hook/pythonpath.ps1'
[6.211s] INFO:colcon.colcon_core.shell:Creating environment descriptor '/home/dualipa/pid_pilot_senior/install/pid_pilot_senior/share/pid_pilot_senior/hook/pythonpath.dsv'
[6.212s] INFO:colcon.colcon_core.shell:Creating environment hook '/home/dualipa/pid_pilot_senior/install/pid_pilot_senior/share/pid_pilot_senior/hook/pythonpath.sh'
[6.215s] Level 1:colcon.colcon_core.environment:checking '/home/dualipa/pid_pilot_senior/install/pid_pilot_senior/bin'
[6.215s] Level 1:colcon.colcon_core.environment:create_environment_scripts_only(pid_pilot_senior)
[6.217s] INFO:colcon.colcon_core.shell:Creating package script '/home/dualipa/pid_pilot_senior/install/pid_pilot_senior/share/pid_pilot_senior/package.ps1'
[6.220s] INFO:colcon.colcon_core.shell:Creating package descriptor '/home/dualipa/pid_pilot_senior/install/pid_pilot_senior/share/pid_pilot_senior/package.dsv'
[6.223s] INFO:colcon.colcon_core.shell:Creating package script '/home/dualipa/pid_pilot_senior/install/pid_pilot_senior/share/pid_pilot_senior/package.sh'
[6.227s] INFO:colcon.colcon_core.shell:Creating package script '/home/dualipa/pid_pilot_senior/install/pid_pilot_senior/share/pid_pilot_senior/package.bash'
[6.230s] INFO:colcon.colcon_core.shell:Creating package script '/home/dualipa/pid_pilot_senior/install/pid_pilot_senior/share/pid_pilot_senior/package.zsh'
[6.233s] Level 1:colcon.colcon_core.environment:create_file_with_runtime_dependencies(/home/dualipa/pid_pilot_senior/install/pid_pilot_senior/share/colcon-core/packages/pid_pilot_senior)
[11.607s] DEBUG:colcon.colcon_core.event_handler.log_command:Invoked command in '/home/dualipa/pid_pilot_senior/build/pplanner_interfaces' returned '0': CMAKE_PREFIX_PATH=${CMAKE_PREFIX_PATH}:/home/dualipa/pid_pilot_senior/install/pid_pilot_senior:/home/dualipa/mark1/install/robot1:/opt/ros/humble /usr/bin/cmake /home/dualipa/pid_pilot_senior/src/pplanner_interfaces -DCMAKE_INSTALL_PREFIX=/home/dualipa/pid_pilot_senior/install/pplanner_interfaces
[11.617s] DEBUG:colcon.colcon_core.event_handler.log_command:Invoking command in '/home/dualipa/pid_pilot_senior/build/pplanner_interfaces': CMAKE_PREFIX_PATH=${CMAKE_PREFIX_PATH}:/home/dualipa/pid_pilot_senior/install/pid_pilot_senior:/home/dualipa/mark1/install/robot1:/opt/ros/humble /usr/bin/cmake --build /home/dualipa/pid_pilot_senior/build/pplanner_interfaces -- -j4 -l4
[31.974s] DEBUG:colcon.colcon_core.event_handler.log_command:Invoked command in '/home/dualipa/pid_pilot_senior/build/pplanner_interfaces' returned '0': CMAKE_PREFIX_PATH=${CMAKE_PREFIX_PATH}:/home/dualipa/pid_pilot_senior/install/pid_pilot_senior:/home/dualipa/mark1/install/robot1:/opt/ros/humble /usr/bin/cmake --build /home/dualipa/pid_pilot_senior/build/pplanner_interfaces -- -j4 -l4
[32.647s] DEBUG:colcon.colcon_core.event_handler.log_command:Invoking command in '/home/dualipa/pid_pilot_senior/build/pplanner_interfaces': CMAKE_PREFIX_PATH=${CMAKE_PREFIX_PATH}:/home/dualipa/pid_pilot_senior/install/pid_pilot_senior:/home/dualipa/mark1/install/robot1:/opt/ros/humble /usr/bin/cmake --install /home/dualipa/pid_pilot_senior/build/pplanner_interfaces
[33.105s] Level 1:colcon.colcon_core.environment:create_environment_scripts_only(pplanner_interfaces)
[33.107s] Level 1:colcon.colcon_core.environment:checking '/home/dualipa/pid_pilot_senior/install/pplanner_interfaces' for CMake module files
[33.108s] DEBUG:colcon.colcon_core.event_handler.log_command:Invoked command in '/home/dualipa/pid_pilot_senior/build/pplanner_interfaces' returned '0': CMAKE_PREFIX_PATH=${CMAKE_PREFIX_PATH}:/home/dualipa/pid_pilot_senior/install/pid_pilot_senior:/home/dualipa/mark1/install/robot1:/opt/ros/humble /usr/bin/cmake --install /home/dualipa/pid_pilot_senior/build/pplanner_interfaces
[33.111s] Level 1:colcon.colcon_core.environment:checking '/home/dualipa/pid_pilot_senior/install/pplanner_interfaces' for CMake config files
[33.115s] Level 1:colcon.colcon_core.shell:create_environment_hook('pplanner_interfaces', 'cmake_prefix_path')
[33.116s] INFO:colcon.colcon_core.shell:Creating environment hook '/home/dualipa/pid_pilot_senior/install/pplanner_interfaces/share/pplanner_interfaces/hook/cmake_prefix_path.ps1'
[33.118s] INFO:colcon.colcon_core.shell:Creating environment descriptor '/home/dualipa/pid_pilot_senior/install/pplanner_interfaces/share/pplanner_interfaces/hook/cmake_prefix_path.dsv'
[33.119s] INFO:colcon.colcon_core.shell:Creating environment hook '/home/dualipa/pid_pilot_senior/install/pplanner_interfaces/share/pplanner_interfaces/hook/cmake_prefix_path.sh'
[33.121s] Level 1:colcon.colcon_core.environment:checking '/home/dualipa/pid_pilot_senior/install/pplanner_interfaces/lib'
[33.122s] Level 1:colcon.colcon_core.shell:create_environment_hook('pplanner_interfaces', 'ld_library_path_lib')
[33.123s] INFO:colcon.colcon_core.shell:Creating environment hook '/home/dualipa/pid_pilot_senior/install/pplanner_interfaces/share/pplanner_interfaces/hook/ld_library_path_lib.ps1'
[33.124s] INFO:colcon.colcon_core.shell:Creating environment descriptor '/home/dualipa/pid_pilot_senior/install/pplanner_interfaces/share/pplanner_interfaces/hook/ld_library_path_lib.dsv'
[33.125s] INFO:colcon.colcon_core.shell:Creating environment hook '/home/dualipa/pid_pilot_senior/install/pplanner_interfaces/share/pplanner_interfaces/hook/ld_library_path_lib.sh'
[33.127s] Level 1:colcon.colcon_core.environment:checking '/home/dualipa/pid_pilot_senior/install/pplanner_interfaces/bin'
[33.127s] Level 1:colcon.colcon_core.environment:checking '/home/dualipa/pid_pilot_senior/install/pplanner_interfaces/lib/pkgconfig/pplanner_interfaces.pc'
[33.128s] Level 1:colcon.colcon_core.environment:checking '/home/dualipa/pid_pilot_senior/install/pplanner_interfaces/lib/python3.10/site-packages'
[33.129s] Level 1:colcon.colcon_core.environment:checking '/home/dualipa/pid_pilot_senior/install/pplanner_interfaces/bin'
[33.130s] INFO:colcon.colcon_core.shell:Creating package script '/home/dualipa/pid_pilot_senior/install/pplanner_interfaces/share/pplanner_interfaces/package.ps1'
[33.133s] INFO:colcon.colcon_core.shell:Creating package descriptor '/home/dualipa/pid_pilot_senior/install/pplanner_interfaces/share/pplanner_interfaces/package.dsv'
[33.135s] INFO:colcon.colcon_core.shell:Creating package script '/home/dualipa/pid_pilot_senior/install/pplanner_interfaces/share/pplanner_interfaces/package.sh'
[33.136s] INFO:colcon.colcon_core.shell:Creating package script '/home/dualipa/pid_pilot_senior/install/pplanner_interfaces/share/pplanner_interfaces/package.bash'
[33.138s] INFO:colcon.colcon_core.shell:Creating package script '/home/dualipa/pid_pilot_senior/install/pplanner_interfaces/share/pplanner_interfaces/package.zsh'
[33.139s] Level 1:colcon.colcon_core.environment:create_file_with_runtime_dependencies(/home/dualipa/pid_pilot_senior/install/pplanner_interfaces/share/colcon-core/packages/pplanner_interfaces)
[33.757s] Level 1:colcon.colcon_core.environment:create_environment_scripts_only(pplanner_interfaces)
[33.758s] Level 1:colcon.colcon_core.environment:checking '/home/dualipa/pid_pilot_senior/install/pplanner_interfaces' for CMake module files
[33.762s] Level 1:colcon.colcon_core.environment:checking '/home/dualipa/pid_pilot_senior/install/pplanner_interfaces' for CMake config files
[33.767s] Level 1:colcon.colcon_core.shell:create_environment_hook('pplanner_interfaces', 'cmake_prefix_path')
[33.768s] INFO:colcon.colcon_core.shell:Creating environment hook '/home/dualipa/pid_pilot_senior/install/pplanner_interfaces/share/pplanner_interfaces/hook/cmake_prefix_path.ps1'
[33.770s] INFO:colcon.colcon_core.shell:Creating environment descriptor '/home/dualipa/pid_pilot_senior/install/pplanner_interfaces/share/pplanner_interfaces/hook/cmake_prefix_path.dsv'
[33.772s] INFO:colcon.colcon_core.shell:Creating environment hook '/home/dualipa/pid_pilot_senior/install/pplanner_interfaces/share/pplanner_interfaces/hook/cmake_prefix_path.sh'
[33.775s] Level 1:colcon.colcon_core.environment:checking '/home/dualipa/pid_pilot_senior/install/pplanner_interfaces/lib'
[33.775s] Level 1:colcon.colcon_core.shell:create_environment_hook('pplanner_interfaces', 'ld_library_path_lib')
[33.776s] INFO:colcon.colcon_core.shell:Creating environment hook '/home/dualipa/pid_pilot_senior/install/pplanner_interfaces/share/pplanner_interfaces/hook/ld_library_path_lib.ps1'
[33.778s] INFO:colcon.colcon_core.shell:Creating environment descriptor '/home/dualipa/pid_pilot_senior/install/pplanner_interfaces/share/pplanner_interfaces/hook/ld_library_path_lib.dsv'
[33.780s] INFO:colcon.colcon_core.shell:Creating environment hook '/home/dualipa/pid_pilot_senior/install/pplanner_interfaces/share/pplanner_interfaces/hook/ld_library_path_lib.sh'
[33.782s] Level 1:colcon.colcon_core.environment:checking '/home/dualipa/pid_pilot_senior/install/pplanner_interfaces/bin'
[33.783s] Level 1:colcon.colcon_core.environment:checking '/home/dualipa/pid_pilot_senior/install/pplanner_interfaces/lib/pkgconfig/pplanner_interfaces.pc'
[33.783s] Level 1:colcon.colcon_core.environment:checking '/home/dualipa/pid_pilot_senior/install/pplanner_interfaces/lib/python3.10/site-packages'
[33.784s] Level 1:colcon.colcon_core.environment:checking '/home/dualipa/pid_pilot_senior/install/pplanner_interfaces/bin'
[33.785s] INFO:colcon.colcon_core.shell:Creating package script '/home/dualipa/pid_pilot_senior/install/pplanner_interfaces/share/pplanner_interfaces/package.ps1'
[33.788s] INFO:colcon.colcon_core.shell:Creating package descriptor '/home/dualipa/pid_pilot_senior/install/pplanner_interfaces/share/pplanner_interfaces/package.dsv'
[33.790s] INFO:colcon.colcon_core.shell:Creating package script '/home/dualipa/pid_pilot_senior/install/pplanner_interfaces/share/pplanner_interfaces/package.sh'
[33.792s] INFO:colcon.colcon_core.shell:Creating package script '/home/dualipa/pid_pilot_senior/install/pplanner_interfaces/share/pplanner_interfaces/package.bash'
[33.794s] INFO:colcon.colcon_core.shell:Creating package script '/home/dualipa/pid_pilot_senior/install/pplanner_interfaces/share/pplanner_interfaces/package.zsh'
[33.796s] Level 1:colcon.colcon_core.environment:create_file_with_runtime_dependencies(/home/dualipa/pid_pilot_senior/install/pplanner_interfaces/share/colcon-core/packages/pplanner_interfaces)
[33.797s] DEBUG:colcon.colcon_parallel_executor.executor.parallel:closing loop
[33.798s] DEBUG:colcon.colcon_parallel_executor.executor.parallel:loop closed
[33.798s] DEBUG:colcon.colcon_parallel_executor.executor.parallel:run_until_complete finished with '0'
[33.799s] DEBUG:colcon.colcon_core.event_reactor:joining thread
[33.821s] INFO:colcon.colcon_core.plugin_system:Skipping extension 'colcon_notification.desktop_notification.terminal_notifier': Not used on non-Darwin systems
[33.821s] INFO:colcon.colcon_core.plugin_system:Skipping extension 'colcon_notification.desktop_notification.win32': Not used on non-Windows systems
[33.821s] INFO:colcon.colcon_notification.desktop_notification:Sending desktop notification using 'notify2'
[33.826s] DEBUG:colcon.colcon_notification.desktop_notification.notify2:Failed to initialize notify2: org.freedesktop.DBus.Error.ServiceUnknown: The name org.freedesktop.Notifications was not provided by any .service files
[33.826s] DEBUG:colcon.colcon_core.event_reactor:joined thread
[33.827s] INFO:colcon.colcon_core.shell:Creating prefix script '/home/dualipa/pid_pilot_senior/install/local_setup.ps1'
[33.831s] INFO:colcon.colcon_core.shell:Creating prefix util module '/home/dualipa/pid_pilot_senior/install/_local_setup_util_ps1.py'
[33.838s] INFO:colcon.colcon_core.shell:Creating prefix chain script '/home/dualipa/pid_pilot_senior/install/setup.ps1'
[33.844s] INFO:colcon.colcon_core.shell:Creating prefix script '/home/dualipa/pid_pilot_senior/install/local_setup.sh'
[33.846s] INFO:colcon.colcon_core.shell:Creating prefix util module '/home/dualipa/pid_pilot_senior/install/_local_setup_util_sh.py'
[33.848s] INFO:colcon.colcon_core.shell:Creating prefix chain script '/home/dualipa/pid_pilot_senior/install/setup.sh'
[33.852s] INFO:colcon.colcon_core.shell:Creating prefix script '/home/dualipa/pid_pilot_senior/install/local_setup.bash'
[33.854s] INFO:colcon.colcon_core.shell:Creating prefix chain script '/home/dualipa/pid_pilot_senior/install/setup.bash'
[33.859s] INFO:colcon.colcon_core.shell:Creating prefix script '/home/dualipa/pid_pilot_senior/install/local_setup.zsh'
[33.861s] INFO:colcon.colcon_core.shell:Creating prefix chain script '/home/dualipa/pid_pilot_senior/install/setup.zsh'
