running egg_info
creating ../../build/pid_pilot_senior/pid_pilot_senior.egg-info
writing ../../build/pid_pilot_senior/pid_pilot_senior.egg-info/PKG-INFO
writing dependency_links to ../../build/pid_pilot_senior/pid_pilot_senior.egg-info/dependency_links.txt
writing entry points to ../../build/pid_pilot_senior/pid_pilot_senior.egg-info/entry_points.txt
writing requirements to ../../build/pid_pilot_senior/pid_pilot_senior.egg-info/requires.txt
writing top-level names to ../../build/pid_pilot_senior/pid_pilot_senior.egg-info/top_level.txt
writing manifest file '../../build/pid_pilot_senior/pid_pilot_senior.egg-info/SOURCES.txt'
reading manifest file '../../build/pid_pilot_senior/pid_pilot_senior.egg-info/SOURCES.txt'
writing manifest file '../../build/pid_pilot_senior/pid_pilot_senior.egg-info/SOURCES.txt'
running build
running build_py
creating /home/kelvin/pid_pilot_senior/build/pid_pilot_senior/build
creating /home/kelvin/pid_pilot_senior/build/pid_pilot_senior/build/lib
creating /home/kelvin/pid_pilot_senior/build/pid_pilot_senior/build/lib/pid_pilot_senior
copying pid_pilot_senior/test4.py -> /home/kelvin/pid_pilot_senior/build/pid_pilot_senior/build/lib/pid_pilot_senior
copying pid_pilot_senior/pid_pilot_senior.py -> /home/kelvin/pid_pilot_senior/build/pid_pilot_senior/build/lib/pid_pilot_senior
copying pid_pilot_senior/__init__.py -> /home/kelvin/pid_pilot_senior/build/pid_pilot_senior/build/lib/pid_pilot_senior
copying pid_pilot_senior/test.py -> /home/kelvin/pid_pilot_senior/build/pid_pilot_senior/build/lib/pid_pilot_senior
copying pid_pilot_senior/test2.py -> /home/kelvin/pid_pilot_senior/build/pid_pilot_senior/build/lib/pid_pilot_senior
copying pid_pilot_senior/test3.py -> /home/kelvin/pid_pilot_senior/build/pid_pilot_senior/build/lib/pid_pilot_senior
running install
running install_lib
creating /home/kelvin/pid_pilot_senior/install/pid_pilot_senior/lib/python3.10/site-packages/pid_pilot_senior
copying /home/kelvin/pid_pilot_senior/build/pid_pilot_senior/build/lib/pid_pilot_senior/test4.py -> /home/kelvin/pid_pilot_senior/install/pid_pilot_senior/lib/python3.10/site-packages/pid_pilot_senior
copying /home/kelvin/pid_pilot_senior/build/pid_pilot_senior/build/lib/pid_pilot_senior/pid_pilot_senior.py -> /home/kelvin/pid_pilot_senior/install/pid_pilot_senior/lib/python3.10/site-packages/pid_pilot_senior
copying /home/kelvin/pid_pilot_senior/build/pid_pilot_senior/build/lib/pid_pilot_senior/__init__.py -> /home/kelvin/pid_pilot_senior/install/pid_pilot_senior/lib/python3.10/site-packages/pid_pilot_senior
copying /home/kelvin/pid_pilot_senior/build/pid_pilot_senior/build/lib/pid_pilot_senior/test.py -> /home/kelvin/pid_pilot_senior/install/pid_pilot_senior/lib/python3.10/site-packages/pid_pilot_senior
copying /home/kelvin/pid_pilot_senior/build/pid_pilot_senior/build/lib/pid_pilot_senior/test2.py -> /home/kelvin/pid_pilot_senior/install/pid_pilot_senior/lib/python3.10/site-packages/pid_pilot_senior
copying /home/kelvin/pid_pilot_senior/build/pid_pilot_senior/build/lib/pid_pilot_senior/test3.py -> /home/kelvin/pid_pilot_senior/install/pid_pilot_senior/lib/python3.10/site-packages/pid_pilot_senior
byte-compiling /home/kelvin/pid_pilot_senior/install/pid_pilot_senior/lib/python3.10/site-packages/pid_pilot_senior/test4.py to test4.cpython-310.pyc
byte-compiling /home/kelvin/pid_pilot_senior/install/pid_pilot_senior/lib/python3.10/site-packages/pid_pilot_senior/pid_pilot_senior.py to pid_pilot_senior.cpython-310.pyc
byte-compiling /home/kelvin/pid_pilot_senior/install/pid_pilot_senior/lib/python3.10/site-packages/pid_pilot_senior/__init__.py to __init__.cpython-310.pyc
byte-compiling /home/kelvin/pid_pilot_senior/install/pid_pilot_senior/lib/python3.10/site-packages/pid_pilot_senior/test.py to test.cpython-310.pyc
byte-compiling /home/kelvin/pid_pilot_senior/install/pid_pilot_senior/lib/python3.10/site-packages/pid_pilot_senior/test2.py to test2.cpython-310.pyc
byte-compiling /home/kelvin/pid_pilot_senior/install/pid_pilot_senior/lib/python3.10/site-packages/pid_pilot_senior/test3.py to test3.cpython-310.pyc
running install_data
creating /home/kelvin/pid_pilot_senior/install/pid_pilot_senior/share/ament_index
creating /home/kelvin/pid_pilot_senior/install/pid_pilot_senior/share/ament_index/resource_index
creating /home/kelvin/pid_pilot_senior/install/pid_pilot_senior/share/ament_index/resource_index/packages
copying resource/pid_pilot_senior -> /home/kelvin/pid_pilot_senior/install/pid_pilot_senior/share/ament_index/resource_index/packages
copying package.xml -> /home/kelvin/pid_pilot_senior/install/pid_pilot_senior/share/pid_pilot_senior
running install_egg_info
Copying ../../build/pid_pilot_senior/pid_pilot_senior.egg-info to /home/kelvin/pid_pilot_senior/install/pid_pilot_senior/lib/python3.10/site-packages/pid_pilot_senior-0.0.0-py3.10.egg-info
running install_scripts
Installing pid_pilot_senior script to /home/kelvin/pid_pilot_senior/install/pid_pilot_senior/lib/pid_pilot_senior
writing list of installed files to '/home/kelvin/pid_pilot_senior/build/pid_pilot_senior/install.log'
