[0.348s] Invoking command in '/home/kelvin/pid_pilot_senior/src/pid_pilot_senior': PYTHONPATH=/home/kelvin/pid_pilot_senior/build/pid_pilot_senior/prefix_override:/home/kelvin/pid_pilot_senior/install/pid_pilot_senior/lib/python3.10/site-packages:${PYTHONPATH} /usr/bin/python3 -W ignore:setup.py install is deprecated setup.py egg_info --egg-base ../../build/pid_pilot_senior build --build-base /home/kelvin/pid_pilot_senior/build/pid_pilot_senior/build install --record /home/kelvin/pid_pilot_senior/build/pid_pilot_senior/install.log --single-version-externally-managed install_data
[0.478s] running egg_info
[0.478s] creating ../../build/pid_pilot_senior/pid_pilot_senior.egg-info
[0.478s] writing ../../build/pid_pilot_senior/pid_pilot_senior.egg-info/PKG-INFO
[0.478s] writing dependency_links to ../../build/pid_pilot_senior/pid_pilot_senior.egg-info/dependency_links.txt
[0.479s] writing entry points to ../../build/pid_pilot_senior/pid_pilot_senior.egg-info/entry_points.txt
[0.479s] writing requirements to ../../build/pid_pilot_senior/pid_pilot_senior.egg-info/requires.txt
[0.479s] writing top-level names to ../../build/pid_pilot_senior/pid_pilot_senior.egg-info/top_level.txt
[0.479s] writing manifest file '../../build/pid_pilot_senior/pid_pilot_senior.egg-info/SOURCES.txt'
[0.480s] reading manifest file '../../build/pid_pilot_senior/pid_pilot_senior.egg-info/SOURCES.txt'
[0.480s] writing manifest file '../../build/pid_pilot_senior/pid_pilot_senior.egg-info/SOURCES.txt'
[0.480s] running build
[0.480s] running build_py
[0.481s] creating /home/kelvin/pid_pilot_senior/build/pid_pilot_senior/build
[0.481s] creating /home/kelvin/pid_pilot_senior/build/pid_pilot_senior/build/lib
[0.481s] creating /home/kelvin/pid_pilot_senior/build/pid_pilot_senior/build/lib/pid_pilot_senior
[0.481s] copying pid_pilot_senior/test4.py -> /home/kelvin/pid_pilot_senior/build/pid_pilot_senior/build/lib/pid_pilot_senior
[0.481s] copying pid_pilot_senior/pid_pilot_senior.py -> /home/kelvin/pid_pilot_senior/build/pid_pilot_senior/build/lib/pid_pilot_senior
[0.481s] copying pid_pilot_senior/__init__.py -> /home/kelvin/pid_pilot_senior/build/pid_pilot_senior/build/lib/pid_pilot_senior
[0.481s] copying pid_pilot_senior/test.py -> /home/kelvin/pid_pilot_senior/build/pid_pilot_senior/build/lib/pid_pilot_senior
[0.481s] copying pid_pilot_senior/test2.py -> /home/kelvin/pid_pilot_senior/build/pid_pilot_senior/build/lib/pid_pilot_senior
[0.481s] copying pid_pilot_senior/test3.py -> /home/kelvin/pid_pilot_senior/build/pid_pilot_senior/build/lib/pid_pilot_senior
[0.481s] running install
[0.481s] running install_lib
[0.481s] creating /home/kelvin/pid_pilot_senior/install/pid_pilot_senior/lib/python3.10/site-packages/pid_pilot_senior
[0.481s] copying /home/kelvin/pid_pilot_senior/build/pid_pilot_senior/build/lib/pid_pilot_senior/test4.py -> /home/kelvin/pid_pilot_senior/install/pid_pilot_senior/lib/python3.10/site-packages/pid_pilot_senior
[0.481s] copying /home/kelvin/pid_pilot_senior/build/pid_pilot_senior/build/lib/pid_pilot_senior/pid_pilot_senior.py -> /home/kelvin/pid_pilot_senior/install/pid_pilot_senior/lib/python3.10/site-packages/pid_pilot_senior
[0.481s] copying /home/kelvin/pid_pilot_senior/build/pid_pilot_senior/build/lib/pid_pilot_senior/__init__.py -> /home/kelvin/pid_pilot_senior/install/pid_pilot_senior/lib/python3.10/site-packages/pid_pilot_senior
[0.481s] copying /home/kelvin/pid_pilot_senior/build/pid_pilot_senior/build/lib/pid_pilot_senior/test.py -> /home/kelvin/pid_pilot_senior/install/pid_pilot_senior/lib/python3.10/site-packages/pid_pilot_senior
[0.481s] copying /home/kelvin/pid_pilot_senior/build/pid_pilot_senior/build/lib/pid_pilot_senior/test2.py -> /home/kelvin/pid_pilot_senior/install/pid_pilot_senior/lib/python3.10/site-packages/pid_pilot_senior
[0.481s] copying /home/kelvin/pid_pilot_senior/build/pid_pilot_senior/build/lib/pid_pilot_senior/test3.py -> /home/kelvin/pid_pilot_senior/install/pid_pilot_senior/lib/python3.10/site-packages/pid_pilot_senior
[0.482s] byte-compiling /home/kelvin/pid_pilot_senior/install/pid_pilot_senior/lib/python3.10/site-packages/pid_pilot_senior/test4.py to test4.cpython-310.pyc
[0.482s] byte-compiling /home/kelvin/pid_pilot_senior/install/pid_pilot_senior/lib/python3.10/site-packages/pid_pilot_senior/pid_pilot_senior.py to pid_pilot_senior.cpython-310.pyc
[0.483s] byte-compiling /home/kelvin/pid_pilot_senior/install/pid_pilot_senior/lib/python3.10/site-packages/pid_pilot_senior/__init__.py to __init__.cpython-310.pyc
[0.483s] byte-compiling /home/kelvin/pid_pilot_senior/install/pid_pilot_senior/lib/python3.10/site-packages/pid_pilot_senior/test.py to test.cpython-310.pyc
[0.483s] byte-compiling /home/kelvin/pid_pilot_senior/install/pid_pilot_senior/lib/python3.10/site-packages/pid_pilot_senior/test2.py to test2.cpython-310.pyc
[0.483s] byte-compiling /home/kelvin/pid_pilot_senior/install/pid_pilot_senior/lib/python3.10/site-packages/pid_pilot_senior/test3.py to test3.cpython-310.pyc
[0.483s] running install_data
[0.484s] creating /home/kelvin/pid_pilot_senior/install/pid_pilot_senior/share/ament_index
[0.484s] creating /home/kelvin/pid_pilot_senior/install/pid_pilot_senior/share/ament_index/resource_index
[0.484s] creating /home/kelvin/pid_pilot_senior/install/pid_pilot_senior/share/ament_index/resource_index/packages
[0.484s] copying resource/pid_pilot_senior -> /home/kelvin/pid_pilot_senior/install/pid_pilot_senior/share/ament_index/resource_index/packages
[0.484s] copying package.xml -> /home/kelvin/pid_pilot_senior/install/pid_pilot_senior/share/pid_pilot_senior
[0.484s] running install_egg_info
[0.485s] Copying ../../build/pid_pilot_senior/pid_pilot_senior.egg-info to /home/kelvin/pid_pilot_senior/install/pid_pilot_senior/lib/python3.10/site-packages/pid_pilot_senior-0.0.0-py3.10.egg-info
[0.485s] running install_scripts
[0.497s] Installing pid_pilot_senior script to /home/kelvin/pid_pilot_senior/install/pid_pilot_senior/lib/pid_pilot_senior
[0.497s] writing list of installed files to '/home/kelvin/pid_pilot_senior/build/pid_pilot_senior/install.log'
[0.510s] Invoked command in '/home/kelvin/pid_pilot_senior/src/pid_pilot_senior' returned '0': PYTHONPATH=/home/kelvin/pid_pilot_senior/build/pid_pilot_senior/prefix_override:/home/kelvin/pid_pilot_senior/install/pid_pilot_senior/lib/python3.10/site-packages:${PYTHONPATH} /usr/bin/python3 -W ignore:setup.py install is deprecated setup.py egg_info --egg-base ../../build/pid_pilot_senior build --build-base /home/kelvin/pid_pilot_senior/build/pid_pilot_senior/build install --record /home/kelvin/pid_pilot_senior/build/pid_pilot_senior/install.log --single-version-externally-managed install_data
