[1.403s] Invoking command in '/home/dualipa/pid_pilot_senior/build/pplanner_interfaces': CMAKE_PREFIX_PATH=${CMAKE_PREFIX_PATH}:/home/dualipa/pid_pilot_senior/install/pid_pilot_senior:/home/dualipa/mark1/install/robot1:/opt/ros/humble /usr/bin/cmake /home/dualipa/pid_pilot_senior/src/pplanner_interfaces -DCMAKE_INSTALL_PREFIX=/home/dualipa/pid_pilot_senior/install/pplanner_interfaces
[2.697s] -- The C compiler identification is GNU 11.4.0
[3.638s] -- The CXX compiler identification is GNU 11.4.0
[3.697s] -- Detecting C compiler ABI info
[4.252s] -- Detecting C compiler ABI info - done
[4.282s] -- Check for working C compiler: /usr/bin/cc - skipped
[4.286s] -- Detecting C compile features
[4.290s] -- Detecting C compile features - done
[4.308s] -- Detecting CXX compiler ABI info
[4.860s] -- Detecting CXX compiler ABI info - done
[4.888s] -- Check for working CXX compiler: /usr/bin/c++ - skipped
[4.890s] -- Detecting CXX compile features
[4.891s] -- Detecting CXX compile features - done
[4.956s] -- Found ament_cmake: 1.3.9 (/opt/ros/humble/share/ament_cmake/cmake)
[6.012s] -- Found Python3: /usr/bin/python3 (found version "3.10.12") found components: Interpreter 
[7.060s] -- Found rosidl_default_generators: 1.2.0 (/opt/ros/humble/share/rosidl_default_generators/cmake)
[7.093s] -- Using all available rosidl_typesupport_c: rosidl_typesupport_fastrtps_c;rosidl_typesupport_introspection_c
[7.181s] -- Found rosidl_adapter: 3.1.5 (/opt/ros/humble/share/rosidl_adapter/cmake)
[7.604s] -- Using all available rosidl_typesupport_cpp: rosidl_typesupport_fastrtps_cpp;rosidl_typesupport_introspection_cpp
[9.216s] -- Found ament_cmake_ros: 0.10.0 (/opt/ros/humble/share/ament_cmake_ros/cmake)
[10.351s] -- Using all available rosidl_typesupport_c: rosidl_typesupport_fastrtps_c;rosidl_typesupport_introspection_c
[11.607s] -- Using all available rosidl_typesupport_cpp: rosidl_typesupport_fastrtps_cpp;rosidl_typesupport_introspection_cpp
[11.818s] -- Found PythonInterp: /usr/bin/python3 (found suitable version "3.10.12", minimum required is "3.6") 
[11.879s] -- Found python_cmake_module: 0.10.0 (/opt/ros/humble/share/python_cmake_module/cmake)
[12.031s] -- Found PythonLibs: /usr/lib/aarch64-linux-gnu/libpython3.10.so (found suitable version "3.10.12", minimum required is "3.5") 
[12.032s] -- Using PYTHON_EXECUTABLE: /usr/bin/python3
[12.032s] -- Using PYTHON_INCLUDE_DIRS: /usr/include/python3.10
[12.033s] -- Using PYTHON_LIBRARIES: /usr/lib/aarch64-linux-gnu/libpython3.10.so
[12.149s] -- Found PythonExtra: .so  
[12.387s] -- Configuring done
[12.597s] -- Generating done
[12.612s] -- Build files have been written to: /home/dualipa/pid_pilot_senior/build/pplanner_interfaces
[12.634s] Invoked command in '/home/dualipa/pid_pilot_senior/build/pplanner_interfaces' returned '0': CMAKE_PREFIX_PATH=${CMAKE_PREFIX_PATH}:/home/dualipa/pid_pilot_senior/install/pid_pilot_senior:/home/dualipa/mark1/install/robot1:/opt/ros/humble /usr/bin/cmake /home/dualipa/pid_pilot_senior/src/pplanner_interfaces -DCMAKE_INSTALL_PREFIX=/home/dualipa/pid_pilot_senior/install/pplanner_interfaces
[12.645s] Invoking command in '/home/dualipa/pid_pilot_senior/build/pplanner_interfaces': CMAKE_PREFIX_PATH=${CMAKE_PREFIX_PATH}:/home/dualipa/pid_pilot_senior/install/pid_pilot_senior:/home/dualipa/mark1/install/robot1:/opt/ros/humble /usr/bin/cmake --build /home/dualipa/pid_pilot_senior/build/pplanner_interfaces -- -j4 -l4
[12.820s] [  1%] [34m[1mGenerating C code for ROS interfaces[0m
[12.873s] [  3%] [34m[1mGenerating C++ code for ROS interfaces[0m
[12.939s] [  3%] Built target ament_cmake_python_copy_pplanner_interfaces
[16.840s] running egg_info
[16.850s] creating pplanner_interfaces.egg-info
[16.852s] writing pplanner_interfaces.egg-info/PKG-INFO
[16.853s] writing dependency_links to pplanner_interfaces.egg-info/dependency_links.txt
[16.864s] writing top-level names to pplanner_interfaces.egg-info/top_level.txt
[16.865s] writing manifest file 'pplanner_interfaces.egg-info/SOURCES.txt'
[16.870s] reading manifest file 'pplanner_interfaces.egg-info/SOURCES.txt'
[16.890s] writing manifest file 'pplanner_interfaces.egg-info/SOURCES.txt'
[17.162s] [  3%] Built target ament_cmake_python_build_pplanner_interfaces_egg
[17.954s] [  3%] Built target pplanner_interfaces__cpp
[18.060s] [  5%] [34m[1mGenerating C++ type support for eProsima Fast-RTPS[0m
[18.472s] [  7%] [34m[1mGenerating C++ introspection for ROS interfaces[0m
[18.517s] [  9%] [34m[1mGenerating C++ type support dispatch for ROS interfaces[0m
[18.660s] [ 10%] [32mBuilding C object CMakeFiles/pplanner_interfaces__rosidl_generator_c.dir/rosidl_generator_c/pplanner_interfaces/msg/detail/path_grid__functions.c.o[0m
[19.851s] [ 12%] [32mBuilding C object CMakeFiles/pplanner_interfaces__rosidl_generator_c.dir/rosidl_generator_c/pplanner_interfaces/msg/detail/path_gridset__functions.c.o[0m
[20.490s] [ 14%] [32mBuilding C object CMakeFiles/pplanner_interfaces__rosidl_generator_c.dir/rosidl_generator_c/pplanner_interfaces/msg/detail/aruco_data__functions.c.o[0m
[21.357s] [ 16%] [32mBuilding C object CMakeFiles/pplanner_interfaces__rosidl_generator_c.dir/rosidl_generator_c/pplanner_interfaces/msg/detail/aruco_dataset__functions.c.o[0m
[22.259s] [ 18%] [32m[1mLinking C shared library libpplanner_interfaces__rosidl_generator_c.so[0m
[22.883s] [ 18%] Built target pplanner_interfaces__rosidl_generator_c
[23.083s] [ 20%] [34m[1mGenerating C type support for eProsima Fast-RTPS[0m
[23.274s] [ 21%] [32mBuilding CXX object CMakeFiles/pplanner_interfaces__rosidl_typesupport_cpp.dir/rosidl_typesupport_cpp/pplanner_interfaces/msg/path_grid__type_support.cpp.o[0m
[23.964s] [ 23%] [32mBuilding CXX object CMakeFiles/pplanner_interfaces__rosidl_typesupport_introspection_cpp.dir/rosidl_typesupport_introspection_cpp/pplanner_interfaces/msg/detail/path_grid__type_support.cpp.o[0m
[24.152s] [ 25%] [32mBuilding CXX object CMakeFiles/pplanner_interfaces__rosidl_typesupport_fastrtps_cpp.dir/rosidl_typesupport_fastrtps_cpp/pplanner_interfaces/msg/detail/dds_fastrtps/path_grid__type_support.cpp.o[0m
[27.911s] [ 27%] [32mBuilding CXX object CMakeFiles/pplanner_interfaces__rosidl_typesupport_cpp.dir/rosidl_typesupport_cpp/pplanner_interfaces/msg/path_gridset__type_support.cpp.o[0m
[29.230s] [ 29%] [32mBuilding CXX object CMakeFiles/pplanner_interfaces__rosidl_typesupport_fastrtps_c.dir/rosidl_typesupport_fastrtps_c/pplanner_interfaces/msg/detail/path_grid__type_support_c.cpp.o[0m
[29.447s] [ 30%] [32mBuilding CXX object CMakeFiles/pplanner_interfaces__rosidl_typesupport_introspection_cpp.dir/rosidl_typesupport_introspection_cpp/pplanner_interfaces/msg/detail/path_gridset__type_support.cpp.o[0m
[30.119s] [ 32%] [32mBuilding CXX object CMakeFiles/pplanner_interfaces__rosidl_typesupport_fastrtps_cpp.dir/rosidl_typesupport_fastrtps_cpp/pplanner_interfaces/msg/detail/dds_fastrtps/path_gridset__type_support.cpp.o[0m
[31.634s] [ 34%] [32mBuilding CXX object CMakeFiles/pplanner_interfaces__rosidl_typesupport_cpp.dir/rosidl_typesupport_cpp/pplanner_interfaces/msg/aruco_data__type_support.cpp.o[0m
[34.008s] [ 36%] [32mBuilding CXX object CMakeFiles/pplanner_interfaces__rosidl_typesupport_fastrtps_c.dir/rosidl_typesupport_fastrtps_c/pplanner_interfaces/msg/detail/path_gridset__type_support_c.cpp.o[0m
[34.582s] [ 38%] [32mBuilding CXX object CMakeFiles/pplanner_interfaces__rosidl_typesupport_cpp.dir/rosidl_typesupport_cpp/pplanner_interfaces/msg/aruco_dataset__type_support.cpp.o[0m
[34.653s] [ 40%] [32mBuilding CXX object CMakeFiles/pplanner_interfaces__rosidl_typesupport_introspection_cpp.dir/rosidl_typesupport_introspection_cpp/pplanner_interfaces/msg/detail/aruco_data__type_support.cpp.o[0m
[36.301s] [ 41%] [32mBuilding CXX object CMakeFiles/pplanner_interfaces__rosidl_typesupport_fastrtps_cpp.dir/rosidl_typesupport_fastrtps_cpp/pplanner_interfaces/msg/detail/dds_fastrtps/aruco_data__type_support.cpp.o[0m
[38.839s] [ 43%] [32m[1mLinking CXX shared library libpplanner_interfaces__rosidl_typesupport_cpp.so[0m
[39.235s] [ 45%] [32mBuilding CXX object CMakeFiles/pplanner_interfaces__rosidl_typesupport_fastrtps_c.dir/rosidl_typesupport_fastrtps_c/pplanner_interfaces/msg/detail/aruco_data__type_support_c.cpp.o[0m
[39.367s] [ 45%] Built target pplanner_interfaces__rosidl_typesupport_cpp
[39.460s] [ 47%] [32mBuilding CXX object CMakeFiles/pplanner_interfaces__rosidl_typesupport_fastrtps_cpp.dir/rosidl_typesupport_fastrtps_cpp/pplanner_interfaces/msg/detail/dds_fastrtps/aruco_dataset__type_support.cpp.o[0m
[39.943s] [ 49%] [32mBuilding CXX object CMakeFiles/pplanner_interfaces__rosidl_typesupport_introspection_cpp.dir/rosidl_typesupport_introspection_cpp/pplanner_interfaces/msg/detail/aruco_dataset__type_support.cpp.o[0m
[41.614s] [ 50%] [34m[1mGenerating C introspection for ROS interfaces[0m
[43.240s] [ 52%] [32mBuilding CXX object CMakeFiles/pplanner_interfaces__rosidl_typesupport_fastrtps_c.dir/rosidl_typesupport_fastrtps_c/pplanner_interfaces/msg/detail/aruco_dataset__type_support_c.cpp.o[0m
[46.064s] [ 54%] [32m[1mLinking CXX shared library libpplanner_interfaces__rosidl_typesupport_introspection_cpp.so[0m
[46.601s] [ 56%] [32m[1mLinking CXX shared library libpplanner_interfaces__rosidl_typesupport_fastrtps_cpp.so[0m
[46.935s] [ 58%] [32mBuilding C object CMakeFiles/pplanner_interfaces__rosidl_typesupport_introspection_c.dir/rosidl_typesupport_introspection_c/pplanner_interfaces/msg/detail/path_grid__type_support.c.o[0m
[47.216s] [ 58%] Built target pplanner_interfaces__rosidl_typesupport_introspection_cpp
[47.340s] [ 60%] [34m[1mGenerating C type support dispatch for ROS interfaces[0m
[47.397s] [ 61%] [32mBuilding C object CMakeFiles/pplanner_interfaces__rosidl_typesupport_introspection_c.dir/rosidl_typesupport_introspection_c/pplanner_interfaces/msg/detail/path_gridset__type_support.c.o[0m
[47.406s] [ 61%] Built target pplanner_interfaces__rosidl_typesupport_fastrtps_cpp
[47.497s] [ 63%] [32mBuilding C object CMakeFiles/pplanner_interfaces__rosidl_typesupport_introspection_c.dir/rosidl_typesupport_introspection_c/pplanner_interfaces/msg/detail/aruco_data__type_support.c.o[0m
[47.958s] [ 65%] [32mBuilding C object CMakeFiles/pplanner_interfaces__rosidl_typesupport_introspection_c.dir/rosidl_typesupport_introspection_c/pplanner_interfaces/msg/detail/aruco_dataset__type_support.c.o[0m
[48.356s] [ 67%] [32m[1mLinking C shared library libpplanner_interfaces__rosidl_typesupport_introspection_c.so[0m
[48.366s] [ 69%] [32m[1mLinking CXX shared library libpplanner_interfaces__rosidl_typesupport_fastrtps_c.so[0m
[48.690s] [ 69%] Built target pplanner_interfaces__rosidl_typesupport_introspection_c
[48.887s] [ 69%] Built target pplanner_interfaces__rosidl_typesupport_fastrtps_c
[49.474s] [ 70%] [32mBuilding CXX object CMakeFiles/pplanner_interfaces__rosidl_typesupport_c.dir/rosidl_typesupport_c/pplanner_interfaces/msg/path_grid__type_support.cpp.o[0m
[49.478s] [ 72%] [32mBuilding CXX object CMakeFiles/pplanner_interfaces__rosidl_typesupport_c.dir/rosidl_typesupport_c/pplanner_interfaces/msg/path_gridset__type_support.cpp.o[0m
[49.770s] [ 74%] [32mBuilding CXX object CMakeFiles/pplanner_interfaces__rosidl_typesupport_c.dir/rosidl_typesupport_c/pplanner_interfaces/msg/aruco_dataset__type_support.cpp.o[0m
[49.772s] [ 76%] [32mBuilding CXX object CMakeFiles/pplanner_interfaces__rosidl_typesupport_c.dir/rosidl_typesupport_c/pplanner_interfaces/msg/aruco_data__type_support.cpp.o[0m
[49.925s] [ 78%] [32m[1mLinking CXX shared library libpplanner_interfaces__rosidl_typesupport_c.so[0m
[50.101s] [ 78%] Built target pplanner_interfaces__rosidl_typesupport_c
[50.186s] [ 78%] Built target pplanner_interfaces
[50.275s] [ 80%] [34m[1mGenerating Python code for ROS interfaces[0m
[53.034s] [ 80%] Built target pplanner_interfaces__py
[53.134s] [ 83%] [32mBuilding C object CMakeFiles/pplanner_interfaces__rosidl_generator_py.dir/rosidl_generator_py/pplanner_interfaces/msg/_aruco_data_s.c.o[0m
[53.135s] [ 83%] [32mBuilding C object CMakeFiles/pplanner_interfaces__rosidl_generator_py.dir/rosidl_generator_py/pplanner_interfaces/msg/_path_gridset_s.c.o[0m
[53.138s] [ 85%] [32mBuilding C object CMakeFiles/pplanner_interfaces__rosidl_generator_py.dir/rosidl_generator_py/pplanner_interfaces/msg/_path_grid_s.c.o[0m
[54.441s] [ 87%] [32mBuilding C object CMakeFiles/pplanner_interfaces__rosidl_generator_py.dir/rosidl_generator_py/pplanner_interfaces/msg/_aruco_dataset_s.c.o[0m
[55.007s] [ 89%] [32m[1mLinking C shared library rosidl_generator_py/pplanner_interfaces/libpplanner_interfaces__rosidl_generator_py.so[0m
[55.214s] [ 89%] Built target pplanner_interfaces__rosidl_generator_py
[55.343s] [ 90%] [32mBuilding C object CMakeFiles/pplanner_interfaces__rosidl_typesupport_fastrtps_c__pyext.dir/rosidl_generator_py/pplanner_interfaces/_pplanner_interfaces_s.ep.rosidl_typesupport_fastrtps_c.c.o[0m
[55.356s] [ 92%] [32mBuilding C object CMakeFiles/pplanner_interfaces__rosidl_typesupport_introspection_c__pyext.dir/rosidl_generator_py/pplanner_interfaces/_pplanner_interfaces_s.ep.rosidl_typesupport_introspection_c.c.o[0m
[55.368s] [ 94%] [32mBuilding C object CMakeFiles/pplanner_interfaces__rosidl_typesupport_c__pyext.dir/rosidl_generator_py/pplanner_interfaces/_pplanner_interfaces_s.ep.rosidl_typesupport_c.c.o[0m
[56.476s] [ 96%] [32m[1mLinking C shared library rosidl_generator_py/pplanner_interfaces/pplanner_interfaces_s__rosidl_typesupport_c.cpython-310-aarch64-linux-gnu.so[0m
[56.484s] [ 98%] [32m[1mLinking C shared library rosidl_generator_py/pplanner_interfaces/pplanner_interfaces_s__rosidl_typesupport_introspection_c.cpython-310-aarch64-linux-gnu.so[0m
[56.660s] [100%] [32m[1mLinking C shared library rosidl_generator_py/pplanner_interfaces/pplanner_interfaces_s__rosidl_typesupport_fastrtps_c.cpython-310-aarch64-linux-gnu.so[0m
[56.804s] [100%] Built target pplanner_interfaces__rosidl_typesupport_c__pyext
[56.826s] [100%] Built target pplanner_interfaces__rosidl_typesupport_introspection_c__pyext
[57.018s] [100%] Built target pplanner_interfaces__rosidl_typesupport_fastrtps_c__pyext
[57.115s] Invoked command in '/home/dualipa/pid_pilot_senior/build/pplanner_interfaces' returned '0': CMAKE_PREFIX_PATH=${CMAKE_PREFIX_PATH}:/home/dualipa/pid_pilot_senior/install/pid_pilot_senior:/home/dualipa/mark1/install/robot1:/opt/ros/humble /usr/bin/cmake --build /home/dualipa/pid_pilot_senior/build/pplanner_interfaces -- -j4 -l4
[58.132s] Invoking command in '/home/dualipa/pid_pilot_senior/build/pplanner_interfaces': CMAKE_PREFIX_PATH=${CMAKE_PREFIX_PATH}:/home/dualipa/pid_pilot_senior/install/pid_pilot_senior:/home/dualipa/mark1/install/robot1:/opt/ros/humble /usr/bin/cmake --install /home/dualipa/pid_pilot_senior/build/pplanner_interfaces
[58.164s] -- Install configuration: ""
[58.165s] -- Installing: /home/dualipa/pid_pilot_senior/install/pplanner_interfaces/share/ament_index/resource_index/rosidl_interfaces/pplanner_interfaces
[58.167s] -- Installing: /home/dualipa/pid_pilot_senior/install/pplanner_interfaces/include/pplanner_interfaces/pplanner_interfaces
[58.167s] -- Installing: /home/dualipa/pid_pilot_senior/install/pplanner_interfaces/include/pplanner_interfaces/pplanner_interfaces/msg
[58.168s] -- Installing: /home/dualipa/pid_pilot_senior/install/pplanner_interfaces/include/pplanner_interfaces/pplanner_interfaces/msg/path_grid.h
[58.170s] -- Installing: /home/dualipa/pid_pilot_senior/install/pplanner_interfaces/include/pplanner_interfaces/pplanner_interfaces/msg/aruco_data.h
[58.170s] -- Installing: /home/dualipa/pid_pilot_senior/install/pplanner_interfaces/include/pplanner_interfaces/pplanner_interfaces/msg/detail
[58.171s] -- Installing: /home/dualipa/pid_pilot_senior/install/pplanner_interfaces/include/pplanner_interfaces/pplanner_interfaces/msg/detail/path_gridset__functions.c
[58.173s] -- Installing: /home/dualipa/pid_pilot_senior/install/pplanner_interfaces/include/pplanner_interfaces/pplanner_interfaces/msg/detail/aruco_data__type_support.h
[58.174s] -- Installing: /home/dualipa/pid_pilot_senior/install/pplanner_interfaces/include/pplanner_interfaces/pplanner_interfaces/msg/detail/aruco_data__functions.h
[58.176s] -- Installing: /home/dualipa/pid_pilot_senior/install/pplanner_interfaces/include/pplanner_interfaces/pplanner_interfaces/msg/detail/path_gridset__functions.h
[58.177s] -- Installing: /home/dualipa/pid_pilot_senior/install/pplanner_interfaces/include/pplanner_interfaces/pplanner_interfaces/msg/detail/path_gridset__struct.h
[58.179s] -- Installing: /home/dualipa/pid_pilot_senior/install/pplanner_interfaces/include/pplanner_interfaces/pplanner_interfaces/msg/detail/path_gridset__type_support.h
[58.180s] -- Installing: /home/dualipa/pid_pilot_senior/install/pplanner_interfaces/include/pplanner_interfaces/pplanner_interfaces/msg/detail/aruco_data__struct.h
[58.181s] -- Installing: /home/dualipa/pid_pilot_senior/install/pplanner_interfaces/include/pplanner_interfaces/pplanner_interfaces/msg/detail/aruco_dataset__functions.h
[58.182s] -- Installing: /home/dualipa/pid_pilot_senior/install/pplanner_interfaces/include/pplanner_interfaces/pplanner_interfaces/msg/detail/aruco_dataset__functions.c
[58.183s] -- Installing: /home/dualipa/pid_pilot_senior/install/pplanner_interfaces/include/pplanner_interfaces/pplanner_interfaces/msg/detail/path_grid__type_support.h
[58.184s] -- Installing: /home/dualipa/pid_pilot_senior/install/pplanner_interfaces/include/pplanner_interfaces/pplanner_interfaces/msg/detail/aruco_dataset__struct.h
[58.186s] -- Installing: /home/dualipa/pid_pilot_senior/install/pplanner_interfaces/include/pplanner_interfaces/pplanner_interfaces/msg/detail/path_grid__struct.h
[58.187s] -- Installing: /home/dualipa/pid_pilot_senior/install/pplanner_interfaces/include/pplanner_interfaces/pplanner_interfaces/msg/detail/path_grid__functions.c
[58.188s] -- Installing: /home/dualipa/pid_pilot_senior/install/pplanner_interfaces/include/pplanner_interfaces/pplanner_interfaces/msg/detail/aruco_data__functions.c
[58.190s] -- Installing: /home/dualipa/pid_pilot_senior/install/pplanner_interfaces/include/pplanner_interfaces/pplanner_interfaces/msg/detail/path_grid__functions.h
[58.191s] -- Installing: /home/dualipa/pid_pilot_senior/install/pplanner_interfaces/include/pplanner_interfaces/pplanner_interfaces/msg/detail/aruco_dataset__type_support.h
[58.193s] -- Installing: /home/dualipa/pid_pilot_senior/install/pplanner_interfaces/include/pplanner_interfaces/pplanner_interfaces/msg/aruco_dataset.h
[58.194s] -- Installing: /home/dualipa/pid_pilot_senior/install/pplanner_interfaces/include/pplanner_interfaces/pplanner_interfaces/msg/rosidl_generator_c__visibility_control.h
[58.195s] -- Installing: /home/dualipa/pid_pilot_senior/install/pplanner_interfaces/include/pplanner_interfaces/pplanner_interfaces/msg/path_gridset.h
[58.197s] -- Installing: /home/dualipa/pid_pilot_senior/install/pplanner_interfaces/share/pplanner_interfaces/environment/library_path.sh
[58.198s] -- Installing: /home/dualipa/pid_pilot_senior/install/pplanner_interfaces/share/pplanner_interfaces/environment/library_path.dsv
[58.200s] -- Installing: /home/dualipa/pid_pilot_senior/install/pplanner_interfaces/lib/libpplanner_interfaces__rosidl_generator_c.so
[58.203s] -- Set runtime path of "/home/dualipa/pid_pilot_senior/install/pplanner_interfaces/lib/libpplanner_interfaces__rosidl_generator_c.so" to ""
[58.204s] -- Up-to-date: /home/dualipa/pid_pilot_senior/install/pplanner_interfaces/include/pplanner_interfaces/pplanner_interfaces
[58.204s] -- Up-to-date: /home/dualipa/pid_pilot_senior/install/pplanner_interfaces/include/pplanner_interfaces/pplanner_interfaces/msg
[58.204s] -- Up-to-date: /home/dualipa/pid_pilot_senior/install/pplanner_interfaces/include/pplanner_interfaces/pplanner_interfaces/msg/detail
[58.205s] -- Installing: /home/dualipa/pid_pilot_senior/install/pplanner_interfaces/include/pplanner_interfaces/pplanner_interfaces/msg/detail/aruco_data__rosidl_typesupport_fastrtps_c.h
[58.206s] -- Installing: /home/dualipa/pid_pilot_senior/install/pplanner_interfaces/include/pplanner_interfaces/pplanner_interfaces/msg/detail/path_gridset__rosidl_typesupport_fastrtps_c.h
[58.208s] -- Installing: /home/dualipa/pid_pilot_senior/install/pplanner_interfaces/include/pplanner_interfaces/pplanner_interfaces/msg/detail/path_grid__rosidl_typesupport_fastrtps_c.h
[58.210s] -- Installing: /home/dualipa/pid_pilot_senior/install/pplanner_interfaces/include/pplanner_interfaces/pplanner_interfaces/msg/detail/aruco_dataset__rosidl_typesupport_fastrtps_c.h
[58.211s] -- Installing: /home/dualipa/pid_pilot_senior/install/pplanner_interfaces/include/pplanner_interfaces/pplanner_interfaces/msg/rosidl_typesupport_fastrtps_c__visibility_control.h
[58.213s] -- Installing: /home/dualipa/pid_pilot_senior/install/pplanner_interfaces/lib/libpplanner_interfaces__rosidl_typesupport_fastrtps_c.so
[58.215s] -- Set runtime path of "/home/dualipa/pid_pilot_senior/install/pplanner_interfaces/lib/libpplanner_interfaces__rosidl_typesupport_fastrtps_c.so" to ""
[58.216s] -- Up-to-date: /home/dualipa/pid_pilot_senior/install/pplanner_interfaces/include/pplanner_interfaces/pplanner_interfaces
[58.216s] -- Up-to-date: /home/dualipa/pid_pilot_senior/install/pplanner_interfaces/include/pplanner_interfaces/pplanner_interfaces/msg
[58.217s] -- Installing: /home/dualipa/pid_pilot_senior/install/pplanner_interfaces/include/pplanner_interfaces/pplanner_interfaces/msg/rosidl_typesupport_introspection_c__visibility_control.h
[58.218s] -- Up-to-date: /home/dualipa/pid_pilot_senior/install/pplanner_interfaces/include/pplanner_interfaces/pplanner_interfaces/msg/detail
[58.218s] -- Installing: /home/dualipa/pid_pilot_senior/install/pplanner_interfaces/include/pplanner_interfaces/pplanner_interfaces/msg/detail/path_grid__rosidl_typesupport_introspection_c.h
[58.220s] -- Installing: /home/dualipa/pid_pilot_senior/install/pplanner_interfaces/include/pplanner_interfaces/pplanner_interfaces/msg/detail/aruco_dataset__type_support.c
[58.221s] -- Installing: /home/dualipa/pid_pilot_senior/install/pplanner_interfaces/include/pplanner_interfaces/pplanner_interfaces/msg/detail/path_gridset__type_support.c
[58.222s] -- Installing: /home/dualipa/pid_pilot_senior/install/pplanner_interfaces/include/pplanner_interfaces/pplanner_interfaces/msg/detail/aruco_data__rosidl_typesupport_introspection_c.h
[58.224s] -- Installing: /home/dualipa/pid_pilot_senior/install/pplanner_interfaces/include/pplanner_interfaces/pplanner_interfaces/msg/detail/path_gridset__rosidl_typesupport_introspection_c.h
[58.226s] -- Installing: /home/dualipa/pid_pilot_senior/install/pplanner_interfaces/include/pplanner_interfaces/pplanner_interfaces/msg/detail/aruco_data__type_support.c
[58.227s] -- Installing: /home/dualipa/pid_pilot_senior/install/pplanner_interfaces/include/pplanner_interfaces/pplanner_interfaces/msg/detail/path_grid__type_support.c
[58.229s] -- Installing: /home/dualipa/pid_pilot_senior/install/pplanner_interfaces/include/pplanner_interfaces/pplanner_interfaces/msg/detail/aruco_dataset__rosidl_typesupport_introspection_c.h
[58.230s] -- Installing: /home/dualipa/pid_pilot_senior/install/pplanner_interfaces/lib/libpplanner_interfaces__rosidl_typesupport_introspection_c.so
[58.233s] -- Set runtime path of "/home/dualipa/pid_pilot_senior/install/pplanner_interfaces/lib/libpplanner_interfaces__rosidl_typesupport_introspection_c.so" to ""
[58.233s] -- Installing: /home/dualipa/pid_pilot_senior/install/pplanner_interfaces/lib/libpplanner_interfaces__rosidl_typesupport_c.so
[58.236s] -- Set runtime path of "/home/dualipa/pid_pilot_senior/install/pplanner_interfaces/lib/libpplanner_interfaces__rosidl_typesupport_c.so" to ""
[58.237s] -- Up-to-date: /home/dualipa/pid_pilot_senior/install/pplanner_interfaces/include/pplanner_interfaces/pplanner_interfaces
[58.237s] -- Up-to-date: /home/dualipa/pid_pilot_senior/install/pplanner_interfaces/include/pplanner_interfaces/pplanner_interfaces/msg
[58.237s] -- Installing: /home/dualipa/pid_pilot_senior/install/pplanner_interfaces/include/pplanner_interfaces/pplanner_interfaces/msg/path_gridset.hpp
[58.238s] -- Installing: /home/dualipa/pid_pilot_senior/install/pplanner_interfaces/include/pplanner_interfaces/pplanner_interfaces/msg/aruco_dataset.hpp
[58.239s] -- Up-to-date: /home/dualipa/pid_pilot_senior/install/pplanner_interfaces/include/pplanner_interfaces/pplanner_interfaces/msg/detail
[58.240s] -- Installing: /home/dualipa/pid_pilot_senior/install/pplanner_interfaces/include/pplanner_interfaces/pplanner_interfaces/msg/detail/aruco_data__builder.hpp
[58.242s] -- Installing: /home/dualipa/pid_pilot_senior/install/pplanner_interfaces/include/pplanner_interfaces/pplanner_interfaces/msg/detail/aruco_dataset__traits.hpp
[58.244s] -- Installing: /home/dualipa/pid_pilot_senior/install/pplanner_interfaces/include/pplanner_interfaces/pplanner_interfaces/msg/detail/path_grid__traits.hpp
[58.244s] -- Installing: /home/dualipa/pid_pilot_senior/install/pplanner_interfaces/include/pplanner_interfaces/pplanner_interfaces/msg/detail/path_grid__struct.hpp
[58.246s] -- Installing: /home/dualipa/pid_pilot_senior/install/pplanner_interfaces/include/pplanner_interfaces/pplanner_interfaces/msg/detail/path_grid__builder.hpp
[58.247s] -- Installing: /home/dualipa/pid_pilot_senior/install/pplanner_interfaces/include/pplanner_interfaces/pplanner_interfaces/msg/detail/path_gridset__struct.hpp
[58.248s] -- Installing: /home/dualipa/pid_pilot_senior/install/pplanner_interfaces/include/pplanner_interfaces/pplanner_interfaces/msg/detail/path_gridset__traits.hpp
[58.249s] -- Installing: /home/dualipa/pid_pilot_senior/install/pplanner_interfaces/include/pplanner_interfaces/pplanner_interfaces/msg/detail/path_gridset__builder.hpp
[58.251s] -- Installing: /home/dualipa/pid_pilot_senior/install/pplanner_interfaces/include/pplanner_interfaces/pplanner_interfaces/msg/detail/aruco_data__struct.hpp
[58.252s] -- Installing: /home/dualipa/pid_pilot_senior/install/pplanner_interfaces/include/pplanner_interfaces/pplanner_interfaces/msg/detail/aruco_dataset__struct.hpp
[58.253s] -- Installing: /home/dualipa/pid_pilot_senior/install/pplanner_interfaces/include/pplanner_interfaces/pplanner_interfaces/msg/detail/aruco_data__traits.hpp
[58.254s] -- Installing: /home/dualipa/pid_pilot_senior/install/pplanner_interfaces/include/pplanner_interfaces/pplanner_interfaces/msg/detail/aruco_dataset__builder.hpp
[58.256s] -- Installing: /home/dualipa/pid_pilot_senior/install/pplanner_interfaces/include/pplanner_interfaces/pplanner_interfaces/msg/path_grid.hpp
[58.257s] -- Installing: /home/dualipa/pid_pilot_senior/install/pplanner_interfaces/include/pplanner_interfaces/pplanner_interfaces/msg/aruco_data.hpp
[58.259s] -- Up-to-date: /home/dualipa/pid_pilot_senior/install/pplanner_interfaces/include/pplanner_interfaces/pplanner_interfaces
[58.260s] -- Up-to-date: /home/dualipa/pid_pilot_senior/install/pplanner_interfaces/include/pplanner_interfaces/pplanner_interfaces/msg
[58.261s] -- Up-to-date: /home/dualipa/pid_pilot_senior/install/pplanner_interfaces/include/pplanner_interfaces/pplanner_interfaces/msg/detail
[58.261s] -- Installing: /home/dualipa/pid_pilot_senior/install/pplanner_interfaces/include/pplanner_interfaces/pplanner_interfaces/msg/detail/path_grid__rosidl_typesupport_fastrtps_cpp.hpp
[58.262s] -- Installing: /home/dualipa/pid_pilot_senior/install/pplanner_interfaces/include/pplanner_interfaces/pplanner_interfaces/msg/detail/aruco_dataset__rosidl_typesupport_fastrtps_cpp.hpp
[58.263s] -- Installing: /home/dualipa/pid_pilot_senior/install/pplanner_interfaces/include/pplanner_interfaces/pplanner_interfaces/msg/detail/dds_fastrtps
[58.264s] -- Installing: /home/dualipa/pid_pilot_senior/install/pplanner_interfaces/include/pplanner_interfaces/pplanner_interfaces/msg/detail/aruco_data__rosidl_typesupport_fastrtps_cpp.hpp
[58.265s] -- Installing: /home/dualipa/pid_pilot_senior/install/pplanner_interfaces/include/pplanner_interfaces/pplanner_interfaces/msg/detail/path_gridset__rosidl_typesupport_fastrtps_cpp.hpp
[58.266s] -- Installing: /home/dualipa/pid_pilot_senior/install/pplanner_interfaces/include/pplanner_interfaces/pplanner_interfaces/msg/rosidl_typesupport_fastrtps_cpp__visibility_control.h
[58.268s] -- Installing: /home/dualipa/pid_pilot_senior/install/pplanner_interfaces/lib/libpplanner_interfaces__rosidl_typesupport_fastrtps_cpp.so
[58.272s] -- Set runtime path of "/home/dualipa/pid_pilot_senior/install/pplanner_interfaces/lib/libpplanner_interfaces__rosidl_typesupport_fastrtps_cpp.so" to ""
[58.272s] -- Up-to-date: /home/dualipa/pid_pilot_senior/install/pplanner_interfaces/include/pplanner_interfaces/pplanner_interfaces
[58.272s] -- Up-to-date: /home/dualipa/pid_pilot_senior/install/pplanner_interfaces/include/pplanner_interfaces/pplanner_interfaces/msg
[58.273s] -- Up-to-date: /home/dualipa/pid_pilot_senior/install/pplanner_interfaces/include/pplanner_interfaces/pplanner_interfaces/msg/detail
[58.274s] -- Installing: /home/dualipa/pid_pilot_senior/install/pplanner_interfaces/include/pplanner_interfaces/pplanner_interfaces/msg/detail/aruco_data__rosidl_typesupport_introspection_cpp.hpp
[58.275s] -- Installing: /home/dualipa/pid_pilot_senior/install/pplanner_interfaces/include/pplanner_interfaces/pplanner_interfaces/msg/detail/aruco_dataset__rosidl_typesupport_introspection_cpp.hpp
[58.277s] -- Installing: /home/dualipa/pid_pilot_senior/install/pplanner_interfaces/include/pplanner_interfaces/pplanner_interfaces/msg/detail/path_gridset__type_support.cpp
[58.278s] -- Installing: /home/dualipa/pid_pilot_senior/install/pplanner_interfaces/include/pplanner_interfaces/pplanner_interfaces/msg/detail/aruco_dataset__type_support.cpp
[58.279s] -- Installing: /home/dualipa/pid_pilot_senior/install/pplanner_interfaces/include/pplanner_interfaces/pplanner_interfaces/msg/detail/aruco_data__type_support.cpp
[58.280s] -- Installing: /home/dualipa/pid_pilot_senior/install/pplanner_interfaces/include/pplanner_interfaces/pplanner_interfaces/msg/detail/path_grid__type_support.cpp
[58.282s] -- Installing: /home/dualipa/pid_pilot_senior/install/pplanner_interfaces/include/pplanner_interfaces/pplanner_interfaces/msg/detail/path_grid__rosidl_typesupport_introspection_cpp.hpp
[58.283s] -- Installing: /home/dualipa/pid_pilot_senior/install/pplanner_interfaces/include/pplanner_interfaces/pplanner_interfaces/msg/detail/path_gridset__rosidl_typesupport_introspection_cpp.hpp
[58.285s] -- Installing: /home/dualipa/pid_pilot_senior/install/pplanner_interfaces/lib/libpplanner_interfaces__rosidl_typesupport_introspection_cpp.so
[58.288s] -- Set runtime path of "/home/dualipa/pid_pilot_senior/install/pplanner_interfaces/lib/libpplanner_interfaces__rosidl_typesupport_introspection_cpp.so" to ""
[58.289s] -- Installing: /home/dualipa/pid_pilot_senior/install/pplanner_interfaces/lib/libpplanner_interfaces__rosidl_typesupport_cpp.so
[58.292s] -- Set runtime path of "/home/dualipa/pid_pilot_senior/install/pplanner_interfaces/lib/libpplanner_interfaces__rosidl_typesupport_cpp.so" to ""
[58.293s] -- Installing: /home/dualipa/pid_pilot_senior/install/pplanner_interfaces/share/pplanner_interfaces/environment/pythonpath.sh
[58.294s] -- Installing: /home/dualipa/pid_pilot_senior/install/pplanner_interfaces/share/pplanner_interfaces/environment/pythonpath.dsv
[58.295s] -- Installing: /home/dualipa/pid_pilot_senior/install/pplanner_interfaces/local/lib/python3.10/dist-packages/pplanner_interfaces-0.0.0-py3.10.egg-info
[58.296s] -- Installing: /home/dualipa/pid_pilot_senior/install/pplanner_interfaces/local/lib/python3.10/dist-packages/pplanner_interfaces-0.0.0-py3.10.egg-info/dependency_links.txt
[58.298s] -- Installing: /home/dualipa/pid_pilot_senior/install/pplanner_interfaces/local/lib/python3.10/dist-packages/pplanner_interfaces-0.0.0-py3.10.egg-info/SOURCES.txt
[58.299s] -- Installing: /home/dualipa/pid_pilot_senior/install/pplanner_interfaces/local/lib/python3.10/dist-packages/pplanner_interfaces-0.0.0-py3.10.egg-info/top_level.txt
[58.300s] -- Installing: /home/dualipa/pid_pilot_senior/install/pplanner_interfaces/local/lib/python3.10/dist-packages/pplanner_interfaces-0.0.0-py3.10.egg-info/PKG-INFO
[58.301s] -- Installing: /home/dualipa/pid_pilot_senior/install/pplanner_interfaces/local/lib/python3.10/dist-packages/pplanner_interfaces
[58.303s] -- Installing: /home/dualipa/pid_pilot_senior/install/pplanner_interfaces/local/lib/python3.10/dist-packages/pplanner_interfaces/libpplanner_interfaces__rosidl_generator_py.so
[58.304s] -- Installing: /home/dualipa/pid_pilot_senior/install/pplanner_interfaces/local/lib/python3.10/dist-packages/pplanner_interfaces/_pplanner_interfaces_s.ep.rosidl_typesupport_c.c
[58.305s] -- Installing: /home/dualipa/pid_pilot_senior/install/pplanner_interfaces/local/lib/python3.10/dist-packages/pplanner_interfaces/msg
[58.306s] -- Installing: /home/dualipa/pid_pilot_senior/install/pplanner_interfaces/local/lib/python3.10/dist-packages/pplanner_interfaces/msg/_aruco_data.py
[58.307s] -- Installing: /home/dualipa/pid_pilot_senior/install/pplanner_interfaces/local/lib/python3.10/dist-packages/pplanner_interfaces/msg/_aruco_dataset.py
[58.309s] -- Installing: /home/dualipa/pid_pilot_senior/install/pplanner_interfaces/local/lib/python3.10/dist-packages/pplanner_interfaces/msg/_aruco_data_s.c
[58.311s] -- Installing: /home/dualipa/pid_pilot_senior/install/pplanner_interfaces/local/lib/python3.10/dist-packages/pplanner_interfaces/msg/_path_gridset_s.c
[58.312s] -- Installing: /home/dualipa/pid_pilot_senior/install/pplanner_interfaces/local/lib/python3.10/dist-packages/pplanner_interfaces/msg/_path_gridset.py
[58.313s] -- Installing: /home/dualipa/pid_pilot_senior/install/pplanner_interfaces/local/lib/python3.10/dist-packages/pplanner_interfaces/msg/_path_grid_s.c
[58.314s] -- Installing: /home/dualipa/pid_pilot_senior/install/pplanner_interfaces/local/lib/python3.10/dist-packages/pplanner_interfaces/msg/__init__.py
[58.315s] -- Installing: /home/dualipa/pid_pilot_senior/install/pplanner_interfaces/local/lib/python3.10/dist-packages/pplanner_interfaces/msg/_path_grid.py
[58.316s] -- Installing: /home/dualipa/pid_pilot_senior/install/pplanner_interfaces/local/lib/python3.10/dist-packages/pplanner_interfaces/msg/_aruco_dataset_s.c
[58.318s] -- Installing: /home/dualipa/pid_pilot_senior/install/pplanner_interfaces/local/lib/python3.10/dist-packages/pplanner_interfaces/_pplanner_interfaces_s.ep.rosidl_typesupport_fastrtps_c.c
[58.319s] -- Installing: /home/dualipa/pid_pilot_senior/install/pplanner_interfaces/local/lib/python3.10/dist-packages/pplanner_interfaces/pplanner_interfaces_s__rosidl_typesupport_c.cpython-310-aarch64-linux-gnu.so
[58.321s] -- Installing: /home/dualipa/pid_pilot_senior/install/pplanner_interfaces/local/lib/python3.10/dist-packages/pplanner_interfaces/_pplanner_interfaces_s.ep.rosidl_typesupport_introspection_c.c
[58.322s] -- Installing: /home/dualipa/pid_pilot_senior/install/pplanner_interfaces/local/lib/python3.10/dist-packages/pplanner_interfaces/__init__.py
[58.323s] -- Installing: /home/dualipa/pid_pilot_senior/install/pplanner_interfaces/local/lib/python3.10/dist-packages/pplanner_interfaces/pplanner_interfaces_s__rosidl_typesupport_introspection_c.cpython-310-aarch64-linux-gnu.so
[58.325s] -- Installing: /home/dualipa/pid_pilot_senior/install/pplanner_interfaces/local/lib/python3.10/dist-packages/pplanner_interfaces/pplanner_interfaces_s__rosidl_typesupport_fastrtps_c.cpython-310-aarch64-linux-gnu.so
[58.521s] Listing '/home/dualipa/pid_pilot_senior/install/pplanner_interfaces/local/lib/python3.10/dist-packages/pplanner_interfaces'...
[58.522s] Compiling '/home/dualipa/pid_pilot_senior/install/pplanner_interfaces/local/lib/python3.10/dist-packages/pplanner_interfaces/__init__.py'...
[58.523s] Listing '/home/dualipa/pid_pilot_senior/install/pplanner_interfaces/local/lib/python3.10/dist-packages/pplanner_interfaces/msg'...
[58.525s] Compiling '/home/dualipa/pid_pilot_senior/install/pplanner_interfaces/local/lib/python3.10/dist-packages/pplanner_interfaces/msg/__init__.py'...
[58.526s] Compiling '/home/dualipa/pid_pilot_senior/install/pplanner_interfaces/local/lib/python3.10/dist-packages/pplanner_interfaces/msg/_aruco_data.py'...
[58.527s] Compiling '/home/dualipa/pid_pilot_senior/install/pplanner_interfaces/local/lib/python3.10/dist-packages/pplanner_interfaces/msg/_aruco_dataset.py'...
[58.528s] Compiling '/home/dualipa/pid_pilot_senior/install/pplanner_interfaces/local/lib/python3.10/dist-packages/pplanner_interfaces/msg/_path_grid.py'...
[58.530s] Compiling '/home/dualipa/pid_pilot_senior/install/pplanner_interfaces/local/lib/python3.10/dist-packages/pplanner_interfaces/msg/_path_gridset.py'...
[58.551s] -- Installing: /home/dualipa/pid_pilot_senior/install/pplanner_interfaces/local/lib/python3.10/dist-packages/pplanner_interfaces/pplanner_interfaces_s__rosidl_typesupport_fastrtps_c.cpython-310-aarch64-linux-gnu.so
[58.554s] -- Set runtime path of "/home/dualipa/pid_pilot_senior/install/pplanner_interfaces/local/lib/python3.10/dist-packages/pplanner_interfaces/pplanner_interfaces_s__rosidl_typesupport_fastrtps_c.cpython-310-aarch64-linux-gnu.so" to ""
[58.556s] -- Installing: /home/dualipa/pid_pilot_senior/install/pplanner_interfaces/local/lib/python3.10/dist-packages/pplanner_interfaces/pplanner_interfaces_s__rosidl_typesupport_introspection_c.cpython-310-aarch64-linux-gnu.so
[58.560s] -- Set runtime path of "/home/dualipa/pid_pilot_senior/install/pplanner_interfaces/local/lib/python3.10/dist-packages/pplanner_interfaces/pplanner_interfaces_s__rosidl_typesupport_introspection_c.cpython-310-aarch64-linux-gnu.so" to ""
[58.561s] -- Installing: /home/dualipa/pid_pilot_senior/install/pplanner_interfaces/local/lib/python3.10/dist-packages/pplanner_interfaces/pplanner_interfaces_s__rosidl_typesupport_c.cpython-310-aarch64-linux-gnu.so
[58.564s] -- Set runtime path of "/home/dualipa/pid_pilot_senior/install/pplanner_interfaces/local/lib/python3.10/dist-packages/pplanner_interfaces/pplanner_interfaces_s__rosidl_typesupport_c.cpython-310-aarch64-linux-gnu.so" to ""
[58.564s] -- Installing: /home/dualipa/pid_pilot_senior/install/pplanner_interfaces/lib/libpplanner_interfaces__rosidl_generator_py.so
[58.567s] -- Set runtime path of "/home/dualipa/pid_pilot_senior/install/pplanner_interfaces/lib/libpplanner_interfaces__rosidl_generator_py.so" to ""
[58.568s] -- Installing: /home/dualipa/pid_pilot_senior/install/pplanner_interfaces/share/pplanner_interfaces/msg/PathGrid.idl
[58.569s] -- Installing: /home/dualipa/pid_pilot_senior/install/pplanner_interfaces/share/pplanner_interfaces/msg/PathGridset.idl
[58.571s] -- Installing: /home/dualipa/pid_pilot_senior/install/pplanner_interfaces/share/pplanner_interfaces/msg/ArucoData.idl
[58.572s] -- Installing: /home/dualipa/pid_pilot_senior/install/pplanner_interfaces/share/pplanner_interfaces/msg/ArucoDataset.idl
[58.573s] -- Installing: /home/dualipa/pid_pilot_senior/install/pplanner_interfaces/share/pplanner_interfaces/msg/PathGrid.msg
[58.575s] -- Installing: /home/dualipa/pid_pilot_senior/install/pplanner_interfaces/share/pplanner_interfaces/msg/PathGridset.msg
[58.577s] -- Installing: /home/dualipa/pid_pilot_senior/install/pplanner_interfaces/share/pplanner_interfaces/msg/ArucoData.msg
[58.578s] -- Installing: /home/dualipa/pid_pilot_senior/install/pplanner_interfaces/share/pplanner_interfaces/msg/ArucoDataset.msg
[58.579s] -- Installing: /home/dualipa/pid_pilot_senior/install/pplanner_interfaces/share/ament_index/resource_index/package_run_dependencies/pplanner_interfaces
[58.581s] -- Installing: /home/dualipa/pid_pilot_senior/install/pplanner_interfaces/share/ament_index/resource_index/parent_prefix_path/pplanner_interfaces
[58.582s] -- Installing: /home/dualipa/pid_pilot_senior/install/pplanner_interfaces/share/pplanner_interfaces/environment/ament_prefix_path.sh
[58.584s] -- Installing: /home/dualipa/pid_pilot_senior/install/pplanner_interfaces/share/pplanner_interfaces/environment/ament_prefix_path.dsv
[58.585s] -- Installing: /home/dualipa/pid_pilot_senior/install/pplanner_interfaces/share/pplanner_interfaces/environment/path.sh
[58.586s] -- Installing: /home/dualipa/pid_pilot_senior/install/pplanner_interfaces/share/pplanner_interfaces/environment/path.dsv
[58.588s] -- Installing: /home/dualipa/pid_pilot_senior/install/pplanner_interfaces/share/pplanner_interfaces/local_setup.bash
[58.589s] -- Installing: /home/dualipa/pid_pilot_senior/install/pplanner_interfaces/share/pplanner_interfaces/local_setup.sh
[58.591s] -- Installing: /home/dualipa/pid_pilot_senior/install/pplanner_interfaces/share/pplanner_interfaces/local_setup.zsh
[58.592s] -- Installing: /home/dualipa/pid_pilot_senior/install/pplanner_interfaces/share/pplanner_interfaces/local_setup.dsv
[58.594s] -- Installing: /home/dualipa/pid_pilot_senior/install/pplanner_interfaces/share/pplanner_interfaces/package.dsv
[58.595s] -- Installing: /home/dualipa/pid_pilot_senior/install/pplanner_interfaces/share/ament_index/resource_index/packages/pplanner_interfaces
[58.597s] -- Installing: /home/dualipa/pid_pilot_senior/install/pplanner_interfaces/share/pplanner_interfaces/cmake/export_pplanner_interfaces__rosidl_generator_cExport.cmake
[58.599s] -- Installing: /home/dualipa/pid_pilot_senior/install/pplanner_interfaces/share/pplanner_interfaces/cmake/export_pplanner_interfaces__rosidl_generator_cExport-noconfig.cmake
[58.600s] -- Installing: /home/dualipa/pid_pilot_senior/install/pplanner_interfaces/share/pplanner_interfaces/cmake/export_pplanner_interfaces__rosidl_typesupport_fastrtps_cExport.cmake
[58.602s] -- Installing: /home/dualipa/pid_pilot_senior/install/pplanner_interfaces/share/pplanner_interfaces/cmake/export_pplanner_interfaces__rosidl_typesupport_fastrtps_cExport-noconfig.cmake
[58.604s] -- Installing: /home/dualipa/pid_pilot_senior/install/pplanner_interfaces/share/pplanner_interfaces/cmake/pplanner_interfaces__rosidl_typesupport_introspection_cExport.cmake
[58.605s] -- Installing: /home/dualipa/pid_pilot_senior/install/pplanner_interfaces/share/pplanner_interfaces/cmake/pplanner_interfaces__rosidl_typesupport_introspection_cExport-noconfig.cmake
[58.607s] -- Installing: /home/dualipa/pid_pilot_senior/install/pplanner_interfaces/share/pplanner_interfaces/cmake/pplanner_interfaces__rosidl_typesupport_cExport.cmake
[58.609s] -- Installing: /home/dualipa/pid_pilot_senior/install/pplanner_interfaces/share/pplanner_interfaces/cmake/pplanner_interfaces__rosidl_typesupport_cExport-noconfig.cmake
[58.611s] -- Installing: /home/dualipa/pid_pilot_senior/install/pplanner_interfaces/share/pplanner_interfaces/cmake/export_pplanner_interfaces__rosidl_generator_cppExport.cmake
[58.612s] -- Installing: /home/dualipa/pid_pilot_senior/install/pplanner_interfaces/share/pplanner_interfaces/cmake/export_pplanner_interfaces__rosidl_typesupport_fastrtps_cppExport.cmake
[58.614s] -- Installing: /home/dualipa/pid_pilot_senior/install/pplanner_interfaces/share/pplanner_interfaces/cmake/export_pplanner_interfaces__rosidl_typesupport_fastrtps_cppExport-noconfig.cmake
[58.616s] -- Installing: /home/dualipa/pid_pilot_senior/install/pplanner_interfaces/share/pplanner_interfaces/cmake/pplanner_interfaces__rosidl_typesupport_introspection_cppExport.cmake
[58.617s] -- Installing: /home/dualipa/pid_pilot_senior/install/pplanner_interfaces/share/pplanner_interfaces/cmake/pplanner_interfaces__rosidl_typesupport_introspection_cppExport-noconfig.cmake
[58.619s] -- Installing: /home/dualipa/pid_pilot_senior/install/pplanner_interfaces/share/pplanner_interfaces/cmake/pplanner_interfaces__rosidl_typesupport_cppExport.cmake
[58.621s] -- Installing: /home/dualipa/pid_pilot_senior/install/pplanner_interfaces/share/pplanner_interfaces/cmake/pplanner_interfaces__rosidl_typesupport_cppExport-noconfig.cmake
[58.622s] -- Installing: /home/dualipa/pid_pilot_senior/install/pplanner_interfaces/share/pplanner_interfaces/cmake/export_pplanner_interfaces__rosidl_generator_pyExport.cmake
[58.624s] -- Installing: /home/dualipa/pid_pilot_senior/install/pplanner_interfaces/share/pplanner_interfaces/cmake/export_pplanner_interfaces__rosidl_generator_pyExport-noconfig.cmake
[58.626s] -- Installing: /home/dualipa/pid_pilot_senior/install/pplanner_interfaces/share/pplanner_interfaces/cmake/rosidl_cmake-extras.cmake
[58.628s] -- Installing: /home/dualipa/pid_pilot_senior/install/pplanner_interfaces/share/pplanner_interfaces/cmake/ament_cmake_export_include_directories-extras.cmake
[58.629s] -- Installing: /home/dualipa/pid_pilot_senior/install/pplanner_interfaces/share/pplanner_interfaces/cmake/ament_cmake_export_libraries-extras.cmake
[58.630s] -- Installing: /home/dualipa/pid_pilot_senior/install/pplanner_interfaces/share/pplanner_interfaces/cmake/ament_cmake_export_targets-extras.cmake
[58.632s] -- Installing: /home/dualipa/pid_pilot_senior/install/pplanner_interfaces/share/pplanner_interfaces/cmake/rosidl_cmake_export_typesupport_targets-extras.cmake
[58.633s] -- Installing: /home/dualipa/pid_pilot_senior/install/pplanner_interfaces/share/pplanner_interfaces/cmake/ament_cmake_export_dependencies-extras.cmake
[58.635s] -- Installing: /home/dualipa/pid_pilot_senior/install/pplanner_interfaces/share/pplanner_interfaces/cmake/rosidl_cmake_export_typesupport_libraries-extras.cmake
[58.636s] -- Installing: /home/dualipa/pid_pilot_senior/install/pplanner_interfaces/share/pplanner_interfaces/cmake/pplanner_interfacesConfig.cmake
[58.637s] -- Installing: /home/dualipa/pid_pilot_senior/install/pplanner_interfaces/share/pplanner_interfaces/cmake/pplanner_interfacesConfig-version.cmake
[58.639s] -- Installing: /home/dualipa/pid_pilot_senior/install/pplanner_interfaces/share/pplanner_interfaces/package.xml
[58.648s] Invoked command in '/home/dualipa/pid_pilot_senior/build/pplanner_interfaces' returned '0': CMAKE_PREFIX_PATH=${CMAKE_PREFIX_PATH}:/home/dualipa/pid_pilot_senior/install/pid_pilot_senior:/home/dualipa/mark1/install/robot1:/opt/ros/humble /usr/bin/cmake --install /home/dualipa/pid_pilot_senior/build/pplanner_interfaces
