[0.327s] Invoking command in '/home/kelvin/pid_pilot_senior/src/pid_pilot_senior': PYTHONPATH=/home/kelvin/pid_pilot_senior/src/build/pid_pilot_senior/prefix_override:/home/kelvin/pid_pilot_senior/src/install/pid_pilot_senior/lib/python3.10/site-packages:${PYTHONPATH} /usr/bin/python3 -W ignore:setup.py install is deprecated setup.py egg_info --egg-base ../build/pid_pilot_senior build --build-base /home/kelvin/pid_pilot_senior/src/build/pid_pilot_senior/build install --record /home/kelvin/pid_pilot_senior/src/build/pid_pilot_senior/install.log --single-version-externally-managed install_data
[0.458s] running egg_info
[0.458s] creating ../build/pid_pilot_senior/pid_pilot_senior.egg-info
[0.458s] writing ../build/pid_pilot_senior/pid_pilot_senior.egg-info/PKG-INFO
[0.458s] writing dependency_links to ../build/pid_pilot_senior/pid_pilot_senior.egg-info/dependency_links.txt
[0.458s] writing entry points to ../build/pid_pilot_senior/pid_pilot_senior.egg-info/entry_points.txt
[0.458s] writing requirements to ../build/pid_pilot_senior/pid_pilot_senior.egg-info/requires.txt
[0.458s] writing top-level names to ../build/pid_pilot_senior/pid_pilot_senior.egg-info/top_level.txt
[0.458s] writing manifest file '../build/pid_pilot_senior/pid_pilot_senior.egg-info/SOURCES.txt'
[0.459s] reading manifest file '../build/pid_pilot_senior/pid_pilot_senior.egg-info/SOURCES.txt'
[0.460s] writing manifest file '../build/pid_pilot_senior/pid_pilot_senior.egg-info/SOURCES.txt'
[0.460s] running build
[0.460s] running build_py
[0.460s] creating /home/kelvin/pid_pilot_senior/src/build/pid_pilot_senior/build
[0.460s] creating /home/kelvin/pid_pilot_senior/src/build/pid_pilot_senior/build/lib
[0.460s] creating /home/kelvin/pid_pilot_senior/src/build/pid_pilot_senior/build/lib/pid_pilot_senior
[0.460s] copying pid_pilot_senior/test4.py -> /home/kelvin/pid_pilot_senior/src/build/pid_pilot_senior/build/lib/pid_pilot_senior
[0.460s] copying pid_pilot_senior/pid_pilot_senior.py -> /home/kelvin/pid_pilot_senior/src/build/pid_pilot_senior/build/lib/pid_pilot_senior
[0.460s] copying pid_pilot_senior/__init__.py -> /home/kelvin/pid_pilot_senior/src/build/pid_pilot_senior/build/lib/pid_pilot_senior
[0.460s] copying pid_pilot_senior/test.py -> /home/kelvin/pid_pilot_senior/src/build/pid_pilot_senior/build/lib/pid_pilot_senior
[0.460s] copying pid_pilot_senior/test2.py -> /home/kelvin/pid_pilot_senior/src/build/pid_pilot_senior/build/lib/pid_pilot_senior
[0.460s] copying pid_pilot_senior/test3.py -> /home/kelvin/pid_pilot_senior/src/build/pid_pilot_senior/build/lib/pid_pilot_senior
[0.460s] running install
[0.460s] running install_lib
[0.461s] creating /home/kelvin/pid_pilot_senior/src/install/pid_pilot_senior/lib/python3.10/site-packages/pid_pilot_senior
[0.461s] copying /home/kelvin/pid_pilot_senior/src/build/pid_pilot_senior/build/lib/pid_pilot_senior/test4.py -> /home/kelvin/pid_pilot_senior/src/install/pid_pilot_senior/lib/python3.10/site-packages/pid_pilot_senior
[0.461s] copying /home/kelvin/pid_pilot_senior/src/build/pid_pilot_senior/build/lib/pid_pilot_senior/pid_pilot_senior.py -> /home/kelvin/pid_pilot_senior/src/install/pid_pilot_senior/lib/python3.10/site-packages/pid_pilot_senior
[0.461s] copying /home/kelvin/pid_pilot_senior/src/build/pid_pilot_senior/build/lib/pid_pilot_senior/__init__.py -> /home/kelvin/pid_pilot_senior/src/install/pid_pilot_senior/lib/python3.10/site-packages/pid_pilot_senior
[0.461s] copying /home/kelvin/pid_pilot_senior/src/build/pid_pilot_senior/build/lib/pid_pilot_senior/test.py -> /home/kelvin/pid_pilot_senior/src/install/pid_pilot_senior/lib/python3.10/site-packages/pid_pilot_senior
[0.461s] copying /home/kelvin/pid_pilot_senior/src/build/pid_pilot_senior/build/lib/pid_pilot_senior/test2.py -> /home/kelvin/pid_pilot_senior/src/install/pid_pilot_senior/lib/python3.10/site-packages/pid_pilot_senior
[0.461s] copying /home/kelvin/pid_pilot_senior/src/build/pid_pilot_senior/build/lib/pid_pilot_senior/test3.py -> /home/kelvin/pid_pilot_senior/src/install/pid_pilot_senior/lib/python3.10/site-packages/pid_pilot_senior
[0.461s] byte-compiling /home/kelvin/pid_pilot_senior/src/install/pid_pilot_senior/lib/python3.10/site-packages/pid_pilot_senior/test4.py to test4.cpython-310.pyc
[0.461s] byte-compiling /home/kelvin/pid_pilot_senior/src/install/pid_pilot_senior/lib/python3.10/site-packages/pid_pilot_senior/pid_pilot_senior.py to pid_pilot_senior.cpython-310.pyc
[0.462s] byte-compiling /home/kelvin/pid_pilot_senior/src/install/pid_pilot_senior/lib/python3.10/site-packages/pid_pilot_senior/__init__.py to __init__.cpython-310.pyc
[0.463s] byte-compiling /home/kelvin/pid_pilot_senior/src/install/pid_pilot_senior/lib/python3.10/site-packages/pid_pilot_senior/test.py to test.cpython-310.pyc
[0.463s] byte-compiling /home/kelvin/pid_pilot_senior/src/install/pid_pilot_senior/lib/python3.10/site-packages/pid_pilot_senior/test2.py to test2.cpython-310.pyc
[0.463s] byte-compiling /home/kelvin/pid_pilot_senior/src/install/pid_pilot_senior/lib/python3.10/site-packages/pid_pilot_senior/test3.py to test3.cpython-310.pyc
[0.463s] running install_data
[0.463s] creating /home/kelvin/pid_pilot_senior/src/install/pid_pilot_senior/share/ament_index
[0.463s] creating /home/kelvin/pid_pilot_senior/src/install/pid_pilot_senior/share/ament_index/resource_index
[0.463s] creating /home/kelvin/pid_pilot_senior/src/install/pid_pilot_senior/share/ament_index/resource_index/packages
[0.463s] copying resource/pid_pilot_senior -> /home/kelvin/pid_pilot_senior/src/install/pid_pilot_senior/share/ament_index/resource_index/packages
[0.463s] copying package.xml -> /home/kelvin/pid_pilot_senior/src/install/pid_pilot_senior/share/pid_pilot_senior
[0.463s] running install_egg_info
[0.464s] Copying ../build/pid_pilot_senior/pid_pilot_senior.egg-info to /home/kelvin/pid_pilot_senior/src/install/pid_pilot_senior/lib/python3.10/site-packages/pid_pilot_senior-0.0.0-py3.10.egg-info
[0.464s] running install_scripts
[0.476s] Installing pid_pilot_senior script to /home/kelvin/pid_pilot_senior/src/install/pid_pilot_senior/lib/pid_pilot_senior
[0.476s] writing list of installed files to '/home/kelvin/pid_pilot_senior/src/build/pid_pilot_senior/install.log'
[0.490s] Invoked command in '/home/kelvin/pid_pilot_senior/src/pid_pilot_senior' returned '0': PYTHONPATH=/home/kelvin/pid_pilot_senior/src/build/pid_pilot_senior/prefix_override:/home/kelvin/pid_pilot_senior/src/install/pid_pilot_senior/lib/python3.10/site-packages:${PYTHONPATH} /usr/bin/python3 -W ignore:setup.py install is deprecated setup.py egg_info --egg-base ../build/pid_pilot_senior build --build-base /home/kelvin/pid_pilot_senior/src/build/pid_pilot_senior/build install --record /home/kelvin/pid_pilot_senior/src/build/pid_pilot_senior/install.log --single-version-externally-managed install_data
