[0.233s] Invoking command in '/home/kelvin/pid_pilot_senior/build/pplanner_interfaces': CMAKE_PREFIX_PATH=${CMAKE_PREFIX_PATH}:/home/kelvin/pid_pilot_senior/install/pid_pilot_senior:/home/kelvin/testbot/install/robot1:/home/kelvin/percepto_planner/install/percepto_planner:/opt/ros/humble /usr/bin/cmake /home/kelvin/pid_pilot_senior/src/pplanner_interfaces -DCMAKE_INSTALL_PREFIX=/home/kelvin/pid_pilot_senior/install/pplanner_interfaces
[0.271s] -- The C compiler identification is GNU 11.4.0
[0.307s] -- The CXX compiler identification is GNU 11.4.0
[0.312s] -- Detecting C compiler ABI info
[0.357s] -- Detecting C compiler ABI info - done
[0.362s] -- Check for working C compiler: /usr/bin/cc - skipped
[0.362s] -- Detecting C compile features
[0.362s] -- Detecting C compile features - done
[0.365s] -- Detecting CXX compiler ABI info
[0.417s] -- Detecting CXX compiler ABI info - done
[0.426s] -- Check for working CXX compiler: /usr/bin/c++ - skipped
[0.426s] -- Detecting CXX compile features
[0.426s] -- Detecting CXX compile features - done
[0.429s] -- Found ament_cmake: 1.3.7 (/opt/ros/humble/share/ament_cmake/cmake)
[0.539s] -- Found Python3: /usr/bin/python3.10 (found version "3.10.12") found components: Interpreter 
[0.590s] -- Found rosidl_default_generators: 1.2.0 (/opt/ros/humble/share/rosidl_default_generators/cmake)
[0.592s] -- Using all available rosidl_typesupport_c: rosidl_typesupport_fastrtps_c;rosidl_typesupport_introspection_c
[0.595s] -- Found rosidl_adapter: 3.1.5 (/opt/ros/humble/share/rosidl_adapter/cmake)
[0.618s] -- Using all available rosidl_typesupport_cpp: rosidl_typesupport_fastrtps_cpp;rosidl_typesupport_introspection_cpp
[0.783s] -- Found ament_cmake_ros: 0.10.0 (/opt/ros/humble/share/ament_cmake_ros/cmake)
[0.885s] -- Using all available rosidl_typesupport_c: rosidl_typesupport_fastrtps_c;rosidl_typesupport_introspection_c
[1.015s] -- Using all available rosidl_typesupport_cpp: rosidl_typesupport_fastrtps_cpp;rosidl_typesupport_introspection_cpp
[1.027s] -- Found PythonInterp: /usr/bin/python3 (found suitable version "3.10.12", minimum required is "3.6") 
[1.028s] -- Found python_cmake_module: 0.10.0 (/opt/ros/humble/share/python_cmake_module/cmake)
[1.042s] -- Found PythonLibs: /usr/lib/x86_64-linux-gnu/libpython3.10.so (found suitable version "3.10.12", minimum required is "3.5") 
[1.042s] -- Using PYTHON_EXECUTABLE: /usr/bin/python3
[1.042s] -- Using PYTHON_INCLUDE_DIRS: /usr/include/python3.10
[1.042s] -- Using PYTHON_LIBRARIES: /usr/lib/x86_64-linux-gnu/libpython3.10.so
[1.054s] -- Found PythonExtra: .so  
[1.076s] -- Configuring done
[1.089s] -- Generating done
[1.090s] -- Build files have been written to: /home/kelvin/pid_pilot_senior/build/pplanner_interfaces
[1.094s] Invoked command in '/home/kelvin/pid_pilot_senior/build/pplanner_interfaces' returned '0': CMAKE_PREFIX_PATH=${CMAKE_PREFIX_PATH}:/home/kelvin/pid_pilot_senior/install/pid_pilot_senior:/home/kelvin/testbot/install/robot1:/home/kelvin/percepto_planner/install/percepto_planner:/opt/ros/humble /usr/bin/cmake /home/kelvin/pid_pilot_senior/src/pplanner_interfaces -DCMAKE_INSTALL_PREFIX=/home/kelvin/pid_pilot_senior/install/pplanner_interfaces
[1.095s] Invoking command in '/home/kelvin/pid_pilot_senior/build/pplanner_interfaces': CMAKE_PREFIX_PATH=${CMAKE_PREFIX_PATH}:/home/kelvin/pid_pilot_senior/install/pid_pilot_senior:/home/kelvin/testbot/install/robot1:/home/kelvin/percepto_planner/install/percepto_planner:/opt/ros/humble /usr/bin/cmake --build /home/kelvin/pid_pilot_senior/build/pplanner_interfaces -- -j20 -l20
[1.115s] [  2%] [34m[1mGenerating C code for ROS interfaces[0m
[1.120s] [  5%] [34m[1mGenerating C++ code for ROS interfaces[0m
[1.125s] [  5%] Built target ament_cmake_python_copy_pplanner_interfaces
[1.284s] [  5%] Built target pplanner_interfaces__cpp
[1.286s] running egg_info
[1.286s] creating pplanner_interfaces.egg-info
[1.286s] writing pplanner_interfaces.egg-info/PKG-INFO
[1.286s] writing dependency_links to pplanner_interfaces.egg-info/dependency_links.txt
[1.287s] writing top-level names to pplanner_interfaces.egg-info/top_level.txt
[1.287s] writing manifest file 'pplanner_interfaces.egg-info/SOURCES.txt'
[1.288s] reading manifest file 'pplanner_interfaces.egg-info/SOURCES.txt'
[1.288s] writing manifest file 'pplanner_interfaces.egg-info/SOURCES.txt'
[1.290s] [ 15%] [32mBuilding C object CMakeFiles/pplanner_interfaces__rosidl_generator_c.dir/rosidl_generator_c/pplanner_interfaces/msg/detail/path_grid__functions.c.o[0m
[1.290s] [ 15%] [32mBuilding C object CMakeFiles/pplanner_interfaces__rosidl_generator_c.dir/rosidl_generator_c/pplanner_interfaces/msg/detail/path_gridset__functions.c.o[0m
[1.290s] [ 15%] [34m[1mGenerating C++ type support for eProsima Fast-RTPS[0m
[1.290s] [ 15%] [34m[1mGenerating C++ type support dispatch for ROS interfaces[0m
[1.290s] [ 17%] [34m[1mGenerating C++ introspection for ROS interfaces[0m
[1.304s] [ 17%] Built target ament_cmake_python_build_pplanner_interfaces_egg
[1.316s] [ 20%] [32m[1mLinking C shared library libpplanner_interfaces__rosidl_generator_c.so[0m
[1.339s] [ 20%] Built target pplanner_interfaces__rosidl_generator_c
[1.345s] [ 23%] [34m[1mGenerating C type support for eProsima Fast-RTPS[0m
[1.345s] [ 25%] [34m[1mGenerating C introspection for ROS interfaces[0m
[1.345s] [ 28%] [34m[1mGenerating C type support dispatch for ROS interfaces[0m
[1.449s] [ 30%] [32mBuilding CXX object CMakeFiles/pplanner_interfaces__rosidl_typesupport_cpp.dir/rosidl_typesupport_cpp/pplanner_interfaces/msg/path_grid__type_support.cpp.o[0m
[1.452s] [ 33%] [32mBuilding CXX object CMakeFiles/pplanner_interfaces__rosidl_typesupport_cpp.dir/rosidl_typesupport_cpp/pplanner_interfaces/msg/path_gridset__type_support.cpp.o[0m
[1.472s] [ 35%] [32mBuilding CXX object CMakeFiles/pplanner_interfaces__rosidl_typesupport_introspection_cpp.dir/rosidl_typesupport_introspection_cpp/pplanner_interfaces/msg/detail/path_grid__type_support.cpp.o[0m
[1.474s] [ 38%] [32mBuilding CXX object CMakeFiles/pplanner_interfaces__rosidl_typesupport_introspection_cpp.dir/rosidl_typesupport_introspection_cpp/pplanner_interfaces/msg/detail/path_gridset__type_support.cpp.o[0m
[1.480s] [ 41%] [32mBuilding CXX object CMakeFiles/pplanner_interfaces__rosidl_typesupport_fastrtps_cpp.dir/rosidl_typesupport_fastrtps_cpp/pplanner_interfaces/msg/detail/dds_fastrtps/path_grid__type_support.cpp.o[0m
[1.482s] [ 43%] [32mBuilding CXX object CMakeFiles/pplanner_interfaces__rosidl_typesupport_fastrtps_cpp.dir/rosidl_typesupport_fastrtps_cpp/pplanner_interfaces/msg/detail/dds_fastrtps/path_gridset__type_support.cpp.o[0m
[1.520s] [ 46%] [32mBuilding CXX object CMakeFiles/pplanner_interfaces__rosidl_typesupport_c.dir/rosidl_typesupport_c/pplanner_interfaces/msg/path_grid__type_support.cpp.o[0m
[1.523s] [ 48%] [32mBuilding CXX object CMakeFiles/pplanner_interfaces__rosidl_typesupport_c.dir/rosidl_typesupport_c/pplanner_interfaces/msg/path_gridset__type_support.cpp.o[0m
[1.544s] [ 51%] [32mBuilding C object CMakeFiles/pplanner_interfaces__rosidl_typesupport_introspection_c.dir/rosidl_typesupport_introspection_c/pplanner_interfaces/msg/detail/path_grid__type_support.c.o[0m
[1.545s] [ 53%] [32m[1mLinking CXX shared library libpplanner_interfaces__rosidl_typesupport_c.so[0m
[1.546s] [ 56%] [32mBuilding C object CMakeFiles/pplanner_interfaces__rosidl_typesupport_introspection_c.dir/rosidl_typesupport_introspection_c/pplanner_interfaces/msg/detail/path_gridset__type_support.c.o[0m
[1.573s] [ 58%] [32mBuilding CXX object CMakeFiles/pplanner_interfaces__rosidl_typesupport_fastrtps_c.dir/rosidl_typesupport_fastrtps_c/pplanner_interfaces/msg/detail/path_grid__type_support_c.cpp.o[0m
[1.575s] [ 61%] [32m[1mLinking C shared library libpplanner_interfaces__rosidl_typesupport_introspection_c.so[0m
[1.575s] [ 64%] [32mBuilding CXX object CMakeFiles/pplanner_interfaces__rosidl_typesupport_fastrtps_c.dir/rosidl_typesupport_fastrtps_c/pplanner_interfaces/msg/detail/path_gridset__type_support_c.cpp.o[0m
[1.593s] [ 64%] Built target pplanner_interfaces__rosidl_typesupport_c
[1.598s] [ 64%] Built target pplanner_interfaces__rosidl_typesupport_introspection_c
[1.714s] [ 66%] [32m[1mLinking CXX shared library libpplanner_interfaces__rosidl_typesupport_cpp.so[0m
[1.754s] [ 66%] Built target pplanner_interfaces__rosidl_typesupport_cpp
[1.780s] [ 69%] [32m[1mLinking CXX shared library libpplanner_interfaces__rosidl_typesupport_fastrtps_cpp.so[0m
[1.804s] [ 71%] [32m[1mLinking CXX shared library libpplanner_interfaces__rosidl_typesupport_fastrtps_c.so[0m
[1.824s] [ 71%] Built target pplanner_interfaces__rosidl_typesupport_fastrtps_cpp
[1.834s] [ 74%] [32m[1mLinking CXX shared library libpplanner_interfaces__rosidl_typesupport_introspection_cpp.so[0m
[1.847s] [ 74%] Built target pplanner_interfaces__rosidl_typesupport_fastrtps_c
[1.873s] [ 74%] Built target pplanner_interfaces__rosidl_typesupport_introspection_cpp
[1.884s] [ 74%] Built target pplanner_interfaces
[1.894s] [ 76%] [34m[1mGenerating Python code for ROS interfaces[0m
[2.066s] [ 76%] Built target pplanner_interfaces__py
[2.076s] [ 79%] [32mBuilding C object CMakeFiles/pplanner_interfaces__rosidl_generator_py.dir/rosidl_generator_py/pplanner_interfaces/msg/_path_grid_s.c.o[0m
[2.076s] [ 82%] [32mBuilding C object CMakeFiles/pplanner_interfaces__rosidl_generator_py.dir/rosidl_generator_py/pplanner_interfaces/msg/_path_gridset_s.c.o[0m
[2.126s] [ 84%] [32m[1mLinking C shared library rosidl_generator_py/pplanner_interfaces/libpplanner_interfaces__rosidl_generator_py.so[0m
[2.146s] [ 84%] Built target pplanner_interfaces__rosidl_generator_py
[2.157s] [ 87%] [32mBuilding C object CMakeFiles/pplanner_interfaces__rosidl_typesupport_fastrtps_c__pyext.dir/rosidl_generator_py/pplanner_interfaces/_pplanner_interfaces_s.ep.rosidl_typesupport_fastrtps_c.c.o[0m
[2.157s] [ 89%] [32mBuilding C object CMakeFiles/pplanner_interfaces__rosidl_typesupport_c__pyext.dir/rosidl_generator_py/pplanner_interfaces/_pplanner_interfaces_s.ep.rosidl_typesupport_c.c.o[0m
[2.157s] [ 92%] [32mBuilding C object CMakeFiles/pplanner_interfaces__rosidl_typesupport_introspection_c__pyext.dir/rosidl_generator_py/pplanner_interfaces/_pplanner_interfaces_s.ep.rosidl_typesupport_introspection_c.c.o[0m
[2.207s] [ 94%] [32m[1mLinking C shared library rosidl_generator_py/pplanner_interfaces/pplanner_interfaces_s__rosidl_typesupport_c.cpython-310-x86_64-linux-gnu.so[0m
[2.207s] [100%] [32m[1mLinking C shared library rosidl_generator_py/pplanner_interfaces/pplanner_interfaces_s__rosidl_typesupport_introspection_c.cpython-310-x86_64-linux-gnu.so[0m
[2.207s] [100%] [32m[1mLinking C shared library rosidl_generator_py/pplanner_interfaces/pplanner_interfaces_s__rosidl_typesupport_fastrtps_c.cpython-310-x86_64-linux-gnu.so[0m
[2.224s] [100%] Built target pplanner_interfaces__rosidl_typesupport_c__pyext
[2.224s] [100%] Built target pplanner_interfaces__rosidl_typesupport_introspection_c__pyext
[2.224s] [100%] Built target pplanner_interfaces__rosidl_typesupport_fastrtps_c__pyext
[2.230s] Invoked command in '/home/kelvin/pid_pilot_senior/build/pplanner_interfaces' returned '0': CMAKE_PREFIX_PATH=${CMAKE_PREFIX_PATH}:/home/kelvin/pid_pilot_senior/install/pid_pilot_senior:/home/kelvin/testbot/install/robot1:/home/kelvin/percepto_planner/install/percepto_planner:/opt/ros/humble /usr/bin/cmake --build /home/kelvin/pid_pilot_senior/build/pplanner_interfaces -- -j20 -l20
[2.274s] Invoking command in '/home/kelvin/pid_pilot_senior/build/pplanner_interfaces': CMAKE_PREFIX_PATH=${CMAKE_PREFIX_PATH}:/home/kelvin/pid_pilot_senior/install/pid_pilot_senior:/home/kelvin/testbot/install/robot1:/home/kelvin/percepto_planner/install/percepto_planner:/opt/ros/humble /usr/bin/cmake --install /home/kelvin/pid_pilot_senior/build/pplanner_interfaces
[2.278s] -- Install configuration: ""
[2.278s] -- Installing: /home/kelvin/pid_pilot_senior/install/pplanner_interfaces/share/ament_index/resource_index/rosidl_interfaces/pplanner_interfaces
[2.278s] -- Installing: /home/kelvin/pid_pilot_senior/install/pplanner_interfaces/include/pplanner_interfaces/pplanner_interfaces
[2.279s] -- Installing: /home/kelvin/pid_pilot_senior/install/pplanner_interfaces/include/pplanner_interfaces/pplanner_interfaces/msg
[2.279s] -- Installing: /home/kelvin/pid_pilot_senior/install/pplanner_interfaces/include/pplanner_interfaces/pplanner_interfaces/msg/path_grid.h
[2.279s] -- Installing: /home/kelvin/pid_pilot_senior/install/pplanner_interfaces/include/pplanner_interfaces/pplanner_interfaces/msg/rosidl_generator_c__visibility_control.h
[2.279s] -- Installing: /home/kelvin/pid_pilot_senior/install/pplanner_interfaces/include/pplanner_interfaces/pplanner_interfaces/msg/path_gridset.h
[2.279s] -- Installing: /home/kelvin/pid_pilot_senior/install/pplanner_interfaces/include/pplanner_interfaces/pplanner_interfaces/msg/detail
[2.279s] -- Installing: /home/kelvin/pid_pilot_senior/install/pplanner_interfaces/include/pplanner_interfaces/pplanner_interfaces/msg/detail/path_gridset__functions.h
[2.279s] -- Installing: /home/kelvin/pid_pilot_senior/install/pplanner_interfaces/include/pplanner_interfaces/pplanner_interfaces/msg/detail/path_grid__struct.h
[2.279s] -- Installing: /home/kelvin/pid_pilot_senior/install/pplanner_interfaces/include/pplanner_interfaces/pplanner_interfaces/msg/detail/path_gridset__type_support.h
[2.279s] -- Installing: /home/kelvin/pid_pilot_senior/install/pplanner_interfaces/include/pplanner_interfaces/pplanner_interfaces/msg/detail/path_grid__type_support.h
[2.279s] -- Installing: /home/kelvin/pid_pilot_senior/install/pplanner_interfaces/include/pplanner_interfaces/pplanner_interfaces/msg/detail/path_grid__functions.c
[2.279s] -- Installing: /home/kelvin/pid_pilot_senior/install/pplanner_interfaces/include/pplanner_interfaces/pplanner_interfaces/msg/detail/path_gridset__functions.c
[2.279s] -- Installing: /home/kelvin/pid_pilot_senior/install/pplanner_interfaces/include/pplanner_interfaces/pplanner_interfaces/msg/detail/path_grid__functions.h
[2.279s] -- Installing: /home/kelvin/pid_pilot_senior/install/pplanner_interfaces/include/pplanner_interfaces/pplanner_interfaces/msg/detail/path_gridset__struct.h
[2.279s] -- Installing: /home/kelvin/pid_pilot_senior/install/pplanner_interfaces/share/pplanner_interfaces/environment/library_path.sh
[2.280s] -- Installing: /home/kelvin/pid_pilot_senior/install/pplanner_interfaces/share/pplanner_interfaces/environment/library_path.dsv
[2.280s] -- Installing: /home/kelvin/pid_pilot_senior/install/pplanner_interfaces/lib/libpplanner_interfaces__rosidl_generator_c.so
[2.280s] -- Set runtime path of "/home/kelvin/pid_pilot_senior/install/pplanner_interfaces/lib/libpplanner_interfaces__rosidl_generator_c.so" to ""
[2.280s] -- Up-to-date: /home/kelvin/pid_pilot_senior/install/pplanner_interfaces/include/pplanner_interfaces/pplanner_interfaces
[2.280s] -- Up-to-date: /home/kelvin/pid_pilot_senior/install/pplanner_interfaces/include/pplanner_interfaces/pplanner_interfaces/msg
[2.280s] -- Installing: /home/kelvin/pid_pilot_senior/install/pplanner_interfaces/include/pplanner_interfaces/pplanner_interfaces/msg/rosidl_typesupport_fastrtps_c__visibility_control.h
[2.280s] -- Up-to-date: /home/kelvin/pid_pilot_senior/install/pplanner_interfaces/include/pplanner_interfaces/pplanner_interfaces/msg/detail
[2.280s] -- Installing: /home/kelvin/pid_pilot_senior/install/pplanner_interfaces/include/pplanner_interfaces/pplanner_interfaces/msg/detail/path_gridset__rosidl_typesupport_fastrtps_c.h
[2.280s] -- Installing: /home/kelvin/pid_pilot_senior/install/pplanner_interfaces/include/pplanner_interfaces/pplanner_interfaces/msg/detail/path_grid__rosidl_typesupport_fastrtps_c.h
[2.280s] -- Installing: /home/kelvin/pid_pilot_senior/install/pplanner_interfaces/lib/libpplanner_interfaces__rosidl_typesupport_fastrtps_c.so
[2.280s] -- Set runtime path of "/home/kelvin/pid_pilot_senior/install/pplanner_interfaces/lib/libpplanner_interfaces__rosidl_typesupport_fastrtps_c.so" to ""
[2.280s] -- Up-to-date: /home/kelvin/pid_pilot_senior/install/pplanner_interfaces/include/pplanner_interfaces/pplanner_interfaces
[2.280s] -- Up-to-date: /home/kelvin/pid_pilot_senior/install/pplanner_interfaces/include/pplanner_interfaces/pplanner_interfaces/msg
[2.280s] -- Installing: /home/kelvin/pid_pilot_senior/install/pplanner_interfaces/include/pplanner_interfaces/pplanner_interfaces/msg/rosidl_typesupport_introspection_c__visibility_control.h
[2.280s] -- Up-to-date: /home/kelvin/pid_pilot_senior/install/pplanner_interfaces/include/pplanner_interfaces/pplanner_interfaces/msg/detail
[2.281s] -- Installing: /home/kelvin/pid_pilot_senior/install/pplanner_interfaces/include/pplanner_interfaces/pplanner_interfaces/msg/detail/path_grid__rosidl_typesupport_introspection_c.h
[2.281s] -- Installing: /home/kelvin/pid_pilot_senior/install/pplanner_interfaces/include/pplanner_interfaces/pplanner_interfaces/msg/detail/path_grid__type_support.c
[2.281s] -- Installing: /home/kelvin/pid_pilot_senior/install/pplanner_interfaces/include/pplanner_interfaces/pplanner_interfaces/msg/detail/path_gridset__type_support.c
[2.281s] -- Installing: /home/kelvin/pid_pilot_senior/install/pplanner_interfaces/include/pplanner_interfaces/pplanner_interfaces/msg/detail/path_gridset__rosidl_typesupport_introspection_c.h
[2.281s] -- Installing: /home/kelvin/pid_pilot_senior/install/pplanner_interfaces/lib/libpplanner_interfaces__rosidl_typesupport_introspection_c.so
[2.281s] -- Set runtime path of "/home/kelvin/pid_pilot_senior/install/pplanner_interfaces/lib/libpplanner_interfaces__rosidl_typesupport_introspection_c.so" to ""
[2.281s] -- Installing: /home/kelvin/pid_pilot_senior/install/pplanner_interfaces/lib/libpplanner_interfaces__rosidl_typesupport_c.so
[2.281s] -- Set runtime path of "/home/kelvin/pid_pilot_senior/install/pplanner_interfaces/lib/libpplanner_interfaces__rosidl_typesupport_c.so" to ""
[2.281s] -- Up-to-date: /home/kelvin/pid_pilot_senior/install/pplanner_interfaces/include/pplanner_interfaces/pplanner_interfaces
[2.281s] -- Up-to-date: /home/kelvin/pid_pilot_senior/install/pplanner_interfaces/include/pplanner_interfaces/pplanner_interfaces/msg
[2.281s] -- Installing: /home/kelvin/pid_pilot_senior/install/pplanner_interfaces/include/pplanner_interfaces/pplanner_interfaces/msg/path_grid.hpp
[2.281s] -- Installing: /home/kelvin/pid_pilot_senior/install/pplanner_interfaces/include/pplanner_interfaces/pplanner_interfaces/msg/path_gridset.hpp
[2.281s] -- Up-to-date: /home/kelvin/pid_pilot_senior/install/pplanner_interfaces/include/pplanner_interfaces/pplanner_interfaces/msg/detail
[2.281s] -- Installing: /home/kelvin/pid_pilot_senior/install/pplanner_interfaces/include/pplanner_interfaces/pplanner_interfaces/msg/detail/path_grid__builder.hpp
[2.281s] -- Installing: /home/kelvin/pid_pilot_senior/install/pplanner_interfaces/include/pplanner_interfaces/pplanner_interfaces/msg/detail/path_gridset__traits.hpp
[2.281s] -- Installing: /home/kelvin/pid_pilot_senior/install/pplanner_interfaces/include/pplanner_interfaces/pplanner_interfaces/msg/detail/path_grid__traits.hpp
[2.282s] -- Installing: /home/kelvin/pid_pilot_senior/install/pplanner_interfaces/include/pplanner_interfaces/pplanner_interfaces/msg/detail/path_gridset__struct.hpp
[2.282s] -- Installing: /home/kelvin/pid_pilot_senior/install/pplanner_interfaces/include/pplanner_interfaces/pplanner_interfaces/msg/detail/path_gridset__builder.hpp
[2.282s] -- Installing: /home/kelvin/pid_pilot_senior/install/pplanner_interfaces/include/pplanner_interfaces/pplanner_interfaces/msg/detail/path_grid__struct.hpp
[2.282s] -- Up-to-date: /home/kelvin/pid_pilot_senior/install/pplanner_interfaces/include/pplanner_interfaces/pplanner_interfaces
[2.282s] -- Up-to-date: /home/kelvin/pid_pilot_senior/install/pplanner_interfaces/include/pplanner_interfaces/pplanner_interfaces/msg
[2.282s] -- Installing: /home/kelvin/pid_pilot_senior/install/pplanner_interfaces/include/pplanner_interfaces/pplanner_interfaces/msg/rosidl_typesupport_fastrtps_cpp__visibility_control.h
[2.282s] -- Up-to-date: /home/kelvin/pid_pilot_senior/install/pplanner_interfaces/include/pplanner_interfaces/pplanner_interfaces/msg/detail
[2.282s] -- Installing: /home/kelvin/pid_pilot_senior/install/pplanner_interfaces/include/pplanner_interfaces/pplanner_interfaces/msg/detail/path_grid__rosidl_typesupport_fastrtps_cpp.hpp
[2.282s] -- Installing: /home/kelvin/pid_pilot_senior/install/pplanner_interfaces/include/pplanner_interfaces/pplanner_interfaces/msg/detail/path_gridset__rosidl_typesupport_fastrtps_cpp.hpp
[2.282s] -- Installing: /home/kelvin/pid_pilot_senior/install/pplanner_interfaces/include/pplanner_interfaces/pplanner_interfaces/msg/detail/dds_fastrtps
[2.282s] -- Installing: /home/kelvin/pid_pilot_senior/install/pplanner_interfaces/lib/libpplanner_interfaces__rosidl_typesupport_fastrtps_cpp.so
[2.282s] -- Set runtime path of "/home/kelvin/pid_pilot_senior/install/pplanner_interfaces/lib/libpplanner_interfaces__rosidl_typesupport_fastrtps_cpp.so" to ""
[2.282s] -- Up-to-date: /home/kelvin/pid_pilot_senior/install/pplanner_interfaces/include/pplanner_interfaces/pplanner_interfaces
[2.282s] -- Up-to-date: /home/kelvin/pid_pilot_senior/install/pplanner_interfaces/include/pplanner_interfaces/pplanner_interfaces/msg
[2.282s] -- Up-to-date: /home/kelvin/pid_pilot_senior/install/pplanner_interfaces/include/pplanner_interfaces/pplanner_interfaces/msg/detail
[2.282s] -- Installing: /home/kelvin/pid_pilot_senior/install/pplanner_interfaces/include/pplanner_interfaces/pplanner_interfaces/msg/detail/path_gridset__rosidl_typesupport_introspection_cpp.hpp
[2.282s] -- Installing: /home/kelvin/pid_pilot_senior/install/pplanner_interfaces/include/pplanner_interfaces/pplanner_interfaces/msg/detail/path_gridset__type_support.cpp
[2.282s] -- Installing: /home/kelvin/pid_pilot_senior/install/pplanner_interfaces/include/pplanner_interfaces/pplanner_interfaces/msg/detail/path_grid__rosidl_typesupport_introspection_cpp.hpp
[2.282s] -- Installing: /home/kelvin/pid_pilot_senior/install/pplanner_interfaces/include/pplanner_interfaces/pplanner_interfaces/msg/detail/path_grid__type_support.cpp
[2.282s] -- Installing: /home/kelvin/pid_pilot_senior/install/pplanner_interfaces/lib/libpplanner_interfaces__rosidl_typesupport_introspection_cpp.so
[2.282s] -- Set runtime path of "/home/kelvin/pid_pilot_senior/install/pplanner_interfaces/lib/libpplanner_interfaces__rosidl_typesupport_introspection_cpp.so" to ""
[2.282s] -- Installing: /home/kelvin/pid_pilot_senior/install/pplanner_interfaces/lib/libpplanner_interfaces__rosidl_typesupport_cpp.so
[2.282s] -- Set runtime path of "/home/kelvin/pid_pilot_senior/install/pplanner_interfaces/lib/libpplanner_interfaces__rosidl_typesupport_cpp.so" to ""
[2.282s] -- Installing: /home/kelvin/pid_pilot_senior/install/pplanner_interfaces/share/pplanner_interfaces/environment/pythonpath.sh
[2.282s] -- Installing: /home/kelvin/pid_pilot_senior/install/pplanner_interfaces/share/pplanner_interfaces/environment/pythonpath.dsv
[2.282s] -- Installing: /home/kelvin/pid_pilot_senior/install/pplanner_interfaces/local/lib/python3.10/dist-packages/pplanner_interfaces-0.0.0-py3.10.egg-info
[2.282s] -- Installing: /home/kelvin/pid_pilot_senior/install/pplanner_interfaces/local/lib/python3.10/dist-packages/pplanner_interfaces-0.0.0-py3.10.egg-info/top_level.txt
[2.283s] -- Installing: /home/kelvin/pid_pilot_senior/install/pplanner_interfaces/local/lib/python3.10/dist-packages/pplanner_interfaces-0.0.0-py3.10.egg-info/PKG-INFO
[2.283s] -- Installing: /home/kelvin/pid_pilot_senior/install/pplanner_interfaces/local/lib/python3.10/dist-packages/pplanner_interfaces-0.0.0-py3.10.egg-info/dependency_links.txt
[2.283s] -- Installing: /home/kelvin/pid_pilot_senior/install/pplanner_interfaces/local/lib/python3.10/dist-packages/pplanner_interfaces-0.0.0-py3.10.egg-info/SOURCES.txt
[2.283s] -- Installing: /home/kelvin/pid_pilot_senior/install/pplanner_interfaces/local/lib/python3.10/dist-packages/pplanner_interfaces
[2.283s] -- Installing: /home/kelvin/pid_pilot_senior/install/pplanner_interfaces/local/lib/python3.10/dist-packages/pplanner_interfaces/_pplanner_interfaces_s.ep.rosidl_typesupport_c.c
[2.283s] -- Installing: /home/kelvin/pid_pilot_senior/install/pplanner_interfaces/local/lib/python3.10/dist-packages/pplanner_interfaces/_pplanner_interfaces_s.ep.rosidl_typesupport_introspection_c.c
[2.283s] -- Installing: /home/kelvin/pid_pilot_senior/install/pplanner_interfaces/local/lib/python3.10/dist-packages/pplanner_interfaces/pplanner_interfaces_s__rosidl_typesupport_fastrtps_c.cpython-310-x86_64-linux-gnu.so
[2.283s] -- Installing: /home/kelvin/pid_pilot_senior/install/pplanner_interfaces/local/lib/python3.10/dist-packages/pplanner_interfaces/msg
[2.283s] -- Installing: /home/kelvin/pid_pilot_senior/install/pplanner_interfaces/local/lib/python3.10/dist-packages/pplanner_interfaces/msg/_path_gridset_s.c
[2.283s] -- Installing: /home/kelvin/pid_pilot_senior/install/pplanner_interfaces/local/lib/python3.10/dist-packages/pplanner_interfaces/msg/_path_gridset.py
[2.283s] -- Installing: /home/kelvin/pid_pilot_senior/install/pplanner_interfaces/local/lib/python3.10/dist-packages/pplanner_interfaces/msg/_path_grid_s.c
[2.283s] -- Installing: /home/kelvin/pid_pilot_senior/install/pplanner_interfaces/local/lib/python3.10/dist-packages/pplanner_interfaces/msg/__init__.py
[2.283s] -- Installing: /home/kelvin/pid_pilot_senior/install/pplanner_interfaces/local/lib/python3.10/dist-packages/pplanner_interfaces/msg/_path_grid.py
[2.283s] -- Installing: /home/kelvin/pid_pilot_senior/install/pplanner_interfaces/local/lib/python3.10/dist-packages/pplanner_interfaces/_pplanner_interfaces_s.ep.rosidl_typesupport_fastrtps_c.c
[2.283s] -- Installing: /home/kelvin/pid_pilot_senior/install/pplanner_interfaces/local/lib/python3.10/dist-packages/pplanner_interfaces/pplanner_interfaces_s__rosidl_typesupport_c.cpython-310-x86_64-linux-gnu.so
[2.283s] -- Installing: /home/kelvin/pid_pilot_senior/install/pplanner_interfaces/local/lib/python3.10/dist-packages/pplanner_interfaces/__init__.py
[2.283s] -- Installing: /home/kelvin/pid_pilot_senior/install/pplanner_interfaces/local/lib/python3.10/dist-packages/pplanner_interfaces/pplanner_interfaces_s__rosidl_typesupport_introspection_c.cpython-310-x86_64-linux-gnu.so
[2.283s] -- Installing: /home/kelvin/pid_pilot_senior/install/pplanner_interfaces/local/lib/python3.10/dist-packages/pplanner_interfaces/libpplanner_interfaces__rosidl_generator_py.so
[2.300s] Listing '/home/kelvin/pid_pilot_senior/install/pplanner_interfaces/local/lib/python3.10/dist-packages/pplanner_interfaces'...
[2.300s] Compiling '/home/kelvin/pid_pilot_senior/install/pplanner_interfaces/local/lib/python3.10/dist-packages/pplanner_interfaces/__init__.py'...
[2.300s] Listing '/home/kelvin/pid_pilot_senior/install/pplanner_interfaces/local/lib/python3.10/dist-packages/pplanner_interfaces/msg'...
[2.300s] Compiling '/home/kelvin/pid_pilot_senior/install/pplanner_interfaces/local/lib/python3.10/dist-packages/pplanner_interfaces/msg/__init__.py'...
[2.301s] Compiling '/home/kelvin/pid_pilot_senior/install/pplanner_interfaces/local/lib/python3.10/dist-packages/pplanner_interfaces/msg/_path_grid.py'...
[2.301s] Compiling '/home/kelvin/pid_pilot_senior/install/pplanner_interfaces/local/lib/python3.10/dist-packages/pplanner_interfaces/msg/_path_gridset.py'...
[2.303s] -- Installing: /home/kelvin/pid_pilot_senior/install/pplanner_interfaces/local/lib/python3.10/dist-packages/pplanner_interfaces/pplanner_interfaces_s__rosidl_typesupport_fastrtps_c.cpython-310-x86_64-linux-gnu.so
[2.303s] -- Set runtime path of "/home/kelvin/pid_pilot_senior/install/pplanner_interfaces/local/lib/python3.10/dist-packages/pplanner_interfaces/pplanner_interfaces_s__rosidl_typesupport_fastrtps_c.cpython-310-x86_64-linux-gnu.so" to ""
[2.303s] -- Installing: /home/kelvin/pid_pilot_senior/install/pplanner_interfaces/local/lib/python3.10/dist-packages/pplanner_interfaces/pplanner_interfaces_s__rosidl_typesupport_introspection_c.cpython-310-x86_64-linux-gnu.so
[2.303s] -- Set runtime path of "/home/kelvin/pid_pilot_senior/install/pplanner_interfaces/local/lib/python3.10/dist-packages/pplanner_interfaces/pplanner_interfaces_s__rosidl_typesupport_introspection_c.cpython-310-x86_64-linux-gnu.so" to ""
[2.303s] -- Installing: /home/kelvin/pid_pilot_senior/install/pplanner_interfaces/local/lib/python3.10/dist-packages/pplanner_interfaces/pplanner_interfaces_s__rosidl_typesupport_c.cpython-310-x86_64-linux-gnu.so
[2.303s] -- Set runtime path of "/home/kelvin/pid_pilot_senior/install/pplanner_interfaces/local/lib/python3.10/dist-packages/pplanner_interfaces/pplanner_interfaces_s__rosidl_typesupport_c.cpython-310-x86_64-linux-gnu.so" to ""
[2.303s] -- Installing: /home/kelvin/pid_pilot_senior/install/pplanner_interfaces/lib/libpplanner_interfaces__rosidl_generator_py.so
[2.303s] -- Set runtime path of "/home/kelvin/pid_pilot_senior/install/pplanner_interfaces/lib/libpplanner_interfaces__rosidl_generator_py.so" to ""
[2.303s] -- Installing: /home/kelvin/pid_pilot_senior/install/pplanner_interfaces/share/pplanner_interfaces/msg/PathGrid.idl
[2.303s] -- Installing: /home/kelvin/pid_pilot_senior/install/pplanner_interfaces/share/pplanner_interfaces/msg/PathGridset.idl
[2.303s] -- Installing: /home/kelvin/pid_pilot_senior/install/pplanner_interfaces/share/pplanner_interfaces/msg/PathGrid.msg
[2.303s] -- Installing: /home/kelvin/pid_pilot_senior/install/pplanner_interfaces/share/pplanner_interfaces/msg/PathGridset.msg
[2.304s] -- Installing: /home/kelvin/pid_pilot_senior/install/pplanner_interfaces/share/ament_index/resource_index/package_run_dependencies/pplanner_interfaces
[2.304s] -- Installing: /home/kelvin/pid_pilot_senior/install/pplanner_interfaces/share/ament_index/resource_index/parent_prefix_path/pplanner_interfaces
[2.304s] -- Installing: /home/kelvin/pid_pilot_senior/install/pplanner_interfaces/share/pplanner_interfaces/environment/ament_prefix_path.sh
[2.304s] -- Installing: /home/kelvin/pid_pilot_senior/install/pplanner_interfaces/share/pplanner_interfaces/environment/ament_prefix_path.dsv
[2.304s] -- Installing: /home/kelvin/pid_pilot_senior/install/pplanner_interfaces/share/pplanner_interfaces/environment/path.sh
[2.304s] -- Installing: /home/kelvin/pid_pilot_senior/install/pplanner_interfaces/share/pplanner_interfaces/environment/path.dsv
[2.304s] -- Installing: /home/kelvin/pid_pilot_senior/install/pplanner_interfaces/share/pplanner_interfaces/local_setup.bash
[2.304s] -- Installing: /home/kelvin/pid_pilot_senior/install/pplanner_interfaces/share/pplanner_interfaces/local_setup.sh
[2.304s] -- Installing: /home/kelvin/pid_pilot_senior/install/pplanner_interfaces/share/pplanner_interfaces/local_setup.zsh
[2.304s] -- Installing: /home/kelvin/pid_pilot_senior/install/pplanner_interfaces/share/pplanner_interfaces/local_setup.dsv
[2.304s] -- Installing: /home/kelvin/pid_pilot_senior/install/pplanner_interfaces/share/pplanner_interfaces/package.dsv
[2.304s] -- Installing: /home/kelvin/pid_pilot_senior/install/pplanner_interfaces/share/ament_index/resource_index/packages/pplanner_interfaces
[2.304s] -- Installing: /home/kelvin/pid_pilot_senior/install/pplanner_interfaces/share/pplanner_interfaces/cmake/export_pplanner_interfaces__rosidl_generator_cExport.cmake
[2.304s] -- Installing: /home/kelvin/pid_pilot_senior/install/pplanner_interfaces/share/pplanner_interfaces/cmake/export_pplanner_interfaces__rosidl_generator_cExport-noconfig.cmake
[2.304s] -- Installing: /home/kelvin/pid_pilot_senior/install/pplanner_interfaces/share/pplanner_interfaces/cmake/export_pplanner_interfaces__rosidl_typesupport_fastrtps_cExport.cmake
[2.304s] -- Installing: /home/kelvin/pid_pilot_senior/install/pplanner_interfaces/share/pplanner_interfaces/cmake/export_pplanner_interfaces__rosidl_typesupport_fastrtps_cExport-noconfig.cmake
[2.304s] -- Installing: /home/kelvin/pid_pilot_senior/install/pplanner_interfaces/share/pplanner_interfaces/cmake/pplanner_interfaces__rosidl_typesupport_introspection_cExport.cmake
[2.304s] -- Installing: /home/kelvin/pid_pilot_senior/install/pplanner_interfaces/share/pplanner_interfaces/cmake/pplanner_interfaces__rosidl_typesupport_introspection_cExport-noconfig.cmake
[2.304s] -- Installing: /home/kelvin/pid_pilot_senior/install/pplanner_interfaces/share/pplanner_interfaces/cmake/pplanner_interfaces__rosidl_typesupport_cExport.cmake
[2.304s] -- Installing: /home/kelvin/pid_pilot_senior/install/pplanner_interfaces/share/pplanner_interfaces/cmake/pplanner_interfaces__rosidl_typesupport_cExport-noconfig.cmake
[2.304s] -- Installing: /home/kelvin/pid_pilot_senior/install/pplanner_interfaces/share/pplanner_interfaces/cmake/export_pplanner_interfaces__rosidl_generator_cppExport.cmake
[2.304s] -- Installing: /home/kelvin/pid_pilot_senior/install/pplanner_interfaces/share/pplanner_interfaces/cmake/export_pplanner_interfaces__rosidl_typesupport_fastrtps_cppExport.cmake
[2.304s] -- Installing: /home/kelvin/pid_pilot_senior/install/pplanner_interfaces/share/pplanner_interfaces/cmake/export_pplanner_interfaces__rosidl_typesupport_fastrtps_cppExport-noconfig.cmake
[2.304s] -- Installing: /home/kelvin/pid_pilot_senior/install/pplanner_interfaces/share/pplanner_interfaces/cmake/pplanner_interfaces__rosidl_typesupport_introspection_cppExport.cmake
[2.304s] -- Installing: /home/kelvin/pid_pilot_senior/install/pplanner_interfaces/share/pplanner_interfaces/cmake/pplanner_interfaces__rosidl_typesupport_introspection_cppExport-noconfig.cmake
[2.304s] -- Installing: /home/kelvin/pid_pilot_senior/install/pplanner_interfaces/share/pplanner_interfaces/cmake/pplanner_interfaces__rosidl_typesupport_cppExport.cmake
[2.305s] -- Installing: /home/kelvin/pid_pilot_senior/install/pplanner_interfaces/share/pplanner_interfaces/cmake/pplanner_interfaces__rosidl_typesupport_cppExport-noconfig.cmake
[2.305s] -- Installing: /home/kelvin/pid_pilot_senior/install/pplanner_interfaces/share/pplanner_interfaces/cmake/export_pplanner_interfaces__rosidl_generator_pyExport.cmake
[2.305s] -- Installing: /home/kelvin/pid_pilot_senior/install/pplanner_interfaces/share/pplanner_interfaces/cmake/export_pplanner_interfaces__rosidl_generator_pyExport-noconfig.cmake
[2.305s] -- Installing: /home/kelvin/pid_pilot_senior/install/pplanner_interfaces/share/pplanner_interfaces/cmake/rosidl_cmake-extras.cmake
[2.305s] -- Installing: /home/kelvin/pid_pilot_senior/install/pplanner_interfaces/share/pplanner_interfaces/cmake/ament_cmake_export_include_directories-extras.cmake
[2.305s] -- Installing: /home/kelvin/pid_pilot_senior/install/pplanner_interfaces/share/pplanner_interfaces/cmake/ament_cmake_export_libraries-extras.cmake
[2.305s] -- Installing: /home/kelvin/pid_pilot_senior/install/pplanner_interfaces/share/pplanner_interfaces/cmake/ament_cmake_export_targets-extras.cmake
[2.305s] -- Installing: /home/kelvin/pid_pilot_senior/install/pplanner_interfaces/share/pplanner_interfaces/cmake/rosidl_cmake_export_typesupport_targets-extras.cmake
[2.305s] -- Installing: /home/kelvin/pid_pilot_senior/install/pplanner_interfaces/share/pplanner_interfaces/cmake/ament_cmake_export_dependencies-extras.cmake
[2.305s] -- Installing: /home/kelvin/pid_pilot_senior/install/pplanner_interfaces/share/pplanner_interfaces/cmake/rosidl_cmake_export_typesupport_libraries-extras.cmake
[2.305s] -- Installing: /home/kelvin/pid_pilot_senior/install/pplanner_interfaces/share/pplanner_interfaces/cmake/pplanner_interfacesConfig.cmake
[2.305s] -- Installing: /home/kelvin/pid_pilot_senior/install/pplanner_interfaces/share/pplanner_interfaces/cmake/pplanner_interfacesConfig-version.cmake
[2.305s] -- Installing: /home/kelvin/pid_pilot_senior/install/pplanner_interfaces/share/pplanner_interfaces/package.xml
[2.306s] Invoked command in '/home/kelvin/pid_pilot_senior/build/pplanner_interfaces' returned '0': CMAKE_PREFIX_PATH=${CMAKE_PREFIX_PATH}:/home/kelvin/pid_pilot_senior/install/pid_pilot_senior:/home/kelvin/testbot/install/robot1:/home/kelvin/percepto_planner/install/percepto_planner:/opt/ros/humble /usr/bin/cmake --install /home/kelvin/pid_pilot_senior/build/pplanner_interfaces
