[0.448s] DEBUG:colcon:Command line arguments: ['/usr/bin/colcon', 'build']
[0.448s] DEBUG:colcon:Parsed command line arguments: Namespace(log_base=None, log_level=None, verb_name='build', build_base='build', install_base='install', merge_install=False, symlink_install=False, test_result_base=None, continue_on_error=False, executor='parallel', parallel_workers=20, event_handlers=None, ignore_user_meta=False, metas=['./colcon.meta'], base_paths=['.'], packages_ignore=None, packages_ignore_regex=None, paths=None, packages_up_to=None, packages_up_to_regex=None, packages_above=None, packages_above_and_dependencies=None, packages_above_depth=None, packages_select_by_dep=None, packages_skip_by_dep=None, packages_skip_up_to=None, packages_select_build_failed=False, packages_skip_build_finished=False, packages_select_test_failures=False, packages_skip_test_passed=False, packages_select=None, packages_skip=None, packages_select_regex=None, packages_skip_regex=None, packages_start=None, packages_end=None, allow_overriding=[], cmake_args=None, cmake_target=None, cmake_target_skip_unavailable=False, cmake_clean_cache=False, cmake_clean_first=False, cmake_force_configure=False, ament_cmake_args=None, catkin_cmake_args=None, catkin_skip_building_tests=False, verb_parser=<colcon_defaults.argument_parser.defaults.DefaultArgumentsDecorator object at 0x7ff0861f67a0>, verb_extension=<colcon_core.verb.build.BuildVerb object at 0x7ff0861f4070>, main=<bound method BuildVerb.main of <colcon_core.verb.build.BuildVerb object at 0x7ff0861f4070>>)
[0.469s] Level 1:colcon.colcon_core.package_discovery:discover_packages(colcon_meta) check parameters
[0.469s] Level 1:colcon.colcon_core.package_discovery:discover_packages(recursive) check parameters
[0.469s] Level 1:colcon.colcon_core.package_discovery:discover_packages(ignore) check parameters
[0.469s] Level 1:colcon.colcon_core.package_discovery:discover_packages(path) check parameters
[0.469s] Level 1:colcon.colcon_core.package_discovery:discover_packages(colcon_meta) discover
[0.469s] Level 1:colcon.colcon_core.package_discovery:discover_packages(recursive) discover
[0.469s] INFO:colcon.colcon_core.package_discovery:Crawling recursively for packages in '/home/kelvin/pid_pilot_senior'
[0.469s] Level 1:colcon.colcon_core.package_identification:_identify(.) by extensions ['ignore', 'ignore_ament_install']
[0.469s] Level 1:colcon.colcon_core.package_identification:_identify(.) by extension 'ignore'
[0.469s] Level 1:colcon.colcon_core.package_identification:_identify(.) by extension 'ignore_ament_install'
[0.469s] Level 1:colcon.colcon_core.package_identification:_identify(.) by extensions ['colcon_pkg']
[0.469s] Level 1:colcon.colcon_core.package_identification:_identify(.) by extension 'colcon_pkg'
[0.469s] Level 1:colcon.colcon_core.package_identification:_identify(.) by extensions ['colcon_meta']
[0.469s] Level 1:colcon.colcon_core.package_identification:_identify(.) by extension 'colcon_meta'
[0.469s] Level 1:colcon.colcon_core.package_identification:_identify(.) by extensions ['ros']
[0.469s] Level 1:colcon.colcon_core.package_identification:_identify(.) by extension 'ros'
[0.475s] Level 1:colcon.colcon_core.package_identification:_identify(.) by extensions ['cmake', 'python']
[0.475s] Level 1:colcon.colcon_core.package_identification:_identify(.) by extension 'cmake'
[0.475s] Level 1:colcon.colcon_core.package_identification:_identify(.) by extension 'python'
[0.475s] Level 1:colcon.colcon_core.package_identification:_identify(.) by extensions ['python_setup_py']
[0.475s] Level 1:colcon.colcon_core.package_identification:_identify(.) by extension 'python_setup_py'
[0.475s] Level 1:colcon.colcon_core.package_identification:_identify(build) by extensions ['ignore', 'ignore_ament_install']
[0.475s] Level 1:colcon.colcon_core.package_identification:_identify(build) by extension 'ignore'
[0.475s] Level 1:colcon.colcon_core.package_identification:_identify(build) ignored
[0.475s] Level 1:colcon.colcon_core.package_identification:_identify(install) by extensions ['ignore', 'ignore_ament_install']
[0.475s] Level 1:colcon.colcon_core.package_identification:_identify(install) by extension 'ignore'
[0.475s] Level 1:colcon.colcon_core.package_identification:_identify(install) ignored
[0.475s] Level 1:colcon.colcon_core.package_identification:_identify(log) by extensions ['ignore', 'ignore_ament_install']
[0.475s] Level 1:colcon.colcon_core.package_identification:_identify(log) by extension 'ignore'
[0.475s] Level 1:colcon.colcon_core.package_identification:_identify(log) ignored
[0.475s] Level 1:colcon.colcon_core.package_identification:_identify(src) by extensions ['ignore', 'ignore_ament_install']
[0.475s] Level 1:colcon.colcon_core.package_identification:_identify(src) by extension 'ignore'
[0.475s] Level 1:colcon.colcon_core.package_identification:_identify(src) by extension 'ignore_ament_install'
[0.475s] Level 1:colcon.colcon_core.package_identification:_identify(src) by extensions ['colcon_pkg']
[0.475s] Level 1:colcon.colcon_core.package_identification:_identify(src) by extension 'colcon_pkg'
[0.475s] Level 1:colcon.colcon_core.package_identification:_identify(src) by extensions ['colcon_meta']
[0.475s] Level 1:colcon.colcon_core.package_identification:_identify(src) by extension 'colcon_meta'
[0.475s] Level 1:colcon.colcon_core.package_identification:_identify(src) by extensions ['ros']
[0.475s] Level 1:colcon.colcon_core.package_identification:_identify(src) by extension 'ros'
[0.475s] Level 1:colcon.colcon_core.package_identification:_identify(src) by extensions ['cmake', 'python']
[0.475s] Level 1:colcon.colcon_core.package_identification:_identify(src) by extension 'cmake'
[0.475s] Level 1:colcon.colcon_core.package_identification:_identify(src) by extension 'python'
[0.475s] Level 1:colcon.colcon_core.package_identification:_identify(src) by extensions ['python_setup_py']
[0.475s] Level 1:colcon.colcon_core.package_identification:_identify(src) by extension 'python_setup_py'
[0.476s] Level 1:colcon.colcon_core.package_identification:_identify(src/pid_pilot_senior) by extensions ['ignore', 'ignore_ament_install']
[0.476s] Level 1:colcon.colcon_core.package_identification:_identify(src/pid_pilot_senior) by extension 'ignore'
[0.476s] Level 1:colcon.colcon_core.package_identification:_identify(src/pid_pilot_senior) by extension 'ignore_ament_install'
[0.476s] Level 1:colcon.colcon_core.package_identification:_identify(src/pid_pilot_senior) by extensions ['colcon_pkg']
[0.476s] Level 1:colcon.colcon_core.package_identification:_identify(src/pid_pilot_senior) by extension 'colcon_pkg'
[0.476s] Level 1:colcon.colcon_core.package_identification:_identify(src/pid_pilot_senior) by extensions ['colcon_meta']
[0.476s] Level 1:colcon.colcon_core.package_identification:_identify(src/pid_pilot_senior) by extension 'colcon_meta'
[0.476s] Level 1:colcon.colcon_core.package_identification:_identify(src/pid_pilot_senior) by extensions ['ros']
[0.476s] Level 1:colcon.colcon_core.package_identification:_identify(src/pid_pilot_senior) by extension 'ros'
[0.477s] DEBUG:colcon.colcon_core.package_identification:Package 'src/pid_pilot_senior' with type 'ros.ament_python' and name 'pid_pilot_senior'
[0.477s] Level 1:colcon.colcon_core.package_identification:_identify(src/pplanner_interfaces) by extensions ['ignore', 'ignore_ament_install']
[0.477s] Level 1:colcon.colcon_core.package_identification:_identify(src/pplanner_interfaces) by extension 'ignore'
[0.477s] Level 1:colcon.colcon_core.package_identification:_identify(src/pplanner_interfaces) by extension 'ignore_ament_install'
[0.477s] Level 1:colcon.colcon_core.package_identification:_identify(src/pplanner_interfaces) by extensions ['colcon_pkg']
[0.477s] Level 1:colcon.colcon_core.package_identification:_identify(src/pplanner_interfaces) by extension 'colcon_pkg'
[0.477s] Level 1:colcon.colcon_core.package_identification:_identify(src/pplanner_interfaces) by extensions ['colcon_meta']
[0.477s] Level 1:colcon.colcon_core.package_identification:_identify(src/pplanner_interfaces) by extension 'colcon_meta'
[0.477s] Level 1:colcon.colcon_core.package_identification:_identify(src/pplanner_interfaces) by extensions ['ros']
[0.477s] Level 1:colcon.colcon_core.package_identification:_identify(src/pplanner_interfaces) by extension 'ros'
[0.478s] DEBUG:colcon.colcon_core.package_identification:Package 'src/pplanner_interfaces' with type 'ros.ament_cmake' and name 'pplanner_interfaces'
[0.478s] Level 1:colcon.colcon_core.package_discovery:discover_packages(recursive) using defaults
[0.478s] Level 1:colcon.colcon_core.package_discovery:discover_packages(ignore) discover
[0.478s] Level 1:colcon.colcon_core.package_discovery:discover_packages(ignore) using defaults
[0.478s] Level 1:colcon.colcon_core.package_discovery:discover_packages(path) discover
[0.478s] Level 1:colcon.colcon_core.package_discovery:discover_packages(path) using defaults
[0.518s] Level 1:colcon.colcon_core.package_discovery:discover_packages(prefix_path) check parameters
[0.518s] Level 1:colcon.colcon_core.package_discovery:discover_packages(prefix_path) discover
[0.532s] DEBUG:colcon.colcon_installed_package_information.package_discovery:Found 2 installed packages in /home/kelvin/pid_pilot_senior/install
[0.538s] DEBUG:colcon.colcon_installed_package_information.package_discovery:Found 1 installed packages in /home/kelvin/testbot/install
[0.550s] DEBUG:colcon.colcon_installed_package_information.package_discovery:Found 270 installed packages in /opt/ros/humble
[0.550s] Level 1:colcon.colcon_core.package_discovery:discover_packages(prefix_path) using defaults
[0.590s] Level 5:colcon.colcon_core.verb:set package 'pid_pilot_senior' build argument 'cmake_args' from command line to 'None'
[0.590s] Level 5:colcon.colcon_core.verb:set package 'pid_pilot_senior' build argument 'cmake_target' from command line to 'None'
[0.590s] Level 5:colcon.colcon_core.verb:set package 'pid_pilot_senior' build argument 'cmake_target_skip_unavailable' from command line to 'False'
[0.590s] Level 5:colcon.colcon_core.verb:set package 'pid_pilot_senior' build argument 'cmake_clean_cache' from command line to 'False'
[0.590s] Level 5:colcon.colcon_core.verb:set package 'pid_pilot_senior' build argument 'cmake_clean_first' from command line to 'False'
[0.590s] Level 5:colcon.colcon_core.verb:set package 'pid_pilot_senior' build argument 'cmake_force_configure' from command line to 'False'
[0.590s] Level 5:colcon.colcon_core.verb:set package 'pid_pilot_senior' build argument 'ament_cmake_args' from command line to 'None'
[0.590s] Level 5:colcon.colcon_core.verb:set package 'pid_pilot_senior' build argument 'catkin_cmake_args' from command line to 'None'
[0.590s] Level 5:colcon.colcon_core.verb:set package 'pid_pilot_senior' build argument 'catkin_skip_building_tests' from command line to 'False'
[0.590s] DEBUG:colcon.colcon_core.verb:Building package 'pid_pilot_senior' with the following arguments: {'ament_cmake_args': None, 'build_base': '/home/kelvin/pid_pilot_senior/build/pid_pilot_senior', 'catkin_cmake_args': None, 'catkin_skip_building_tests': False, 'cmake_args': None, 'cmake_clean_cache': False, 'cmake_clean_first': False, 'cmake_force_configure': False, 'cmake_target': None, 'cmake_target_skip_unavailable': False, 'install_base': '/home/kelvin/pid_pilot_senior/install/pid_pilot_senior', 'merge_install': False, 'path': '/home/kelvin/pid_pilot_senior/src/pid_pilot_senior', 'symlink_install': False, 'test_result_base': None}
[0.597s] Level 5:colcon.colcon_core.verb:set package 'pplanner_interfaces' build argument 'cmake_args' from command line to 'None'
[0.597s] Level 5:colcon.colcon_core.verb:set package 'pplanner_interfaces' build argument 'cmake_target' from command line to 'None'
[0.597s] Level 5:colcon.colcon_core.verb:set package 'pplanner_interfaces' build argument 'cmake_target_skip_unavailable' from command line to 'False'
[0.597s] Level 5:colcon.colcon_core.verb:set package 'pplanner_interfaces' build argument 'cmake_clean_cache' from command line to 'False'
[0.597s] Level 5:colcon.colcon_core.verb:set package 'pplanner_interfaces' build argument 'cmake_clean_first' from command line to 'False'
[0.597s] Level 5:colcon.colcon_core.verb:set package 'pplanner_interfaces' build argument 'cmake_force_configure' from command line to 'False'
[0.597s] Level 5:colcon.colcon_core.verb:set package 'pplanner_interfaces' build argument 'ament_cmake_args' from command line to 'None'
[0.597s] Level 5:colcon.colcon_core.verb:set package 'pplanner_interfaces' build argument 'catkin_cmake_args' from command line to 'None'
[0.597s] Level 5:colcon.colcon_core.verb:set package 'pplanner_interfaces' build argument 'catkin_skip_building_tests' from command line to 'False'
[0.597s] DEBUG:colcon.colcon_core.verb:Building package 'pplanner_interfaces' with the following arguments: {'ament_cmake_args': None, 'build_base': '/home/kelvin/pid_pilot_senior/build/pplanner_interfaces', 'catkin_cmake_args': None, 'catkin_skip_building_tests': False, 'cmake_args': None, 'cmake_clean_cache': False, 'cmake_clean_first': False, 'cmake_force_configure': False, 'cmake_target': None, 'cmake_target_skip_unavailable': False, 'install_base': '/home/kelvin/pid_pilot_senior/install/pplanner_interfaces', 'merge_install': False, 'path': '/home/kelvin/pid_pilot_senior/src/pplanner_interfaces', 'symlink_install': False, 'test_result_base': None}
[0.603s] INFO:colcon.colcon_core.executor:Executing jobs using 'parallel' executor
[0.610s] DEBUG:colcon.colcon_parallel_executor.executor.parallel:run_until_complete
[0.610s] INFO:colcon.colcon_ros.task.ament_python.build:Building ROS package in '/home/kelvin/pid_pilot_senior/src/pid_pilot_senior' with build type 'ament_python'
[0.610s] Level 1:colcon.colcon_core.shell:create_environment_hook('pid_pilot_senior', 'ament_prefix_path')
[0.617s] INFO:colcon.colcon_core.plugin_system:Skipping extension 'colcon_core.shell.bat': Not used on non-Windows systems
[0.617s] INFO:colcon.colcon_core.shell:Creating environment hook '/home/kelvin/pid_pilot_senior/install/pid_pilot_senior/share/pid_pilot_senior/hook/ament_prefix_path.ps1'
[0.618s] INFO:colcon.colcon_core.shell:Creating environment descriptor '/home/kelvin/pid_pilot_senior/install/pid_pilot_senior/share/pid_pilot_senior/hook/ament_prefix_path.dsv'
[0.618s] INFO:colcon.colcon_core.shell:Creating environment hook '/home/kelvin/pid_pilot_senior/install/pid_pilot_senior/share/pid_pilot_senior/hook/ament_prefix_path.sh'
[0.625s] INFO:colcon.colcon_core.shell:Skip shell extension 'powershell' for command environment: Not usable outside of PowerShell
[0.625s] DEBUG:colcon.colcon_core.shell:Skip shell extension 'dsv' for command environment
[0.651s] INFO:colcon.colcon_ros.task.ament_cmake.build:Building ROS package in '/home/kelvin/pid_pilot_senior/src/pplanner_interfaces' with build type 'ament_cmake'
[0.651s] INFO:colcon.colcon_cmake.task.cmake.build:Building CMake package in '/home/kelvin/pid_pilot_senior/src/pplanner_interfaces'
[0.658s] INFO:colcon.colcon_core.shell:Skip shell extension 'powershell' for command environment: Not usable outside of PowerShell
[0.658s] DEBUG:colcon.colcon_core.shell:Skip shell extension 'dsv' for command environment
[0.824s] INFO:colcon.colcon_core.task.python.build:Building Python package in '/home/kelvin/pid_pilot_senior/src/pid_pilot_senior'
[0.831s] INFO:colcon.colcon_core.shell:Skip shell extension 'powershell' for command environment: Not usable outside of PowerShell
[0.831s] DEBUG:colcon.colcon_core.shell:Skip shell extension 'dsv' for command environment
[0.861s] DEBUG:colcon.colcon_core.event_handler.log_command:Invoking command in '/home/kelvin/pid_pilot_senior/build/pplanner_interfaces': CMAKE_PREFIX_PATH=${CMAKE_PREFIX_PATH}:/home/kelvin/pid_pilot_senior/install/pid_pilot_senior:/home/kelvin/testbot/install/robot1:/opt/ros/humble /usr/bin/cmake --build /home/kelvin/pid_pilot_senior/build/pplanner_interfaces -- -j20 -l20
[1.052s] DEBUG:colcon.colcon_core.event_handler.log_command:Invoking command in '/home/kelvin/pid_pilot_senior/src/pid_pilot_senior': PYTHONPATH=/home/kelvin/pid_pilot_senior/build/pid_pilot_senior/prefix_override:/home/kelvin/pid_pilot_senior/install/pid_pilot_senior/lib/python3.10/site-packages:${PYTHONPATH} /usr/bin/python3 setup.py egg_info --egg-base ../../build/pid_pilot_senior build --build-base /home/kelvin/pid_pilot_senior/build/pid_pilot_senior/build install --record /home/kelvin/pid_pilot_senior/build/pid_pilot_senior/install.log --single-version-externally-managed
[1.070s] DEBUG:colcon.colcon_core.event_handler.log_command:Invoked command in '/home/kelvin/pid_pilot_senior/build/pplanner_interfaces' returned '0': CMAKE_PREFIX_PATH=${CMAKE_PREFIX_PATH}:/home/kelvin/pid_pilot_senior/install/pid_pilot_senior:/home/kelvin/testbot/install/robot1:/opt/ros/humble /usr/bin/cmake --build /home/kelvin/pid_pilot_senior/build/pplanner_interfaces -- -j20 -l20
[1.136s] DEBUG:colcon.colcon_core.event_handler.log_command:Invoking command in '/home/kelvin/pid_pilot_senior/build/pplanner_interfaces': CMAKE_PREFIX_PATH=${CMAKE_PREFIX_PATH}:/home/kelvin/pid_pilot_senior/install/pid_pilot_senior:/home/kelvin/testbot/install/robot1:/opt/ros/humble /usr/bin/cmake --install /home/kelvin/pid_pilot_senior/build/pplanner_interfaces
[1.170s] Level 1:colcon.colcon_core.environment:create_environment_scripts_only(pplanner_interfaces)
[1.171s] DEBUG:colcon.colcon_core.event_handler.log_command:Invoked command in '/home/kelvin/pid_pilot_senior/build/pplanner_interfaces' returned '0': CMAKE_PREFIX_PATH=${CMAKE_PREFIX_PATH}:/home/kelvin/pid_pilot_senior/install/pid_pilot_senior:/home/kelvin/testbot/install/robot1:/opt/ros/humble /usr/bin/cmake --install /home/kelvin/pid_pilot_senior/build/pplanner_interfaces
[1.180s] Level 1:colcon.colcon_core.environment:checking '/home/kelvin/pid_pilot_senior/install/pplanner_interfaces' for CMake module files
[1.180s] Level 1:colcon.colcon_core.environment:checking '/home/kelvin/pid_pilot_senior/install/pplanner_interfaces' for CMake config files
[1.180s] Level 1:colcon.colcon_core.shell:create_environment_hook('pplanner_interfaces', 'cmake_prefix_path')
[1.188s] INFO:colcon.colcon_core.shell:Creating environment hook '/home/kelvin/pid_pilot_senior/install/pplanner_interfaces/share/pplanner_interfaces/hook/cmake_prefix_path.ps1'
[1.188s] INFO:colcon.colcon_core.shell:Creating environment descriptor '/home/kelvin/pid_pilot_senior/install/pplanner_interfaces/share/pplanner_interfaces/hook/cmake_prefix_path.dsv'
[1.188s] INFO:colcon.colcon_core.shell:Creating environment hook '/home/kelvin/pid_pilot_senior/install/pplanner_interfaces/share/pplanner_interfaces/hook/cmake_prefix_path.sh'
[1.189s] Level 1:colcon.colcon_core.environment:checking '/home/kelvin/pid_pilot_senior/install/pplanner_interfaces/lib'
[1.189s] Level 1:colcon.colcon_core.shell:create_environment_hook('pplanner_interfaces', 'ld_library_path_lib')
[1.197s] INFO:colcon.colcon_core.shell:Creating environment hook '/home/kelvin/pid_pilot_senior/install/pplanner_interfaces/share/pplanner_interfaces/hook/ld_library_path_lib.ps1'
[1.198s] INFO:colcon.colcon_core.shell:Creating environment descriptor '/home/kelvin/pid_pilot_senior/install/pplanner_interfaces/share/pplanner_interfaces/hook/ld_library_path_lib.dsv'
[1.198s] INFO:colcon.colcon_core.shell:Creating environment hook '/home/kelvin/pid_pilot_senior/install/pplanner_interfaces/share/pplanner_interfaces/hook/ld_library_path_lib.sh'
[1.198s] Level 1:colcon.colcon_core.environment:checking '/home/kelvin/pid_pilot_senior/install/pplanner_interfaces/bin'
[1.198s] Level 1:colcon.colcon_core.environment:checking '/home/kelvin/pid_pilot_senior/install/pplanner_interfaces/lib/pkgconfig/pplanner_interfaces.pc'
[1.198s] Level 1:colcon.colcon_core.environment:checking '/home/kelvin/pid_pilot_senior/install/pplanner_interfaces/lib/python3.10/site-packages'
[1.198s] Level 1:colcon.colcon_core.environment:checking '/home/kelvin/pid_pilot_senior/install/pplanner_interfaces/bin'
[1.207s] INFO:colcon.colcon_core.shell:Creating package script '/home/kelvin/pid_pilot_senior/install/pplanner_interfaces/share/pplanner_interfaces/package.ps1'
[1.208s] INFO:colcon.colcon_core.shell:Creating package descriptor '/home/kelvin/pid_pilot_senior/install/pplanner_interfaces/share/pplanner_interfaces/package.dsv'
[1.208s] INFO:colcon.colcon_core.shell:Creating package script '/home/kelvin/pid_pilot_senior/install/pplanner_interfaces/share/pplanner_interfaces/package.sh'
[1.208s] INFO:colcon.colcon_core.shell:Creating package script '/home/kelvin/pid_pilot_senior/install/pplanner_interfaces/share/pplanner_interfaces/package.bash'
[1.209s] INFO:colcon.colcon_core.shell:Creating package script '/home/kelvin/pid_pilot_senior/install/pplanner_interfaces/share/pplanner_interfaces/package.zsh'
[1.209s] Level 1:colcon.colcon_core.environment:create_file_with_runtime_dependencies(/home/kelvin/pid_pilot_senior/install/pplanner_interfaces/share/colcon-core/packages/pplanner_interfaces)
[1.229s] DEBUG:colcon.colcon_core.event_handler.log_command:Invoked command in '/home/kelvin/pid_pilot_senior/src/pid_pilot_senior' returned '0': PYTHONPATH=/home/kelvin/pid_pilot_senior/build/pid_pilot_senior/prefix_override:/home/kelvin/pid_pilot_senior/install/pid_pilot_senior/lib/python3.10/site-packages:${PYTHONPATH} /usr/bin/python3 setup.py egg_info --egg-base ../../build/pid_pilot_senior build --build-base /home/kelvin/pid_pilot_senior/build/pid_pilot_senior/build install --record /home/kelvin/pid_pilot_senior/build/pid_pilot_senior/install.log --single-version-externally-managed
[1.237s] Level 1:colcon.colcon_core.environment:checking '/home/kelvin/pid_pilot_senior/install/pid_pilot_senior' for CMake module files
[1.237s] Level 1:colcon.colcon_core.environment:checking '/home/kelvin/pid_pilot_senior/install/pid_pilot_senior' for CMake config files
[1.238s] Level 1:colcon.colcon_core.environment:checking '/home/kelvin/pid_pilot_senior/install/pid_pilot_senior/lib'
[1.238s] Level 1:colcon.colcon_core.environment:checking '/home/kelvin/pid_pilot_senior/install/pid_pilot_senior/bin'
[1.238s] Level 1:colcon.colcon_core.environment:checking '/home/kelvin/pid_pilot_senior/install/pid_pilot_senior/lib/pkgconfig/pid_pilot_senior.pc'
[1.238s] Level 1:colcon.colcon_core.environment:checking '/home/kelvin/pid_pilot_senior/install/pid_pilot_senior/lib/python3.10/site-packages'
[1.238s] Level 1:colcon.colcon_core.shell:create_environment_hook('pid_pilot_senior', 'pythonpath')
[1.246s] INFO:colcon.colcon_core.shell:Creating environment hook '/home/kelvin/pid_pilot_senior/install/pid_pilot_senior/share/pid_pilot_senior/hook/pythonpath.ps1'
[1.246s] INFO:colcon.colcon_core.shell:Creating environment descriptor '/home/kelvin/pid_pilot_senior/install/pid_pilot_senior/share/pid_pilot_senior/hook/pythonpath.dsv'
[1.246s] INFO:colcon.colcon_core.shell:Creating environment hook '/home/kelvin/pid_pilot_senior/install/pid_pilot_senior/share/pid_pilot_senior/hook/pythonpath.sh'
[1.246s] Level 1:colcon.colcon_core.environment:checking '/home/kelvin/pid_pilot_senior/install/pid_pilot_senior/bin'
[1.247s] Level 1:colcon.colcon_core.environment:create_environment_scripts_only(pid_pilot_senior)
[1.254s] INFO:colcon.colcon_core.shell:Creating package script '/home/kelvin/pid_pilot_senior/install/pid_pilot_senior/share/pid_pilot_senior/package.ps1'
[1.255s] INFO:colcon.colcon_core.shell:Creating package descriptor '/home/kelvin/pid_pilot_senior/install/pid_pilot_senior/share/pid_pilot_senior/package.dsv'
[1.255s] INFO:colcon.colcon_core.shell:Creating package script '/home/kelvin/pid_pilot_senior/install/pid_pilot_senior/share/pid_pilot_senior/package.sh'
[1.255s] INFO:colcon.colcon_core.shell:Creating package script '/home/kelvin/pid_pilot_senior/install/pid_pilot_senior/share/pid_pilot_senior/package.bash'
[1.255s] INFO:colcon.colcon_core.shell:Creating package script '/home/kelvin/pid_pilot_senior/install/pid_pilot_senior/share/pid_pilot_senior/package.zsh'
[1.256s] Level 1:colcon.colcon_core.environment:create_file_with_runtime_dependencies(/home/kelvin/pid_pilot_senior/install/pid_pilot_senior/share/colcon-core/packages/pid_pilot_senior)
[1.268s] Level 1:colcon.colcon_core.environment:create_environment_scripts_only(pplanner_interfaces)
[1.275s] Level 1:colcon.colcon_core.environment:checking '/home/kelvin/pid_pilot_senior/install/pplanner_interfaces' for CMake module files
[1.275s] Level 1:colcon.colcon_core.environment:checking '/home/kelvin/pid_pilot_senior/install/pplanner_interfaces' for CMake config files
[1.275s] Level 1:colcon.colcon_core.shell:create_environment_hook('pplanner_interfaces', 'cmake_prefix_path')
[1.283s] INFO:colcon.colcon_core.shell:Creating environment hook '/home/kelvin/pid_pilot_senior/install/pplanner_interfaces/share/pplanner_interfaces/hook/cmake_prefix_path.ps1'
[1.283s] INFO:colcon.colcon_core.shell:Creating environment descriptor '/home/kelvin/pid_pilot_senior/install/pplanner_interfaces/share/pplanner_interfaces/hook/cmake_prefix_path.dsv'
[1.283s] INFO:colcon.colcon_core.shell:Creating environment hook '/home/kelvin/pid_pilot_senior/install/pplanner_interfaces/share/pplanner_interfaces/hook/cmake_prefix_path.sh'
[1.283s] Level 1:colcon.colcon_core.environment:checking '/home/kelvin/pid_pilot_senior/install/pplanner_interfaces/lib'
[1.284s] Level 1:colcon.colcon_core.shell:create_environment_hook('pplanner_interfaces', 'ld_library_path_lib')
[1.291s] INFO:colcon.colcon_core.shell:Creating environment hook '/home/kelvin/pid_pilot_senior/install/pplanner_interfaces/share/pplanner_interfaces/hook/ld_library_path_lib.ps1'
[1.291s] INFO:colcon.colcon_core.shell:Creating environment descriptor '/home/kelvin/pid_pilot_senior/install/pplanner_interfaces/share/pplanner_interfaces/hook/ld_library_path_lib.dsv'
[1.292s] INFO:colcon.colcon_core.shell:Creating environment hook '/home/kelvin/pid_pilot_senior/install/pplanner_interfaces/share/pplanner_interfaces/hook/ld_library_path_lib.sh'
[1.292s] Level 1:colcon.colcon_core.environment:checking '/home/kelvin/pid_pilot_senior/install/pplanner_interfaces/bin'
[1.292s] Level 1:colcon.colcon_core.environment:checking '/home/kelvin/pid_pilot_senior/install/pplanner_interfaces/lib/pkgconfig/pplanner_interfaces.pc'
[1.292s] Level 1:colcon.colcon_core.environment:checking '/home/kelvin/pid_pilot_senior/install/pplanner_interfaces/lib/python3.10/site-packages'
[1.292s] Level 1:colcon.colcon_core.environment:checking '/home/kelvin/pid_pilot_senior/install/pplanner_interfaces/bin'
[1.299s] INFO:colcon.colcon_core.shell:Creating package script '/home/kelvin/pid_pilot_senior/install/pplanner_interfaces/share/pplanner_interfaces/package.ps1'
[1.299s] INFO:colcon.colcon_core.shell:Creating package descriptor '/home/kelvin/pid_pilot_senior/install/pplanner_interfaces/share/pplanner_interfaces/package.dsv'
[1.299s] INFO:colcon.colcon_core.shell:Creating package script '/home/kelvin/pid_pilot_senior/install/pplanner_interfaces/share/pplanner_interfaces/package.sh'
[1.300s] INFO:colcon.colcon_core.shell:Creating package script '/home/kelvin/pid_pilot_senior/install/pplanner_interfaces/share/pplanner_interfaces/package.bash'
[1.300s] INFO:colcon.colcon_core.shell:Creating package script '/home/kelvin/pid_pilot_senior/install/pplanner_interfaces/share/pplanner_interfaces/package.zsh'
[1.300s] Level 1:colcon.colcon_core.environment:create_file_with_runtime_dependencies(/home/kelvin/pid_pilot_senior/install/pplanner_interfaces/share/colcon-core/packages/pplanner_interfaces)
[1.300s] DEBUG:colcon.colcon_parallel_executor.executor.parallel:closing loop
[1.300s] DEBUG:colcon.colcon_parallel_executor.executor.parallel:loop closed
[1.300s] DEBUG:colcon.colcon_parallel_executor.executor.parallel:run_until_complete finished with '0'
[1.300s] DEBUG:colcon.colcon_core.event_reactor:joining thread
[1.310s] INFO:colcon.colcon_core.plugin_system:Skipping extension 'colcon_notification.desktop_notification.terminal_notifier': Not used on non-Darwin systems
[1.310s] INFO:colcon.colcon_core.plugin_system:Skipping extension 'colcon_notification.desktop_notification.win32': Not used on non-Windows systems
[1.310s] INFO:colcon.colcon_notification.desktop_notification:Sending desktop notification using 'notify2'
[1.317s] DEBUG:colcon.colcon_core.event_reactor:joined thread
[1.325s] INFO:colcon.colcon_core.shell:Creating prefix script '/home/kelvin/pid_pilot_senior/install/local_setup.ps1'
[1.325s] INFO:colcon.colcon_core.shell:Creating prefix util module '/home/kelvin/pid_pilot_senior/install/_local_setup_util_ps1.py'
[1.326s] INFO:colcon.colcon_core.shell:Creating prefix chain script '/home/kelvin/pid_pilot_senior/install/setup.ps1'
[1.334s] INFO:colcon.colcon_core.shell:Creating prefix script '/home/kelvin/pid_pilot_senior/install/local_setup.sh'
[1.334s] INFO:colcon.colcon_core.shell:Creating prefix util module '/home/kelvin/pid_pilot_senior/install/_local_setup_util_sh.py'
[1.334s] INFO:colcon.colcon_core.shell:Creating prefix chain script '/home/kelvin/pid_pilot_senior/install/setup.sh'
[1.343s] INFO:colcon.colcon_core.shell:Creating prefix script '/home/kelvin/pid_pilot_senior/install/local_setup.bash'
[1.343s] INFO:colcon.colcon_core.shell:Creating prefix chain script '/home/kelvin/pid_pilot_senior/install/setup.bash'
[1.351s] INFO:colcon.colcon_core.shell:Creating prefix script '/home/kelvin/pid_pilot_senior/install/local_setup.zsh'
[1.352s] INFO:colcon.colcon_core.shell:Creating prefix chain script '/home/kelvin/pid_pilot_senior/install/setup.zsh'
