[3.049s] Invoking command in '/home/dualipa/pid_pilot_senior/src/pid_pilot_senior': PYTHONPATH=/home/dualipa/pid_pilot_senior/build/pid_pilot_senior/prefix_override:/home/dualipa/pid_pilot_senior/install/pid_pilot_senior/lib/python3.10/site-packages:${PYTHONPATH} /usr/bin/python3 -W ignore:setup.py install is deprecated setup.py egg_info --egg-base ../../build/pid_pilot_senior build --build-base /home/dualipa/pid_pilot_senior/build/pid_pilot_senior/build install --record /home/dualipa/pid_pilot_senior/build/pid_pilot_senior/install.log --single-version-externally-managed install_data
[4.271s] running egg_info
[4.273s] creating ../../build/pid_pilot_senior/pid_pilot_senior.egg-info
[4.274s] writing ../../build/pid_pilot_senior/pid_pilot_senior.egg-info/PKG-INFO
[4.275s] writing dependency_links to ../../build/pid_pilot_senior/pid_pilot_senior.egg-info/dependency_links.txt
[4.278s] writing entry points to ../../build/pid_pilot_senior/pid_pilot_senior.egg-info/entry_points.txt
[4.279s] writing requirements to ../../build/pid_pilot_senior/pid_pilot_senior.egg-info/requires.txt
[4.279s] writing top-level names to ../../build/pid_pilot_senior/pid_pilot_senior.egg-info/top_level.txt
[4.280s] writing manifest file '../../build/pid_pilot_senior/pid_pilot_senior.egg-info/SOURCES.txt'
[4.287s] reading manifest file '../../build/pid_pilot_senior/pid_pilot_senior.egg-info/SOURCES.txt'
[4.291s] writing manifest file '../../build/pid_pilot_senior/pid_pilot_senior.egg-info/SOURCES.txt'
[4.291s] running build
[4.292s] running build_py
[4.292s] creating /home/dualipa/pid_pilot_senior/build/pid_pilot_senior/build
[4.293s] creating /home/dualipa/pid_pilot_senior/build/pid_pilot_senior/build/lib
[4.293s] creating /home/dualipa/pid_pilot_senior/build/pid_pilot_senior/build/lib/pid_pilot_senior
[4.294s] copying pid_pilot_senior/pid_pilot_senior.py -> /home/dualipa/pid_pilot_senior/build/pid_pilot_senior/build/lib/pid_pilot_senior
[4.294s] copying pid_pilot_senior/test.py -> /home/dualipa/pid_pilot_senior/build/pid_pilot_senior/build/lib/pid_pilot_senior
[4.295s] copying pid_pilot_senior/test3.py -> /home/dualipa/pid_pilot_senior/build/pid_pilot_senior/build/lib/pid_pilot_senior
[4.296s] copying pid_pilot_senior/test2.py -> /home/dualipa/pid_pilot_senior/build/pid_pilot_senior/build/lib/pid_pilot_senior
[4.296s] copying pid_pilot_senior/rand.py -> /home/dualipa/pid_pilot_senior/build/pid_pilot_senior/build/lib/pid_pilot_senior
[4.297s] copying pid_pilot_senior/__init__.py -> /home/dualipa/pid_pilot_senior/build/pid_pilot_senior/build/lib/pid_pilot_senior
[4.298s] copying pid_pilot_senior/test4.py -> /home/dualipa/pid_pilot_senior/build/pid_pilot_senior/build/lib/pid_pilot_senior
[4.299s] running install
[4.300s] running install_lib
[4.304s] creating /home/dualipa/pid_pilot_senior/install/pid_pilot_senior/lib/python3.10/site-packages/pid_pilot_senior
[4.304s] copying /home/dualipa/pid_pilot_senior/build/pid_pilot_senior/build/lib/pid_pilot_senior/pid_pilot_senior.py -> /home/dualipa/pid_pilot_senior/install/pid_pilot_senior/lib/python3.10/site-packages/pid_pilot_senior
[4.305s] copying /home/dualipa/pid_pilot_senior/build/pid_pilot_senior/build/lib/pid_pilot_senior/test.py -> /home/dualipa/pid_pilot_senior/install/pid_pilot_senior/lib/python3.10/site-packages/pid_pilot_senior
[4.306s] copying /home/dualipa/pid_pilot_senior/build/pid_pilot_senior/build/lib/pid_pilot_senior/test3.py -> /home/dualipa/pid_pilot_senior/install/pid_pilot_senior/lib/python3.10/site-packages/pid_pilot_senior
[4.307s] copying /home/dualipa/pid_pilot_senior/build/pid_pilot_senior/build/lib/pid_pilot_senior/test2.py -> /home/dualipa/pid_pilot_senior/install/pid_pilot_senior/lib/python3.10/site-packages/pid_pilot_senior
[4.307s] copying /home/dualipa/pid_pilot_senior/build/pid_pilot_senior/build/lib/pid_pilot_senior/rand.py -> /home/dualipa/pid_pilot_senior/install/pid_pilot_senior/lib/python3.10/site-packages/pid_pilot_senior
[4.308s] copying /home/dualipa/pid_pilot_senior/build/pid_pilot_senior/build/lib/pid_pilot_senior/__init__.py -> /home/dualipa/pid_pilot_senior/install/pid_pilot_senior/lib/python3.10/site-packages/pid_pilot_senior
[4.309s] copying /home/dualipa/pid_pilot_senior/build/pid_pilot_senior/build/lib/pid_pilot_senior/test4.py -> /home/dualipa/pid_pilot_senior/install/pid_pilot_senior/lib/python3.10/site-packages/pid_pilot_senior
[4.312s] byte-compiling /home/dualipa/pid_pilot_senior/install/pid_pilot_senior/lib/python3.10/site-packages/pid_pilot_senior/pid_pilot_senior.py to pid_pilot_senior.cpython-310.pyc
[4.321s] byte-compiling /home/dualipa/pid_pilot_senior/install/pid_pilot_senior/lib/python3.10/site-packages/pid_pilot_senior/test.py to test.cpython-310.pyc
[4.323s] byte-compiling /home/dualipa/pid_pilot_senior/install/pid_pilot_senior/lib/python3.10/site-packages/pid_pilot_senior/test3.py to test3.cpython-310.pyc
[4.324s] byte-compiling /home/dualipa/pid_pilot_senior/install/pid_pilot_senior/lib/python3.10/site-packages/pid_pilot_senior/test2.py to test2.cpython-310.pyc
[4.327s] byte-compiling /home/dualipa/pid_pilot_senior/install/pid_pilot_senior/lib/python3.10/site-packages/pid_pilot_senior/rand.py to rand.cpython-310.pyc
[4.328s] byte-compiling /home/dualipa/pid_pilot_senior/install/pid_pilot_senior/lib/python3.10/site-packages/pid_pilot_senior/__init__.py to __init__.cpython-310.pyc
[4.329s] byte-compiling /home/dualipa/pid_pilot_senior/install/pid_pilot_senior/lib/python3.10/site-packages/pid_pilot_senior/test4.py to test4.cpython-310.pyc
[4.331s] running install_data
[4.331s] creating /home/dualipa/pid_pilot_senior/install/pid_pilot_senior/share/ament_index
[4.332s] creating /home/dualipa/pid_pilot_senior/install/pid_pilot_senior/share/ament_index/resource_index
[4.333s] creating /home/dualipa/pid_pilot_senior/install/pid_pilot_senior/share/ament_index/resource_index/packages
[4.333s] copying resource/pid_pilot_senior -> /home/dualipa/pid_pilot_senior/install/pid_pilot_senior/share/ament_index/resource_index/packages
[4.333s] copying package.xml -> /home/dualipa/pid_pilot_senior/install/pid_pilot_senior/share/pid_pilot_senior
[4.334s] running install_egg_info
[4.340s] Copying ../../build/pid_pilot_senior/pid_pilot_senior.egg-info to /home/dualipa/pid_pilot_senior/install/pid_pilot_senior/lib/python3.10/site-packages/pid_pilot_senior-0.0.0-py3.10.egg-info
[4.345s] running install_scripts
[4.420s] Installing pid_pilot_senior script to /home/dualipa/pid_pilot_senior/install/pid_pilot_senior/lib/pid_pilot_senior
[4.422s] writing list of installed files to '/home/dualipa/pid_pilot_senior/build/pid_pilot_senior/install.log'
[4.553s] Invoked command in '/home/dualipa/pid_pilot_senior/src/pid_pilot_senior' returned '0': PYTHONPATH=/home/dualipa/pid_pilot_senior/build/pid_pilot_senior/prefix_override:/home/dualipa/pid_pilot_senior/install/pid_pilot_senior/lib/python3.10/site-packages:${PYTHONPATH} /usr/bin/python3 -W ignore:setup.py install is deprecated setup.py egg_info --egg-base ../../build/pid_pilot_senior build --build-base /home/dualipa/pid_pilot_senior/build/pid_pilot_senior/build install --record /home/dualipa/pid_pilot_senior/build/pid_pilot_senior/install.log --single-version-externally-managed install_data
